[0.027s] Invoking command in '/home/jhp/fsd_ws/build/lane_length_pkg': CMAKE_PREFIX_PATH=${CMAKE_PREFIX_PATH}:/home/jhp/fsd2_ws/install/perception_py:/home/jhp/fsd2_ws/install/decision_py:/home/jhp/fsd2_ws/install/control_py:/home/jhp/camera_calib_ws/install/camera_calibration:/home/jhp/turtlebot3_ws/install/turtlebot3_teleop:/home/jhp/turtlebot3_ws/install/turtlebot3_example:/opt/ros/humble /usr/bin/cmake --build /home/jhp/fsd_ws/build/lane_length_pkg -- -j6 -l6
[0.175s] [  6%] Built target localization_slam
[0.187s] [  6%] Built target ament_cmake_python_copy_lane_length_pkg
[0.195s] [ 31%] Built target coin_d4_driver_lib
[0.201s] [ 68%] Built target turtlebot3_control_lib
[0.202s] [ 87%] Built target ld08_driver
[0.263s] [100%] Built target turtlebot3_ros
[0.264s] [100%] Built target single_coin_d4_node
[0.738s] running egg_info
[0.740s] writing lane_length_pkg.egg-info/PKG-INFO
[0.740s] writing dependency_links to lane_length_pkg.egg-info/dependency_links.txt
[0.741s] writing top-level names to lane_length_pkg.egg-info/top_level.txt
[0.745s] reading manifest file 'lane_length_pkg.egg-info/SOURCES.txt'
[0.747s] writing manifest file 'lane_length_pkg.egg-info/SOURCES.txt'
[0.821s] [100%] Built target ament_cmake_python_build_lane_length_pkg_egg
[0.847s] Invoked command in '/home/jhp/fsd_ws/build/lane_length_pkg' returned '0': CMAKE_PREFIX_PATH=${CMAKE_PREFIX_PATH}:/home/jhp/fsd2_ws/install/perception_py:/home/jhp/fsd2_ws/install/decision_py:/home/jhp/fsd2_ws/install/control_py:/home/jhp/camera_calib_ws/install/camera_calibration:/home/jhp/turtlebot3_ws/install/turtlebot3_teleop:/home/jhp/turtlebot3_ws/install/turtlebot3_example:/opt/ros/humble /usr/bin/cmake --build /home/jhp/fsd_ws/build/lane_length_pkg -- -j6 -l6
[0.871s] Invoking command in '/home/jhp/fsd_ws/build/lane_length_pkg': CMAKE_PREFIX_PATH=${CMAKE_PREFIX_PATH}:/home/jhp/fsd2_ws/install/perception_py:/home/jhp/fsd2_ws/install/decision_py:/home/jhp/fsd2_ws/install/control_py:/home/jhp/camera_calib_ws/install/camera_calibration:/home/jhp/turtlebot3_ws/install/turtlebot3_teleop:/home/jhp/turtlebot3_ws/install/turtlebot3_example:/opt/ros/humble /usr/bin/cmake --install /home/jhp/fsd_ws/build/lane_length_pkg
[0.888s] -- Install configuration: ""
[0.889s] -- Up-to-date: /home/jhp/fsd_ws/install/lane_length_pkg/share/lane_length_pkg/environment/pythonpath.sh
[0.889s] -- Up-to-date: /home/jhp/fsd_ws/install/lane_length_pkg/share/lane_length_pkg/environment/pythonpath.dsv
[0.889s] -- Up-to-date: /home/jhp/fsd_ws/install/lane_length_pkg/local/lib/python3.10/dist-packages/lane_length_pkg-0.0.0-py3.10.egg-info
[0.889s] -- Installing: /home/jhp/fsd_ws/install/lane_length_pkg/local/lib/python3.10/dist-packages/lane_length_pkg-0.0.0-py3.10.egg-info/PKG-INFO
[0.890s] -- Installing: /home/jhp/fsd_ws/install/lane_length_pkg/local/lib/python3.10/dist-packages/lane_length_pkg-0.0.0-py3.10.egg-info/top_level.txt
[0.890s] -- Installing: /home/jhp/fsd_ws/install/lane_length_pkg/local/lib/python3.10/dist-packages/lane_length_pkg-0.0.0-py3.10.egg-info/dependency_links.txt
[0.890s] -- Installing: /home/jhp/fsd_ws/install/lane_length_pkg/local/lib/python3.10/dist-packages/lane_length_pkg-0.0.0-py3.10.egg-info/SOURCES.txt
[0.891s] -- Up-to-date: /home/jhp/fsd_ws/install/lane_length_pkg/local/lib/python3.10/dist-packages/lane_length_pkg
[0.891s] -- Up-to-date: /home/jhp/fsd_ws/install/lane_length_pkg/local/lib/python3.10/dist-packages/lane_length_pkg/deadlock.py
[0.891s] -- Up-to-date: /home/jhp/fsd_ws/install/lane_length_pkg/local/lib/python3.10/dist-packages/lane_length_pkg/led_signal.py
[0.891s] -- Up-to-date: /home/jhp/fsd_ws/install/lane_length_pkg/local/lib/python3.10/dist-packages/lane_length_pkg/cooperation.py
[0.891s] -- Up-to-date: /home/jhp/fsd_ws/install/lane_length_pkg/local/lib/python3.10/dist-packages/lane_length_pkg/lane_integration_node.py
[0.891s] -- Up-to-date: /home/jhp/fsd_ws/install/lane_length_pkg/local/lib/python3.10/dist-packages/lane_length_pkg/scene_fusion_node.py
[0.891s] -- Up-to-date: /home/jhp/fsd_ws/install/lane_length_pkg/local/lib/python3.10/dist-packages/lane_length_pkg/led_io.py
[0.891s] -- Up-to-date: /home/jhp/fsd_ws/install/lane_length_pkg/local/lib/python3.10/dist-packages/lane_length_pkg/safety_filter_node.py
[0.892s] -- Up-to-date: /home/jhp/fsd_ws/install/lane_length_pkg/local/lib/python3.10/dist-packages/lane_length_pkg/lane_follow_control_node.py
[0.892s] -- Up-to-date: /home/jhp/fsd_ws/install/lane_length_pkg/local/lib/python3.10/dist-packages/lane_length_pkg/drive_mode_node.py
[0.892s] -- Up-to-date: /home/jhp/fsd_ws/install/lane_length_pkg/local/lib/python3.10/dist-packages/lane_length_pkg/lane_viewer_node.py
[0.892s] -- Up-to-date: /home/jhp/fsd_ws/install/lane_length_pkg/local/lib/python3.10/dist-packages/lane_length_pkg/behavior_plan_node.py
[0.892s] -- Up-to-date: /home/jhp/fsd_ws/install/lane_length_pkg/local/lib/python3.10/dist-packages/lane_length_pkg/object_detect.py
[0.892s] -- Up-to-date: /home/jhp/fsd_ws/install/lane_length_pkg/local/lib/python3.10/dist-packages/lane_length_pkg/__init__.py
[0.892s] -- Up-to-date: /home/jhp/fsd_ws/install/lane_length_pkg/local/lib/python3.10/dist-packages/lane_length_pkg/led_behavior.py
[0.892s] -- Up-to-date: /home/jhp/fsd_ws/install/lane_length_pkg/local/lib/python3.10/dist-packages/lane_length_pkg/path_track_node.py
[0.892s] -- Up-to-date: /home/jhp/fsd_ws/install/lane_length_pkg/local/lib/python3.10/dist-packages/lane_length_pkg/topic_watchdog.py
[0.893s] -- Up-to-date: /home/jhp/fsd_ws/install/lane_length_pkg/local/lib/python3.10/dist-packages/lane_length_pkg/lane_detection_node.py
[0.893s] -- Up-to-date: /home/jhp/fsd_ws/install/lane_length_pkg/local/lib/python3.10/dist-packages/lane_length_pkg/cmd_mux_node.py
[0.893s] -- Up-to-date: /home/jhp/fsd_ws/install/lane_length_pkg/local/lib/python3.10/dist-packages/lane_length_pkg/space_memory.py
[0.893s] -- Up-to-date: /home/jhp/fsd_ws/install/lane_length_pkg/local/lib/python3.10/dist-packages/lane_length_pkg/camera_driver.py
[0.893s] -- Up-to-date: /home/jhp/fsd_ws/install/lane_length_pkg/local/lib/python3.10/dist-packages/lane_length_pkg/reverse_astar_planner_node.py
[0.893s] -- Up-to-date: /home/jhp/fsd_ws/install/lane_length_pkg/local/lib/python3.10/dist-packages/lane_length_pkg/lane_decision_node.py
[0.893s] -- Up-to-date: /home/jhp/fsd_ws/install/lane_length_pkg/local/lib/python3.10/dist-packages/lane_length_pkg/situation_fusion.py
[0.976s] Listing '/home/jhp/fsd_ws/install/lane_length_pkg/local/lib/python3.10/dist-packages/lane_length_pkg'...
[0.988s] -- Up-to-date: /home/jhp/fsd_ws/install/lane_length_pkg/lib/lane_length_pkg/detection_node
[0.989s] -- Up-to-date: /home/jhp/fsd_ws/install/lane_length_pkg/lib/lane_length_pkg/integration_node
[0.989s] -- Up-to-date: /home/jhp/fsd_ws/install/lane_length_pkg/lib/lane_length_pkg/control_node
[0.990s] -- Up-to-date: /home/jhp/fsd_ws/install/lane_length_pkg/lib/lane_length_pkg/decision_node
[0.990s] -- Up-to-date: /home/jhp/fsd_ws/install/lane_length_pkg/lib/lane_length_pkg/viewer_node
[0.990s] -- Up-to-date: /home/jhp/fsd_ws/install/lane_length_pkg/lib/lane_length_pkg/lane_detection_node
[0.990s] -- Up-to-date: /home/jhp/fsd_ws/install/lane_length_pkg/lib/lane_length_pkg/lane_integration_node
[0.990s] -- Up-to-date: /home/jhp/fsd_ws/install/lane_length_pkg/lib/lane_length_pkg/lane_decision_node
[0.991s] -- Up-to-date: /home/jhp/fsd_ws/install/lane_length_pkg/lib/lane_length_pkg/lane_follow_control_node
[0.991s] -- Up-to-date: /home/jhp/fsd_ws/install/lane_length_pkg/lib/lane_length_pkg/lane_viewer_node
[0.991s] -- Up-to-date: /home/jhp/fsd_ws/install/lane_length_pkg/lib/lane_length_pkg/scene_fusion_node
[0.991s] -- Up-to-date: /home/jhp/fsd_ws/install/lane_length_pkg/lib/lane_length_pkg/drive_mode_node
[0.991s] -- Up-to-date: /home/jhp/fsd_ws/install/lane_length_pkg/lib/lane_length_pkg/behavior_plan_node
[0.992s] -- Up-to-date: /home/jhp/fsd_ws/install/lane_length_pkg/lib/lane_length_pkg/reverse_astar_planner_node
[0.992s] -- Up-to-date: /home/jhp/fsd_ws/install/lane_length_pkg/lib/lane_length_pkg/path_track_node
[0.992s] -- Up-to-date: /home/jhp/fsd_ws/install/lane_length_pkg/lib/lane_length_pkg/cmd_mux_node
[0.992s] -- Up-to-date: /home/jhp/fsd_ws/install/lane_length_pkg/lib/lane_length_pkg/safety_filter_node
[0.992s] -- Up-to-date: /home/jhp/fsd_ws/install/lane_length_pkg/lib/lane_length_pkg/camera_driver
[0.993s] -- Up-to-date: /home/jhp/fsd_ws/install/lane_length_pkg/lib/lane_length_pkg/object_detect
[0.993s] -- Up-to-date: /home/jhp/fsd_ws/install/lane_length_pkg/lib/lane_length_pkg/led_signal
[0.993s] -- Up-to-date: /home/jhp/fsd_ws/install/lane_length_pkg/lib/lane_length_pkg/space_memory
[0.994s] -- Up-to-date: /home/jhp/fsd_ws/install/lane_length_pkg/lib/lane_length_pkg/situation_fusion
[0.994s] -- Up-to-date: /home/jhp/fsd_ws/install/lane_length_pkg/lib/lane_length_pkg/deadlock
[0.994s] -- Up-to-date: /home/jhp/fsd_ws/install/lane_length_pkg/lib/lane_length_pkg/cooperation
[0.995s] -- Up-to-date: /home/jhp/fsd_ws/install/lane_length_pkg/lib/lane_length_pkg/topic_watchdog
[0.996s] -- Up-to-date: /home/jhp/fsd_ws/install/lane_length_pkg/lib/lane_length_pkg/led_behavior
[0.997s] -- Up-to-date: /home/jhp/fsd_ws/install/lane_length_pkg/lib/lane_length_pkg/led_io
[0.997s] -- Up-to-date: /home/jhp/fsd_ws/install/lane_length_pkg/lib/lane_length_pkg/localization_slam
[1.000s] -- Up-to-date: /home/jhp/fsd_ws/install/lane_length_pkg/lib/lane_length_pkg/turtlebot3_ros
[1.000s] -- Up-to-date: /home/jhp/fsd_ws/install/lane_length_pkg/lib/lane_length_pkg/ld08_driver
[1.000s] -- Up-to-date: /home/jhp/fsd_ws/install/lane_length_pkg/lib/lane_length_pkg/single_coin_d4_node
[1.001s] -- Up-to-date: /home/jhp/fsd_ws/install/lane_length_pkg/lib/libturtlebot3_control_lib.a
[1.001s] -- Up-to-date: /home/jhp/fsd_ws/install/lane_length_pkg/lib/libcoin_d4_driver_lib.so
[1.002s] -- Up-to-date: /home/jhp/fsd_ws/install/lane_length_pkg/share/lane_length_pkg/config
[1.002s] -- Up-to-date: /home/jhp/fsd_ws/install/lane_length_pkg/share/lane_length_pkg/config/Screenshot from 2026-06-06 15-13-43.png
[1.002s] -- Up-to-date: /home/jhp/fsd_ws/install/lane_length_pkg/share/lane_length_pkg/config/default_cam.yaml
[1.002s] -- Up-to-date: /home/jhp/fsd_ws/install/lane_length_pkg/share/lane_length_pkg/config/Screenshot from 2026-06-06 15-24-55.png
[1.002s] -- Up-to-date: /home/jhp/fsd_ws/install/lane_length_pkg/share/lane_length_pkg/config/Screenshot from 2026-06-07 01-25-02.png
[1.002s] -- Up-to-date: /home/jhp/fsd_ws/install/lane_length_pkg/share/lane_length_pkg/config/Hinv.npy
[1.003s] -- Up-to-date: /home/jhp/fsd_ws/install/lane_length_pkg/share/lane_length_pkg/config/H.npy
[1.003s] -- Up-to-date: /home/jhp/fsd_ws/install/lane_length_pkg/share/lane_length_pkg/config/fisheye.yaml
[1.003s] -- Up-to-date: /home/jhp/fsd_ws/install/lane_length_pkg/share/lane_length_pkg/launch
[1.003s] -- Installing: /home/jhp/fsd_ws/install/lane_length_pkg/share/lane_length_pkg/launch/lane_pipeline.launch.py
[1.003s] -- Up-to-date: /home/jhp/fsd_ws/install/lane_length_pkg/share/lane_length_pkg/launch/__pycache__
[1.003s] -- Installing: /home/jhp/fsd_ws/install/lane_length_pkg/share/lane_length_pkg/launch/__pycache__/lane_pipeline.launch.cpython-310.pyc
[1.003s] -- Up-to-date: /home/jhp/fsd_ws/install/lane_length_pkg/share/lane_length_pkg/description
[1.004s] -- Up-to-date: /home/jhp/fsd_ws/install/lane_length_pkg/share/lane_length_pkg/description/urdf
[1.004s] -- Up-to-date: /home/jhp/fsd_ws/install/lane_length_pkg/share/lane_length_pkg/description/urdf/turtlebot3_burger.urdf
[1.004s] -- Up-to-date: /home/jhp/fsd_ws/install/lane_length_pkg/share/lane_length_pkg/description/urdf/turtlebot3_waffle_pi.urdf
[1.004s] -- Up-to-date: /home/jhp/fsd_ws/install/lane_length_pkg/share/lane_length_pkg/description/urdf/common_properties.urdf
[1.004s] -- Up-to-date: /home/jhp/fsd_ws/install/lane_length_pkg/share/lane_length_pkg/description/urdf/turtlebot3_waffle.urdf
[1.006s] -- Up-to-date: /home/jhp/fsd_ws/install/lane_length_pkg/share/lane_length_pkg/description/meshes
[1.007s] -- Up-to-date: /home/jhp/fsd_ws/install/lane_length_pkg/share/lane_length_pkg/description/meshes/sensors
[1.007s] -- Up-to-date: /home/jhp/fsd_ws/install/lane_length_pkg/share/lane_length_pkg/description/meshes/sensors/r200.dae
[1.008s] -- Up-to-date: /home/jhp/fsd_ws/install/lane_length_pkg/share/lane_length_pkg/description/meshes/sensors/astra.dae
[1.009s] -- Up-to-date: /home/jhp/fsd_ws/install/lane_length_pkg/share/lane_length_pkg/description/meshes/sensors/r200.jpg
[1.009s] -- Up-to-date: /home/jhp/fsd_ws/install/lane_length_pkg/share/lane_length_pkg/description/meshes/sensors/astra.jpg
[1.010s] -- Up-to-date: /home/jhp/fsd_ws/install/lane_length_pkg/share/lane_length_pkg/description/meshes/sensors/lds.stl
[1.010s] -- Up-to-date: /home/jhp/fsd_ws/install/lane_length_pkg/share/lane_length_pkg/description/meshes/bases
[1.010s] -- Up-to-date: /home/jhp/fsd_ws/install/lane_length_pkg/share/lane_length_pkg/description/meshes/bases/waffle_base.stl
[1.011s] -- Up-to-date: /home/jhp/fsd_ws/install/lane_length_pkg/share/lane_length_pkg/description/meshes/bases/burger_base.stl
[1.011s] -- Up-to-date: /home/jhp/fsd_ws/install/lane_length_pkg/share/lane_length_pkg/description/meshes/bases/waffle_pi_base.stl
[1.011s] -- Up-to-date: /home/jhp/fsd_ws/install/lane_length_pkg/share/lane_length_pkg/description/meshes/wheels
[1.011s] -- Up-to-date: /home/jhp/fsd_ws/install/lane_length_pkg/share/lane_length_pkg/description/meshes/wheels/right_tire.stl
[1.012s] -- Up-to-date: /home/jhp/fsd_ws/install/lane_length_pkg/share/lane_length_pkg/description/meshes/wheels/left_tire.stl
[1.012s] -- Up-to-date: /home/jhp/fsd_ws/install/lane_length_pkg/share/lane_length_pkg/description/rviz
[1.013s] -- Up-to-date: /home/jhp/fsd_ws/install/lane_length_pkg/share/lane_length_pkg/description/rviz/model.rviz
[1.013s] -- Up-to-date: /home/jhp/fsd_ws/install/lane_length_pkg/share/lane_length_pkg/param
[1.013s] -- Up-to-date: /home/jhp/fsd_ws/install/lane_length_pkg/share/lane_length_pkg/param/waffle.yaml
[1.014s] -- Up-to-date: /home/jhp/fsd_ws/install/lane_length_pkg/share/lane_length_pkg/param/burger.yaml
[1.014s] -- Up-to-date: /home/jhp/fsd_ws/install/lane_length_pkg/share/lane_length_pkg/param/waffle_pi.yaml
[1.015s] -- Up-to-date: /home/jhp/fsd_ws/install/lane_length_pkg/share/lane_length_pkg/rviz
[1.015s] -- Up-to-date: /home/jhp/fsd_ws/install/lane_length_pkg/share/lane_length_pkg/rviz/lane_pipeline.rviz
[1.016s] -- Up-to-date: /home/jhp/fsd_ws/install/lane_length_pkg/share/lane_length_pkg/drivers/ld08_driver/launch
[1.016s] -- Up-to-date: /home/jhp/fsd_ws/install/lane_length_pkg/share/lane_length_pkg/drivers/ld08_driver/launch/ld08.launch.py
[1.017s] -- Up-to-date: /home/jhp/fsd_ws/install/lane_length_pkg/share/lane_length_pkg/drivers/coin_d4_driver/launch
[1.017s] -- Up-to-date: /home/jhp/fsd_ws/install/lane_length_pkg/share/lane_length_pkg/drivers/coin_d4_driver/launch/single_lidar_node.launch.py
[1.017s] -- Up-to-date: /home/jhp/fsd_ws/install/lane_length_pkg/share/lane_length_pkg/drivers/coin_d4_driver/params
[1.018s] -- Up-to-date: /home/jhp/fsd_ws/install/lane_length_pkg/share/lane_length_pkg/drivers/coin_d4_driver/params/single_lidar_node.yaml
[1.018s] -- Up-to-date: /home/jhp/fsd_ws/install/lane_length_pkg/include
[1.018s] -- Up-to-date: /home/jhp/fsd_ws/install/lane_length_pkg/include/turtlebot3_node
[1.019s] -- Up-to-date: /home/jhp/fsd_ws/install/lane_length_pkg/include/turtlebot3_node/sensors
[1.020s] -- Up-to-date: /home/jhp/fsd_ws/install/lane_length_pkg/include/turtlebot3_node/sensors/sensor_state.hpp
[1.020s] -- Up-to-date: /home/jhp/fsd_ws/install/lane_length_pkg/include/turtlebot3_node/sensors/battery_state.hpp
[1.021s] -- Up-to-date: /home/jhp/fsd_ws/install/lane_length_pkg/include/turtlebot3_node/sensors/imu.hpp
[1.021s] -- Up-to-date: /home/jhp/fsd_ws/install/lane_length_pkg/include/turtlebot3_node/sensors/sensors.hpp
[1.021s] -- Up-to-date: /home/jhp/fsd_ws/install/lane_length_pkg/include/turtlebot3_node/sensors/joint_state.hpp
[1.022s] -- Up-to-date: /home/jhp/fsd_ws/install/lane_length_pkg/include/turtlebot3_node/control_table.hpp
[1.022s] -- Up-to-date: /home/jhp/fsd_ws/install/lane_length_pkg/include/turtlebot3_node/devices
[1.023s] -- Up-to-date: /home/jhp/fsd_ws/install/lane_length_pkg/include/turtlebot3_node/devices/reset.hpp
[1.023s] -- Up-to-date: /home/jhp/fsd_ws/install/lane_length_pkg/include/turtlebot3_node/devices/motor_power.hpp
[1.023s] -- Up-to-date: /home/jhp/fsd_ws/install/lane_length_pkg/include/turtlebot3_node/devices/devices.hpp
[1.024s] -- Up-to-date: /home/jhp/fsd_ws/install/lane_length_pkg/include/turtlebot3_node/devices/sound.hpp
[1.024s] -- Up-to-date: /home/jhp/fsd_ws/install/lane_length_pkg/include/turtlebot3_node/odometry.hpp
[1.025s] -- Up-to-date: /home/jhp/fsd_ws/install/lane_length_pkg/include/turtlebot3_node/dynamixel_sdk_wrapper.hpp
[1.027s] -- Up-to-date: /home/jhp/fsd_ws/install/lane_length_pkg/include/turtlebot3_node/diff_drive_controller.hpp
[1.027s] -- Up-to-date: /home/jhp/fsd_ws/install/lane_length_pkg/include/turtlebot3_node/twist_publisher.hpp
[1.027s] -- Up-to-date: /home/jhp/fsd_ws/install/lane_length_pkg/include/turtlebot3_node/turtlebot3.hpp
[1.029s] -- Up-to-date: /home/jhp/fsd_ws/install/lane_length_pkg/include/turtlebot3_node/twist_subscriber.hpp
[1.029s] -- Up-to-date: /home/jhp/fsd_ws/install/lane_length_pkg/include
[1.029s] -- Up-to-date: /home/jhp/fsd_ws/install/lane_length_pkg/include/coin_d4_driver
[1.030s] -- Up-to-date: /home/jhp/fsd_ws/install/lane_length_pkg/include/coin_d4_driver/coin_d4_node_handler.hpp
[1.030s] -- Up-to-date: /home/jhp/fsd_ws/install/lane_length_pkg/include/coin_d4_driver/single_coin_d4_node.hpp
[1.031s] -- Up-to-date: /home/jhp/fsd_ws/install/lane_length_pkg/include/coin_d4_driver/coin_d4_base_handler.hpp
[1.031s] -- Up-to-date: /home/jhp/fsd_ws/install/lane_length_pkg/include/coin_d4_driver/lidar_sdk
[1.031s] -- Up-to-date: /home/jhp/fsd_ws/install/lane_length_pkg/include/coin_d4_driver/lidar_sdk/mtime.hpp
[1.031s] -- Up-to-date: /home/jhp/fsd_ws/install/lane_length_pkg/include/coin_d4_driver/lidar_sdk/handling_info.hpp
[1.032s] -- Up-to-date: /home/jhp/fsd_ws/install/lane_length_pkg/include/coin_d4_driver/lidar_sdk/lidar_data_processor.hpp
[1.032s] -- Up-to-date: /home/jhp/fsd_ws/install/lane_length_pkg/include/coin_d4_driver/lidar_sdk/timer.hpp
[1.032s] -- Up-to-date: /home/jhp/fsd_ws/install/lane_length_pkg/include/coin_d4_driver/lidar_sdk/lidar_information.hpp
[1.033s] -- Up-to-date: /home/jhp/fsd_ws/install/lane_length_pkg/include/coin_d4_driver/lidar_sdk/serial_port.hpp
[1.033s] -- Up-to-date: /home/jhp/fsd_ws/install/lane_length_pkg/include/coin_d4_driver/lidar_sdk/locker.hpp
[1.033s] -- Up-to-date: /home/jhp/fsd_ws/install/lane_length_pkg/include/coin_d4_driver/coin_d4_lifecycle_handler.hpp
[1.034s] -- Up-to-date: /home/jhp/fsd_ws/install/lane_length_pkg/include
[1.034s] -- Up-to-date: /home/jhp/fsd_ws/install/lane_length_pkg/include/cmd_interface_linux.hpp
[1.035s] -- Up-to-date: /home/jhp/fsd_ws/install/lane_length_pkg/include/transform.hpp
[1.035s] -- Up-to-date: /home/jhp/fsd_ws/install/lane_length_pkg/include/slbf.hpp
[1.036s] -- Up-to-date: /home/jhp/fsd_ws/install/lane_length_pkg/include/lipkg.hpp
[1.036s] -- Up-to-date: /home/jhp/fsd_ws/install/lane_length_pkg/include/pointdata.hpp
[1.036s] -- Up-to-date: /home/jhp/fsd_ws/install/lane_length_pkg/share/lane_length_pkg/environment/library_path.sh
[1.036s] -- Up-to-date: /home/jhp/fsd_ws/install/lane_length_pkg/share/lane_length_pkg/environment/library_path.dsv
[1.036s] -- Up-to-date: /home/jhp/fsd_ws/install/lane_length_pkg/share/ament_index/resource_index/package_run_dependencies/lane_length_pkg
[1.037s] -- Up-to-date: /home/jhp/fsd_ws/install/lane_length_pkg/share/ament_index/resource_index/parent_prefix_path/lane_length_pkg
[1.037s] -- Up-to-date: /home/jhp/fsd_ws/install/lane_length_pkg/share/lane_length_pkg/environment/ament_prefix_path.sh
[1.037s] -- Up-to-date: /home/jhp/fsd_ws/install/lane_length_pkg/share/lane_length_pkg/environment/ament_prefix_path.dsv
[1.038s] -- Up-to-date: /home/jhp/fsd_ws/install/lane_length_pkg/share/lane_length_pkg/environment/path.sh
[1.038s] -- Up-to-date: /home/jhp/fsd_ws/install/lane_length_pkg/share/lane_length_pkg/environment/path.dsv
[1.038s] -- Up-to-date: /home/jhp/fsd_ws/install/lane_length_pkg/share/lane_length_pkg/local_setup.bash
[1.038s] -- Up-to-date: /home/jhp/fsd_ws/install/lane_length_pkg/share/lane_length_pkg/local_setup.sh
[1.039s] -- Up-to-date: /home/jhp/fsd_ws/install/lane_length_pkg/share/lane_length_pkg/local_setup.zsh
[1.039s] -- Up-to-date: /home/jhp/fsd_ws/install/lane_length_pkg/share/lane_length_pkg/local_setup.dsv
[1.039s] -- Installing: /home/jhp/fsd_ws/install/lane_length_pkg/share/lane_length_pkg/package.dsv
[1.040s] -- Up-to-date: /home/jhp/fsd_ws/install/lane_length_pkg/share/ament_index/resource_index/packages/lane_length_pkg
[1.040s] -- Up-to-date: /home/jhp/fsd_ws/install/lane_length_pkg/share/lane_length_pkg/cmake/ament_cmake_export_include_directories-extras.cmake
[1.040s] -- Up-to-date: /home/jhp/fsd_ws/install/lane_length_pkg/share/lane_length_pkg/cmake/ament_cmake_export_libraries-extras.cmake
[1.040s] -- Up-to-date: /home/jhp/fsd_ws/install/lane_length_pkg/share/lane_length_pkg/cmake/ament_cmake_export_dependencies-extras.cmake
[1.041s] -- Up-to-date: /home/jhp/fsd_ws/install/lane_length_pkg/share/lane_length_pkg/cmake/lane_length_pkgConfig.cmake
[1.041s] -- Up-to-date: /home/jhp/fsd_ws/install/lane_length_pkg/share/lane_length_pkg/cmake/lane_length_pkgConfig-version.cmake
[1.041s] -- Up-to-date: /home/jhp/fsd_ws/install/lane_length_pkg/share/lane_length_pkg/package.xml
[1.041s] Invoked command in '/home/jhp/fsd_ws/build/lane_length_pkg' returned '0': CMAKE_PREFIX_PATH=${CMAKE_PREFIX_PATH}:/home/jhp/fsd2_ws/install/perception_py:/home/jhp/fsd2_ws/install/decision_py:/home/jhp/fsd2_ws/install/control_py:/home/jhp/camera_calib_ws/install/camera_calibration:/home/jhp/turtlebot3_ws/install/turtlebot3_teleop:/home/jhp/turtlebot3_ws/install/turtlebot3_example:/opt/ros/humble /usr/bin/cmake --install /home/jhp/fsd_ws/build/lane_length_pkg
