[0.337s] DEBUG:colcon:Command line arguments: ['/usr/bin/colcon', 'build', '--packages-select', 'lane_length_pkg']
[0.337s] DEBUG:colcon:Parsed command line arguments: Namespace(log_base=None, log_level=None, verb_name='build', build_base='build', install_base='install', merge_install=False, symlink_install=False, test_result_base=None, continue_on_error=False, executor='parallel', parallel_workers=6, event_handlers=None, ignore_user_meta=False, metas=['./colcon.meta'], base_paths=['.'], packages_ignore=None, packages_ignore_regex=None, paths=None, packages_up_to=None, packages_up_to_regex=None, packages_above=None, packages_above_and_dependencies=None, packages_above_depth=None, packages_select_by_dep=None, packages_skip_by_dep=None, packages_skip_up_to=None, packages_select_build_failed=False, packages_skip_build_finished=False, packages_select_test_failures=False, packages_skip_test_passed=False, packages_select=['lane_length_pkg'], packages_skip=None, packages_select_regex=None, packages_skip_regex=None, packages_start=None, packages_end=None, allow_overriding=[], cmake_args=None, cmake_target=None, cmake_target_skip_unavailable=False, cmake_clean_cache=False, cmake_clean_first=False, cmake_force_configure=False, ament_cmake_args=None, catkin_cmake_args=None, catkin_skip_building_tests=False, mixin_files=None, mixin=None, verb_parser=<colcon_mixin.mixin.mixin_argument.MixinArgumentDecorator object at 0xffff9bbac250>, verb_extension=<colcon_core.verb.build.BuildVerb object at 0xffff9bb7b850>, main=<bound method BuildVerb.main of <colcon_core.verb.build.BuildVerb object at 0xffff9bb7b850>>, mixin_verb=('build',))
[0.822s] Level 1:colcon.colcon_core.package_discovery:discover_packages(colcon_meta) check parameters
[0.823s] Level 1:colcon.colcon_core.package_discovery:discover_packages(recursive) check parameters
[0.823s] Level 1:colcon.colcon_core.package_discovery:discover_packages(ignore) check parameters
[0.823s] Level 1:colcon.colcon_core.package_discovery:discover_packages(path) check parameters
[0.823s] Level 1:colcon.colcon_core.package_discovery:discover_packages(colcon_meta) discover
[0.823s] Level 1:colcon.colcon_core.package_discovery:discover_packages(recursive) discover
[0.826s] INFO:colcon.colcon_core.package_discovery:Crawling recursively for packages in '/home/jhp/fsd_ws'
[0.826s] Level 1:colcon.colcon_core.package_identification:_identify(.) by extensions ['ignore', 'ignore_ament_install']
[0.827s] Level 1:colcon.colcon_core.package_identification:_identify(.) by extension 'ignore'
[0.827s] Level 1:colcon.colcon_core.package_identification:_identify(.) by extension 'ignore_ament_install'
[0.827s] Level 1:colcon.colcon_core.package_identification:_identify(.) by extensions ['colcon_pkg']
[0.827s] Level 1:colcon.colcon_core.package_identification:_identify(.) by extension 'colcon_pkg'
[0.827s] Level 1:colcon.colcon_core.package_identification:_identify(.) by extensions ['colcon_meta']
[0.827s] Level 1:colcon.colcon_core.package_identification:_identify(.) by extension 'colcon_meta'
[0.827s] Level 1:colcon.colcon_core.package_identification:_identify(.) by extensions ['ros']
[0.827s] Level 1:colcon.colcon_core.package_identification:_identify(.) by extension 'ros'
[0.854s] Level 1:colcon.colcon_core.package_identification:_identify(.) by extensions ['cmake', 'python']
[0.854s] Level 1:colcon.colcon_core.package_identification:_identify(.) by extension 'cmake'
[0.855s] Level 1:colcon.colcon_core.package_identification:_identify(.) by extension 'python'
[0.855s] Level 1:colcon.colcon_core.package_identification:_identify(.) by extensions ['python_setup_py']
[0.855s] Level 1:colcon.colcon_core.package_identification:_identify(.) by extension 'python_setup_py'
[0.855s] Level 1:colcon.colcon_core.package_identification:_identify(build) by extensions ['ignore', 'ignore_ament_install']
[0.855s] Level 1:colcon.colcon_core.package_identification:_identify(build) by extension 'ignore'
[0.856s] Level 1:colcon.colcon_core.package_identification:_identify(build) ignored
[0.856s] Level 1:colcon.colcon_core.package_identification:_identify(install) by extensions ['ignore', 'ignore_ament_install']
[0.856s] Level 1:colcon.colcon_core.package_identification:_identify(install) by extension 'ignore'
[0.856s] Level 1:colcon.colcon_core.package_identification:_identify(install) ignored
[0.856s] Level 1:colcon.colcon_core.package_identification:_identify(log) by extensions ['ignore', 'ignore_ament_install']
[0.857s] Level 1:colcon.colcon_core.package_identification:_identify(log) by extension 'ignore'
[0.857s] Level 1:colcon.colcon_core.package_identification:_identify(log) ignored
[0.857s] Level 1:colcon.colcon_core.package_identification:_identify(src) by extensions ['ignore', 'ignore_ament_install']
[0.857s] Level 1:colcon.colcon_core.package_identification:_identify(src) by extension 'ignore'
[0.857s] Level 1:colcon.colcon_core.package_identification:_identify(src) by extension 'ignore_ament_install'
[0.857s] Level 1:colcon.colcon_core.package_identification:_identify(src) by extensions ['colcon_pkg']
[0.857s] Level 1:colcon.colcon_core.package_identification:_identify(src) by extension 'colcon_pkg'
[0.857s] Level 1:colcon.colcon_core.package_identification:_identify(src) by extensions ['colcon_meta']
[0.857s] Level 1:colcon.colcon_core.package_identification:_identify(src) by extension 'colcon_meta'
[0.858s] Level 1:colcon.colcon_core.package_identification:_identify(src) by extensions ['ros']
[0.858s] Level 1:colcon.colcon_core.package_identification:_identify(src) by extension 'ros'
[0.858s] Level 1:colcon.colcon_core.package_identification:_identify(src) by extensions ['cmake', 'python']
[0.858s] Level 1:colcon.colcon_core.package_identification:_identify(src) by extension 'cmake'
[0.858s] Level 1:colcon.colcon_core.package_identification:_identify(src) by extension 'python'
[0.858s] Level 1:colcon.colcon_core.package_identification:_identify(src) by extensions ['python_setup_py']
[0.858s] Level 1:colcon.colcon_core.package_identification:_identify(src) by extension 'python_setup_py'
[0.858s] Level 1:colcon.colcon_core.package_identification:_identify(src/lane_length_pkg) by extensions ['ignore', 'ignore_ament_install']
[0.859s] Level 1:colcon.colcon_core.package_identification:_identify(src/lane_length_pkg) by extension 'ignore'
[0.859s] Level 1:colcon.colcon_core.package_identification:_identify(src/lane_length_pkg) by extension 'ignore_ament_install'
[0.859s] Level 1:colcon.colcon_core.package_identification:_identify(src/lane_length_pkg) by extensions ['colcon_pkg']
[0.859s] Level 1:colcon.colcon_core.package_identification:_identify(src/lane_length_pkg) by extension 'colcon_pkg'
[0.859s] Level 1:colcon.colcon_core.package_identification:_identify(src/lane_length_pkg) by extensions ['colcon_meta']
[0.859s] Level 1:colcon.colcon_core.package_identification:_identify(src/lane_length_pkg) by extension 'colcon_meta'
[0.859s] Level 1:colcon.colcon_core.package_identification:_identify(src/lane_length_pkg) by extensions ['ros']
[0.859s] Level 1:colcon.colcon_core.package_identification:_identify(src/lane_length_pkg) by extension 'ros'
[0.873s] DEBUG:colcon.colcon_core.package_identification:Package 'src/lane_length_pkg' with type 'ros.ament_cmake' and name 'lane_length_pkg'
[0.875s] Level 1:colcon.colcon_core.package_discovery:discover_packages(recursive) using defaults
[0.875s] Level 1:colcon.colcon_core.package_discovery:discover_packages(ignore) discover
[0.875s] Level 1:colcon.colcon_core.package_discovery:discover_packages(ignore) using defaults
[0.875s] Level 1:colcon.colcon_core.package_discovery:discover_packages(path) discover
[0.875s] Level 1:colcon.colcon_core.package_discovery:discover_packages(path) using defaults
[0.982s] Level 1:colcon.colcon_core.package_discovery:discover_packages(prefix_path) check parameters
[0.983s] Level 1:colcon.colcon_core.package_discovery:discover_packages(prefix_path) discover
[0.992s] DEBUG:colcon.colcon_installed_package_information.package_discovery:Found 7 installed packages in /home/jhp/fsd2_ws/install
[0.994s] DEBUG:colcon.colcon_installed_package_information.package_discovery:Found 9 installed packages in /home/jhp/camera_calib_ws/install
[0.996s] DEBUG:colcon.colcon_installed_package_information.package_discovery:Found 1 installed packages in /home/jhp/fsd_ws/install
[0.997s] DEBUG:colcon.colcon_installed_package_information.package_discovery:Found 10 installed packages in /home/jhp/turtlebot3_ws/install
[1.000s] DEBUG:colcon.colcon_installed_package_information.package_discovery:Found 336 installed packages in /opt/ros/humble
[1.005s] Level 1:colcon.colcon_core.package_discovery:discover_packages(prefix_path) using defaults
[1.134s] Level 5:colcon.colcon_core.verb:set package 'lane_length_pkg' build argument 'cmake_args' from command line to 'None'
[1.134s] Level 5:colcon.colcon_core.verb:set package 'lane_length_pkg' build argument 'cmake_target' from command line to 'None'
[1.135s] Level 5:colcon.colcon_core.verb:set package 'lane_length_pkg' build argument 'cmake_target_skip_unavailable' from command line to 'False'
[1.135s] Level 5:colcon.colcon_core.verb:set package 'lane_length_pkg' build argument 'cmake_clean_cache' from command line to 'False'
[1.135s] Level 5:colcon.colcon_core.verb:set package 'lane_length_pkg' build argument 'cmake_clean_first' from command line to 'False'
[1.135s] Level 5:colcon.colcon_core.verb:set package 'lane_length_pkg' build argument 'cmake_force_configure' from command line to 'False'
[1.135s] Level 5:colcon.colcon_core.verb:set package 'lane_length_pkg' build argument 'ament_cmake_args' from command line to 'None'
[1.135s] Level 5:colcon.colcon_core.verb:set package 'lane_length_pkg' build argument 'catkin_cmake_args' from command line to 'None'
[1.135s] Level 5:colcon.colcon_core.verb:set package 'lane_length_pkg' build argument 'catkin_skip_building_tests' from command line to 'False'
[1.135s] DEBUG:colcon.colcon_core.verb:Building package 'lane_length_pkg' with the following arguments: {'ament_cmake_args': None, 'build_base': '/home/jhp/fsd_ws/build/lane_length_pkg', 'catkin_cmake_args': None, 'catkin_skip_building_tests': False, 'cmake_args': None, 'cmake_clean_cache': False, 'cmake_clean_first': False, 'cmake_force_configure': False, 'cmake_target': None, 'cmake_target_skip_unavailable': False, 'install_base': '/home/jhp/fsd_ws/install/lane_length_pkg', 'merge_install': False, 'path': '/home/jhp/fsd_ws/src/lane_length_pkg', 'symlink_install': False, 'test_result_base': None}
[1.135s] INFO:colcon.colcon_core.executor:Executing jobs using 'parallel' executor
[1.139s] DEBUG:colcon.colcon_parallel_executor.executor.parallel:run_until_complete
[1.140s] INFO:colcon.colcon_ros.task.ament_cmake.build:Building ROS package in '/home/jhp/fsd_ws/src/lane_length_pkg' with build type 'ament_cmake'
[1.140s] INFO:colcon.colcon_cmake.task.cmake.build:Building CMake package in '/home/jhp/fsd_ws/src/lane_length_pkg'
[1.150s] INFO:colcon.colcon_core.plugin_system:Skipping extension 'colcon_core.shell.bat': Not used on non-Windows systems
[1.151s] INFO:colcon.colcon_core.shell:Skip shell extension 'powershell' for command environment: Not usable outside of PowerShell
[1.151s] DEBUG:colcon.colcon_core.shell:Skip shell extension 'dsv' for command environment
[1.193s] DEBUG:colcon.colcon_core.event_handler.log_command:Invoking command in '/home/jhp/fsd_ws/build/lane_length_pkg': CMAKE_PREFIX_PATH=${CMAKE_PREFIX_PATH}:/home/jhp/fsd2_ws/install/perception_py:/home/jhp/fsd2_ws/install/decision_py:/home/jhp/fsd2_ws/install/control_py:/home/jhp/camera_calib_ws/install/camera_calibration:/home/jhp/turtlebot3_ws/install/turtlebot3_teleop:/home/jhp/turtlebot3_ws/install/turtlebot3_example:/opt/ros/humble /usr/bin/cmake --build /home/jhp/fsd_ws/build/lane_length_pkg -- -j6 -l6
[31.171s] DEBUG:colcon.colcon_core.event_handler.log_command:Invoked command in '/home/jhp/fsd_ws/build/lane_length_pkg' returned '0': CMAKE_PREFIX_PATH=${CMAKE_PREFIX_PATH}:/home/jhp/fsd2_ws/install/perception_py:/home/jhp/fsd2_ws/install/decision_py:/home/jhp/fsd2_ws/install/control_py:/home/jhp/camera_calib_ws/install/camera_calibration:/home/jhp/turtlebot3_ws/install/turtlebot3_teleop:/home/jhp/turtlebot3_ws/install/turtlebot3_example:/opt/ros/humble /usr/bin/cmake --build /home/jhp/fsd_ws/build/lane_length_pkg -- -j6 -l6
[31.196s] DEBUG:colcon.colcon_core.event_handler.log_command:Invoking command in '/home/jhp/fsd_ws/build/lane_length_pkg': CMAKE_PREFIX_PATH=${CMAKE_PREFIX_PATH}:/home/jhp/fsd2_ws/install/perception_py:/home/jhp/fsd2_ws/install/decision_py:/home/jhp/fsd2_ws/install/control_py:/home/jhp/camera_calib_ws/install/camera_calibration:/home/jhp/turtlebot3_ws/install/turtlebot3_teleop:/home/jhp/turtlebot3_ws/install/turtlebot3_example:/opt/ros/humble /usr/bin/cmake --install /home/jhp/fsd_ws/build/lane_length_pkg
[31.329s] Level 1:colcon.colcon_core.environment:create_environment_scripts_only(lane_length_pkg)
[31.351s] Level 1:colcon.colcon_core.environment:checking '/home/jhp/fsd_ws/install/lane_length_pkg' for CMake module files
[31.358s] Level 1:colcon.colcon_core.environment:checking '/home/jhp/fsd_ws/install/lane_length_pkg' for CMake config files
[31.374s] Level 1:colcon.colcon_core.shell:create_environment_hook('lane_length_pkg', 'cmake_prefix_path')
[31.374s] INFO:colcon.colcon_core.shell:Creating environment hook '/home/jhp/fsd_ws/install/lane_length_pkg/share/lane_length_pkg/hook/cmake_prefix_path.ps1'
[31.378s] INFO:colcon.colcon_core.shell:Creating environment descriptor '/home/jhp/fsd_ws/install/lane_length_pkg/share/lane_length_pkg/hook/cmake_prefix_path.dsv'
[31.380s] INFO:colcon.colcon_core.shell:Creating environment hook '/home/jhp/fsd_ws/install/lane_length_pkg/share/lane_length_pkg/hook/cmake_prefix_path.sh'
[31.383s] DEBUG:colcon.colcon_core.event_handler.log_command:Invoked command in '/home/jhp/fsd_ws/build/lane_length_pkg' returned '0': CMAKE_PREFIX_PATH=${CMAKE_PREFIX_PATH}:/home/jhp/fsd2_ws/install/perception_py:/home/jhp/fsd2_ws/install/decision_py:/home/jhp/fsd2_ws/install/control_py:/home/jhp/camera_calib_ws/install/camera_calibration:/home/jhp/turtlebot3_ws/install/turtlebot3_teleop:/home/jhp/turtlebot3_ws/install/turtlebot3_example:/opt/ros/humble /usr/bin/cmake --install /home/jhp/fsd_ws/build/lane_length_pkg
[31.385s] Level 1:colcon.colcon_core.environment:checking '/home/jhp/fsd_ws/install/lane_length_pkg/lib'
[31.386s] Level 1:colcon.colcon_core.shell:create_environment_hook('lane_length_pkg', 'ld_library_path_lib')
[31.386s] INFO:colcon.colcon_core.shell:Creating environment hook '/home/jhp/fsd_ws/install/lane_length_pkg/share/lane_length_pkg/hook/ld_library_path_lib.ps1'
[31.388s] INFO:colcon.colcon_core.shell:Creating environment descriptor '/home/jhp/fsd_ws/install/lane_length_pkg/share/lane_length_pkg/hook/ld_library_path_lib.dsv'
[31.389s] INFO:colcon.colcon_core.shell:Creating environment hook '/home/jhp/fsd_ws/install/lane_length_pkg/share/lane_length_pkg/hook/ld_library_path_lib.sh'
[31.390s] Level 1:colcon.colcon_core.environment:checking '/home/jhp/fsd_ws/install/lane_length_pkg/bin'
[31.390s] Level 1:colcon.colcon_core.environment:checking '/home/jhp/fsd_ws/install/lane_length_pkg/lib/pkgconfig/lane_length_pkg.pc'
[31.391s] Level 1:colcon.colcon_core.environment:checking '/home/jhp/fsd_ws/install/lane_length_pkg/lib/python3.10/site-packages'
[31.392s] Level 1:colcon.colcon_core.environment:checking '/home/jhp/fsd_ws/install/lane_length_pkg/bin'
[31.393s] INFO:colcon.colcon_core.shell:Creating package script '/home/jhp/fsd_ws/install/lane_length_pkg/share/lane_length_pkg/package.ps1'
[31.398s] INFO:colcon.colcon_core.shell:Creating package descriptor '/home/jhp/fsd_ws/install/lane_length_pkg/share/lane_length_pkg/package.dsv'
[31.399s] INFO:colcon.colcon_core.shell:Creating package script '/home/jhp/fsd_ws/install/lane_length_pkg/share/lane_length_pkg/package.sh'
[31.401s] INFO:colcon.colcon_core.shell:Creating package script '/home/jhp/fsd_ws/install/lane_length_pkg/share/lane_length_pkg/package.bash'
[31.403s] INFO:colcon.colcon_core.shell:Creating package script '/home/jhp/fsd_ws/install/lane_length_pkg/share/lane_length_pkg/package.zsh'
[31.405s] Level 1:colcon.colcon_core.environment:create_file_with_runtime_dependencies(/home/jhp/fsd_ws/install/lane_length_pkg/share/colcon-core/packages/lane_length_pkg)
[31.407s] Level 1:colcon.colcon_core.environment:create_environment_scripts_only(lane_length_pkg)
[31.407s] Level 1:colcon.colcon_core.environment:checking '/home/jhp/fsd_ws/install/lane_length_pkg' for CMake module files
[31.409s] Level 1:colcon.colcon_core.environment:checking '/home/jhp/fsd_ws/install/lane_length_pkg' for CMake config files
[31.411s] Level 1:colcon.colcon_core.shell:create_environment_hook('lane_length_pkg', 'cmake_prefix_path')
[31.412s] INFO:colcon.colcon_core.shell:Creating environment hook '/home/jhp/fsd_ws/install/lane_length_pkg/share/lane_length_pkg/hook/cmake_prefix_path.ps1'
[31.413s] INFO:colcon.colcon_core.shell:Creating environment descriptor '/home/jhp/fsd_ws/install/lane_length_pkg/share/lane_length_pkg/hook/cmake_prefix_path.dsv'
[31.414s] INFO:colcon.colcon_core.shell:Creating environment hook '/home/jhp/fsd_ws/install/lane_length_pkg/share/lane_length_pkg/hook/cmake_prefix_path.sh'
[31.415s] Level 1:colcon.colcon_core.environment:checking '/home/jhp/fsd_ws/install/lane_length_pkg/lib'
[31.416s] Level 1:colcon.colcon_core.shell:create_environment_hook('lane_length_pkg', 'ld_library_path_lib')
[31.416s] INFO:colcon.colcon_core.shell:Creating environment hook '/home/jhp/fsd_ws/install/lane_length_pkg/share/lane_length_pkg/hook/ld_library_path_lib.ps1'
[31.417s] INFO:colcon.colcon_core.shell:Creating environment descriptor '/home/jhp/fsd_ws/install/lane_length_pkg/share/lane_length_pkg/hook/ld_library_path_lib.dsv'
[31.417s] INFO:colcon.colcon_core.shell:Creating environment hook '/home/jhp/fsd_ws/install/lane_length_pkg/share/lane_length_pkg/hook/ld_library_path_lib.sh'
[31.418s] Level 1:colcon.colcon_core.environment:checking '/home/jhp/fsd_ws/install/lane_length_pkg/bin'
[31.419s] Level 1:colcon.colcon_core.environment:checking '/home/jhp/fsd_ws/install/lane_length_pkg/lib/pkgconfig/lane_length_pkg.pc'
[31.419s] Level 1:colcon.colcon_core.environment:checking '/home/jhp/fsd_ws/install/lane_length_pkg/lib/python3.10/site-packages'
[31.420s] Level 1:colcon.colcon_core.environment:checking '/home/jhp/fsd_ws/install/lane_length_pkg/bin'
[31.421s] INFO:colcon.colcon_core.shell:Creating package script '/home/jhp/fsd_ws/install/lane_length_pkg/share/lane_length_pkg/package.ps1'
[31.423s] INFO:colcon.colcon_core.shell:Creating package descriptor '/home/jhp/fsd_ws/install/lane_length_pkg/share/lane_length_pkg/package.dsv'
[31.424s] INFO:colcon.colcon_core.shell:Creating package script '/home/jhp/fsd_ws/install/lane_length_pkg/share/lane_length_pkg/package.sh'
[31.424s] INFO:colcon.colcon_core.shell:Creating package script '/home/jhp/fsd_ws/install/lane_length_pkg/share/lane_length_pkg/package.bash'
[31.425s] INFO:colcon.colcon_core.shell:Creating package script '/home/jhp/fsd_ws/install/lane_length_pkg/share/lane_length_pkg/package.zsh'
[31.426s] Level 1:colcon.colcon_core.environment:create_file_with_runtime_dependencies(/home/jhp/fsd_ws/install/lane_length_pkg/share/colcon-core/packages/lane_length_pkg)
[31.427s] DEBUG:colcon.colcon_parallel_executor.executor.parallel:closing loop
[31.427s] DEBUG:colcon.colcon_parallel_executor.executor.parallel:loop closed
[31.428s] DEBUG:colcon.colcon_parallel_executor.executor.parallel:run_until_complete finished with '0'
[31.428s] DEBUG:colcon.colcon_core.event_reactor:joining thread
[31.448s] INFO:colcon.colcon_core.plugin_system:Skipping extension 'colcon_notification.desktop_notification.terminal_notifier': Not used on non-Darwin systems
[31.448s] INFO:colcon.colcon_core.plugin_system:Skipping extension 'colcon_notification.desktop_notification.win32': Not used on non-Windows systems
[31.448s] INFO:colcon.colcon_notification.desktop_notification:Sending desktop notification using 'notify2'
[31.449s] DEBUG:colcon.colcon_notification.desktop_notification.notify2:Failed to initialize notify2: org.freedesktop.DBus.Error.AccessDenied: Failed to connect to socket /run/user/1000/bus: Operation not permitted
[31.449s] DEBUG:colcon.colcon_core.event_reactor:joined thread
[31.450s] INFO:colcon.colcon_core.shell:Creating prefix script '/home/jhp/fsd_ws/install/local_setup.ps1'
[31.452s] INFO:colcon.colcon_core.shell:Creating prefix util module '/home/jhp/fsd_ws/install/_local_setup_util_ps1.py'
[31.455s] INFO:colcon.colcon_core.shell:Creating prefix chain script '/home/jhp/fsd_ws/install/setup.ps1'
[31.460s] INFO:colcon.colcon_core.shell:Creating prefix script '/home/jhp/fsd_ws/install/local_setup.sh'
[31.462s] INFO:colcon.colcon_core.shell:Creating prefix util module '/home/jhp/fsd_ws/install/_local_setup_util_sh.py'
[31.463s] INFO:colcon.colcon_core.shell:Creating prefix chain script '/home/jhp/fsd_ws/install/setup.sh'
[31.469s] INFO:colcon.colcon_core.shell:Creating prefix script '/home/jhp/fsd_ws/install/local_setup.bash'
[31.470s] INFO:colcon.colcon_core.shell:Creating prefix chain script '/home/jhp/fsd_ws/install/setup.bash'
[31.476s] INFO:colcon.colcon_core.shell:Creating prefix script '/home/jhp/fsd_ws/install/local_setup.zsh'
[31.477s] INFO:colcon.colcon_core.shell:Creating prefix chain script '/home/jhp/fsd_ws/install/setup.zsh'
