[0.251s] DEBUG:colcon:Command line arguments: ['/usr/bin/colcon', 'build', '--packages-select', 'lane_length_pkg', '--symlink-install']
[0.251s] DEBUG:colcon:Parsed command line arguments: Namespace(log_base=None, log_level=None, verb_name='build', build_base='build', install_base='install', merge_install=False, symlink_install=True, test_result_base=None, continue_on_error=False, executor='parallel', parallel_workers=6, event_handlers=None, ignore_user_meta=False, metas=['./colcon.meta'], base_paths=['.'], packages_ignore=None, packages_ignore_regex=None, paths=None, packages_up_to=None, packages_up_to_regex=None, packages_above=None, packages_above_and_dependencies=None, packages_above_depth=None, packages_select_by_dep=None, packages_skip_by_dep=None, packages_skip_up_to=None, packages_select_build_failed=False, packages_skip_build_finished=False, packages_select_test_failures=False, packages_skip_test_passed=False, packages_select=['lane_length_pkg'], packages_skip=None, packages_select_regex=None, packages_skip_regex=None, packages_start=None, packages_end=None, allow_overriding=[], cmake_args=None, cmake_target=None, cmake_target_skip_unavailable=False, cmake_clean_cache=False, cmake_clean_first=False, cmake_force_configure=False, ament_cmake_args=None, catkin_cmake_args=None, catkin_skip_building_tests=False, mixin_files=None, mixin=None, verb_parser=<colcon_mixin.mixin.mixin_argument.MixinArgumentDecorator object at 0xffff8487c280>, verb_extension=<colcon_core.verb.build.BuildVerb object at 0xffff8484b880>, main=<bound method BuildVerb.main of <colcon_core.verb.build.BuildVerb object at 0xffff8484b880>>, mixin_verb=('build',))
[0.627s] Level 1:colcon.colcon_core.package_discovery:discover_packages(colcon_meta) check parameters
[0.627s] Level 1:colcon.colcon_core.package_discovery:discover_packages(recursive) check parameters
[0.627s] Level 1:colcon.colcon_core.package_discovery:discover_packages(ignore) check parameters
[0.627s] Level 1:colcon.colcon_core.package_discovery:discover_packages(path) check parameters
[0.628s] Level 1:colcon.colcon_core.package_discovery:discover_packages(colcon_meta) discover
[0.628s] Level 1:colcon.colcon_core.package_discovery:discover_packages(recursive) discover
[0.628s] INFO:colcon.colcon_core.package_discovery:Crawling recursively for packages in '/home/jhp/fsd_ws'
[0.628s] Level 1:colcon.colcon_core.package_identification:_identify(.) by extensions ['ignore', 'ignore_ament_install']
[0.628s] Level 1:colcon.colcon_core.package_identification:_identify(.) by extension 'ignore'
[0.628s] Level 1:colcon.colcon_core.package_identification:_identify(.) by extension 'ignore_ament_install'
[0.629s] Level 1:colcon.colcon_core.package_identification:_identify(.) by extensions ['colcon_pkg']
[0.629s] Level 1:colcon.colcon_core.package_identification:_identify(.) by extension 'colcon_pkg'
[0.629s] Level 1:colcon.colcon_core.package_identification:_identify(.) by extensions ['colcon_meta']
[0.629s] Level 1:colcon.colcon_core.package_identification:_identify(.) by extension 'colcon_meta'
[0.629s] Level 1:colcon.colcon_core.package_identification:_identify(.) by extensions ['ros']
[0.629s] Level 1:colcon.colcon_core.package_identification:_identify(.) by extension 'ros'
[0.652s] Level 1:colcon.colcon_core.package_identification:_identify(.) by extensions ['cmake', 'python']
[0.653s] Level 1:colcon.colcon_core.package_identification:_identify(.) by extension 'cmake'
[0.653s] Level 1:colcon.colcon_core.package_identification:_identify(.) by extension 'python'
[0.653s] Level 1:colcon.colcon_core.package_identification:_identify(.) by extensions ['python_setup_py']
[0.653s] Level 1:colcon.colcon_core.package_identification:_identify(.) by extension 'python_setup_py'
[0.653s] Level 1:colcon.colcon_core.package_identification:_identify(build) by extensions ['ignore', 'ignore_ament_install']
[0.653s] Level 1:colcon.colcon_core.package_identification:_identify(build) by extension 'ignore'
[0.654s] Level 1:colcon.colcon_core.package_identification:_identify(build) ignored
[0.654s] Level 1:colcon.colcon_core.package_identification:_identify(eval_logs) by extensions ['ignore', 'ignore_ament_install']
[0.654s] Level 1:colcon.colcon_core.package_identification:_identify(eval_logs) by extension 'ignore'
[0.654s] Level 1:colcon.colcon_core.package_identification:_identify(eval_logs) by extension 'ignore_ament_install'
[0.654s] Level 1:colcon.colcon_core.package_identification:_identify(eval_logs) by extensions ['colcon_pkg']
[0.654s] Level 1:colcon.colcon_core.package_identification:_identify(eval_logs) by extension 'colcon_pkg'
[0.655s] Level 1:colcon.colcon_core.package_identification:_identify(eval_logs) by extensions ['colcon_meta']
[0.655s] Level 1:colcon.colcon_core.package_identification:_identify(eval_logs) by extension 'colcon_meta'
[0.655s] Level 1:colcon.colcon_core.package_identification:_identify(eval_logs) by extensions ['ros']
[0.655s] Level 1:colcon.colcon_core.package_identification:_identify(eval_logs) by extension 'ros'
[0.655s] Level 1:colcon.colcon_core.package_identification:_identify(eval_logs) by extensions ['cmake', 'python']
[0.655s] Level 1:colcon.colcon_core.package_identification:_identify(eval_logs) by extension 'cmake'
[0.655s] Level 1:colcon.colcon_core.package_identification:_identify(eval_logs) by extension 'python'
[0.655s] Level 1:colcon.colcon_core.package_identification:_identify(eval_logs) by extensions ['python_setup_py']
[0.655s] Level 1:colcon.colcon_core.package_identification:_identify(eval_logs) by extension 'python_setup_py'
[0.655s] Level 1:colcon.colcon_core.package_identification:_identify(eval_logs/ros_logs) by extensions ['ignore', 'ignore_ament_install']
[0.656s] Level 1:colcon.colcon_core.package_identification:_identify(eval_logs/ros_logs) by extension 'ignore'
[0.656s] Level 1:colcon.colcon_core.package_identification:_identify(eval_logs/ros_logs) by extension 'ignore_ament_install'
[0.656s] Level 1:colcon.colcon_core.package_identification:_identify(eval_logs/ros_logs) by extensions ['colcon_pkg']
[0.656s] Level 1:colcon.colcon_core.package_identification:_identify(eval_logs/ros_logs) by extension 'colcon_pkg'
[0.656s] Level 1:colcon.colcon_core.package_identification:_identify(eval_logs/ros_logs) by extensions ['colcon_meta']
[0.656s] Level 1:colcon.colcon_core.package_identification:_identify(eval_logs/ros_logs) by extension 'colcon_meta'
[0.656s] Level 1:colcon.colcon_core.package_identification:_identify(eval_logs/ros_logs) by extensions ['ros']
[0.656s] Level 1:colcon.colcon_core.package_identification:_identify(eval_logs/ros_logs) by extension 'ros'
[0.656s] Level 1:colcon.colcon_core.package_identification:_identify(eval_logs/ros_logs) by extensions ['cmake', 'python']
[0.657s] Level 1:colcon.colcon_core.package_identification:_identify(eval_logs/ros_logs) by extension 'cmake'
[0.657s] Level 1:colcon.colcon_core.package_identification:_identify(eval_logs/ros_logs) by extension 'python'
[0.657s] Level 1:colcon.colcon_core.package_identification:_identify(eval_logs/ros_logs) by extensions ['python_setup_py']
[0.657s] Level 1:colcon.colcon_core.package_identification:_identify(eval_logs/ros_logs) by extension 'python_setup_py'
[0.657s] Level 1:colcon.colcon_core.package_identification:_identify(eval_logs/test) by extensions ['ignore', 'ignore_ament_install']
[0.657s] Level 1:colcon.colcon_core.package_identification:_identify(eval_logs/test) by extension 'ignore'
[0.657s] Level 1:colcon.colcon_core.package_identification:_identify(eval_logs/test) by extension 'ignore_ament_install'
[0.657s] Level 1:colcon.colcon_core.package_identification:_identify(eval_logs/test) by extensions ['colcon_pkg']
[0.657s] Level 1:colcon.colcon_core.package_identification:_identify(eval_logs/test) by extension 'colcon_pkg'
[0.658s] Level 1:colcon.colcon_core.package_identification:_identify(eval_logs/test) by extensions ['colcon_meta']
[0.658s] Level 1:colcon.colcon_core.package_identification:_identify(eval_logs/test) by extension 'colcon_meta'
[0.658s] Level 1:colcon.colcon_core.package_identification:_identify(eval_logs/test) by extensions ['ros']
[0.658s] Level 1:colcon.colcon_core.package_identification:_identify(eval_logs/test) by extension 'ros'
[0.658s] Level 1:colcon.colcon_core.package_identification:_identify(eval_logs/test) by extensions ['cmake', 'python']
[0.658s] Level 1:colcon.colcon_core.package_identification:_identify(eval_logs/test) by extension 'cmake'
[0.658s] Level 1:colcon.colcon_core.package_identification:_identify(eval_logs/test) by extension 'python'
[0.658s] Level 1:colcon.colcon_core.package_identification:_identify(eval_logs/test) by extensions ['python_setup_py']
[0.658s] Level 1:colcon.colcon_core.package_identification:_identify(eval_logs/test) by extension 'python_setup_py'
[0.658s] Level 1:colcon.colcon_core.package_identification:_identify(install) by extensions ['ignore', 'ignore_ament_install']
[0.659s] Level 1:colcon.colcon_core.package_identification:_identify(install) by extension 'ignore'
[0.659s] Level 1:colcon.colcon_core.package_identification:_identify(install) ignored
[0.659s] Level 1:colcon.colcon_core.package_identification:_identify(log) by extensions ['ignore', 'ignore_ament_install']
[0.659s] Level 1:colcon.colcon_core.package_identification:_identify(log) by extension 'ignore'
[0.659s] Level 1:colcon.colcon_core.package_identification:_identify(log) ignored
[0.659s] Level 1:colcon.colcon_core.package_identification:_identify(src) by extensions ['ignore', 'ignore_ament_install']
[0.660s] Level 1:colcon.colcon_core.package_identification:_identify(src) by extension 'ignore'
[0.660s] Level 1:colcon.colcon_core.package_identification:_identify(src) by extension 'ignore_ament_install'
[0.660s] Level 1:colcon.colcon_core.package_identification:_identify(src) by extensions ['colcon_pkg']
[0.660s] Level 1:colcon.colcon_core.package_identification:_identify(src) by extension 'colcon_pkg'
[0.660s] Level 1:colcon.colcon_core.package_identification:_identify(src) by extensions ['colcon_meta']
[0.660s] Level 1:colcon.colcon_core.package_identification:_identify(src) by extension 'colcon_meta'
[0.660s] Level 1:colcon.colcon_core.package_identification:_identify(src) by extensions ['ros']
[0.660s] Level 1:colcon.colcon_core.package_identification:_identify(src) by extension 'ros'
[0.660s] Level 1:colcon.colcon_core.package_identification:_identify(src) by extensions ['cmake', 'python']
[0.660s] Level 1:colcon.colcon_core.package_identification:_identify(src) by extension 'cmake'
[0.660s] Level 1:colcon.colcon_core.package_identification:_identify(src) by extension 'python'
[0.661s] Level 1:colcon.colcon_core.package_identification:_identify(src) by extensions ['python_setup_py']
[0.661s] Level 1:colcon.colcon_core.package_identification:_identify(src) by extension 'python_setup_py'
[0.661s] Level 1:colcon.colcon_core.package_identification:_identify(src/lane_length_pkg) by extensions ['ignore', 'ignore_ament_install']
[0.661s] Level 1:colcon.colcon_core.package_identification:_identify(src/lane_length_pkg) by extension 'ignore'
[0.661s] Level 1:colcon.colcon_core.package_identification:_identify(src/lane_length_pkg) by extension 'ignore_ament_install'
[0.661s] Level 1:colcon.colcon_core.package_identification:_identify(src/lane_length_pkg) by extensions ['colcon_pkg']
[0.661s] Level 1:colcon.colcon_core.package_identification:_identify(src/lane_length_pkg) by extension 'colcon_pkg'
[0.661s] Level 1:colcon.colcon_core.package_identification:_identify(src/lane_length_pkg) by extensions ['colcon_meta']
[0.661s] Level 1:colcon.colcon_core.package_identification:_identify(src/lane_length_pkg) by extension 'colcon_meta'
[0.662s] Level 1:colcon.colcon_core.package_identification:_identify(src/lane_length_pkg) by extensions ['ros']
[0.662s] Level 1:colcon.colcon_core.package_identification:_identify(src/lane_length_pkg) by extension 'ros'
[0.670s] DEBUG:colcon.colcon_core.package_identification:Package 'src/lane_length_pkg' with type 'ros.ament_cmake' and name 'lane_length_pkg'
[0.670s] Level 1:colcon.colcon_core.package_discovery:discover_packages(recursive) using defaults
[0.670s] Level 1:colcon.colcon_core.package_discovery:discover_packages(ignore) discover
[0.670s] Level 1:colcon.colcon_core.package_discovery:discover_packages(ignore) using defaults
[0.670s] Level 1:colcon.colcon_core.package_discovery:discover_packages(path) discover
[0.670s] Level 1:colcon.colcon_core.package_discovery:discover_packages(path) using defaults
[0.746s] Level 1:colcon.colcon_core.package_discovery:discover_packages(prefix_path) check parameters
[0.746s] Level 1:colcon.colcon_core.package_discovery:discover_packages(prefix_path) discover
[0.752s] DEBUG:colcon.colcon_installed_package_information.package_discovery:Found 7 installed packages in /home/jhp/fsd2_ws/install
[0.754s] DEBUG:colcon.colcon_installed_package_information.package_discovery:Found 9 installed packages in /home/jhp/camera_calib_ws/install
[0.755s] DEBUG:colcon.colcon_installed_package_information.package_discovery:Found 1 installed packages in /home/jhp/fsd_ws/install
[0.756s] DEBUG:colcon.colcon_installed_package_information.package_discovery:Found 10 installed packages in /home/jhp/turtlebot3_ws/install
[0.759s] DEBUG:colcon.colcon_installed_package_information.package_discovery:Found 336 installed packages in /opt/ros/humble
[0.762s] Level 1:colcon.colcon_core.package_discovery:discover_packages(prefix_path) using defaults
[0.859s] Level 5:colcon.colcon_core.verb:set package 'lane_length_pkg' build argument 'cmake_args' from command line to 'None'
[0.859s] Level 5:colcon.colcon_core.verb:set package 'lane_length_pkg' build argument 'cmake_target' from command line to 'None'
[0.859s] Level 5:colcon.colcon_core.verb:set package 'lane_length_pkg' build argument 'cmake_target_skip_unavailable' from command line to 'False'
[0.859s] Level 5:colcon.colcon_core.verb:set package 'lane_length_pkg' build argument 'cmake_clean_cache' from command line to 'False'
[0.859s] Level 5:colcon.colcon_core.verb:set package 'lane_length_pkg' build argument 'cmake_clean_first' from command line to 'False'
[0.859s] Level 5:colcon.colcon_core.verb:set package 'lane_length_pkg' build argument 'cmake_force_configure' from command line to 'False'
[0.859s] Level 5:colcon.colcon_core.verb:set package 'lane_length_pkg' build argument 'ament_cmake_args' from command line to 'None'
[0.859s] Level 5:colcon.colcon_core.verb:set package 'lane_length_pkg' build argument 'catkin_cmake_args' from command line to 'None'
[0.859s] Level 5:colcon.colcon_core.verb:set package 'lane_length_pkg' build argument 'catkin_skip_building_tests' from command line to 'False'
[0.859s] DEBUG:colcon.colcon_core.verb:Building package 'lane_length_pkg' with the following arguments: {'ament_cmake_args': None, 'build_base': '/home/jhp/fsd_ws/build/lane_length_pkg', 'catkin_cmake_args': None, 'catkin_skip_building_tests': False, 'cmake_args': None, 'cmake_clean_cache': False, 'cmake_clean_first': False, 'cmake_force_configure': False, 'cmake_target': None, 'cmake_target_skip_unavailable': False, 'install_base': '/home/jhp/fsd_ws/install/lane_length_pkg', 'merge_install': False, 'path': '/home/jhp/fsd_ws/src/lane_length_pkg', 'symlink_install': True, 'test_result_base': None}
[0.860s] INFO:colcon.colcon_core.executor:Executing jobs using 'parallel' executor
[0.862s] DEBUG:colcon.colcon_parallel_executor.executor.parallel:run_until_complete
[0.862s] INFO:colcon.colcon_ros.task.ament_cmake.build:Building ROS package in '/home/jhp/fsd_ws/src/lane_length_pkg' with build type 'ament_cmake'
[0.863s] INFO:colcon.colcon_cmake.task.cmake.build:Building CMake package in '/home/jhp/fsd_ws/src/lane_length_pkg'
[0.867s] INFO:colcon.colcon_core.plugin_system:Skipping extension 'colcon_core.shell.bat': Not used on non-Windows systems
[0.867s] INFO:colcon.colcon_core.shell:Skip shell extension 'powershell' for command environment: Not usable outside of PowerShell
[0.868s] DEBUG:colcon.colcon_core.shell:Skip shell extension 'dsv' for command environment
[0.889s] DEBUG:colcon.colcon_core.event_handler.log_command:Invoking command in '/home/jhp/fsd_ws/build/lane_length_pkg': CMAKE_PREFIX_PATH=${CMAKE_PREFIX_PATH}:/home/jhp/fsd2_ws/install/perception_py:/home/jhp/fsd2_ws/install/decision_py:/home/jhp/fsd2_ws/install/control_py:/home/jhp/camera_calib_ws/install/camera_calibration:/home/jhp/turtlebot3_ws/install/turtlebot3_teleop:/home/jhp/turtlebot3_ws/install/turtlebot3_example:/opt/ros/humble /usr/bin/cmake /home/jhp/fsd_ws/src/lane_length_pkg -DAMENT_CMAKE_SYMLINK_INSTALL=1 -DCMAKE_INSTALL_PREFIX=/home/jhp/fsd_ws/install/lane_length_pkg
[2.528s] DEBUG:colcon.colcon_core.event_handler.log_command:Invoked command in '/home/jhp/fsd_ws/build/lane_length_pkg' returned '0': CMAKE_PREFIX_PATH=${CMAKE_PREFIX_PATH}:/home/jhp/fsd2_ws/install/perception_py:/home/jhp/fsd2_ws/install/decision_py:/home/jhp/fsd2_ws/install/control_py:/home/jhp/camera_calib_ws/install/camera_calibration:/home/jhp/turtlebot3_ws/install/turtlebot3_teleop:/home/jhp/turtlebot3_ws/install/turtlebot3_example:/opt/ros/humble /usr/bin/cmake /home/jhp/fsd_ws/src/lane_length_pkg -DAMENT_CMAKE_SYMLINK_INSTALL=1 -DCMAKE_INSTALL_PREFIX=/home/jhp/fsd_ws/install/lane_length_pkg
[2.531s] DEBUG:colcon.colcon_core.event_handler.log_command:Invoking command in '/home/jhp/fsd_ws/build/lane_length_pkg': CMAKE_PREFIX_PATH=${CMAKE_PREFIX_PATH}:/home/jhp/fsd2_ws/install/perception_py:/home/jhp/fsd2_ws/install/decision_py:/home/jhp/fsd2_ws/install/control_py:/home/jhp/camera_calib_ws/install/camera_calibration:/home/jhp/turtlebot3_ws/install/turtlebot3_teleop:/home/jhp/turtlebot3_ws/install/turtlebot3_example:/opt/ros/humble /usr/bin/cmake --build /home/jhp/fsd_ws/build/lane_length_pkg -- -j6 -l6
[3.627s] DEBUG:colcon.colcon_core.event_handler.log_command:Invoked command in '/home/jhp/fsd_ws/build/lane_length_pkg' returned '0': CMAKE_PREFIX_PATH=${CMAKE_PREFIX_PATH}:/home/jhp/fsd2_ws/install/perception_py:/home/jhp/fsd2_ws/install/decision_py:/home/jhp/fsd2_ws/install/control_py:/home/jhp/camera_calib_ws/install/camera_calibration:/home/jhp/turtlebot3_ws/install/turtlebot3_teleop:/home/jhp/turtlebot3_ws/install/turtlebot3_example:/opt/ros/humble /usr/bin/cmake --build /home/jhp/fsd_ws/build/lane_length_pkg -- -j6 -l6
[3.648s] DEBUG:colcon.colcon_core.event_handler.log_command:Invoking command in '/home/jhp/fsd_ws/build/lane_length_pkg': CMAKE_PREFIX_PATH=${CMAKE_PREFIX_PATH}:/home/jhp/fsd2_ws/install/perception_py:/home/jhp/fsd2_ws/install/decision_py:/home/jhp/fsd2_ws/install/control_py:/home/jhp/camera_calib_ws/install/camera_calibration:/home/jhp/turtlebot3_ws/install/turtlebot3_teleop:/home/jhp/turtlebot3_ws/install/turtlebot3_example:/opt/ros/humble /usr/bin/cmake --install /home/jhp/fsd_ws/build/lane_length_pkg
[6.501s] Level 1:colcon.colcon_core.environment:create_environment_scripts_only(lane_length_pkg)
[6.503s] DEBUG:colcon.colcon_core.event_handler.log_command:Invoked command in '/home/jhp/fsd_ws/build/lane_length_pkg' returned '0': CMAKE_PREFIX_PATH=${CMAKE_PREFIX_PATH}:/home/jhp/fsd2_ws/install/perception_py:/home/jhp/fsd2_ws/install/decision_py:/home/jhp/fsd2_ws/install/control_py:/home/jhp/camera_calib_ws/install/camera_calibration:/home/jhp/turtlebot3_ws/install/turtlebot3_teleop:/home/jhp/turtlebot3_ws/install/turtlebot3_example:/opt/ros/humble /usr/bin/cmake --install /home/jhp/fsd_ws/build/lane_length_pkg
[6.508s] Level 1:colcon.colcon_core.environment:checking '/home/jhp/fsd_ws/install/lane_length_pkg' for CMake module files
[6.510s] Level 1:colcon.colcon_core.environment:checking '/home/jhp/fsd_ws/install/lane_length_pkg' for CMake config files
[6.513s] Level 1:colcon.colcon_core.shell:create_environment_hook('lane_length_pkg', 'cmake_prefix_path')
[6.513s] INFO:colcon.colcon_core.shell:Creating environment hook '/home/jhp/fsd_ws/install/lane_length_pkg/share/lane_length_pkg/hook/cmake_prefix_path.ps1'
[6.515s] INFO:colcon.colcon_core.shell:Creating environment descriptor '/home/jhp/fsd_ws/install/lane_length_pkg/share/lane_length_pkg/hook/cmake_prefix_path.dsv'
[6.516s] INFO:colcon.colcon_core.shell:Creating environment hook '/home/jhp/fsd_ws/install/lane_length_pkg/share/lane_length_pkg/hook/cmake_prefix_path.sh'
[6.518s] Level 1:colcon.colcon_core.environment:checking '/home/jhp/fsd_ws/install/lane_length_pkg/lib'
[6.518s] Level 1:colcon.colcon_core.shell:create_environment_hook('lane_length_pkg', 'ld_library_path_lib')
[6.519s] INFO:colcon.colcon_core.shell:Creating environment hook '/home/jhp/fsd_ws/install/lane_length_pkg/share/lane_length_pkg/hook/ld_library_path_lib.ps1'
[6.520s] INFO:colcon.colcon_core.shell:Creating environment descriptor '/home/jhp/fsd_ws/install/lane_length_pkg/share/lane_length_pkg/hook/ld_library_path_lib.dsv'
[6.521s] INFO:colcon.colcon_core.shell:Creating environment hook '/home/jhp/fsd_ws/install/lane_length_pkg/share/lane_length_pkg/hook/ld_library_path_lib.sh'
[6.521s] Level 1:colcon.colcon_core.environment:checking '/home/jhp/fsd_ws/install/lane_length_pkg/bin'
[6.522s] Level 1:colcon.colcon_core.environment:checking '/home/jhp/fsd_ws/install/lane_length_pkg/lib/pkgconfig/lane_length_pkg.pc'
[6.522s] Level 1:colcon.colcon_core.environment:checking '/home/jhp/fsd_ws/install/lane_length_pkg/lib/python3.10/site-packages'
[6.523s] Level 1:colcon.colcon_core.environment:checking '/home/jhp/fsd_ws/install/lane_length_pkg/bin'
[6.523s] INFO:colcon.colcon_core.shell:Creating package script '/home/jhp/fsd_ws/install/lane_length_pkg/share/lane_length_pkg/package.ps1'
[6.526s] INFO:colcon.colcon_core.shell:Creating package descriptor '/home/jhp/fsd_ws/install/lane_length_pkg/share/lane_length_pkg/package.dsv'
[6.527s] INFO:colcon.colcon_core.shell:Creating package script '/home/jhp/fsd_ws/install/lane_length_pkg/share/lane_length_pkg/package.sh'
[6.528s] INFO:colcon.colcon_core.shell:Creating package script '/home/jhp/fsd_ws/install/lane_length_pkg/share/lane_length_pkg/package.bash'
[6.530s] INFO:colcon.colcon_core.shell:Creating package script '/home/jhp/fsd_ws/install/lane_length_pkg/share/lane_length_pkg/package.zsh'
[6.531s] Level 1:colcon.colcon_core.environment:create_file_with_runtime_dependencies(/home/jhp/fsd_ws/install/lane_length_pkg/share/colcon-core/packages/lane_length_pkg)
[6.533s] Level 1:colcon.colcon_core.environment:create_environment_scripts_only(lane_length_pkg)
[6.533s] Level 1:colcon.colcon_core.environment:checking '/home/jhp/fsd_ws/install/lane_length_pkg' for CMake module files
[6.535s] Level 1:colcon.colcon_core.environment:checking '/home/jhp/fsd_ws/install/lane_length_pkg' for CMake config files
[6.537s] Level 1:colcon.colcon_core.shell:create_environment_hook('lane_length_pkg', 'cmake_prefix_path')
[6.538s] INFO:colcon.colcon_core.shell:Creating environment hook '/home/jhp/fsd_ws/install/lane_length_pkg/share/lane_length_pkg/hook/cmake_prefix_path.ps1'
[6.539s] INFO:colcon.colcon_core.shell:Creating environment descriptor '/home/jhp/fsd_ws/install/lane_length_pkg/share/lane_length_pkg/hook/cmake_prefix_path.dsv'
[6.540s] INFO:colcon.colcon_core.shell:Creating environment hook '/home/jhp/fsd_ws/install/lane_length_pkg/share/lane_length_pkg/hook/cmake_prefix_path.sh'
[6.541s] Level 1:colcon.colcon_core.environment:checking '/home/jhp/fsd_ws/install/lane_length_pkg/lib'
[6.541s] Level 1:colcon.colcon_core.shell:create_environment_hook('lane_length_pkg', 'ld_library_path_lib')
[6.541s] INFO:colcon.colcon_core.shell:Creating environment hook '/home/jhp/fsd_ws/install/lane_length_pkg/share/lane_length_pkg/hook/ld_library_path_lib.ps1'
[6.542s] INFO:colcon.colcon_core.shell:Creating environment descriptor '/home/jhp/fsd_ws/install/lane_length_pkg/share/lane_length_pkg/hook/ld_library_path_lib.dsv'
[6.543s] INFO:colcon.colcon_core.shell:Creating environment hook '/home/jhp/fsd_ws/install/lane_length_pkg/share/lane_length_pkg/hook/ld_library_path_lib.sh'
[6.544s] Level 1:colcon.colcon_core.environment:checking '/home/jhp/fsd_ws/install/lane_length_pkg/bin'
[6.544s] Level 1:colcon.colcon_core.environment:checking '/home/jhp/fsd_ws/install/lane_length_pkg/lib/pkgconfig/lane_length_pkg.pc'
[6.544s] Level 1:colcon.colcon_core.environment:checking '/home/jhp/fsd_ws/install/lane_length_pkg/lib/python3.10/site-packages'
[6.545s] Level 1:colcon.colcon_core.environment:checking '/home/jhp/fsd_ws/install/lane_length_pkg/bin'
[6.546s] INFO:colcon.colcon_core.shell:Creating package script '/home/jhp/fsd_ws/install/lane_length_pkg/share/lane_length_pkg/package.ps1'
[6.547s] INFO:colcon.colcon_core.shell:Creating package descriptor '/home/jhp/fsd_ws/install/lane_length_pkg/share/lane_length_pkg/package.dsv'
[6.548s] INFO:colcon.colcon_core.shell:Creating package script '/home/jhp/fsd_ws/install/lane_length_pkg/share/lane_length_pkg/package.sh'
[6.549s] INFO:colcon.colcon_core.shell:Creating package script '/home/jhp/fsd_ws/install/lane_length_pkg/share/lane_length_pkg/package.bash'
[6.550s] INFO:colcon.colcon_core.shell:Creating package script '/home/jhp/fsd_ws/install/lane_length_pkg/share/lane_length_pkg/package.zsh'
[6.551s] Level 1:colcon.colcon_core.environment:create_file_with_runtime_dependencies(/home/jhp/fsd_ws/install/lane_length_pkg/share/colcon-core/packages/lane_length_pkg)
[6.551s] DEBUG:colcon.colcon_parallel_executor.executor.parallel:closing loop
[6.552s] DEBUG:colcon.colcon_parallel_executor.executor.parallel:loop closed
[6.552s] DEBUG:colcon.colcon_parallel_executor.executor.parallel:run_until_complete finished with '0'
[6.552s] DEBUG:colcon.colcon_core.event_reactor:joining thread
[6.564s] INFO:colcon.colcon_core.plugin_system:Skipping extension 'colcon_notification.desktop_notification.terminal_notifier': Not used on non-Darwin systems
[6.564s] INFO:colcon.colcon_core.plugin_system:Skipping extension 'colcon_notification.desktop_notification.win32': Not used on non-Windows systems
[6.564s] INFO:colcon.colcon_notification.desktop_notification:Sending desktop notification using 'notify2'
[6.564s] DEBUG:colcon.colcon_notification.desktop_notification.notify2:Failed to initialize notify2: org.freedesktop.DBus.Error.AccessDenied: Failed to connect to socket /run/user/1000/bus: Operation not permitted
[6.564s] DEBUG:colcon.colcon_core.event_reactor:joined thread
[6.565s] INFO:colcon.colcon_core.shell:Creating prefix script '/home/jhp/fsd_ws/install/local_setup.ps1'
[6.567s] INFO:colcon.colcon_core.shell:Creating prefix util module '/home/jhp/fsd_ws/install/_local_setup_util_ps1.py'
[6.570s] INFO:colcon.colcon_core.shell:Creating prefix chain script '/home/jhp/fsd_ws/install/setup.ps1'
[6.574s] INFO:colcon.colcon_core.shell:Creating prefix script '/home/jhp/fsd_ws/install/local_setup.sh'
[6.575s] INFO:colcon.colcon_core.shell:Creating prefix util module '/home/jhp/fsd_ws/install/_local_setup_util_sh.py'
[6.577s] INFO:colcon.colcon_core.shell:Creating prefix chain script '/home/jhp/fsd_ws/install/setup.sh'
[6.581s] INFO:colcon.colcon_core.shell:Creating prefix script '/home/jhp/fsd_ws/install/local_setup.bash'
[6.583s] INFO:colcon.colcon_core.shell:Creating prefix chain script '/home/jhp/fsd_ws/install/setup.bash'
[6.587s] INFO:colcon.colcon_core.shell:Creating prefix script '/home/jhp/fsd_ws/install/local_setup.zsh'
[6.588s] INFO:colcon.colcon_core.shell:Creating prefix chain script '/home/jhp/fsd_ws/install/setup.zsh'
