[0.022s] Invoking command in '/home/alexlee/fsd_ws/build/lane_length_pkg': CMAKE_PREFIX_PATH=${CMAKE_PREFIX_PATH}:/home/alexlee/turtlebot3_ws/install/turtlebot3_teleop:/home/alexlee/turtlebot3_ws/install/turtlebot3_example:/opt/ros/humble /usr/bin/cmake /home/alexlee/fsd_ws/src/lane_length_pkg -DAMENT_CMAKE_SYMLINK_INSTALL=1 -DCMAKE_INSTALL_PREFIX=/home/alexlee/fsd_ws/install/lane_length_pkg
[0.048s] -- Found ament_cmake: 1.3.14 (/opt/ros/humble/share/ament_cmake/cmake)
[0.322s] -- Override CMake install command with custom implementation using symlinks instead of copying resources
[0.341s] -- Found rclcpp: 16.0.18 (/opt/ros/humble/share/rclcpp/cmake)
[0.410s] -- Found rosidl_generator_c: 3.1.8 (/opt/ros/humble/share/rosidl_generator_c/cmake)
[0.414s] -- Found rosidl_adapter: 3.1.8 (/opt/ros/humble/share/rosidl_adapter/cmake)
[0.425s] -- Found rosidl_generator_cpp: 3.1.8 (/opt/ros/humble/share/rosidl_generator_cpp/cmake)
[0.444s] -- Using all available rosidl_typesupport_c: rosidl_typesupport_fastrtps_c;rosidl_typesupport_introspection_c
[0.467s] -- Using all available rosidl_typesupport_cpp: rosidl_typesupport_fastrtps_cpp;rosidl_typesupport_introspection_cpp
[0.528s] -- Found rmw_implementation_cmake: 6.1.2 (/opt/ros/humble/share/rmw_implementation_cmake/cmake)
[0.531s] -- Found rmw_fastrtps_cpp: 6.2.10 (/opt/ros/humble/share/rmw_fastrtps_cpp/cmake)
[0.727s] -- Using RMW implementation 'rmw_fastrtps_cpp' as default
[0.817s] -- Found rclcpp_lifecycle: 16.0.18 (/opt/ros/humble/share/rclcpp_lifecycle/cmake)
[0.847s] -- Found geometry_msgs: 4.9.1 (/opt/ros/humble/share/geometry_msgs/cmake)
[0.869s] -- Found nav_msgs: 4.9.1 (/opt/ros/humble/share/nav_msgs/cmake)
[0.898s] -- Found sensor_msgs: 4.9.1 (/opt/ros/humble/share/sensor_msgs/cmake)
[0.928s] -- Found visualization_msgs: 4.9.1 (/opt/ros/humble/share/visualization_msgs/cmake)
[0.962s] -- Found std_srvs: 4.9.1 (/opt/ros/humble/share/std_srvs/cmake)
[0.978s] -- Found tf2: 0.25.19 (/opt/ros/humble/share/tf2/cmake)
[0.985s] -- Found tf2_ros: 0.25.19 (/opt/ros/humble/share/tf2_ros/cmake)
[1.126s] -- Found dynamixel_sdk: 4.0.3 (/home/alexlee/turtlebot3_ws/install/dynamixel_sdk/share/dynamixel_sdk/cmake)
[1.128s] -- Found turtlebot3_msgs: 2.4.0 (/home/alexlee/turtlebot3_ws/install/turtlebot3_msgs/share/turtlebot3_msgs/cmake)
[1.532s] -- Configuring done
[1.631s] -- Generating done
[1.657s] -- Build files have been written to: /home/alexlee/fsd_ws/build/lane_length_pkg
[1.682s] Invoked command in '/home/alexlee/fsd_ws/build/lane_length_pkg' returned '0': CMAKE_PREFIX_PATH=${CMAKE_PREFIX_PATH}:/home/alexlee/turtlebot3_ws/install/turtlebot3_teleop:/home/alexlee/turtlebot3_ws/install/turtlebot3_example:/opt/ros/humble /usr/bin/cmake /home/alexlee/fsd_ws/src/lane_length_pkg -DAMENT_CMAKE_SYMLINK_INSTALL=1 -DCMAKE_INSTALL_PREFIX=/home/alexlee/fsd_ws/install/lane_length_pkg
[1.686s] Invoking command in '/home/alexlee/fsd_ws/build/lane_length_pkg': CMAKE_PREFIX_PATH=${CMAKE_PREFIX_PATH}:/home/alexlee/turtlebot3_ws/install/turtlebot3_teleop:/home/alexlee/turtlebot3_ws/install/turtlebot3_example:/opt/ros/humble /usr/bin/cmake --build /home/alexlee/fsd_ws/build/lane_length_pkg -- -j6 -l6
[1.803s] Consolidate compiler generated dependencies of target localization_slam
[1.818s] Consolidate compiler generated dependencies of target ld08_driver
[1.830s] Consolidate compiler generated dependencies of target coin_d4_driver_lib
[1.834s] [  0%] Built target ament_cmake_python_symlink_lane_length_pkg
[1.848s] Consolidate compiler generated dependencies of target turtlebot3_control_lib
[1.854s] [  3%] Building CXX object CMakeFiles/ld08_driver.dir/drivers/ld08_driver/src/cmd_interface_linux.cpp.o
[1.856s] [  6%] Building CXX object CMakeFiles/ld08_driver.dir/drivers/ld08_driver/src/lipkg.cpp.o
[1.869s] [  9%] Building CXX object CMakeFiles/localization_slam.dir/src/perception_cpp/localization_slam.cpp.o
[1.870s] [ 12%] Building CXX object CMakeFiles/coin_d4_driver_lib.dir/drivers/coin_d4_driver/src/lidar_sdk/lidar_data_processor.cpp.o
[1.906s] [ 15%] Building CXX object CMakeFiles/turtlebot3_control_lib.dir/src/control_cpp/devices/motor_power.cpp.o
[2.409s] running egg_info
[2.412s] writing lane_length_pkg.egg-info/PKG-INFO
[2.413s] writing dependency_links to lane_length_pkg.egg-info/dependency_links.txt
[2.414s] writing top-level names to lane_length_pkg.egg-info/top_level.txt
[2.422s] reading manifest file 'lane_length_pkg.egg-info/SOURCES.txt'
[2.425s] writing manifest file 'lane_length_pkg.egg-info/SOURCES.txt'
[2.514s] [ 15%] Built target ament_cmake_python_build_lane_length_pkg_egg
[2.537s] [ 18%] Building CXX object CMakeFiles/coin_d4_driver_lib.dir/drivers/coin_d4_driver/src/lidar_sdk/mtime.cpp.o
[2.839s] [ 21%] Building CXX object CMakeFiles/coin_d4_driver_lib.dir/drivers/coin_d4_driver/src/lidar_sdk/serial_port.cpp.o
[3.855s] [ 25%] Building CXX object CMakeFiles/ld08_driver.dir/drivers/ld08_driver/src/main.cpp.o
[3.991s] [ 28%] Building CXX object CMakeFiles/coin_d4_driver_lib.dir/drivers/coin_d4_driver/src/lidar_sdk/timer.cpp.o
[4.149s] [ 31%] Building CXX object CMakeFiles/coin_d4_driver_lib.dir/drivers/coin_d4_driver/src/coin_d4_base_handler.cpp.o
[9.849s] /home/alexlee/fsd_ws/src/lane_length_pkg/drivers/coin_d4_driver/src/lidar_sdk/lidar_data_processor.cpp: In member function ‘result_t LidarDataProcessor::wait_package(node_info*, uint32_t)’:
[9.849s] /home/alexlee/fsd_ws/src/lane_length_pkg/drivers/coin_d4_driver/src/lidar_sdk/lidar_data_processor.cpp:371:36: warning: writing 1 byte into a region of size 0 [-Wstringop-overflow=]
[9.849s]   371 |         package_buffer[recv_pos++] = current_byte;
[9.850s]       |         ~~~~~~~~~~~~~~~~~~~~~~~~~~~^~~~~~~~~~~~~~
[9.850s] In file included from /home/alexlee/fsd_ws/src/lane_length_pkg/drivers/coin_d4_driver/include/coin_d4_driver/lidar_sdk/lidar_data_processor.hpp:22,
[9.850s]                  from /home/alexlee/fsd_ws/src/lane_length_pkg/drivers/coin_d4_driver/src/lidar_sdk/lidar_data_processor.cpp:23:
[9.850s] /home/alexlee/fsd_ws/src/lane_length_pkg/drivers/coin_d4_driver/include/coin_d4_driver/lidar_sdk/lidar_information.hpp:154:12: note: at offset 9 into destination object ‘node_packages::package_Head’ of size 2
[9.850s]   154 |   uint16_t package_Head;
[9.850s]       |            ^~~~~~~~~~~~
[9.850s] /home/alexlee/fsd_ws/src/lane_length_pkg/drivers/coin_d4_driver/include/coin_d4_driver/lidar_sdk/lidar_information.hpp:142:12: note: at offset 9 into destination object ‘node_package::package_Head’ of size 2
[9.850s]   142 |   uint16_t package_Head;
[9.851s]       |            ^~~~~~~~~~~~
[10.107s] [ 34%] Building CXX object CMakeFiles/turtlebot3_control_lib.dir/src/control_cpp/devices/sound.cpp.o
[10.417s] [ 37%] Building CXX object CMakeFiles/ld08_driver.dir/drivers/ld08_driver/src/slbf.cpp.o
[13.689s] [ 40%] Building CXX object CMakeFiles/ld08_driver.dir/drivers/ld08_driver/src/transform.cpp.o
[15.091s] [ 43%] Building CXX object CMakeFiles/coin_d4_driver_lib.dir/drivers/coin_d4_driver/src/coin_d4_lifecycle_handler.cpp.o
[18.266s] [ 46%] Building CXX object CMakeFiles/turtlebot3_control_lib.dir/src/control_cpp/devices/reset.cpp.o
[19.121s] [ 50%] Building CXX object CMakeFiles/turtlebot3_control_lib.dir/src/control_cpp/diff_drive_controller.cpp.o
[22.175s] [ 53%] Linking CXX executable ld08_driver
[22.427s] [ 56%] Building CXX object CMakeFiles/turtlebot3_control_lib.dir/src/control_cpp/dynamixel_sdk_wrapper.cpp.o
[22.574s] [ 56%] Built target ld08_driver
[22.608s] [ 59%] Building CXX object CMakeFiles/turtlebot3_control_lib.dir/src/control_cpp/odometry.cpp.o
[24.073s] [ 62%] Building CXX object CMakeFiles/turtlebot3_control_lib.dir/src/control_cpp/turtlebot3.cpp.o
[28.886s] [ 65%] Building CXX object CMakeFiles/turtlebot3_control_lib.dir/src/control_cpp/sensors/battery_state.cpp.o
[29.791s] [ 68%] Building CXX object CMakeFiles/coin_d4_driver_lib.dir/drivers/coin_d4_driver/src/coin_d4_node_handler.cpp.o
[31.107s] [ 71%] Building CXX object CMakeFiles/turtlebot3_control_lib.dir/src/control_cpp/sensors/imu.cpp.o
[44.181s] [ 75%] Linking CXX shared library libcoin_d4_driver_lib.so
[44.584s] [ 78%] Building CXX object CMakeFiles/turtlebot3_control_lib.dir/src/control_cpp/sensors/joint_state.cpp.o
[44.732s] [ 78%] Built target coin_d4_driver_lib
[44.793s] Consolidate compiler generated dependencies of target single_coin_d4_node
[44.840s] [ 81%] Building CXX object CMakeFiles/single_coin_d4_node.dir/drivers/coin_d4_driver/src/single_coin_d4_node.cpp.o
[46.963s] [ 84%] Building CXX object CMakeFiles/turtlebot3_control_lib.dir/src/control_cpp/sensors/sensor_state.cpp.o
[53.465s] [ 87%] Linking CXX executable single_coin_d4_node
[53.805s] [ 87%] Built target single_coin_d4_node
[56.647s] [ 90%] Linking CXX executable localization_slam
[57.216s] [ 90%] Built target localization_slam
[76.633s] [ 93%] Linking CXX static library libturtlebot3_control_lib.a
[76.898s] [ 93%] Built target turtlebot3_control_lib
[76.931s] Consolidate compiler generated dependencies of target turtlebot3_ros
[76.970s] [ 96%] Building CXX object CMakeFiles/turtlebot3_ros.dir/src/control_cpp/node_main.cpp.o
[85.867s] [100%] Linking CXX executable turtlebot3_ros
[86.721s] [100%] Built target turtlebot3_ros
[86.751s] Invoked command in '/home/alexlee/fsd_ws/build/lane_length_pkg' returned '0': CMAKE_PREFIX_PATH=${CMAKE_PREFIX_PATH}:/home/alexlee/turtlebot3_ws/install/turtlebot3_teleop:/home/alexlee/turtlebot3_ws/install/turtlebot3_example:/opt/ros/humble /usr/bin/cmake --build /home/alexlee/fsd_ws/build/lane_length_pkg -- -j6 -l6
[86.776s] Invoking command in '/home/alexlee/fsd_ws/build/lane_length_pkg': CMAKE_PREFIX_PATH=${CMAKE_PREFIX_PATH}:/home/alexlee/turtlebot3_ws/install/turtlebot3_teleop:/home/alexlee/turtlebot3_ws/install/turtlebot3_example:/opt/ros/humble /usr/bin/cmake --install /home/alexlee/fsd_ws/build/lane_length_pkg
[86.792s] -- Install configuration: ""
[86.794s] -- Execute custom install script
[86.795s] -- Up-to-date symlink: /home/alexlee/fsd_ws/install/lane_length_pkg/share/lane_length_pkg/environment/pythonpath.sh
[86.795s] -- Up-to-date symlink: /home/alexlee/fsd_ws/install/lane_length_pkg/share/lane_length_pkg/environment/pythonpath.dsv
[86.797s] -- Up-to-date symlink: /home/alexlee/fsd_ws/install/lane_length_pkg/local/lib/python3.10/dist-packages/lane_length_pkg-0.0.0-py3.10.egg-info/PKG-INFO
[86.797s] -- Up-to-date symlink: /home/alexlee/fsd_ws/install/lane_length_pkg/local/lib/python3.10/dist-packages/lane_length_pkg-0.0.0-py3.10.egg-info/SOURCES.txt
[86.797s] -- Up-to-date symlink: /home/alexlee/fsd_ws/install/lane_length_pkg/local/lib/python3.10/dist-packages/lane_length_pkg-0.0.0-py3.10.egg-info/dependency_links.txt
[86.798s] -- Up-to-date symlink: /home/alexlee/fsd_ws/install/lane_length_pkg/local/lib/python3.10/dist-packages/lane_length_pkg-0.0.0-py3.10.egg-info/top_level.txt
[86.800s] -- Symlinking: /home/alexlee/fsd_ws/install/lane_length_pkg/local/lib/python3.10/dist-packages/lane_length_pkg/__init__.py
[86.820s] -- Symlinking: /home/alexlee/fsd_ws/install/lane_length_pkg/local/lib/python3.10/dist-packages/lane_length_pkg/behavior_plan_node.py
[86.839s] -- Symlinking: /home/alexlee/fsd_ws/install/lane_length_pkg/local/lib/python3.10/dist-packages/lane_length_pkg/camera_driver.py
[86.858s] -- Symlinking: /home/alexlee/fsd_ws/install/lane_length_pkg/local/lib/python3.10/dist-packages/lane_length_pkg/cmd_mux_node.py
[86.877s] -- Symlinking: /home/alexlee/fsd_ws/install/lane_length_pkg/local/lib/python3.10/dist-packages/lane_length_pkg/cooperation.py
[86.898s] -- Symlinking: /home/alexlee/fsd_ws/install/lane_length_pkg/local/lib/python3.10/dist-packages/lane_length_pkg/deadlock.py
[86.917s] -- Symlinking: /home/alexlee/fsd_ws/install/lane_length_pkg/local/lib/python3.10/dist-packages/lane_length_pkg/drive_mode_node.py
[86.936s] -- Symlinking: /home/alexlee/fsd_ws/install/lane_length_pkg/local/lib/python3.10/dist-packages/lane_length_pkg/lane_decision_node.py
[86.955s] -- Symlinking: /home/alexlee/fsd_ws/install/lane_length_pkg/local/lib/python3.10/dist-packages/lane_length_pkg/lane_detection_node.py
[86.975s] -- Symlinking: /home/alexlee/fsd_ws/install/lane_length_pkg/local/lib/python3.10/dist-packages/lane_length_pkg/lane_follow_control_node.py
[86.993s] -- Symlinking: /home/alexlee/fsd_ws/install/lane_length_pkg/local/lib/python3.10/dist-packages/lane_length_pkg/lane_follow_eval_node.py
[87.012s] -- Symlinking: /home/alexlee/fsd_ws/install/lane_length_pkg/local/lib/python3.10/dist-packages/lane_length_pkg/lane_integration_node.py
[87.031s] -- Symlinking: /home/alexlee/fsd_ws/install/lane_length_pkg/local/lib/python3.10/dist-packages/lane_length_pkg/lane_viewer_node.py
[87.052s] -- Symlinking: /home/alexlee/fsd_ws/install/lane_length_pkg/local/lib/python3.10/dist-packages/lane_length_pkg/led_behavior.py
[87.071s] -- Symlinking: /home/alexlee/fsd_ws/install/lane_length_pkg/local/lib/python3.10/dist-packages/lane_length_pkg/led_io.py
[87.089s] -- Symlinking: /home/alexlee/fsd_ws/install/lane_length_pkg/local/lib/python3.10/dist-packages/lane_length_pkg/led_signal.py
[87.108s] -- Symlinking: /home/alexlee/fsd_ws/install/lane_length_pkg/local/lib/python3.10/dist-packages/lane_length_pkg/object_detect.py
[87.127s] -- Symlinking: /home/alexlee/fsd_ws/install/lane_length_pkg/local/lib/python3.10/dist-packages/lane_length_pkg/path_track_node.py
[87.147s] -- Symlinking: /home/alexlee/fsd_ws/install/lane_length_pkg/local/lib/python3.10/dist-packages/lane_length_pkg/reverse_astar_planner_node.py
[87.166s] -- Symlinking: /home/alexlee/fsd_ws/install/lane_length_pkg/local/lib/python3.10/dist-packages/lane_length_pkg/safety_filter_node.py
[87.186s] -- Symlinking: /home/alexlee/fsd_ws/install/lane_length_pkg/local/lib/python3.10/dist-packages/lane_length_pkg/scene_fusion_node.py
[87.204s] -- Symlinking: /home/alexlee/fsd_ws/install/lane_length_pkg/local/lib/python3.10/dist-packages/lane_length_pkg/situation_fusion.py
[87.223s] -- Symlinking: /home/alexlee/fsd_ws/install/lane_length_pkg/local/lib/python3.10/dist-packages/lane_length_pkg/space_memory.py
[87.242s] -- Symlinking: /home/alexlee/fsd_ws/install/lane_length_pkg/local/lib/python3.10/dist-packages/lane_length_pkg/topic_watchdog.py
[87.261s] -- Up-to-date symlink: /home/alexlee/fsd_ws/install/lane_length_pkg/lib/lane_length_pkg/detection_node
[87.262s] -- Up-to-date symlink: /home/alexlee/fsd_ws/install/lane_length_pkg/lib/lane_length_pkg/integration_node
[87.262s] -- Up-to-date symlink: /home/alexlee/fsd_ws/install/lane_length_pkg/lib/lane_length_pkg/control_node
[87.263s] -- Up-to-date symlink: /home/alexlee/fsd_ws/install/lane_length_pkg/lib/lane_length_pkg/decision_node
[87.263s] -- Up-to-date symlink: /home/alexlee/fsd_ws/install/lane_length_pkg/lib/lane_length_pkg/viewer_node
[87.264s] -- Up-to-date symlink: /home/alexlee/fsd_ws/install/lane_length_pkg/lib/lane_length_pkg/lane_detection_node
[87.264s] -- Up-to-date symlink: /home/alexlee/fsd_ws/install/lane_length_pkg/lib/lane_length_pkg/lane_integration_node
[87.264s] -- Up-to-date symlink: /home/alexlee/fsd_ws/install/lane_length_pkg/lib/lane_length_pkg/lane_decision_node
[87.265s] -- Up-to-date symlink: /home/alexlee/fsd_ws/install/lane_length_pkg/lib/lane_length_pkg/lane_follow_control_node
[87.265s] -- Up-to-date symlink: /home/alexlee/fsd_ws/install/lane_length_pkg/lib/lane_length_pkg/lane_viewer_node
[87.266s] -- Up-to-date symlink: /home/alexlee/fsd_ws/install/lane_length_pkg/lib/lane_length_pkg/scene_fusion_node
[87.267s] -- Up-to-date symlink: /home/alexlee/fsd_ws/install/lane_length_pkg/lib/lane_length_pkg/drive_mode_node
[87.267s] -- Up-to-date symlink: /home/alexlee/fsd_ws/install/lane_length_pkg/lib/lane_length_pkg/behavior_plan_node
[87.268s] -- Up-to-date symlink: /home/alexlee/fsd_ws/install/lane_length_pkg/lib/lane_length_pkg/reverse_astar_planner_node
[87.268s] -- Up-to-date symlink: /home/alexlee/fsd_ws/install/lane_length_pkg/lib/lane_length_pkg/path_track_node
[87.269s] -- Up-to-date symlink: /home/alexlee/fsd_ws/install/lane_length_pkg/lib/lane_length_pkg/lane_follow_eval
[87.269s] -- Up-to-date symlink: /home/alexlee/fsd_ws/install/lane_length_pkg/lib/lane_length_pkg/cmd_mux_node
[87.269s] -- Up-to-date symlink: /home/alexlee/fsd_ws/install/lane_length_pkg/lib/lane_length_pkg/safety_filter_node
[87.270s] -- Up-to-date symlink: /home/alexlee/fsd_ws/install/lane_length_pkg/lib/lane_length_pkg/camera_driver
[87.270s] -- Up-to-date symlink: /home/alexlee/fsd_ws/install/lane_length_pkg/lib/lane_length_pkg/object_detect
[87.271s] -- Up-to-date symlink: /home/alexlee/fsd_ws/install/lane_length_pkg/lib/lane_length_pkg/led_signal
[87.271s] -- Up-to-date symlink: /home/alexlee/fsd_ws/install/lane_length_pkg/lib/lane_length_pkg/space_memory
[87.272s] -- Up-to-date symlink: /home/alexlee/fsd_ws/install/lane_length_pkg/lib/lane_length_pkg/situation_fusion
[87.272s] -- Up-to-date symlink: /home/alexlee/fsd_ws/install/lane_length_pkg/lib/lane_length_pkg/deadlock
[87.273s] -- Up-to-date symlink: /home/alexlee/fsd_ws/install/lane_length_pkg/lib/lane_length_pkg/cooperation
[87.273s] -- Up-to-date symlink: /home/alexlee/fsd_ws/install/lane_length_pkg/lib/lane_length_pkg/topic_watchdog
[87.274s] -- Up-to-date symlink: /home/alexlee/fsd_ws/install/lane_length_pkg/lib/lane_length_pkg/led_behavior
[87.274s] -- Up-to-date symlink: /home/alexlee/fsd_ws/install/lane_length_pkg/lib/lane_length_pkg/led_io
[87.275s] -- Up-to-date symlink: /home/alexlee/fsd_ws/install/lane_length_pkg/lib/lane_length_pkg/localization_slam
[87.275s] -- Up-to-date symlink: /home/alexlee/fsd_ws/install/lane_length_pkg/lib/lane_length_pkg/turtlebot3_ros
[87.276s] -- Up-to-date symlink: /home/alexlee/fsd_ws/install/lane_length_pkg/lib/lane_length_pkg/ld08_driver
[87.276s] -- Up-to-date symlink: /home/alexlee/fsd_ws/install/lane_length_pkg/lib/lane_length_pkg/single_coin_d4_node
[87.277s] -- Up-to-date symlink: /home/alexlee/fsd_ws/install/lane_length_pkg/lib/libturtlebot3_control_lib.a
[87.277s] -- Up-to-date symlink: /home/alexlee/fsd_ws/install/lane_length_pkg/lib/libcoin_d4_driver_lib.so
[87.278s] -- Up-to-date symlink: /home/alexlee/fsd_ws/install/lane_length_pkg/share/lane_length_pkg/config/H.npy
[87.279s] -- Up-to-date symlink: /home/alexlee/fsd_ws/install/lane_length_pkg/share/lane_length_pkg/config/Hinv.npy
[87.279s] -- Up-to-date symlink: /home/alexlee/fsd_ws/install/lane_length_pkg/share/lane_length_pkg/config/Screenshot from 2026-06-06 15-13-43.png
[87.280s] -- Up-to-date symlink: /home/alexlee/fsd_ws/install/lane_length_pkg/share/lane_length_pkg/config/Screenshot from 2026-06-06 15-24-55.png
[87.280s] -- Up-to-date symlink: /home/alexlee/fsd_ws/install/lane_length_pkg/share/lane_length_pkg/config/Screenshot from 2026-06-07 01-25-02.png
[87.280s] -- Up-to-date symlink: /home/alexlee/fsd_ws/install/lane_length_pkg/share/lane_length_pkg/config/default_cam.yaml
[87.281s] -- Up-to-date symlink: /home/alexlee/fsd_ws/install/lane_length_pkg/share/lane_length_pkg/config/fisheye.yaml
[87.281s] -- Up-to-date symlink: /home/alexlee/fsd_ws/install/lane_length_pkg/share/lane_length_pkg/config/image.png
[87.282s] -- Up-to-date symlink: /home/alexlee/fsd_ws/install/lane_length_pkg/share/lane_length_pkg/launch/__pycache__/lane_pipeline.launch.cpython-310.pyc
[87.282s] -- Up-to-date symlink: /home/alexlee/fsd_ws/install/lane_length_pkg/share/lane_length_pkg/launch/lane_pipeline.launch.py
[87.284s] -- Up-to-date symlink: /home/alexlee/fsd_ws/install/lane_length_pkg/share/lane_length_pkg/description/meshes/bases/burger_base.stl
[87.285s] -- Up-to-date symlink: /home/alexlee/fsd_ws/install/lane_length_pkg/share/lane_length_pkg/description/meshes/bases/waffle_base.stl
[87.285s] -- Up-to-date symlink: /home/alexlee/fsd_ws/install/lane_length_pkg/share/lane_length_pkg/description/meshes/bases/waffle_pi_base.stl
[87.286s] -- Up-to-date symlink: /home/alexlee/fsd_ws/install/lane_length_pkg/share/lane_length_pkg/description/meshes/sensors/astra.dae
[87.286s] -- Up-to-date symlink: /home/alexlee/fsd_ws/install/lane_length_pkg/share/lane_length_pkg/description/meshes/sensors/astra.jpg
[87.286s] -- Up-to-date symlink: /home/alexlee/fsd_ws/install/lane_length_pkg/share/lane_length_pkg/description/meshes/sensors/lds.stl
[87.287s] -- Up-to-date symlink: /home/alexlee/fsd_ws/install/lane_length_pkg/share/lane_length_pkg/description/meshes/sensors/r200.dae
[87.287s] -- Up-to-date symlink: /home/alexlee/fsd_ws/install/lane_length_pkg/share/lane_length_pkg/description/meshes/sensors/r200.jpg
[87.288s] -- Up-to-date symlink: /home/alexlee/fsd_ws/install/lane_length_pkg/share/lane_length_pkg/description/meshes/wheels/left_tire.stl
[87.289s] -- Up-to-date symlink: /home/alexlee/fsd_ws/install/lane_length_pkg/share/lane_length_pkg/description/meshes/wheels/right_tire.stl
[87.289s] -- Up-to-date symlink: /home/alexlee/fsd_ws/install/lane_length_pkg/share/lane_length_pkg/description/rviz/model.rviz
[87.290s] -- Up-to-date symlink: /home/alexlee/fsd_ws/install/lane_length_pkg/share/lane_length_pkg/description/urdf/common_properties.urdf
[87.290s] -- Up-to-date symlink: /home/alexlee/fsd_ws/install/lane_length_pkg/share/lane_length_pkg/description/urdf/turtlebot3_burger.urdf
[87.291s] -- Up-to-date symlink: /home/alexlee/fsd_ws/install/lane_length_pkg/share/lane_length_pkg/description/urdf/turtlebot3_waffle.urdf
[87.291s] -- Up-to-date symlink: /home/alexlee/fsd_ws/install/lane_length_pkg/share/lane_length_pkg/description/urdf/turtlebot3_waffle_pi.urdf
[87.293s] -- Up-to-date symlink: /home/alexlee/fsd_ws/install/lane_length_pkg/share/lane_length_pkg/param/burger.yaml
[87.293s] -- Up-to-date symlink: /home/alexlee/fsd_ws/install/lane_length_pkg/share/lane_length_pkg/param/waffle.yaml
[87.293s] -- Up-to-date symlink: /home/alexlee/fsd_ws/install/lane_length_pkg/share/lane_length_pkg/param/waffle_pi.yaml
[87.294s] -- Up-to-date symlink: /home/alexlee/fsd_ws/install/lane_length_pkg/share/lane_length_pkg/rviz/lane_pipeline.rviz
[87.295s] -- Up-to-date symlink: /home/alexlee/fsd_ws/install/lane_length_pkg/share/lane_length_pkg/drivers/ld08_driver/launch/ld08.launch.py
[87.296s] -- Up-to-date symlink: /home/alexlee/fsd_ws/install/lane_length_pkg/share/lane_length_pkg/drivers/coin_d4_driver/launch/single_lidar_node.launch.py
[87.297s] -- Up-to-date symlink: /home/alexlee/fsd_ws/install/lane_length_pkg/share/lane_length_pkg/drivers/coin_d4_driver/params/single_lidar_node.yaml
[87.299s] -- Up-to-date symlink: /home/alexlee/fsd_ws/install/lane_length_pkg/include/turtlebot3_node/control_table.hpp
[87.299s] -- Up-to-date symlink: /home/alexlee/fsd_ws/install/lane_length_pkg/include/turtlebot3_node/devices/devices.hpp
[87.300s] -- Up-to-date symlink: /home/alexlee/fsd_ws/install/lane_length_pkg/include/turtlebot3_node/devices/motor_power.hpp
[87.300s] -- Up-to-date symlink: /home/alexlee/fsd_ws/install/lane_length_pkg/include/turtlebot3_node/devices/reset.hpp
[87.301s] -- Up-to-date symlink: /home/alexlee/fsd_ws/install/lane_length_pkg/include/turtlebot3_node/devices/sound.hpp
[87.301s] -- Up-to-date symlink: /home/alexlee/fsd_ws/install/lane_length_pkg/include/turtlebot3_node/diff_drive_controller.hpp
[87.302s] -- Up-to-date symlink: /home/alexlee/fsd_ws/install/lane_length_pkg/include/turtlebot3_node/dynamixel_sdk_wrapper.hpp
[87.302s] -- Up-to-date symlink: /home/alexlee/fsd_ws/install/lane_length_pkg/include/turtlebot3_node/odometry.hpp
[87.303s] -- Up-to-date symlink: /home/alexlee/fsd_ws/install/lane_length_pkg/include/turtlebot3_node/sensors/battery_state.hpp
[87.303s] -- Up-to-date symlink: /home/alexlee/fsd_ws/install/lane_length_pkg/include/turtlebot3_node/sensors/imu.hpp
[87.303s] -- Up-to-date symlink: /home/alexlee/fsd_ws/install/lane_length_pkg/include/turtlebot3_node/sensors/joint_state.hpp
[87.304s] -- Up-to-date symlink: /home/alexlee/fsd_ws/install/lane_length_pkg/include/turtlebot3_node/sensors/sensor_state.hpp
[87.304s] -- Up-to-date symlink: /home/alexlee/fsd_ws/install/lane_length_pkg/include/turtlebot3_node/sensors/sensors.hpp
[87.305s] -- Up-to-date symlink: /home/alexlee/fsd_ws/install/lane_length_pkg/include/turtlebot3_node/turtlebot3.hpp
[87.305s] -- Up-to-date symlink: /home/alexlee/fsd_ws/install/lane_length_pkg/include/turtlebot3_node/twist_publisher.hpp
[87.305s] -- Up-to-date symlink: /home/alexlee/fsd_ws/install/lane_length_pkg/include/turtlebot3_node/twist_subscriber.hpp
[87.307s] -- Up-to-date symlink: /home/alexlee/fsd_ws/install/lane_length_pkg/include/coin_d4_driver/coin_d4_base_handler.hpp
[87.307s] -- Up-to-date symlink: /home/alexlee/fsd_ws/install/lane_length_pkg/include/coin_d4_driver/coin_d4_lifecycle_handler.hpp
[87.307s] -- Up-to-date symlink: /home/alexlee/fsd_ws/install/lane_length_pkg/include/coin_d4_driver/coin_d4_node_handler.hpp
[87.308s] -- Up-to-date symlink: /home/alexlee/fsd_ws/install/lane_length_pkg/include/coin_d4_driver/lidar_sdk/handling_info.hpp
[87.308s] -- Up-to-date symlink: /home/alexlee/fsd_ws/install/lane_length_pkg/include/coin_d4_driver/lidar_sdk/lidar_data_processor.hpp
[87.308s] -- Up-to-date symlink: /home/alexlee/fsd_ws/install/lane_length_pkg/include/coin_d4_driver/lidar_sdk/lidar_information.hpp
[87.309s] -- Up-to-date symlink: /home/alexlee/fsd_ws/install/lane_length_pkg/include/coin_d4_driver/lidar_sdk/locker.hpp
[87.309s] -- Up-to-date symlink: /home/alexlee/fsd_ws/install/lane_length_pkg/include/coin_d4_driver/lidar_sdk/mtime.hpp
[87.310s] -- Up-to-date symlink: /home/alexlee/fsd_ws/install/lane_length_pkg/include/coin_d4_driver/lidar_sdk/serial_port.hpp
[87.310s] -- Up-to-date symlink: /home/alexlee/fsd_ws/install/lane_length_pkg/include/coin_d4_driver/lidar_sdk/timer.hpp
[87.311s] -- Up-to-date symlink: /home/alexlee/fsd_ws/install/lane_length_pkg/include/coin_d4_driver/single_coin_d4_node.hpp
[87.311s] -- Up-to-date symlink: /home/alexlee/fsd_ws/install/lane_length_pkg/include/cmd_interface_linux.hpp
[87.312s] -- Up-to-date symlink: /home/alexlee/fsd_ws/install/lane_length_pkg/include/lipkg.hpp
[87.312s] -- Up-to-date symlink: /home/alexlee/fsd_ws/install/lane_length_pkg/include/pointdata.hpp
[87.312s] -- Up-to-date symlink: /home/alexlee/fsd_ws/install/lane_length_pkg/include/slbf.hpp
[87.313s] -- Up-to-date symlink: /home/alexlee/fsd_ws/install/lane_length_pkg/include/transform.hpp
[87.314s] -- Up-to-date symlink: /home/alexlee/fsd_ws/install/lane_length_pkg/share/lane_length_pkg/environment/library_path.sh
[87.315s] -- Up-to-date symlink: /home/alexlee/fsd_ws/install/lane_length_pkg/share/lane_length_pkg/environment/library_path.dsv
[87.316s] -- Up-to-date symlink: /home/alexlee/fsd_ws/install/lane_length_pkg/share/ament_index/resource_index/package_run_dependencies/lane_length_pkg
[87.316s] -- Up-to-date symlink: /home/alexlee/fsd_ws/install/lane_length_pkg/share/ament_index/resource_index/parent_prefix_path/lane_length_pkg
[87.317s] -- Up-to-date symlink: /home/alexlee/fsd_ws/install/lane_length_pkg/share/lane_length_pkg/environment/ament_prefix_path.sh
[87.318s] -- Up-to-date symlink: /home/alexlee/fsd_ws/install/lane_length_pkg/share/lane_length_pkg/environment/ament_prefix_path.dsv
[87.319s] -- Up-to-date symlink: /home/alexlee/fsd_ws/install/lane_length_pkg/share/lane_length_pkg/environment/path.sh
[87.319s] -- Up-to-date symlink: /home/alexlee/fsd_ws/install/lane_length_pkg/share/lane_length_pkg/environment/path.dsv
[87.320s] -- Up-to-date symlink: /home/alexlee/fsd_ws/install/lane_length_pkg/share/lane_length_pkg/local_setup.bash
[87.321s] -- Up-to-date symlink: /home/alexlee/fsd_ws/install/lane_length_pkg/share/lane_length_pkg/local_setup.sh
[87.321s] -- Up-to-date symlink: /home/alexlee/fsd_ws/install/lane_length_pkg/share/lane_length_pkg/local_setup.zsh
[87.322s] -- Up-to-date symlink: /home/alexlee/fsd_ws/install/lane_length_pkg/share/lane_length_pkg/local_setup.dsv
[87.322s] -- Symlinking: /home/alexlee/fsd_ws/install/lane_length_pkg/share/lane_length_pkg/package.dsv
[87.342s] -- Up-to-date symlink: /home/alexlee/fsd_ws/install/lane_length_pkg/share/ament_index/resource_index/packages/lane_length_pkg
[87.343s] -- Up-to-date symlink: /home/alexlee/fsd_ws/install/lane_length_pkg/share/lane_length_pkg/cmake/ament_cmake_export_include_directories-extras.cmake
[87.344s] -- Up-to-date symlink: /home/alexlee/fsd_ws/install/lane_length_pkg/share/lane_length_pkg/cmake/ament_cmake_export_libraries-extras.cmake
[87.344s] -- Up-to-date symlink: /home/alexlee/fsd_ws/install/lane_length_pkg/share/lane_length_pkg/cmake/ament_cmake_export_dependencies-extras.cmake
[87.345s] -- Up-to-date symlink: /home/alexlee/fsd_ws/install/lane_length_pkg/share/lane_length_pkg/cmake/lane_length_pkgConfig.cmake
[87.346s] -- Up-to-date symlink: /home/alexlee/fsd_ws/install/lane_length_pkg/share/lane_length_pkg/cmake/lane_length_pkgConfig-version.cmake
[87.346s] -- Up-to-date symlink: /home/alexlee/fsd_ws/install/lane_length_pkg/share/lane_length_pkg/package.xml
[87.442s] Listing '/home/alexlee/fsd_ws/install/lane_length_pkg/local/lib/python3.10/dist-packages/lane_length_pkg'...
[87.459s] Invoked command in '/home/alexlee/fsd_ws/build/lane_length_pkg' returned '0': CMAKE_PREFIX_PATH=${CMAKE_PREFIX_PATH}:/home/alexlee/turtlebot3_ws/install/turtlebot3_teleop:/home/alexlee/turtlebot3_ws/install/turtlebot3_example:/opt/ros/humble /usr/bin/cmake --install /home/alexlee/fsd_ws/build/lane_length_pkg
