[0.241s] DEBUG:colcon:Command line arguments: ['/usr/bin/colcon', 'build', '--symlink-install', '--packages-select', 'lane_length_pkg']
[0.241s] DEBUG:colcon:Parsed command line arguments: Namespace(log_base=None, log_level=None, verb_name='build', build_base='build', install_base='install', merge_install=False, symlink_install=True, test_result_base=None, continue_on_error=False, executor='parallel', parallel_workers=6, event_handlers=None, ignore_user_meta=False, metas=['./colcon.meta'], base_paths=['.'], packages_ignore=None, packages_ignore_regex=None, paths=None, packages_up_to=None, packages_up_to_regex=None, packages_above=None, packages_above_and_dependencies=None, packages_above_depth=None, packages_select_by_dep=None, packages_skip_by_dep=None, packages_skip_up_to=None, packages_select_build_failed=False, packages_skip_build_finished=False, packages_select_test_failures=False, packages_skip_test_passed=False, packages_select=['lane_length_pkg'], packages_skip=None, packages_select_regex=None, packages_skip_regex=None, packages_start=None, packages_end=None, allow_overriding=[], cmake_args=None, cmake_target=None, cmake_target_skip_unavailable=False, cmake_clean_cache=False, cmake_clean_first=False, cmake_force_configure=False, ament_cmake_args=None, catkin_cmake_args=None, catkin_skip_building_tests=False, mixin_files=None, mixin=None, verb_parser=<colcon_mixin.mixin.mixin_argument.MixinArgumentDecorator object at 0xffffa813f5b0>, verb_extension=<colcon_core.verb.build.BuildVerb object at 0xffffa813efe0>, main=<bound method BuildVerb.main of <colcon_core.verb.build.BuildVerb object at 0xffffa813efe0>>, mixin_verb=('build',))
[0.604s] Level 1:colcon.colcon_core.package_discovery:discover_packages(colcon_meta) check parameters
[0.605s] Level 1:colcon.colcon_core.package_discovery:discover_packages(recursive) check parameters
[0.605s] Level 1:colcon.colcon_core.package_discovery:discover_packages(ignore) check parameters
[0.605s] Level 1:colcon.colcon_core.package_discovery:discover_packages(path) check parameters
[0.605s] Level 1:colcon.colcon_core.package_discovery:discover_packages(colcon_meta) discover
[0.605s] Level 1:colcon.colcon_core.package_discovery:discover_packages(recursive) discover
[0.605s] INFO:colcon.colcon_core.package_discovery:Crawling recursively for packages in '/home/alexlee/fsd_ws'
[0.605s] Level 1:colcon.colcon_core.package_identification:_identify(.) by extensions ['ignore', 'ignore_ament_install']
[0.606s] Level 1:colcon.colcon_core.package_identification:_identify(.) by extension 'ignore'
[0.606s] Level 1:colcon.colcon_core.package_identification:_identify(.) by extension 'ignore_ament_install'
[0.606s] Level 1:colcon.colcon_core.package_identification:_identify(.) by extensions ['colcon_pkg']
[0.606s] Level 1:colcon.colcon_core.package_identification:_identify(.) by extension 'colcon_pkg'
[0.606s] Level 1:colcon.colcon_core.package_identification:_identify(.) by extensions ['colcon_meta']
[0.606s] Level 1:colcon.colcon_core.package_identification:_identify(.) by extension 'colcon_meta'
[0.606s] Level 1:colcon.colcon_core.package_identification:_identify(.) by extensions ['ros']
[0.606s] Level 1:colcon.colcon_core.package_identification:_identify(.) by extension 'ros'
[0.629s] Level 1:colcon.colcon_core.package_identification:_identify(.) by extensions ['cmake', 'python']
[0.630s] Level 1:colcon.colcon_core.package_identification:_identify(.) by extension 'cmake'
[0.630s] Level 1:colcon.colcon_core.package_identification:_identify(.) by extension 'python'
[0.630s] Level 1:colcon.colcon_core.package_identification:_identify(.) by extensions ['python_setup_py']
[0.630s] Level 1:colcon.colcon_core.package_identification:_identify(.) by extension 'python_setup_py'
[0.630s] Level 1:colcon.colcon_core.package_identification:_identify(build) by extensions ['ignore', 'ignore_ament_install']
[0.630s] Level 1:colcon.colcon_core.package_identification:_identify(build) by extension 'ignore'
[0.631s] Level 1:colcon.colcon_core.package_identification:_identify(build) ignored
[0.631s] Level 1:colcon.colcon_core.package_identification:_identify(eval_logs) by extensions ['ignore', 'ignore_ament_install']
[0.631s] Level 1:colcon.colcon_core.package_identification:_identify(eval_logs) by extension 'ignore'
[0.631s] Level 1:colcon.colcon_core.package_identification:_identify(eval_logs) by extension 'ignore_ament_install'
[0.631s] Level 1:colcon.colcon_core.package_identification:_identify(eval_logs) by extensions ['colcon_pkg']
[0.631s] Level 1:colcon.colcon_core.package_identification:_identify(eval_logs) by extension 'colcon_pkg'
[0.631s] Level 1:colcon.colcon_core.package_identification:_identify(eval_logs) by extensions ['colcon_meta']
[0.632s] Level 1:colcon.colcon_core.package_identification:_identify(eval_logs) by extension 'colcon_meta'
[0.632s] Level 1:colcon.colcon_core.package_identification:_identify(eval_logs) by extensions ['ros']
[0.632s] Level 1:colcon.colcon_core.package_identification:_identify(eval_logs) by extension 'ros'
[0.632s] Level 1:colcon.colcon_core.package_identification:_identify(eval_logs) by extensions ['cmake', 'python']
[0.632s] Level 1:colcon.colcon_core.package_identification:_identify(eval_logs) by extension 'cmake'
[0.632s] Level 1:colcon.colcon_core.package_identification:_identify(eval_logs) by extension 'python'
[0.632s] Level 1:colcon.colcon_core.package_identification:_identify(eval_logs) by extensions ['python_setup_py']
[0.632s] Level 1:colcon.colcon_core.package_identification:_identify(eval_logs) by extension 'python_setup_py'
[0.632s] Level 1:colcon.colcon_core.package_identification:_identify(eval_logs/ros_logs) by extensions ['ignore', 'ignore_ament_install']
[0.633s] Level 1:colcon.colcon_core.package_identification:_identify(eval_logs/ros_logs) by extension 'ignore'
[0.633s] Level 1:colcon.colcon_core.package_identification:_identify(eval_logs/ros_logs) by extension 'ignore_ament_install'
[0.633s] Level 1:colcon.colcon_core.package_identification:_identify(eval_logs/ros_logs) by extensions ['colcon_pkg']
[0.633s] Level 1:colcon.colcon_core.package_identification:_identify(eval_logs/ros_logs) by extension 'colcon_pkg'
[0.633s] Level 1:colcon.colcon_core.package_identification:_identify(eval_logs/ros_logs) by extensions ['colcon_meta']
[0.633s] Level 1:colcon.colcon_core.package_identification:_identify(eval_logs/ros_logs) by extension 'colcon_meta'
[0.633s] Level 1:colcon.colcon_core.package_identification:_identify(eval_logs/ros_logs) by extensions ['ros']
[0.633s] Level 1:colcon.colcon_core.package_identification:_identify(eval_logs/ros_logs) by extension 'ros'
[0.633s] Level 1:colcon.colcon_core.package_identification:_identify(eval_logs/ros_logs) by extensions ['cmake', 'python']
[0.633s] Level 1:colcon.colcon_core.package_identification:_identify(eval_logs/ros_logs) by extension 'cmake'
[0.634s] Level 1:colcon.colcon_core.package_identification:_identify(eval_logs/ros_logs) by extension 'python'
[0.634s] Level 1:colcon.colcon_core.package_identification:_identify(eval_logs/ros_logs) by extensions ['python_setup_py']
[0.634s] Level 1:colcon.colcon_core.package_identification:_identify(eval_logs/ros_logs) by extension 'python_setup_py'
[0.634s] Level 1:colcon.colcon_core.package_identification:_identify(eval_logs/test) by extensions ['ignore', 'ignore_ament_install']
[0.634s] Level 1:colcon.colcon_core.package_identification:_identify(eval_logs/test) by extension 'ignore'
[0.634s] Level 1:colcon.colcon_core.package_identification:_identify(eval_logs/test) by extension 'ignore_ament_install'
[0.634s] Level 1:colcon.colcon_core.package_identification:_identify(eval_logs/test) by extensions ['colcon_pkg']
[0.634s] Level 1:colcon.colcon_core.package_identification:_identify(eval_logs/test) by extension 'colcon_pkg'
[0.634s] Level 1:colcon.colcon_core.package_identification:_identify(eval_logs/test) by extensions ['colcon_meta']
[0.635s] Level 1:colcon.colcon_core.package_identification:_identify(eval_logs/test) by extension 'colcon_meta'
[0.635s] Level 1:colcon.colcon_core.package_identification:_identify(eval_logs/test) by extensions ['ros']
[0.635s] Level 1:colcon.colcon_core.package_identification:_identify(eval_logs/test) by extension 'ros'
[0.635s] Level 1:colcon.colcon_core.package_identification:_identify(eval_logs/test) by extensions ['cmake', 'python']
[0.635s] Level 1:colcon.colcon_core.package_identification:_identify(eval_logs/test) by extension 'cmake'
[0.635s] Level 1:colcon.colcon_core.package_identification:_identify(eval_logs/test) by extension 'python'
[0.635s] Level 1:colcon.colcon_core.package_identification:_identify(eval_logs/test) by extensions ['python_setup_py']
[0.635s] Level 1:colcon.colcon_core.package_identification:_identify(eval_logs/test) by extension 'python_setup_py'
[0.635s] Level 1:colcon.colcon_core.package_identification:_identify(install) by extensions ['ignore', 'ignore_ament_install']
[0.636s] Level 1:colcon.colcon_core.package_identification:_identify(install) by extension 'ignore'
[0.636s] Level 1:colcon.colcon_core.package_identification:_identify(install) ignored
[0.636s] Level 1:colcon.colcon_core.package_identification:_identify(log) by extensions ['ignore', 'ignore_ament_install']
[0.636s] Level 1:colcon.colcon_core.package_identification:_identify(log) by extension 'ignore'
[0.636s] Level 1:colcon.colcon_core.package_identification:_identify(log) ignored
[0.636s] Level 1:colcon.colcon_core.package_identification:_identify(src) by extensions ['ignore', 'ignore_ament_install']
[0.637s] Level 1:colcon.colcon_core.package_identification:_identify(src) by extension 'ignore'
[0.637s] Level 1:colcon.colcon_core.package_identification:_identify(src) by extension 'ignore_ament_install'
[0.637s] Level 1:colcon.colcon_core.package_identification:_identify(src) by extensions ['colcon_pkg']
[0.637s] Level 1:colcon.colcon_core.package_identification:_identify(src) by extension 'colcon_pkg'
[0.637s] Level 1:colcon.colcon_core.package_identification:_identify(src) by extensions ['colcon_meta']
[0.637s] Level 1:colcon.colcon_core.package_identification:_identify(src) by extension 'colcon_meta'
[0.637s] Level 1:colcon.colcon_core.package_identification:_identify(src) by extensions ['ros']
[0.637s] Level 1:colcon.colcon_core.package_identification:_identify(src) by extension 'ros'
[0.637s] Level 1:colcon.colcon_core.package_identification:_identify(src) by extensions ['cmake', 'python']
[0.637s] Level 1:colcon.colcon_core.package_identification:_identify(src) by extension 'cmake'
[0.637s] Level 1:colcon.colcon_core.package_identification:_identify(src) by extension 'python'
[0.638s] Level 1:colcon.colcon_core.package_identification:_identify(src) by extensions ['python_setup_py']
[0.638s] Level 1:colcon.colcon_core.package_identification:_identify(src) by extension 'python_setup_py'
[0.638s] Level 1:colcon.colcon_core.package_identification:_identify(src/lane_length_pkg) by extensions ['ignore', 'ignore_ament_install']
[0.638s] Level 1:colcon.colcon_core.package_identification:_identify(src/lane_length_pkg) by extension 'ignore'
[0.638s] Level 1:colcon.colcon_core.package_identification:_identify(src/lane_length_pkg) by extension 'ignore_ament_install'
[0.638s] Level 1:colcon.colcon_core.package_identification:_identify(src/lane_length_pkg) by extensions ['colcon_pkg']
[0.638s] Level 1:colcon.colcon_core.package_identification:_identify(src/lane_length_pkg) by extension 'colcon_pkg'
[0.638s] Level 1:colcon.colcon_core.package_identification:_identify(src/lane_length_pkg) by extensions ['colcon_meta']
[0.638s] Level 1:colcon.colcon_core.package_identification:_identify(src/lane_length_pkg) by extension 'colcon_meta'
[0.639s] Level 1:colcon.colcon_core.package_identification:_identify(src/lane_length_pkg) by extensions ['ros']
[0.639s] Level 1:colcon.colcon_core.package_identification:_identify(src/lane_length_pkg) by extension 'ros'
[0.647s] DEBUG:colcon.colcon_core.package_identification:Package 'src/lane_length_pkg' with type 'ros.ament_cmake' and name 'lane_length_pkg'
[0.647s] Level 1:colcon.colcon_core.package_discovery:discover_packages(recursive) using defaults
[0.647s] Level 1:colcon.colcon_core.package_discovery:discover_packages(ignore) discover
[0.647s] Level 1:colcon.colcon_core.package_discovery:discover_packages(ignore) using defaults
[0.647s] Level 1:colcon.colcon_core.package_discovery:discover_packages(path) discover
[0.647s] Level 1:colcon.colcon_core.package_discovery:discover_packages(path) using defaults
[0.722s] Level 1:colcon.colcon_core.package_discovery:discover_packages(prefix_path) check parameters
[0.722s] Level 1:colcon.colcon_core.package_discovery:discover_packages(prefix_path) discover
[0.727s] DEBUG:colcon.colcon_installed_package_information.package_discovery:Found 1 installed packages in /home/alexlee/fsd_ws/install
[0.728s] DEBUG:colcon.colcon_installed_package_information.package_discovery:Found 13 installed packages in /home/alexlee/turtlebot3_ws/install
[0.731s] DEBUG:colcon.colcon_installed_package_information.package_discovery:Found 292 installed packages in /opt/ros/humble
[0.734s] Level 1:colcon.colcon_core.package_discovery:discover_packages(prefix_path) using defaults
[0.817s] Level 5:colcon.colcon_core.verb:set package 'lane_length_pkg' build argument 'cmake_args' from command line to 'None'
[0.818s] Level 5:colcon.colcon_core.verb:set package 'lane_length_pkg' build argument 'cmake_target' from command line to 'None'
[0.818s] Level 5:colcon.colcon_core.verb:set package 'lane_length_pkg' build argument 'cmake_target_skip_unavailable' from command line to 'False'
[0.818s] Level 5:colcon.colcon_core.verb:set package 'lane_length_pkg' build argument 'cmake_clean_cache' from command line to 'False'
[0.818s] Level 5:colcon.colcon_core.verb:set package 'lane_length_pkg' build argument 'cmake_clean_first' from command line to 'False'
[0.818s] Level 5:colcon.colcon_core.verb:set package 'lane_length_pkg' build argument 'cmake_force_configure' from command line to 'False'
[0.818s] Level 5:colcon.colcon_core.verb:set package 'lane_length_pkg' build argument 'ament_cmake_args' from command line to 'None'
[0.818s] Level 5:colcon.colcon_core.verb:set package 'lane_length_pkg' build argument 'catkin_cmake_args' from command line to 'None'
[0.818s] Level 5:colcon.colcon_core.verb:set package 'lane_length_pkg' build argument 'catkin_skip_building_tests' from command line to 'False'
[0.818s] DEBUG:colcon.colcon_core.verb:Building package 'lane_length_pkg' with the following arguments: {'ament_cmake_args': None, 'build_base': '/home/alexlee/fsd_ws/build/lane_length_pkg', 'catkin_cmake_args': None, 'catkin_skip_building_tests': False, 'cmake_args': None, 'cmake_clean_cache': False, 'cmake_clean_first': False, 'cmake_force_configure': False, 'cmake_target': None, 'cmake_target_skip_unavailable': False, 'install_base': '/home/alexlee/fsd_ws/install/lane_length_pkg', 'merge_install': False, 'path': '/home/alexlee/fsd_ws/src/lane_length_pkg', 'symlink_install': True, 'test_result_base': None}
[0.818s] INFO:colcon.colcon_core.executor:Executing jobs using 'parallel' executor
[0.821s] DEBUG:colcon.colcon_parallel_executor.executor.parallel:run_until_complete
[0.821s] INFO:colcon.colcon_ros.task.ament_cmake.build:Building ROS package in '/home/alexlee/fsd_ws/src/lane_length_pkg' with build type 'ament_cmake'
[0.822s] INFO:colcon.colcon_cmake.task.cmake.build:Building CMake package in '/home/alexlee/fsd_ws/src/lane_length_pkg'
[0.826s] INFO:colcon.colcon_core.plugin_system:Skipping extension 'colcon_core.shell.bat': Not used on non-Windows systems
[0.826s] INFO:colcon.colcon_core.shell:Skip shell extension 'powershell' for command environment: Not usable outside of PowerShell
[0.827s] DEBUG:colcon.colcon_core.shell:Skip shell extension 'dsv' for command environment
[0.846s] DEBUG:colcon.colcon_core.event_handler.log_command:Invoking command in '/home/alexlee/fsd_ws/build/lane_length_pkg': CMAKE_PREFIX_PATH=${CMAKE_PREFIX_PATH}:/home/alexlee/turtlebot3_ws/install/turtlebot3_teleop:/home/alexlee/turtlebot3_ws/install/turtlebot3_example:/opt/ros/humble /usr/bin/cmake --build /home/alexlee/fsd_ws/build/lane_length_pkg -- -j6 -l6
[1.626s] DEBUG:colcon.colcon_core.event_handler.log_command:Invoked command in '/home/alexlee/fsd_ws/build/lane_length_pkg' returned '0': CMAKE_PREFIX_PATH=${CMAKE_PREFIX_PATH}:/home/alexlee/turtlebot3_ws/install/turtlebot3_teleop:/home/alexlee/turtlebot3_ws/install/turtlebot3_example:/opt/ros/humble /usr/bin/cmake --build /home/alexlee/fsd_ws/build/lane_length_pkg -- -j6 -l6
[1.651s] DEBUG:colcon.colcon_core.event_handler.log_command:Invoking command in '/home/alexlee/fsd_ws/build/lane_length_pkg': CMAKE_PREFIX_PATH=${CMAKE_PREFIX_PATH}:/home/alexlee/turtlebot3_ws/install/turtlebot3_teleop:/home/alexlee/turtlebot3_ws/install/turtlebot3_example:/opt/ros/humble /usr/bin/cmake --install /home/alexlee/fsd_ws/build/lane_length_pkg
[1.815s] Level 1:colcon.colcon_core.environment:create_environment_scripts_only(lane_length_pkg)
[1.817s] DEBUG:colcon.colcon_core.event_handler.log_command:Invoked command in '/home/alexlee/fsd_ws/build/lane_length_pkg' returned '0': CMAKE_PREFIX_PATH=${CMAKE_PREFIX_PATH}:/home/alexlee/turtlebot3_ws/install/turtlebot3_teleop:/home/alexlee/turtlebot3_ws/install/turtlebot3_example:/opt/ros/humble /usr/bin/cmake --install /home/alexlee/fsd_ws/build/lane_length_pkg
[1.826s] Level 1:colcon.colcon_core.environment:checking '/home/alexlee/fsd_ws/install/lane_length_pkg' for CMake module files
[1.829s] Level 1:colcon.colcon_core.environment:checking '/home/alexlee/fsd_ws/install/lane_length_pkg' for CMake config files
[1.830s] Level 1:colcon.colcon_core.shell:create_environment_hook('lane_length_pkg', 'cmake_prefix_path')
[1.831s] INFO:colcon.colcon_core.shell:Creating environment hook '/home/alexlee/fsd_ws/install/lane_length_pkg/share/lane_length_pkg/hook/cmake_prefix_path.ps1'
[1.833s] INFO:colcon.colcon_core.shell:Creating environment descriptor '/home/alexlee/fsd_ws/install/lane_length_pkg/share/lane_length_pkg/hook/cmake_prefix_path.dsv'
[1.834s] INFO:colcon.colcon_core.shell:Creating environment hook '/home/alexlee/fsd_ws/install/lane_length_pkg/share/lane_length_pkg/hook/cmake_prefix_path.sh'
[1.838s] Level 1:colcon.colcon_core.environment:checking '/home/alexlee/fsd_ws/install/lane_length_pkg/lib'
[1.838s] Level 1:colcon.colcon_core.shell:create_environment_hook('lane_length_pkg', 'ld_library_path_lib')
[1.839s] INFO:colcon.colcon_core.shell:Creating environment hook '/home/alexlee/fsd_ws/install/lane_length_pkg/share/lane_length_pkg/hook/ld_library_path_lib.ps1'
[1.840s] INFO:colcon.colcon_core.shell:Creating environment descriptor '/home/alexlee/fsd_ws/install/lane_length_pkg/share/lane_length_pkg/hook/ld_library_path_lib.dsv'
[1.840s] INFO:colcon.colcon_core.shell:Creating environment hook '/home/alexlee/fsd_ws/install/lane_length_pkg/share/lane_length_pkg/hook/ld_library_path_lib.sh'
[1.842s] Level 1:colcon.colcon_core.environment:checking '/home/alexlee/fsd_ws/install/lane_length_pkg/bin'
[1.842s] Level 1:colcon.colcon_core.environment:checking '/home/alexlee/fsd_ws/install/lane_length_pkg/lib/pkgconfig/lane_length_pkg.pc'
[1.843s] Level 1:colcon.colcon_core.environment:checking '/home/alexlee/fsd_ws/install/lane_length_pkg/lib/python3.10/site-packages'
[1.844s] Level 1:colcon.colcon_core.environment:checking '/home/alexlee/fsd_ws/install/lane_length_pkg/bin'
[1.845s] INFO:colcon.colcon_core.shell:Creating package script '/home/alexlee/fsd_ws/install/lane_length_pkg/share/lane_length_pkg/package.ps1'
[1.846s] INFO:colcon.colcon_core.shell:Creating package descriptor '/home/alexlee/fsd_ws/install/lane_length_pkg/share/lane_length_pkg/package.dsv'
[1.848s] INFO:colcon.colcon_core.shell:Creating package script '/home/alexlee/fsd_ws/install/lane_length_pkg/share/lane_length_pkg/package.sh'
[1.851s] INFO:colcon.colcon_core.shell:Creating package script '/home/alexlee/fsd_ws/install/lane_length_pkg/share/lane_length_pkg/package.bash'
[1.853s] INFO:colcon.colcon_core.shell:Creating package script '/home/alexlee/fsd_ws/install/lane_length_pkg/share/lane_length_pkg/package.zsh'
[1.854s] Level 1:colcon.colcon_core.environment:create_file_with_runtime_dependencies(/home/alexlee/fsd_ws/install/lane_length_pkg/share/colcon-core/packages/lane_length_pkg)
[1.856s] Level 1:colcon.colcon_core.environment:create_environment_scripts_only(lane_length_pkg)
[1.857s] Level 1:colcon.colcon_core.environment:checking '/home/alexlee/fsd_ws/install/lane_length_pkg' for CMake module files
[1.859s] Level 1:colcon.colcon_core.environment:checking '/home/alexlee/fsd_ws/install/lane_length_pkg' for CMake config files
[1.860s] Level 1:colcon.colcon_core.shell:create_environment_hook('lane_length_pkg', 'cmake_prefix_path')
[1.861s] INFO:colcon.colcon_core.shell:Creating environment hook '/home/alexlee/fsd_ws/install/lane_length_pkg/share/lane_length_pkg/hook/cmake_prefix_path.ps1'
[1.862s] INFO:colcon.colcon_core.shell:Creating environment descriptor '/home/alexlee/fsd_ws/install/lane_length_pkg/share/lane_length_pkg/hook/cmake_prefix_path.dsv'
[1.863s] INFO:colcon.colcon_core.shell:Creating environment hook '/home/alexlee/fsd_ws/install/lane_length_pkg/share/lane_length_pkg/hook/cmake_prefix_path.sh'
[1.865s] Level 1:colcon.colcon_core.environment:checking '/home/alexlee/fsd_ws/install/lane_length_pkg/lib'
[1.865s] Level 1:colcon.colcon_core.shell:create_environment_hook('lane_length_pkg', 'ld_library_path_lib')
[1.865s] INFO:colcon.colcon_core.shell:Creating environment hook '/home/alexlee/fsd_ws/install/lane_length_pkg/share/lane_length_pkg/hook/ld_library_path_lib.ps1'
[1.866s] INFO:colcon.colcon_core.shell:Creating environment descriptor '/home/alexlee/fsd_ws/install/lane_length_pkg/share/lane_length_pkg/hook/ld_library_path_lib.dsv'
[1.867s] INFO:colcon.colcon_core.shell:Creating environment hook '/home/alexlee/fsd_ws/install/lane_length_pkg/share/lane_length_pkg/hook/ld_library_path_lib.sh'
[1.868s] Level 1:colcon.colcon_core.environment:checking '/home/alexlee/fsd_ws/install/lane_length_pkg/bin'
[1.868s] Level 1:colcon.colcon_core.environment:checking '/home/alexlee/fsd_ws/install/lane_length_pkg/lib/pkgconfig/lane_length_pkg.pc'
[1.869s] Level 1:colcon.colcon_core.environment:checking '/home/alexlee/fsd_ws/install/lane_length_pkg/lib/python3.10/site-packages'
[1.870s] Level 1:colcon.colcon_core.environment:checking '/home/alexlee/fsd_ws/install/lane_length_pkg/bin'
[1.870s] INFO:colcon.colcon_core.shell:Creating package script '/home/alexlee/fsd_ws/install/lane_length_pkg/share/lane_length_pkg/package.ps1'
[1.872s] INFO:colcon.colcon_core.shell:Creating package descriptor '/home/alexlee/fsd_ws/install/lane_length_pkg/share/lane_length_pkg/package.dsv'
[1.873s] INFO:colcon.colcon_core.shell:Creating package script '/home/alexlee/fsd_ws/install/lane_length_pkg/share/lane_length_pkg/package.sh'
[1.874s] INFO:colcon.colcon_core.shell:Creating package script '/home/alexlee/fsd_ws/install/lane_length_pkg/share/lane_length_pkg/package.bash'
[1.875s] INFO:colcon.colcon_core.shell:Creating package script '/home/alexlee/fsd_ws/install/lane_length_pkg/share/lane_length_pkg/package.zsh'
[1.876s] Level 1:colcon.colcon_core.environment:create_file_with_runtime_dependencies(/home/alexlee/fsd_ws/install/lane_length_pkg/share/colcon-core/packages/lane_length_pkg)
[1.876s] DEBUG:colcon.colcon_parallel_executor.executor.parallel:closing loop
[1.877s] DEBUG:colcon.colcon_parallel_executor.executor.parallel:loop closed
[1.877s] DEBUG:colcon.colcon_parallel_executor.executor.parallel:run_until_complete finished with '0'
[1.877s] DEBUG:colcon.colcon_core.event_reactor:joining thread
[1.897s] INFO:colcon.colcon_core.plugin_system:Skipping extension 'colcon_notification.desktop_notification.terminal_notifier': Not used on non-Darwin systems
[1.897s] INFO:colcon.colcon_core.plugin_system:Skipping extension 'colcon_notification.desktop_notification.win32': Not used on non-Windows systems
[1.898s] INFO:colcon.colcon_notification.desktop_notification:Sending desktop notification using 'notify2'
[1.898s] DEBUG:colcon.colcon_notification.desktop_notification.notify2:Failed to initialize notify2: org.freedesktop.DBus.Error.AccessDenied: Failed to connect to socket /run/user/1000/bus: Operation not permitted
[1.898s] DEBUG:colcon.colcon_core.event_reactor:joined thread
[1.899s] INFO:colcon.colcon_core.shell:Creating prefix script '/home/alexlee/fsd_ws/install/local_setup.ps1'
[1.902s] INFO:colcon.colcon_core.shell:Creating prefix util module '/home/alexlee/fsd_ws/install/_local_setup_util_ps1.py'
[1.906s] INFO:colcon.colcon_core.shell:Creating prefix chain script '/home/alexlee/fsd_ws/install/setup.ps1'
[1.909s] INFO:colcon.colcon_core.shell:Creating prefix script '/home/alexlee/fsd_ws/install/local_setup.sh'
[1.910s] INFO:colcon.colcon_core.shell:Creating prefix util module '/home/alexlee/fsd_ws/install/_local_setup_util_sh.py'
[1.912s] INFO:colcon.colcon_core.shell:Creating prefix chain script '/home/alexlee/fsd_ws/install/setup.sh'
[1.915s] INFO:colcon.colcon_core.shell:Creating prefix script '/home/alexlee/fsd_ws/install/local_setup.bash'
[1.916s] INFO:colcon.colcon_core.shell:Creating prefix chain script '/home/alexlee/fsd_ws/install/setup.bash'
[1.921s] INFO:colcon.colcon_core.shell:Creating prefix script '/home/alexlee/fsd_ws/install/local_setup.zsh'
[1.922s] INFO:colcon.colcon_core.shell:Creating prefix chain script '/home/alexlee/fsd_ws/install/setup.zsh'
