-- The C compiler identification is GNU 11.4.0
-- The CXX compiler identification is GNU 11.4.0
-- Detecting C compiler ABI info
-- Detecting C compiler ABI info - done
-- Check for working C compiler: /usr/bin/cc - skipped
-- Detecting C compile features
-- Detecting C compile features - done
-- Detecting CXX compiler ABI info
-- Detecting CXX compiler ABI info - done
-- Check for working CXX compiler: /usr/bin/c++ - skipped
-- Detecting CXX compile features
-- Detecting CXX compile features - done
-- Found ament_cmake: 1.3.14 (/opt/ros/humble/share/ament_cmake/cmake)
-- Found Python3: /usr/bin/python3 (found version "3.10.12") found components: Interpreter 
-- Found rclcpp: 16.0.18 (/opt/ros/humble/share/rclcpp/cmake)
-- Found rosidl_generator_c: 3.1.8 (/opt/ros/humble/share/rosidl_generator_c/cmake)
-- Found rosidl_adapter: 3.1.8 (/opt/ros/humble/share/rosidl_adapter/cmake)
-- Found rosidl_generator_cpp: 3.1.8 (/opt/ros/humble/share/rosidl_generator_cpp/cmake)
-- Using all available rosidl_typesupport_c: rosidl_typesupport_fastrtps_c;rosidl_typesupport_introspection_c
-- Using all available rosidl_typesupport_cpp: rosidl_typesupport_fastrtps_cpp;rosidl_typesupport_introspection_cpp
-- Found rmw_implementation_cmake: 6.1.2 (/opt/ros/humble/share/rmw_implementation_cmake/cmake)
-- Found rmw_fastrtps_cpp: 6.2.10 (/opt/ros/humble/share/rmw_fastrtps_cpp/cmake)
-- Found OpenSSL: /usr/lib/aarch64-linux-gnu/libcrypto.so (found version "3.0.2")  
-- Found FastRTPS: /opt/ros/humble/include  
-- Using RMW implementation 'rmw_fastrtps_cpp' as default
-- Looking for pthread.h
-- Looking for pthread.h - found
-- Performing Test CMAKE_HAVE_LIBC_PTHREAD
-- Performing Test CMAKE_HAVE_LIBC_PTHREAD - Success
-- Found Threads: TRUE  
-- Found rclcpp_lifecycle: 16.0.18 (/opt/ros/humble/share/rclcpp_lifecycle/cmake)
-- Found geometry_msgs: 4.9.1 (/opt/ros/humble/share/geometry_msgs/cmake)
-- Found nav_msgs: 4.9.1 (/opt/ros/humble/share/nav_msgs/cmake)
-- Found sensor_msgs: 4.9.1 (/opt/ros/humble/share/sensor_msgs/cmake)
-- Found visualization_msgs: 4.9.1 (/opt/ros/humble/share/visualization_msgs/cmake)
-- Found std_srvs: 4.9.1 (/opt/ros/humble/share/std_srvs/cmake)
-- Found tf2: 0.25.19 (/opt/ros/humble/share/tf2/cmake)
-- Found tf2_ros: 0.25.19 (/opt/ros/humble/share/tf2_ros/cmake)
-- Found dynamixel_sdk: 4.0.5 (/home/alexlee/turtlebot3_ws/install/dynamixel_sdk/share/dynamixel_sdk/cmake)
-- Found turtlebot3_msgs: 2.4.0 (/home/alexlee/turtlebot3_ws/install/turtlebot3_msgs/share/turtlebot3_msgs/cmake)
-- Found Boost: /usr/lib/aarch64-linux-gnu/cmake/Boost-1.74.0/BoostConfig.cmake (found version "1.74.0") found components: system 
-- Configuring done
-- Generating done
-- Build files have been written to: /home/alexlee/fsd_ws/src/lane_length_pkg/build/lane_length_pkg
[ 12%] [32mBuilding CXX object CMakeFiles/ld08_driver.dir/drivers/ld08_driver/src/cmd_interface_linux.cpp.o[0m
[ 12%] [32mBuilding CXX object CMakeFiles/turtlebot3_control_lib.dir/src/control_cpp/devices/motor_power.cpp.o[0m
[ 12%] [32mBuilding CXX object CMakeFiles/turtlebot3_control_lib.dir/src/control_cpp/devices/sound.cpp.o[0m
[ 12%] [32mBuilding CXX object CMakeFiles/localization_slam.dir/src/perception_cpp/localization_slam.cpp.o[0m
[ 15%] [32mBuilding CXX object CMakeFiles/coin_d4_driver_lib.dir/drivers/coin_d4_driver/src/lidar_sdk/lidar_data_processor.cpp.o[0m
[ 15%] Built target ament_cmake_python_copy_lane_length_pkg
[ 18%] [32mBuilding CXX object CMakeFiles/ld08_driver.dir/drivers/ld08_driver/src/lipkg.cpp.o[0m
[ 21%] [32mBuilding CXX object CMakeFiles/ld08_driver.dir/drivers/ld08_driver/src/main.cpp.o[0m
[ 25%] [32mBuilding CXX object CMakeFiles/ld08_driver.dir/drivers/ld08_driver/src/slbf.cpp.o[0m
[ 28%] [32mBuilding CXX object CMakeFiles/coin_d4_driver_lib.dir/drivers/coin_d4_driver/src/lidar_sdk/mtime.cpp.o[0m
[ 31%] [32mBuilding CXX object CMakeFiles/coin_d4_driver_lib.dir/drivers/coin_d4_driver/src/lidar_sdk/serial_port.cpp.o[0m
[ 34%] [32mBuilding CXX object CMakeFiles/coin_d4_driver_lib.dir/drivers/coin_d4_driver/src/lidar_sdk/timer.cpp.o[0m
[ 37%] [32mBuilding CXX object CMakeFiles/coin_d4_driver_lib.dir/drivers/coin_d4_driver/src/coin_d4_base_handler.cpp.o[0m
[ 40%] [32mBuilding CXX object CMakeFiles/turtlebot3_control_lib.dir/src/control_cpp/devices/reset.cpp.o[0m
[ 43%] [32mBuilding CXX object CMakeFiles/turtlebot3_control_lib.dir/src/control_cpp/diff_drive_controller.cpp.o[0m
[ 46%] [32mBuilding CXX object CMakeFiles/ld08_driver.dir/drivers/ld08_driver/src/transform.cpp.o[0m
[ 50%] [32mBuilding CXX object CMakeFiles/turtlebot3_control_lib.dir/src/control_cpp/dynamixel_sdk_wrapper.cpp.o[0m
[ 53%] [32mBuilding CXX object CMakeFiles/coin_d4_driver_lib.dir/drivers/coin_d4_driver/src/coin_d4_lifecycle_handler.cpp.o[0m
[ 56%] [32mBuilding CXX object CMakeFiles/coin_d4_driver_lib.dir/drivers/coin_d4_driver/src/coin_d4_node_handler.cpp.o[0m
[ 59%] [32mBuilding CXX object CMakeFiles/turtlebot3_control_lib.dir/src/control_cpp/odometry.cpp.o[0m
[ 62%] [32m[1mLinking CXX executable ld08_driver[0m
[ 62%] Built target ld08_driver
running egg_info
creating lane_length_pkg.egg-info
writing lane_length_pkg.egg-info/PKG-INFO
writing dependency_links to lane_length_pkg.egg-info/dependency_links.txt
writing top-level names to lane_length_pkg.egg-info/top_level.txt
writing manifest file 'lane_length_pkg.egg-info/SOURCES.txt'
reading manifest file 'lane_length_pkg.egg-info/SOURCES.txt'
writing manifest file 'lane_length_pkg.egg-info/SOURCES.txt'
[ 62%] Built target ament_cmake_python_build_lane_length_pkg_egg
[ 65%] [32mBuilding CXX object CMakeFiles/turtlebot3_control_lib.dir/src/control_cpp/turtlebot3.cpp.o[0m
[ 68%] [32mBuilding CXX object CMakeFiles/turtlebot3_control_lib.dir/src/control_cpp/sensors/battery_state.cpp.o[0m
[ 71%] [32mBuilding CXX object CMakeFiles/turtlebot3_control_lib.dir/src/control_cpp/sensors/imu.cpp.o[0m
[ 75%] [32m[1mLinking CXX shared library libcoin_d4_driver_lib.so[0m
[ 75%] Built target coin_d4_driver_lib
[ 78%] [32mBuilding CXX object CMakeFiles/single_coin_d4_node.dir/drivers/coin_d4_driver/src/single_coin_d4_node.cpp.o[0m
[ 81%] [32mBuilding CXX object CMakeFiles/turtlebot3_control_lib.dir/src/control_cpp/sensors/joint_state.cpp.o[0m
[ 84%] [32m[1mLinking CXX executable single_coin_d4_node[0m
[ 84%] Built target single_coin_d4_node
[ 87%] [32mBuilding CXX object CMakeFiles/turtlebot3_control_lib.dir/src/control_cpp/sensors/sensor_state.cpp.o[0m
[ 90%] [32m[1mLinking CXX executable localization_slam[0m
[ 90%] Built target localization_slam
[ 93%] [32m[1mLinking CXX static library libturtlebot3_control_lib.a[0m
[ 93%] Built target turtlebot3_control_lib
[ 96%] [32mBuilding CXX object CMakeFiles/turtlebot3_ros.dir/src/control_cpp/node_main.cpp.o[0m
[100%] [32m[1mLinking CXX executable turtlebot3_ros[0m
[100%] Built target turtlebot3_ros
-- Install configuration: ""
-- Installing: /home/alexlee/fsd_ws/src/lane_length_pkg/install/lane_length_pkg/share/lane_length_pkg/environment/pythonpath.sh
-- Installing: /home/alexlee/fsd_ws/src/lane_length_pkg/install/lane_length_pkg/share/lane_length_pkg/environment/pythonpath.dsv
-- Installing: /home/alexlee/fsd_ws/src/lane_length_pkg/install/lane_length_pkg/local/lib/python3.10/dist-packages/lane_length_pkg-0.0.0-py3.10.egg-info
-- Installing: /home/alexlee/fsd_ws/src/lane_length_pkg/install/lane_length_pkg/local/lib/python3.10/dist-packages/lane_length_pkg-0.0.0-py3.10.egg-info/SOURCES.txt
-- Installing: /home/alexlee/fsd_ws/src/lane_length_pkg/install/lane_length_pkg/local/lib/python3.10/dist-packages/lane_length_pkg-0.0.0-py3.10.egg-info/top_level.txt
-- Installing: /home/alexlee/fsd_ws/src/lane_length_pkg/install/lane_length_pkg/local/lib/python3.10/dist-packages/lane_length_pkg-0.0.0-py3.10.egg-info/dependency_links.txt
-- Installing: /home/alexlee/fsd_ws/src/lane_length_pkg/install/lane_length_pkg/local/lib/python3.10/dist-packages/lane_length_pkg-0.0.0-py3.10.egg-info/PKG-INFO
-- Installing: /home/alexlee/fsd_ws/src/lane_length_pkg/install/lane_length_pkg/local/lib/python3.10/dist-packages/lane_length_pkg
-- Installing: /home/alexlee/fsd_ws/src/lane_length_pkg/install/lane_length_pkg/local/lib/python3.10/dist-packages/lane_length_pkg/led_behavior.py
-- Installing: /home/alexlee/fsd_ws/src/lane_length_pkg/install/lane_length_pkg/local/lib/python3.10/dist-packages/lane_length_pkg/situation_fusion.py
-- Installing: /home/alexlee/fsd_ws/src/lane_length_pkg/install/lane_length_pkg/local/lib/python3.10/dist-packages/lane_length_pkg/lane_follow_control_node.py
-- Installing: /home/alexlee/fsd_ws/src/lane_length_pkg/install/lane_length_pkg/local/lib/python3.10/dist-packages/lane_length_pkg/space_memory.py
-- Installing: /home/alexlee/fsd_ws/src/lane_length_pkg/install/lane_length_pkg/local/lib/python3.10/dist-packages/lane_length_pkg/led_signal.py
-- Installing: /home/alexlee/fsd_ws/src/lane_length_pkg/install/lane_length_pkg/local/lib/python3.10/dist-packages/lane_length_pkg/safety_filter_node.py
-- Installing: /home/alexlee/fsd_ws/src/lane_length_pkg/install/lane_length_pkg/local/lib/python3.10/dist-packages/lane_length_pkg/path_track_node.py
-- Installing: /home/alexlee/fsd_ws/src/lane_length_pkg/install/lane_length_pkg/local/lib/python3.10/dist-packages/lane_length_pkg/topic_watchdog.py
-- Installing: /home/alexlee/fsd_ws/src/lane_length_pkg/install/lane_length_pkg/local/lib/python3.10/dist-packages/lane_length_pkg/cooperation.py
-- Installing: /home/alexlee/fsd_ws/src/lane_length_pkg/install/lane_length_pkg/local/lib/python3.10/dist-packages/lane_length_pkg/lane_integration_node.py
-- Installing: /home/alexlee/fsd_ws/src/lane_length_pkg/install/lane_length_pkg/local/lib/python3.10/dist-packages/lane_length_pkg/scene_fusion_node.py
-- Installing: /home/alexlee/fsd_ws/src/lane_length_pkg/install/lane_length_pkg/local/lib/python3.10/dist-packages/lane_length_pkg/drive_mode_node.py
-- Installing: /home/alexlee/fsd_ws/src/lane_length_pkg/install/lane_length_pkg/local/lib/python3.10/dist-packages/lane_length_pkg/lane_decision_node.py
-- Installing: /home/alexlee/fsd_ws/src/lane_length_pkg/install/lane_length_pkg/local/lib/python3.10/dist-packages/lane_length_pkg/lane_detection_node.py
-- Installing: /home/alexlee/fsd_ws/src/lane_length_pkg/install/lane_length_pkg/local/lib/python3.10/dist-packages/lane_length_pkg/behavior_plan_node.py
-- Installing: /home/alexlee/fsd_ws/src/lane_length_pkg/install/lane_length_pkg/local/lib/python3.10/dist-packages/lane_length_pkg/reverse_astar_planner_node.py
-- Installing: /home/alexlee/fsd_ws/src/lane_length_pkg/install/lane_length_pkg/local/lib/python3.10/dist-packages/lane_length_pkg/cmd_mux_node.py
-- Installing: /home/alexlee/fsd_ws/src/lane_length_pkg/install/lane_length_pkg/local/lib/python3.10/dist-packages/lane_length_pkg/__init__.py
-- Installing: /home/alexlee/fsd_ws/src/lane_length_pkg/install/lane_length_pkg/local/lib/python3.10/dist-packages/lane_length_pkg/object_detect.py
-- Installing: /home/alexlee/fsd_ws/src/lane_length_pkg/install/lane_length_pkg/local/lib/python3.10/dist-packages/lane_length_pkg/lane_viewer_node.py
-- Installing: /home/alexlee/fsd_ws/src/lane_length_pkg/install/lane_length_pkg/local/lib/python3.10/dist-packages/lane_length_pkg/deadlock.py
-- Installing: /home/alexlee/fsd_ws/src/lane_length_pkg/install/lane_length_pkg/local/lib/python3.10/dist-packages/lane_length_pkg/led_io.py
-- Installing: /home/alexlee/fsd_ws/src/lane_length_pkg/install/lane_length_pkg/local/lib/python3.10/dist-packages/lane_length_pkg/lane_follow_eval_node.py
-- Installing: /home/alexlee/fsd_ws/src/lane_length_pkg/install/lane_length_pkg/local/lib/python3.10/dist-packages/lane_length_pkg/camera_driver.py
Listing '/home/alexlee/fsd_ws/src/lane_length_pkg/install/lane_length_pkg/local/lib/python3.10/dist-packages/lane_length_pkg'...
Compiling '/home/alexlee/fsd_ws/src/lane_length_pkg/install/lane_length_pkg/local/lib/python3.10/dist-packages/lane_length_pkg/__init__.py'...
Compiling '/home/alexlee/fsd_ws/src/lane_length_pkg/install/lane_length_pkg/local/lib/python3.10/dist-packages/lane_length_pkg/behavior_plan_node.py'...
Compiling '/home/alexlee/fsd_ws/src/lane_length_pkg/install/lane_length_pkg/local/lib/python3.10/dist-packages/lane_length_pkg/camera_driver.py'...
Compiling '/home/alexlee/fsd_ws/src/lane_length_pkg/install/lane_length_pkg/local/lib/python3.10/dist-packages/lane_length_pkg/cmd_mux_node.py'...
Compiling '/home/alexlee/fsd_ws/src/lane_length_pkg/install/lane_length_pkg/local/lib/python3.10/dist-packages/lane_length_pkg/cooperation.py'...
Compiling '/home/alexlee/fsd_ws/src/lane_length_pkg/install/lane_length_pkg/local/lib/python3.10/dist-packages/lane_length_pkg/deadlock.py'...
Compiling '/home/alexlee/fsd_ws/src/lane_length_pkg/install/lane_length_pkg/local/lib/python3.10/dist-packages/lane_length_pkg/drive_mode_node.py'...
Compiling '/home/alexlee/fsd_ws/src/lane_length_pkg/install/lane_length_pkg/local/lib/python3.10/dist-packages/lane_length_pkg/lane_decision_node.py'...
Compiling '/home/alexlee/fsd_ws/src/lane_length_pkg/install/lane_length_pkg/local/lib/python3.10/dist-packages/lane_length_pkg/lane_detection_node.py'...
Compiling '/home/alexlee/fsd_ws/src/lane_length_pkg/install/lane_length_pkg/local/lib/python3.10/dist-packages/lane_length_pkg/lane_follow_control_node.py'...
Compiling '/home/alexlee/fsd_ws/src/lane_length_pkg/install/lane_length_pkg/local/lib/python3.10/dist-packages/lane_length_pkg/lane_follow_eval_node.py'...
Compiling '/home/alexlee/fsd_ws/src/lane_length_pkg/install/lane_length_pkg/local/lib/python3.10/dist-packages/lane_length_pkg/lane_integration_node.py'...
Compiling '/home/alexlee/fsd_ws/src/lane_length_pkg/install/lane_length_pkg/local/lib/python3.10/dist-packages/lane_length_pkg/lane_viewer_node.py'...
Compiling '/home/alexlee/fsd_ws/src/lane_length_pkg/install/lane_length_pkg/local/lib/python3.10/dist-packages/lane_length_pkg/led_behavior.py'...
Compiling '/home/alexlee/fsd_ws/src/lane_length_pkg/install/lane_length_pkg/local/lib/python3.10/dist-packages/lane_length_pkg/led_io.py'...
Compiling '/home/alexlee/fsd_ws/src/lane_length_pkg/install/lane_length_pkg/local/lib/python3.10/dist-packages/lane_length_pkg/led_signal.py'...
Compiling '/home/alexlee/fsd_ws/src/lane_length_pkg/install/lane_length_pkg/local/lib/python3.10/dist-packages/lane_length_pkg/object_detect.py'...
Compiling '/home/alexlee/fsd_ws/src/lane_length_pkg/install/lane_length_pkg/local/lib/python3.10/dist-packages/lane_length_pkg/path_track_node.py'...
Compiling '/home/alexlee/fsd_ws/src/lane_length_pkg/install/lane_length_pkg/local/lib/python3.10/dist-packages/lane_length_pkg/reverse_astar_planner_node.py'...
Compiling '/home/alexlee/fsd_ws/src/lane_length_pkg/install/lane_length_pkg/local/lib/python3.10/dist-packages/lane_length_pkg/safety_filter_node.py'...
Compiling '/home/alexlee/fsd_ws/src/lane_length_pkg/install/lane_length_pkg/local/lib/python3.10/dist-packages/lane_length_pkg/scene_fusion_node.py'...
Compiling '/home/alexlee/fsd_ws/src/lane_length_pkg/install/lane_length_pkg/local/lib/python3.10/dist-packages/lane_length_pkg/situation_fusion.py'...
Compiling '/home/alexlee/fsd_ws/src/lane_length_pkg/install/lane_length_pkg/local/lib/python3.10/dist-packages/lane_length_pkg/space_memory.py'...
Compiling '/home/alexlee/fsd_ws/src/lane_length_pkg/install/lane_length_pkg/local/lib/python3.10/dist-packages/lane_length_pkg/topic_watchdog.py'...
-- Installing: /home/alexlee/fsd_ws/src/lane_length_pkg/install/lane_length_pkg/lib/lane_length_pkg/detection_node
-- Installing: /home/alexlee/fsd_ws/src/lane_length_pkg/install/lane_length_pkg/lib/lane_length_pkg/integration_node
-- Installing: /home/alexlee/fsd_ws/src/lane_length_pkg/install/lane_length_pkg/lib/lane_length_pkg/control_node
-- Installing: /home/alexlee/fsd_ws/src/lane_length_pkg/install/lane_length_pkg/lib/lane_length_pkg/decision_node
-- Installing: /home/alexlee/fsd_ws/src/lane_length_pkg/install/lane_length_pkg/lib/lane_length_pkg/viewer_node
-- Installing: /home/alexlee/fsd_ws/src/lane_length_pkg/install/lane_length_pkg/lib/lane_length_pkg/lane_detection_node
-- Installing: /home/alexlee/fsd_ws/src/lane_length_pkg/install/lane_length_pkg/lib/lane_length_pkg/lane_integration_node
-- Installing: /home/alexlee/fsd_ws/src/lane_length_pkg/install/lane_length_pkg/lib/lane_length_pkg/lane_decision_node
-- Installing: /home/alexlee/fsd_ws/src/lane_length_pkg/install/lane_length_pkg/lib/lane_length_pkg/lane_follow_control_node
-- Installing: /home/alexlee/fsd_ws/src/lane_length_pkg/install/lane_length_pkg/lib/lane_length_pkg/lane_viewer_node
-- Installing: /home/alexlee/fsd_ws/src/lane_length_pkg/install/lane_length_pkg/lib/lane_length_pkg/scene_fusion_node
-- Installing: /home/alexlee/fsd_ws/src/lane_length_pkg/install/lane_length_pkg/lib/lane_length_pkg/drive_mode_node
-- Installing: /home/alexlee/fsd_ws/src/lane_length_pkg/install/lane_length_pkg/lib/lane_length_pkg/behavior_plan_node
-- Installing: /home/alexlee/fsd_ws/src/lane_length_pkg/install/lane_length_pkg/lib/lane_length_pkg/reverse_astar_planner_node
-- Installing: /home/alexlee/fsd_ws/src/lane_length_pkg/install/lane_length_pkg/lib/lane_length_pkg/path_track_node
-- Installing: /home/alexlee/fsd_ws/src/lane_length_pkg/install/lane_length_pkg/lib/lane_length_pkg/lane_follow_eval
-- Installing: /home/alexlee/fsd_ws/src/lane_length_pkg/install/lane_length_pkg/lib/lane_length_pkg/cmd_mux_node
-- Installing: /home/alexlee/fsd_ws/src/lane_length_pkg/install/lane_length_pkg/lib/lane_length_pkg/safety_filter_node
-- Installing: /home/alexlee/fsd_ws/src/lane_length_pkg/install/lane_length_pkg/lib/lane_length_pkg/camera_driver
-- Installing: /home/alexlee/fsd_ws/src/lane_length_pkg/install/lane_length_pkg/lib/lane_length_pkg/object_detect
-- Installing: /home/alexlee/fsd_ws/src/lane_length_pkg/install/lane_length_pkg/lib/lane_length_pkg/led_signal
-- Installing: /home/alexlee/fsd_ws/src/lane_length_pkg/install/lane_length_pkg/lib/lane_length_pkg/space_memory
-- Installing: /home/alexlee/fsd_ws/src/lane_length_pkg/install/lane_length_pkg/lib/lane_length_pkg/situation_fusion
-- Installing: /home/alexlee/fsd_ws/src/lane_length_pkg/install/lane_length_pkg/lib/lane_length_pkg/deadlock
-- Installing: /home/alexlee/fsd_ws/src/lane_length_pkg/install/lane_length_pkg/lib/lane_length_pkg/cooperation
-- Installing: /home/alexlee/fsd_ws/src/lane_length_pkg/install/lane_length_pkg/lib/lane_length_pkg/topic_watchdog
-- Installing: /home/alexlee/fsd_ws/src/lane_length_pkg/install/lane_length_pkg/lib/lane_length_pkg/led_behavior
-- Installing: /home/alexlee/fsd_ws/src/lane_length_pkg/install/lane_length_pkg/lib/lane_length_pkg/led_io
-- Installing: /home/alexlee/fsd_ws/src/lane_length_pkg/install/lane_length_pkg/lib/lane_length_pkg/localization_slam
-- Set runtime path of "/home/alexlee/fsd_ws/src/lane_length_pkg/install/lane_length_pkg/lib/lane_length_pkg/localization_slam" to ""
-- Installing: /home/alexlee/fsd_ws/src/lane_length_pkg/install/lane_length_pkg/lib/lane_length_pkg/turtlebot3_ros
-- Set runtime path of "/home/alexlee/fsd_ws/src/lane_length_pkg/install/lane_length_pkg/lib/lane_length_pkg/turtlebot3_ros" to ""
-- Installing: /home/alexlee/fsd_ws/src/lane_length_pkg/install/lane_length_pkg/lib/lane_length_pkg/ld08_driver
-- Set runtime path of "/home/alexlee/fsd_ws/src/lane_length_pkg/install/lane_length_pkg/lib/lane_length_pkg/ld08_driver" to ""
-- Installing: /home/alexlee/fsd_ws/src/lane_length_pkg/install/lane_length_pkg/lib/lane_length_pkg/single_coin_d4_node
-- Set runtime path of "/home/alexlee/fsd_ws/src/lane_length_pkg/install/lane_length_pkg/lib/lane_length_pkg/single_coin_d4_node" to ""
-- Installing: /home/alexlee/fsd_ws/src/lane_length_pkg/install/lane_length_pkg/lib/libturtlebot3_control_lib.a
-- Installing: /home/alexlee/fsd_ws/src/lane_length_pkg/install/lane_length_pkg/lib/libcoin_d4_driver_lib.so
-- Set runtime path of "/home/alexlee/fsd_ws/src/lane_length_pkg/install/lane_length_pkg/lib/libcoin_d4_driver_lib.so" to ""
-- Installing: /home/alexlee/fsd_ws/src/lane_length_pkg/install/lane_length_pkg/share/lane_length_pkg/config
-- Installing: /home/alexlee/fsd_ws/src/lane_length_pkg/install/lane_length_pkg/share/lane_length_pkg/config/image.png
-- Installing: /home/alexlee/fsd_ws/src/lane_length_pkg/install/lane_length_pkg/share/lane_length_pkg/config/Hinv.npy
-- Installing: /home/alexlee/fsd_ws/src/lane_length_pkg/install/lane_length_pkg/share/lane_length_pkg/config/fisheye.yaml
-- Installing: /home/alexlee/fsd_ws/src/lane_length_pkg/install/lane_length_pkg/share/lane_length_pkg/config/Screenshot from 2026-06-06 15-24-55.png
-- Installing: /home/alexlee/fsd_ws/src/lane_length_pkg/install/lane_length_pkg/share/lane_length_pkg/config/Screenshot from 2026-06-06 15-13-43.png
-- Installing: /home/alexlee/fsd_ws/src/lane_length_pkg/install/lane_length_pkg/share/lane_length_pkg/config/default_cam.yaml
-- Installing: /home/alexlee/fsd_ws/src/lane_length_pkg/install/lane_length_pkg/share/lane_length_pkg/config/Screenshot from 2026-06-07 01-25-02.png
-- Installing: /home/alexlee/fsd_ws/src/lane_length_pkg/install/lane_length_pkg/share/lane_length_pkg/config/H.npy
-- Installing: /home/alexlee/fsd_ws/src/lane_length_pkg/install/lane_length_pkg/share/lane_length_pkg/launch
-- Installing: /home/alexlee/fsd_ws/src/lane_length_pkg/install/lane_length_pkg/share/lane_length_pkg/launch/__pycache__
-- Installing: /home/alexlee/fsd_ws/src/lane_length_pkg/install/lane_length_pkg/share/lane_length_pkg/launch/__pycache__/lane_pipeline.launch.cpython-310.pyc
-- Installing: /home/alexlee/fsd_ws/src/lane_length_pkg/install/lane_length_pkg/share/lane_length_pkg/launch/lane_pipeline.launch.py
-- Installing: /home/alexlee/fsd_ws/src/lane_length_pkg/install/lane_length_pkg/share/lane_length_pkg/description
-- Installing: /home/alexlee/fsd_ws/src/lane_length_pkg/install/lane_length_pkg/share/lane_length_pkg/description/urdf
-- Installing: /home/alexlee/fsd_ws/src/lane_length_pkg/install/lane_length_pkg/share/lane_length_pkg/description/urdf/common_properties.urdf
-- Installing: /home/alexlee/fsd_ws/src/lane_length_pkg/install/lane_length_pkg/share/lane_length_pkg/description/urdf/turtlebot3_burger.urdf
-- Installing: /home/alexlee/fsd_ws/src/lane_length_pkg/install/lane_length_pkg/share/lane_length_pkg/description/urdf/turtlebot3_waffle_pi.urdf
-- Installing: /home/alexlee/fsd_ws/src/lane_length_pkg/install/lane_length_pkg/share/lane_length_pkg/description/urdf/turtlebot3_waffle.urdf
-- Installing: /home/alexlee/fsd_ws/src/lane_length_pkg/install/lane_length_pkg/share/lane_length_pkg/description/rviz
-- Installing: /home/alexlee/fsd_ws/src/lane_length_pkg/install/lane_length_pkg/share/lane_length_pkg/description/rviz/model.rviz
-- Installing: /home/alexlee/fsd_ws/src/lane_length_pkg/install/lane_length_pkg/share/lane_length_pkg/description/meshes
-- Installing: /home/alexlee/fsd_ws/src/lane_length_pkg/install/lane_length_pkg/share/lane_length_pkg/description/meshes/sensors
-- Installing: /home/alexlee/fsd_ws/src/lane_length_pkg/install/lane_length_pkg/share/lane_length_pkg/description/meshes/sensors/r200.dae
-- Installing: /home/alexlee/fsd_ws/src/lane_length_pkg/install/lane_length_pkg/share/lane_length_pkg/description/meshes/sensors/astra.dae
-- Installing: /home/alexlee/fsd_ws/src/lane_length_pkg/install/lane_length_pkg/share/lane_length_pkg/description/meshes/sensors/lds.stl
-- Installing: /home/alexlee/fsd_ws/src/lane_length_pkg/install/lane_length_pkg/share/lane_length_pkg/description/meshes/sensors/astra.jpg
-- Installing: /home/alexlee/fsd_ws/src/lane_length_pkg/install/lane_length_pkg/share/lane_length_pkg/description/meshes/sensors/r200.jpg
-- Installing: /home/alexlee/fsd_ws/src/lane_length_pkg/install/lane_length_pkg/share/lane_length_pkg/description/meshes/wheels
-- Installing: /home/alexlee/fsd_ws/src/lane_length_pkg/install/lane_length_pkg/share/lane_length_pkg/description/meshes/wheels/left_tire.stl
-- Installing: /home/alexlee/fsd_ws/src/lane_length_pkg/install/lane_length_pkg/share/lane_length_pkg/description/meshes/wheels/right_tire.stl
-- Installing: /home/alexlee/fsd_ws/src/lane_length_pkg/install/lane_length_pkg/share/lane_length_pkg/description/meshes/bases
-- Installing: /home/alexlee/fsd_ws/src/lane_length_pkg/install/lane_length_pkg/share/lane_length_pkg/description/meshes/bases/waffle_base.stl
-- Installing: /home/alexlee/fsd_ws/src/lane_length_pkg/install/lane_length_pkg/share/lane_length_pkg/description/meshes/bases/waffle_pi_base.stl
-- Installing: /home/alexlee/fsd_ws/src/lane_length_pkg/install/lane_length_pkg/share/lane_length_pkg/description/meshes/bases/burger_base.stl
-- Installing: /home/alexlee/fsd_ws/src/lane_length_pkg/install/lane_length_pkg/share/lane_length_pkg/param
-- Installing: /home/alexlee/fsd_ws/src/lane_length_pkg/install/lane_length_pkg/share/lane_length_pkg/param/waffle.yaml
-- Installing: /home/alexlee/fsd_ws/src/lane_length_pkg/install/lane_length_pkg/share/lane_length_pkg/param/waffle_pi.yaml
-- Installing: /home/alexlee/fsd_ws/src/lane_length_pkg/install/lane_length_pkg/share/lane_length_pkg/param/burger.yaml
-- Installing: /home/alexlee/fsd_ws/src/lane_length_pkg/install/lane_length_pkg/share/lane_length_pkg/rviz
-- Installing: /home/alexlee/fsd_ws/src/lane_length_pkg/install/lane_length_pkg/share/lane_length_pkg/rviz/lane_pipeline.rviz
-- Installing: /home/alexlee/fsd_ws/src/lane_length_pkg/install/lane_length_pkg/share/lane_length_pkg/drivers/ld08_driver/launch
-- Installing: /home/alexlee/fsd_ws/src/lane_length_pkg/install/lane_length_pkg/share/lane_length_pkg/drivers/ld08_driver/launch/ld08.launch.py
-- Installing: /home/alexlee/fsd_ws/src/lane_length_pkg/install/lane_length_pkg/share/lane_length_pkg/drivers/coin_d4_driver/launch
-- Installing: /home/alexlee/fsd_ws/src/lane_length_pkg/install/lane_length_pkg/share/lane_length_pkg/drivers/coin_d4_driver/launch/single_lidar_node.launch.py
-- Installing: /home/alexlee/fsd_ws/src/lane_length_pkg/install/lane_length_pkg/share/lane_length_pkg/drivers/coin_d4_driver/params
-- Installing: /home/alexlee/fsd_ws/src/lane_length_pkg/install/lane_length_pkg/share/lane_length_pkg/drivers/coin_d4_driver/params/single_lidar_node.yaml
-- Installing: /home/alexlee/fsd_ws/src/lane_length_pkg/install/lane_length_pkg/include
-- Installing: /home/alexlee/fsd_ws/src/lane_length_pkg/install/lane_length_pkg/include/turtlebot3_node
-- Installing: /home/alexlee/fsd_ws/src/lane_length_pkg/install/lane_length_pkg/include/turtlebot3_node/odometry.hpp
-- Installing: /home/alexlee/fsd_ws/src/lane_length_pkg/install/lane_length_pkg/include/turtlebot3_node/sensors
-- Installing: /home/alexlee/fsd_ws/src/lane_length_pkg/install/lane_length_pkg/include/turtlebot3_node/sensors/sensor_state.hpp
-- Installing: /home/alexlee/fsd_ws/src/lane_length_pkg/install/lane_length_pkg/include/turtlebot3_node/sensors/sensors.hpp
-- Installing: /home/alexlee/fsd_ws/src/lane_length_pkg/install/lane_length_pkg/include/turtlebot3_node/sensors/battery_state.hpp
-- Installing: /home/alexlee/fsd_ws/src/lane_length_pkg/install/lane_length_pkg/include/turtlebot3_node/sensors/imu.hpp
-- Installing: /home/alexlee/fsd_ws/src/lane_length_pkg/install/lane_length_pkg/include/turtlebot3_node/sensors/joint_state.hpp
-- Installing: /home/alexlee/fsd_ws/src/lane_length_pkg/install/lane_length_pkg/include/turtlebot3_node/control_table.hpp
-- Installing: /home/alexlee/fsd_ws/src/lane_length_pkg/install/lane_length_pkg/include/turtlebot3_node/devices
-- Installing: /home/alexlee/fsd_ws/src/lane_length_pkg/install/lane_length_pkg/include/turtlebot3_node/devices/reset.hpp
-- Installing: /home/alexlee/fsd_ws/src/lane_length_pkg/install/lane_length_pkg/include/turtlebot3_node/devices/motor_power.hpp
-- Installing: /home/alexlee/fsd_ws/src/lane_length_pkg/install/lane_length_pkg/include/turtlebot3_node/devices/devices.hpp
-- Installing: /home/alexlee/fsd_ws/src/lane_length_pkg/install/lane_length_pkg/include/turtlebot3_node/devices/sound.hpp
-- Installing: /home/alexlee/fsd_ws/src/lane_length_pkg/install/lane_length_pkg/include/turtlebot3_node/turtlebot3.hpp
-- Installing: /home/alexlee/fsd_ws/src/lane_length_pkg/install/lane_length_pkg/include/turtlebot3_node/dynamixel_sdk_wrapper.hpp
-- Installing: /home/alexlee/fsd_ws/src/lane_length_pkg/install/lane_length_pkg/include/turtlebot3_node/twist_subscriber.hpp
-- Installing: /home/alexlee/fsd_ws/src/lane_length_pkg/install/lane_length_pkg/include/turtlebot3_node/twist_publisher.hpp
-- Installing: /home/alexlee/fsd_ws/src/lane_length_pkg/install/lane_length_pkg/include/turtlebot3_node/diff_drive_controller.hpp
-- Up-to-date: /home/alexlee/fsd_ws/src/lane_length_pkg/install/lane_length_pkg/include
-- Installing: /home/alexlee/fsd_ws/src/lane_length_pkg/install/lane_length_pkg/include/coin_d4_driver
-- Installing: /home/alexlee/fsd_ws/src/lane_length_pkg/install/lane_length_pkg/include/coin_d4_driver/lidar_sdk
-- Installing: /home/alexlee/fsd_ws/src/lane_length_pkg/install/lane_length_pkg/include/coin_d4_driver/lidar_sdk/locker.hpp
-- Installing: /home/alexlee/fsd_ws/src/lane_length_pkg/install/lane_length_pkg/include/coin_d4_driver/lidar_sdk/serial_port.hpp
-- Installing: /home/alexlee/fsd_ws/src/lane_length_pkg/install/lane_length_pkg/include/coin_d4_driver/lidar_sdk/lidar_data_processor.hpp
-- Installing: /home/alexlee/fsd_ws/src/lane_length_pkg/install/lane_length_pkg/include/coin_d4_driver/lidar_sdk/lidar_information.hpp
-- Installing: /home/alexlee/fsd_ws/src/lane_length_pkg/install/lane_length_pkg/include/coin_d4_driver/lidar_sdk/timer.hpp
-- Installing: /home/alexlee/fsd_ws/src/lane_length_pkg/install/lane_length_pkg/include/coin_d4_driver/lidar_sdk/handling_info.hpp
-- Installing: /home/alexlee/fsd_ws/src/lane_length_pkg/install/lane_length_pkg/include/coin_d4_driver/lidar_sdk/mtime.hpp
-- Installing: /home/alexlee/fsd_ws/src/lane_length_pkg/install/lane_length_pkg/include/coin_d4_driver/coin_d4_base_handler.hpp
-- Installing: /home/alexlee/fsd_ws/src/lane_length_pkg/install/lane_length_pkg/include/coin_d4_driver/coin_d4_node_handler.hpp
-- Installing: /home/alexlee/fsd_ws/src/lane_length_pkg/install/lane_length_pkg/include/coin_d4_driver/single_coin_d4_node.hpp
-- Installing: /home/alexlee/fsd_ws/src/lane_length_pkg/install/lane_length_pkg/include/coin_d4_driver/coin_d4_lifecycle_handler.hpp
-- Up-to-date: /home/alexlee/fsd_ws/src/lane_length_pkg/install/lane_length_pkg/include
-- Installing: /home/alexlee/fsd_ws/src/lane_length_pkg/install/lane_length_pkg/include/slbf.hpp
-- Installing: /home/alexlee/fsd_ws/src/lane_length_pkg/install/lane_length_pkg/include/cmd_interface_linux.hpp
-- Installing: /home/alexlee/fsd_ws/src/lane_length_pkg/install/lane_length_pkg/include/transform.hpp
-- Installing: /home/alexlee/fsd_ws/src/lane_length_pkg/install/lane_length_pkg/include/pointdata.hpp
-- Installing: /home/alexlee/fsd_ws/src/lane_length_pkg/install/lane_length_pkg/include/lipkg.hpp
-- Installing: /home/alexlee/fsd_ws/src/lane_length_pkg/install/lane_length_pkg/share/lane_length_pkg/environment/library_path.sh
-- Installing: /home/alexlee/fsd_ws/src/lane_length_pkg/install/lane_length_pkg/share/lane_length_pkg/environment/library_path.dsv
-- Installing: /home/alexlee/fsd_ws/src/lane_length_pkg/install/lane_length_pkg/share/ament_index/resource_index/package_run_dependencies/lane_length_pkg
-- Installing: /home/alexlee/fsd_ws/src/lane_length_pkg/install/lane_length_pkg/share/ament_index/resource_index/parent_prefix_path/lane_length_pkg
-- Installing: /home/alexlee/fsd_ws/src/lane_length_pkg/install/lane_length_pkg/share/lane_length_pkg/environment/ament_prefix_path.sh
-- Installing: /home/alexlee/fsd_ws/src/lane_length_pkg/install/lane_length_pkg/share/lane_length_pkg/environment/ament_prefix_path.dsv
-- Installing: /home/alexlee/fsd_ws/src/lane_length_pkg/install/lane_length_pkg/share/lane_length_pkg/environment/path.sh
-- Installing: /home/alexlee/fsd_ws/src/lane_length_pkg/install/lane_length_pkg/share/lane_length_pkg/environment/path.dsv
-- Installing: /home/alexlee/fsd_ws/src/lane_length_pkg/install/lane_length_pkg/share/lane_length_pkg/local_setup.bash
-- Installing: /home/alexlee/fsd_ws/src/lane_length_pkg/install/lane_length_pkg/share/lane_length_pkg/local_setup.sh
-- Installing: /home/alexlee/fsd_ws/src/lane_length_pkg/install/lane_length_pkg/share/lane_length_pkg/local_setup.zsh
-- Installing: /home/alexlee/fsd_ws/src/lane_length_pkg/install/lane_length_pkg/share/lane_length_pkg/local_setup.dsv
-- Installing: /home/alexlee/fsd_ws/src/lane_length_pkg/install/lane_length_pkg/share/lane_length_pkg/package.dsv
-- Installing: /home/alexlee/fsd_ws/src/lane_length_pkg/install/lane_length_pkg/share/ament_index/resource_index/packages/lane_length_pkg
-- Installing: /home/alexlee/fsd_ws/src/lane_length_pkg/install/lane_length_pkg/share/lane_length_pkg/cmake/ament_cmake_export_include_directories-extras.cmake
-- Installing: /home/alexlee/fsd_ws/src/lane_length_pkg/install/lane_length_pkg/share/lane_length_pkg/cmake/ament_cmake_export_libraries-extras.cmake
-- Installing: /home/alexlee/fsd_ws/src/lane_length_pkg/install/lane_length_pkg/share/lane_length_pkg/cmake/ament_cmake_export_dependencies-extras.cmake
-- Installing: /home/alexlee/fsd_ws/src/lane_length_pkg/install/lane_length_pkg/share/lane_length_pkg/cmake/lane_length_pkgConfig.cmake
-- Installing: /home/alexlee/fsd_ws/src/lane_length_pkg/install/lane_length_pkg/share/lane_length_pkg/cmake/lane_length_pkgConfig-version.cmake
-- Installing: /home/alexlee/fsd_ws/src/lane_length_pkg/install/lane_length_pkg/share/lane_length_pkg/package.xml
