[  6%] Built target localization_slam
[  6%] Built target ament_cmake_python_symlink_lane_length_pkg
[ 25%] Built target ld08_driver
[ 50%] Built target coin_d4_driver_lib
[ 87%] Built target turtlebot3_control_lib
[ 93%] Built target single_coin_d4_node
[100%] Built target turtlebot3_ros
running egg_info
writing lane_length_pkg.egg-info/PKG-INFO
writing dependency_links to lane_length_pkg.egg-info/dependency_links.txt
writing top-level names to lane_length_pkg.egg-info/top_level.txt
reading manifest file 'lane_length_pkg.egg-info/SOURCES.txt'
writing manifest file 'lane_length_pkg.egg-info/SOURCES.txt'
[100%] Built target ament_cmake_python_build_lane_length_pkg_egg
-- Install configuration: ""
-- Execute custom install script
-- Up-to-date symlink: /home/jhp/fsd_ws/install/lane_length_pkg/share/lane_length_pkg/environment/pythonpath.sh
-- Up-to-date symlink: /home/jhp/fsd_ws/install/lane_length_pkg/share/lane_length_pkg/environment/pythonpath.dsv
-- Up-to-date symlink: /home/jhp/fsd_ws/install/lane_length_pkg/local/lib/python3.10/dist-packages/lane_length_pkg-0.0.0-py3.10.egg-info/PKG-INFO
-- Up-to-date symlink: /home/jhp/fsd_ws/install/lane_length_pkg/local/lib/python3.10/dist-packages/lane_length_pkg-0.0.0-py3.10.egg-info/SOURCES.txt
-- Up-to-date symlink: /home/jhp/fsd_ws/install/lane_length_pkg/local/lib/python3.10/dist-packages/lane_length_pkg-0.0.0-py3.10.egg-info/dependency_links.txt
-- Up-to-date symlink: /home/jhp/fsd_ws/install/lane_length_pkg/local/lib/python3.10/dist-packages/lane_length_pkg-0.0.0-py3.10.egg-info/top_level.txt
-- Up-to-date symlink: /home/jhp/fsd_ws/install/lane_length_pkg/local/lib/python3.10/dist-packages/lane_length_pkg/__init__.py
-- Up-to-date symlink: /home/jhp/fsd_ws/install/lane_length_pkg/local/lib/python3.10/dist-packages/lane_length_pkg/behavior_plan_node.py
-- Up-to-date symlink: /home/jhp/fsd_ws/install/lane_length_pkg/local/lib/python3.10/dist-packages/lane_length_pkg/camera_driver.py
-- Up-to-date symlink: /home/jhp/fsd_ws/install/lane_length_pkg/local/lib/python3.10/dist-packages/lane_length_pkg/cmd_mux_node.py
-- Up-to-date symlink: /home/jhp/fsd_ws/install/lane_length_pkg/local/lib/python3.10/dist-packages/lane_length_pkg/cooperation.py
-- Up-to-date symlink: /home/jhp/fsd_ws/install/lane_length_pkg/local/lib/python3.10/dist-packages/lane_length_pkg/deadlock.py
-- Up-to-date symlink: /home/jhp/fsd_ws/install/lane_length_pkg/local/lib/python3.10/dist-packages/lane_length_pkg/drive_mode_node.py
-- Up-to-date symlink: /home/jhp/fsd_ws/install/lane_length_pkg/local/lib/python3.10/dist-packages/lane_length_pkg/lane_decision_node.py
-- Up-to-date symlink: /home/jhp/fsd_ws/install/lane_length_pkg/local/lib/python3.10/dist-packages/lane_length_pkg/lane_detection_node.py
-- Up-to-date symlink: /home/jhp/fsd_ws/install/lane_length_pkg/local/lib/python3.10/dist-packages/lane_length_pkg/lane_follow_control_node.py
-- Up-to-date symlink: /home/jhp/fsd_ws/install/lane_length_pkg/local/lib/python3.10/dist-packages/lane_length_pkg/lane_follow_eval_node.py
-- Up-to-date symlink: /home/jhp/fsd_ws/install/lane_length_pkg/local/lib/python3.10/dist-packages/lane_length_pkg/lane_integration_node.py
-- Up-to-date symlink: /home/jhp/fsd_ws/install/lane_length_pkg/local/lib/python3.10/dist-packages/lane_length_pkg/lane_viewer_node.py
-- Up-to-date symlink: /home/jhp/fsd_ws/install/lane_length_pkg/local/lib/python3.10/dist-packages/lane_length_pkg/led_behavior.py
-- Up-to-date symlink: /home/jhp/fsd_ws/install/lane_length_pkg/local/lib/python3.10/dist-packages/lane_length_pkg/led_io.py
-- Up-to-date symlink: /home/jhp/fsd_ws/install/lane_length_pkg/local/lib/python3.10/dist-packages/lane_length_pkg/led_signal.py
-- Up-to-date symlink: /home/jhp/fsd_ws/install/lane_length_pkg/local/lib/python3.10/dist-packages/lane_length_pkg/object_detect.py
-- Up-to-date symlink: /home/jhp/fsd_ws/install/lane_length_pkg/local/lib/python3.10/dist-packages/lane_length_pkg/path_track_node.py
-- Up-to-date symlink: /home/jhp/fsd_ws/install/lane_length_pkg/local/lib/python3.10/dist-packages/lane_length_pkg/reverse_astar_planner_node.py
-- Up-to-date symlink: /home/jhp/fsd_ws/install/lane_length_pkg/local/lib/python3.10/dist-packages/lane_length_pkg/safety_filter_node.py
-- Up-to-date symlink: /home/jhp/fsd_ws/install/lane_length_pkg/local/lib/python3.10/dist-packages/lane_length_pkg/scene_fusion_node.py
-- Up-to-date symlink: /home/jhp/fsd_ws/install/lane_length_pkg/local/lib/python3.10/dist-packages/lane_length_pkg/situation_fusion.py
-- Up-to-date symlink: /home/jhp/fsd_ws/install/lane_length_pkg/local/lib/python3.10/dist-packages/lane_length_pkg/space_memory.py
-- Up-to-date symlink: /home/jhp/fsd_ws/install/lane_length_pkg/local/lib/python3.10/dist-packages/lane_length_pkg/topic_watchdog.py
-- Up-to-date symlink: /home/jhp/fsd_ws/install/lane_length_pkg/lib/lane_length_pkg/detection_node
-- Up-to-date symlink: /home/jhp/fsd_ws/install/lane_length_pkg/lib/lane_length_pkg/integration_node
-- Up-to-date symlink: /home/jhp/fsd_ws/install/lane_length_pkg/lib/lane_length_pkg/control_node
-- Up-to-date symlink: /home/jhp/fsd_ws/install/lane_length_pkg/lib/lane_length_pkg/decision_node
-- Up-to-date symlink: /home/jhp/fsd_ws/install/lane_length_pkg/lib/lane_length_pkg/viewer_node
-- Up-to-date symlink: /home/jhp/fsd_ws/install/lane_length_pkg/lib/lane_length_pkg/lane_detection_node
-- Up-to-date symlink: /home/jhp/fsd_ws/install/lane_length_pkg/lib/lane_length_pkg/lane_integration_node
-- Up-to-date symlink: /home/jhp/fsd_ws/install/lane_length_pkg/lib/lane_length_pkg/lane_decision_node
-- Up-to-date symlink: /home/jhp/fsd_ws/install/lane_length_pkg/lib/lane_length_pkg/lane_follow_control_node
-- Up-to-date symlink: /home/jhp/fsd_ws/install/lane_length_pkg/lib/lane_length_pkg/lane_viewer_node
-- Up-to-date symlink: /home/jhp/fsd_ws/install/lane_length_pkg/lib/lane_length_pkg/scene_fusion_node
-- Up-to-date symlink: /home/jhp/fsd_ws/install/lane_length_pkg/lib/lane_length_pkg/drive_mode_node
-- Up-to-date symlink: /home/jhp/fsd_ws/install/lane_length_pkg/lib/lane_length_pkg/behavior_plan_node
-- Up-to-date symlink: /home/jhp/fsd_ws/install/lane_length_pkg/lib/lane_length_pkg/reverse_astar_planner_node
-- Up-to-date symlink: /home/jhp/fsd_ws/install/lane_length_pkg/lib/lane_length_pkg/path_track_node
-- Up-to-date symlink: /home/jhp/fsd_ws/install/lane_length_pkg/lib/lane_length_pkg/lane_follow_eval
-- Up-to-date symlink: /home/jhp/fsd_ws/install/lane_length_pkg/lib/lane_length_pkg/cmd_mux_node
-- Up-to-date symlink: /home/jhp/fsd_ws/install/lane_length_pkg/lib/lane_length_pkg/safety_filter_node
-- Up-to-date symlink: /home/jhp/fsd_ws/install/lane_length_pkg/lib/lane_length_pkg/camera_driver
-- Up-to-date symlink: /home/jhp/fsd_ws/install/lane_length_pkg/lib/lane_length_pkg/object_detect
-- Up-to-date symlink: /home/jhp/fsd_ws/install/lane_length_pkg/lib/lane_length_pkg/led_signal
-- Up-to-date symlink: /home/jhp/fsd_ws/install/lane_length_pkg/lib/lane_length_pkg/space_memory
-- Up-to-date symlink: /home/jhp/fsd_ws/install/lane_length_pkg/lib/lane_length_pkg/situation_fusion
-- Up-to-date symlink: /home/jhp/fsd_ws/install/lane_length_pkg/lib/lane_length_pkg/deadlock
-- Up-to-date symlink: /home/jhp/fsd_ws/install/lane_length_pkg/lib/lane_length_pkg/cooperation
-- Up-to-date symlink: /home/jhp/fsd_ws/install/lane_length_pkg/lib/lane_length_pkg/topic_watchdog
-- Up-to-date symlink: /home/jhp/fsd_ws/install/lane_length_pkg/lib/lane_length_pkg/led_behavior
-- Up-to-date symlink: /home/jhp/fsd_ws/install/lane_length_pkg/lib/lane_length_pkg/led_io
-- Up-to-date symlink: /home/jhp/fsd_ws/install/lane_length_pkg/lib/lane_length_pkg/localization_slam
-- Up-to-date symlink: /home/jhp/fsd_ws/install/lane_length_pkg/lib/lane_length_pkg/turtlebot3_ros
-- Up-to-date symlink: /home/jhp/fsd_ws/install/lane_length_pkg/lib/lane_length_pkg/ld08_driver
-- Up-to-date symlink: /home/jhp/fsd_ws/install/lane_length_pkg/lib/lane_length_pkg/single_coin_d4_node
-- Up-to-date symlink: /home/jhp/fsd_ws/install/lane_length_pkg/lib/libturtlebot3_control_lib.a
-- Up-to-date symlink: /home/jhp/fsd_ws/install/lane_length_pkg/lib/libcoin_d4_driver_lib.so
-- Up-to-date symlink: /home/jhp/fsd_ws/install/lane_length_pkg/share/lane_length_pkg/config/H.npy
-- Up-to-date symlink: /home/jhp/fsd_ws/install/lane_length_pkg/share/lane_length_pkg/config/Hinv.npy
-- Up-to-date symlink: /home/jhp/fsd_ws/install/lane_length_pkg/share/lane_length_pkg/config/Screenshot from 2026-06-06 15-13-43.png
-- Up-to-date symlink: /home/jhp/fsd_ws/install/lane_length_pkg/share/lane_length_pkg/config/Screenshot from 2026-06-06 15-24-55.png
-- Up-to-date symlink: /home/jhp/fsd_ws/install/lane_length_pkg/share/lane_length_pkg/config/Screenshot from 2026-06-07 01-25-02.png
-- Up-to-date symlink: /home/jhp/fsd_ws/install/lane_length_pkg/share/lane_length_pkg/config/default_cam.yaml
-- Up-to-date symlink: /home/jhp/fsd_ws/install/lane_length_pkg/share/lane_length_pkg/config/fisheye.yaml
-- Up-to-date symlink: /home/jhp/fsd_ws/install/lane_length_pkg/share/lane_length_pkg/config/image.png
-- Up-to-date symlink: /home/jhp/fsd_ws/install/lane_length_pkg/share/lane_length_pkg/launch/__pycache__/lane_pipeline.launch.cpython-310.pyc
-- Up-to-date symlink: /home/jhp/fsd_ws/install/lane_length_pkg/share/lane_length_pkg/launch/lane_pipeline.launch.py
-- Up-to-date symlink: /home/jhp/fsd_ws/install/lane_length_pkg/share/lane_length_pkg/description/meshes/bases/burger_base.stl
-- Up-to-date symlink: /home/jhp/fsd_ws/install/lane_length_pkg/share/lane_length_pkg/description/meshes/bases/waffle_base.stl
-- Up-to-date symlink: /home/jhp/fsd_ws/install/lane_length_pkg/share/lane_length_pkg/description/meshes/bases/waffle_pi_base.stl
-- Up-to-date symlink: /home/jhp/fsd_ws/install/lane_length_pkg/share/lane_length_pkg/description/meshes/sensors/astra.dae
-- Up-to-date symlink: /home/jhp/fsd_ws/install/lane_length_pkg/share/lane_length_pkg/description/meshes/sensors/astra.jpg
-- Up-to-date symlink: /home/jhp/fsd_ws/install/lane_length_pkg/share/lane_length_pkg/description/meshes/sensors/lds.stl
-- Up-to-date symlink: /home/jhp/fsd_ws/install/lane_length_pkg/share/lane_length_pkg/description/meshes/sensors/r200.dae
-- Up-to-date symlink: /home/jhp/fsd_ws/install/lane_length_pkg/share/lane_length_pkg/description/meshes/sensors/r200.jpg
-- Up-to-date symlink: /home/jhp/fsd_ws/install/lane_length_pkg/share/lane_length_pkg/description/meshes/wheels/left_tire.stl
-- Up-to-date symlink: /home/jhp/fsd_ws/install/lane_length_pkg/share/lane_length_pkg/description/meshes/wheels/right_tire.stl
-- Up-to-date symlink: /home/jhp/fsd_ws/install/lane_length_pkg/share/lane_length_pkg/description/rviz/model.rviz
-- Up-to-date symlink: /home/jhp/fsd_ws/install/lane_length_pkg/share/lane_length_pkg/description/urdf/common_properties.urdf
-- Up-to-date symlink: /home/jhp/fsd_ws/install/lane_length_pkg/share/lane_length_pkg/description/urdf/turtlebot3_burger.urdf
-- Up-to-date symlink: /home/jhp/fsd_ws/install/lane_length_pkg/share/lane_length_pkg/description/urdf/turtlebot3_waffle.urdf
-- Up-to-date symlink: /home/jhp/fsd_ws/install/lane_length_pkg/share/lane_length_pkg/description/urdf/turtlebot3_waffle_pi.urdf
-- Up-to-date symlink: /home/jhp/fsd_ws/install/lane_length_pkg/share/lane_length_pkg/param/burger.yaml
-- Up-to-date symlink: /home/jhp/fsd_ws/install/lane_length_pkg/share/lane_length_pkg/param/waffle.yaml
-- Up-to-date symlink: /home/jhp/fsd_ws/install/lane_length_pkg/share/lane_length_pkg/param/waffle_pi.yaml
-- Up-to-date symlink: /home/jhp/fsd_ws/install/lane_length_pkg/share/lane_length_pkg/rviz/lane_pipeline.rviz
-- Up-to-date symlink: /home/jhp/fsd_ws/install/lane_length_pkg/share/lane_length_pkg/drivers/ld08_driver/launch/ld08.launch.py
-- Up-to-date symlink: /home/jhp/fsd_ws/install/lane_length_pkg/share/lane_length_pkg/drivers/coin_d4_driver/launch/single_lidar_node.launch.py
-- Up-to-date symlink: /home/jhp/fsd_ws/install/lane_length_pkg/share/lane_length_pkg/drivers/coin_d4_driver/params/single_lidar_node.yaml
-- Up-to-date symlink: /home/jhp/fsd_ws/install/lane_length_pkg/include/turtlebot3_node/control_table.hpp
-- Up-to-date symlink: /home/jhp/fsd_ws/install/lane_length_pkg/include/turtlebot3_node/devices/devices.hpp
-- Up-to-date symlink: /home/jhp/fsd_ws/install/lane_length_pkg/include/turtlebot3_node/devices/motor_power.hpp
-- Up-to-date symlink: /home/jhp/fsd_ws/install/lane_length_pkg/include/turtlebot3_node/devices/reset.hpp
-- Up-to-date symlink: /home/jhp/fsd_ws/install/lane_length_pkg/include/turtlebot3_node/devices/sound.hpp
-- Up-to-date symlink: /home/jhp/fsd_ws/install/lane_length_pkg/include/turtlebot3_node/diff_drive_controller.hpp
-- Up-to-date symlink: /home/jhp/fsd_ws/install/lane_length_pkg/include/turtlebot3_node/dynamixel_sdk_wrapper.hpp
-- Up-to-date symlink: /home/jhp/fsd_ws/install/lane_length_pkg/include/turtlebot3_node/odometry.hpp
-- Up-to-date symlink: /home/jhp/fsd_ws/install/lane_length_pkg/include/turtlebot3_node/sensors/battery_state.hpp
-- Up-to-date symlink: /home/jhp/fsd_ws/install/lane_length_pkg/include/turtlebot3_node/sensors/imu.hpp
-- Up-to-date symlink: /home/jhp/fsd_ws/install/lane_length_pkg/include/turtlebot3_node/sensors/joint_state.hpp
-- Up-to-date symlink: /home/jhp/fsd_ws/install/lane_length_pkg/include/turtlebot3_node/sensors/sensor_state.hpp
-- Up-to-date symlink: /home/jhp/fsd_ws/install/lane_length_pkg/include/turtlebot3_node/sensors/sensors.hpp
-- Up-to-date symlink: /home/jhp/fsd_ws/install/lane_length_pkg/include/turtlebot3_node/turtlebot3.hpp
-- Up-to-date symlink: /home/jhp/fsd_ws/install/lane_length_pkg/include/turtlebot3_node/twist_publisher.hpp
-- Up-to-date symlink: /home/jhp/fsd_ws/install/lane_length_pkg/include/turtlebot3_node/twist_subscriber.hpp
-- Up-to-date symlink: /home/jhp/fsd_ws/install/lane_length_pkg/include/coin_d4_driver/coin_d4_base_handler.hpp
-- Up-to-date symlink: /home/jhp/fsd_ws/install/lane_length_pkg/include/coin_d4_driver/coin_d4_lifecycle_handler.hpp
-- Up-to-date symlink: /home/jhp/fsd_ws/install/lane_length_pkg/include/coin_d4_driver/coin_d4_node_handler.hpp
-- Up-to-date symlink: /home/jhp/fsd_ws/install/lane_length_pkg/include/coin_d4_driver/lidar_sdk/handling_info.hpp
-- Up-to-date symlink: /home/jhp/fsd_ws/install/lane_length_pkg/include/coin_d4_driver/lidar_sdk/lidar_data_processor.hpp
-- Up-to-date symlink: /home/jhp/fsd_ws/install/lane_length_pkg/include/coin_d4_driver/lidar_sdk/lidar_information.hpp
-- Up-to-date symlink: /home/jhp/fsd_ws/install/lane_length_pkg/include/coin_d4_driver/lidar_sdk/locker.hpp
-- Up-to-date symlink: /home/jhp/fsd_ws/install/lane_length_pkg/include/coin_d4_driver/lidar_sdk/mtime.hpp
-- Up-to-date symlink: /home/jhp/fsd_ws/install/lane_length_pkg/include/coin_d4_driver/lidar_sdk/serial_port.hpp
-- Up-to-date symlink: /home/jhp/fsd_ws/install/lane_length_pkg/include/coin_d4_driver/lidar_sdk/timer.hpp
-- Up-to-date symlink: /home/jhp/fsd_ws/install/lane_length_pkg/include/coin_d4_driver/single_coin_d4_node.hpp
-- Up-to-date symlink: /home/jhp/fsd_ws/install/lane_length_pkg/include/cmd_interface_linux.hpp
-- Up-to-date symlink: /home/jhp/fsd_ws/install/lane_length_pkg/include/lipkg.hpp
-- Up-to-date symlink: /home/jhp/fsd_ws/install/lane_length_pkg/include/pointdata.hpp
-- Up-to-date symlink: /home/jhp/fsd_ws/install/lane_length_pkg/include/slbf.hpp
-- Up-to-date symlink: /home/jhp/fsd_ws/install/lane_length_pkg/include/transform.hpp
-- Up-to-date symlink: /home/jhp/fsd_ws/install/lane_length_pkg/share/lane_length_pkg/environment/library_path.sh
-- Up-to-date symlink: /home/jhp/fsd_ws/install/lane_length_pkg/share/lane_length_pkg/environment/library_path.dsv
-- Up-to-date symlink: /home/jhp/fsd_ws/install/lane_length_pkg/share/ament_index/resource_index/package_run_dependencies/lane_length_pkg
-- Up-to-date symlink: /home/jhp/fsd_ws/install/lane_length_pkg/share/ament_index/resource_index/parent_prefix_path/lane_length_pkg
-- Up-to-date symlink: /home/jhp/fsd_ws/install/lane_length_pkg/share/lane_length_pkg/environment/ament_prefix_path.sh
-- Up-to-date symlink: /home/jhp/fsd_ws/install/lane_length_pkg/share/lane_length_pkg/environment/ament_prefix_path.dsv
-- Up-to-date symlink: /home/jhp/fsd_ws/install/lane_length_pkg/share/lane_length_pkg/environment/path.sh
-- Up-to-date symlink: /home/jhp/fsd_ws/install/lane_length_pkg/share/lane_length_pkg/environment/path.dsv
-- Up-to-date symlink: /home/jhp/fsd_ws/install/lane_length_pkg/share/lane_length_pkg/local_setup.bash
-- Up-to-date symlink: /home/jhp/fsd_ws/install/lane_length_pkg/share/lane_length_pkg/local_setup.sh
-- Up-to-date symlink: /home/jhp/fsd_ws/install/lane_length_pkg/share/lane_length_pkg/local_setup.zsh
-- Up-to-date symlink: /home/jhp/fsd_ws/install/lane_length_pkg/share/lane_length_pkg/local_setup.dsv
-- Symlinking: /home/jhp/fsd_ws/install/lane_length_pkg/share/lane_length_pkg/package.dsv
-- Up-to-date symlink: /home/jhp/fsd_ws/install/lane_length_pkg/share/ament_index/resource_index/packages/lane_length_pkg
-- Up-to-date symlink: /home/jhp/fsd_ws/install/lane_length_pkg/share/lane_length_pkg/cmake/ament_cmake_export_include_directories-extras.cmake
-- Up-to-date symlink: /home/jhp/fsd_ws/install/lane_length_pkg/share/lane_length_pkg/cmake/ament_cmake_export_libraries-extras.cmake
-- Up-to-date symlink: /home/jhp/fsd_ws/install/lane_length_pkg/share/lane_length_pkg/cmake/ament_cmake_export_dependencies-extras.cmake
-- Up-to-date symlink: /home/jhp/fsd_ws/install/lane_length_pkg/share/lane_length_pkg/cmake/lane_length_pkgConfig.cmake
-- Up-to-date symlink: /home/jhp/fsd_ws/install/lane_length_pkg/share/lane_length_pkg/cmake/lane_length_pkgConfig-version.cmake
-- Up-to-date symlink: /home/jhp/fsd_ws/install/lane_length_pkg/share/lane_length_pkg/package.xml
Listing '/home/jhp/fsd_ws/install/lane_length_pkg/local/lib/python3.10/dist-packages/lane_length_pkg'...
Compiling '/home/jhp/fsd_ws/install/lane_length_pkg/local/lib/python3.10/dist-packages/lane_length_pkg/path_track_node.py'...
Compiling '/home/jhp/fsd_ws/install/lane_length_pkg/local/lib/python3.10/dist-packages/lane_length_pkg/safety_filter_node.py'...
