[30.028s] Invoking command in '/home/jhp/fsd_ws/build/lane_length_pkg': CMAKE_PREFIX_PATH=${CMAKE_PREFIX_PATH}:/home/jhp/fsd2_ws/install/perception_py:/home/jhp/fsd2_ws/install/decision_py:/home/jhp/fsd2_ws/install/control_py:/home/jhp/camera_calib_ws/install/camera_calibration:/home/jhp/turtlebot3_ws/install/turtlebot3_teleop:/home/jhp/turtlebot3_ws/install/turtlebot3_example:/opt/ros/humble /usr/bin/cmake --build /home/jhp/fsd_ws/build/lane_length_pkg -- -j6 -l6
[30.307s] [  0%] Built target ament_cmake_python_copy_lane_length_pkg
[30.401s] [ 25%] Built target coin_d4_driver_lib
[31.075s] running egg_info
[31.076s] writing lane_length_pkg.egg-info/PKG-INFO
[31.077s] writing dependency_links to lane_length_pkg.egg-info/dependency_links.txt
[31.079s] writing top-level names to lane_length_pkg.egg-info/top_level.txt
[31.085s] reading manifest file 'lane_length_pkg.egg-info/SOURCES.txt'
[31.087s] writing manifest file 'lane_length_pkg.egg-info/SOURCES.txt'
[31.175s] [ 25%] Built target ament_cmake_python_build_lane_length_pkg_egg
[31.239s] [ 31%] Built target single_coin_d4_node
[31.329s] [ 50%] Built target ld08_driver
[31.439s] [ 87%] Built target turtlebot3_control_lib
[31.523s] [ 93%] Built target localization_slam
[31.604s] [100%] Built target turtlebot3_ros
[31.642s] Invoked command in '/home/jhp/fsd_ws/build/lane_length_pkg' returned '0': CMAKE_PREFIX_PATH=${CMAKE_PREFIX_PATH}:/home/jhp/fsd2_ws/install/perception_py:/home/jhp/fsd2_ws/install/decision_py:/home/jhp/fsd2_ws/install/control_py:/home/jhp/camera_calib_ws/install/camera_calibration:/home/jhp/turtlebot3_ws/install/turtlebot3_teleop:/home/jhp/turtlebot3_ws/install/turtlebot3_example:/opt/ros/humble /usr/bin/cmake --build /home/jhp/fsd_ws/build/lane_length_pkg -- -j6 -l6
[31.667s] Invoking command in '/home/jhp/fsd_ws/build/lane_length_pkg': CMAKE_PREFIX_PATH=${CMAKE_PREFIX_PATH}:/home/jhp/fsd2_ws/install/perception_py:/home/jhp/fsd2_ws/install/decision_py:/home/jhp/fsd2_ws/install/control_py:/home/jhp/camera_calib_ws/install/camera_calibration:/home/jhp/turtlebot3_ws/install/turtlebot3_teleop:/home/jhp/turtlebot3_ws/install/turtlebot3_example:/opt/ros/humble /usr/bin/cmake --install /home/jhp/fsd_ws/build/lane_length_pkg
[31.685s] -- Install configuration: ""
[31.685s] -- Up-to-date: /home/jhp/fsd_ws/install/lane_length_pkg/share/lane_length_pkg/environment/pythonpath.sh
[31.685s] -- Up-to-date: /home/jhp/fsd_ws/install/lane_length_pkg/share/lane_length_pkg/environment/pythonpath.dsv
[31.685s] -- Up-to-date: /home/jhp/fsd_ws/install/lane_length_pkg/local/lib/python3.10/dist-packages/lane_length_pkg-0.0.0-py3.10.egg-info
[31.686s] -- Installing: /home/jhp/fsd_ws/install/lane_length_pkg/local/lib/python3.10/dist-packages/lane_length_pkg-0.0.0-py3.10.egg-info/PKG-INFO
[31.686s] -- Installing: /home/jhp/fsd_ws/install/lane_length_pkg/local/lib/python3.10/dist-packages/lane_length_pkg-0.0.0-py3.10.egg-info/top_level.txt
[31.686s] -- Installing: /home/jhp/fsd_ws/install/lane_length_pkg/local/lib/python3.10/dist-packages/lane_length_pkg-0.0.0-py3.10.egg-info/dependency_links.txt
[31.687s] -- Installing: /home/jhp/fsd_ws/install/lane_length_pkg/local/lib/python3.10/dist-packages/lane_length_pkg-0.0.0-py3.10.egg-info/SOURCES.txt
[31.688s] -- Up-to-date: /home/jhp/fsd_ws/install/lane_length_pkg/local/lib/python3.10/dist-packages/lane_length_pkg
[31.688s] -- Up-to-date: /home/jhp/fsd_ws/install/lane_length_pkg/local/lib/python3.10/dist-packages/lane_length_pkg/deadlock.py
[31.688s] -- Up-to-date: /home/jhp/fsd_ws/install/lane_length_pkg/local/lib/python3.10/dist-packages/lane_length_pkg/led_signal.py
[31.689s] -- Up-to-date: /home/jhp/fsd_ws/install/lane_length_pkg/local/lib/python3.10/dist-packages/lane_length_pkg/cooperation.py
[31.689s] -- Up-to-date: /home/jhp/fsd_ws/install/lane_length_pkg/local/lib/python3.10/dist-packages/lane_length_pkg/lane_integration_node.py
[31.689s] -- Up-to-date: /home/jhp/fsd_ws/install/lane_length_pkg/local/lib/python3.10/dist-packages/lane_length_pkg/scene_fusion_node.py
[31.689s] -- Up-to-date: /home/jhp/fsd_ws/install/lane_length_pkg/local/lib/python3.10/dist-packages/lane_length_pkg/led_io.py
[31.689s] -- Up-to-date: /home/jhp/fsd_ws/install/lane_length_pkg/local/lib/python3.10/dist-packages/lane_length_pkg/safety_filter_node.py
[31.689s] -- Up-to-date: /home/jhp/fsd_ws/install/lane_length_pkg/local/lib/python3.10/dist-packages/lane_length_pkg/lane_follow_control_node.py
[31.689s] -- Up-to-date: /home/jhp/fsd_ws/install/lane_length_pkg/local/lib/python3.10/dist-packages/lane_length_pkg/drive_mode_node.py
[31.689s] -- Up-to-date: /home/jhp/fsd_ws/install/lane_length_pkg/local/lib/python3.10/dist-packages/lane_length_pkg/lane_viewer_node.py
[31.689s] -- Installing: /home/jhp/fsd_ws/install/lane_length_pkg/local/lib/python3.10/dist-packages/lane_length_pkg/behavior_plan_node.py
[31.690s] -- Up-to-date: /home/jhp/fsd_ws/install/lane_length_pkg/local/lib/python3.10/dist-packages/lane_length_pkg/object_detect.py
[31.690s] -- Up-to-date: /home/jhp/fsd_ws/install/lane_length_pkg/local/lib/python3.10/dist-packages/lane_length_pkg/__init__.py
[31.690s] -- Up-to-date: /home/jhp/fsd_ws/install/lane_length_pkg/local/lib/python3.10/dist-packages/lane_length_pkg/led_behavior.py
[31.690s] -- Up-to-date: /home/jhp/fsd_ws/install/lane_length_pkg/local/lib/python3.10/dist-packages/lane_length_pkg/path_track_node.py
[31.690s] -- Up-to-date: /home/jhp/fsd_ws/install/lane_length_pkg/local/lib/python3.10/dist-packages/lane_length_pkg/topic_watchdog.py
[31.690s] -- Up-to-date: /home/jhp/fsd_ws/install/lane_length_pkg/local/lib/python3.10/dist-packages/lane_length_pkg/lane_detection_node.py
[31.690s] -- Up-to-date: /home/jhp/fsd_ws/install/lane_length_pkg/local/lib/python3.10/dist-packages/lane_length_pkg/cmd_mux_node.py
[31.690s] -- Up-to-date: /home/jhp/fsd_ws/install/lane_length_pkg/local/lib/python3.10/dist-packages/lane_length_pkg/space_memory.py
[31.691s] -- Up-to-date: /home/jhp/fsd_ws/install/lane_length_pkg/local/lib/python3.10/dist-packages/lane_length_pkg/camera_driver.py
[31.691s] -- Up-to-date: /home/jhp/fsd_ws/install/lane_length_pkg/local/lib/python3.10/dist-packages/lane_length_pkg/reverse_astar_planner_node.py
[31.691s] -- Up-to-date: /home/jhp/fsd_ws/install/lane_length_pkg/local/lib/python3.10/dist-packages/lane_length_pkg/lane_decision_node.py
[31.691s] -- Up-to-date: /home/jhp/fsd_ws/install/lane_length_pkg/local/lib/python3.10/dist-packages/lane_length_pkg/situation_fusion.py
[31.813s] Listing '/home/jhp/fsd_ws/install/lane_length_pkg/local/lib/python3.10/dist-packages/lane_length_pkg'...
[31.814s] Compiling '/home/jhp/fsd_ws/install/lane_length_pkg/local/lib/python3.10/dist-packages/lane_length_pkg/behavior_plan_node.py'...
[31.838s] -- Up-to-date: /home/jhp/fsd_ws/install/lane_length_pkg/lib/lane_length_pkg/detection_node
[31.839s] -- Up-to-date: /home/jhp/fsd_ws/install/lane_length_pkg/lib/lane_length_pkg/integration_node
[31.839s] -- Up-to-date: /home/jhp/fsd_ws/install/lane_length_pkg/lib/lane_length_pkg/control_node
[31.839s] -- Up-to-date: /home/jhp/fsd_ws/install/lane_length_pkg/lib/lane_length_pkg/decision_node
[31.839s] -- Up-to-date: /home/jhp/fsd_ws/install/lane_length_pkg/lib/lane_length_pkg/viewer_node
[31.839s] -- Up-to-date: /home/jhp/fsd_ws/install/lane_length_pkg/lib/lane_length_pkg/lane_detection_node
[31.839s] -- Up-to-date: /home/jhp/fsd_ws/install/lane_length_pkg/lib/lane_length_pkg/lane_integration_node
[31.840s] -- Up-to-date: /home/jhp/fsd_ws/install/lane_length_pkg/lib/lane_length_pkg/lane_decision_node
[31.840s] -- Up-to-date: /home/jhp/fsd_ws/install/lane_length_pkg/lib/lane_length_pkg/lane_follow_control_node
[31.840s] -- Up-to-date: /home/jhp/fsd_ws/install/lane_length_pkg/lib/lane_length_pkg/lane_viewer_node
[31.840s] -- Up-to-date: /home/jhp/fsd_ws/install/lane_length_pkg/lib/lane_length_pkg/scene_fusion_node
[31.840s] -- Up-to-date: /home/jhp/fsd_ws/install/lane_length_pkg/lib/lane_length_pkg/drive_mode_node
[31.840s] -- Up-to-date: /home/jhp/fsd_ws/install/lane_length_pkg/lib/lane_length_pkg/behavior_plan_node
[31.841s] -- Up-to-date: /home/jhp/fsd_ws/install/lane_length_pkg/lib/lane_length_pkg/reverse_astar_planner_node
[31.841s] -- Up-to-date: /home/jhp/fsd_ws/install/lane_length_pkg/lib/lane_length_pkg/path_track_node
[31.841s] -- Up-to-date: /home/jhp/fsd_ws/install/lane_length_pkg/lib/lane_length_pkg/cmd_mux_node
[31.841s] -- Up-to-date: /home/jhp/fsd_ws/install/lane_length_pkg/lib/lane_length_pkg/safety_filter_node
[31.842s] -- Up-to-date: /home/jhp/fsd_ws/install/lane_length_pkg/lib/lane_length_pkg/camera_driver
[31.842s] -- Up-to-date: /home/jhp/fsd_ws/install/lane_length_pkg/lib/lane_length_pkg/object_detect
[31.842s] -- Up-to-date: /home/jhp/fsd_ws/install/lane_length_pkg/lib/lane_length_pkg/led_signal
[31.842s] -- Up-to-date: /home/jhp/fsd_ws/install/lane_length_pkg/lib/lane_length_pkg/space_memory
[31.842s] -- Up-to-date: /home/jhp/fsd_ws/install/lane_length_pkg/lib/lane_length_pkg/situation_fusion
[31.845s] -- Up-to-date: /home/jhp/fsd_ws/install/lane_length_pkg/lib/lane_length_pkg/deadlock
[31.847s] -- Up-to-date: /home/jhp/fsd_ws/install/lane_length_pkg/lib/lane_length_pkg/cooperation
[31.848s] -- Up-to-date: /home/jhp/fsd_ws/install/lane_length_pkg/lib/lane_length_pkg/topic_watchdog
[31.848s] -- Up-to-date: /home/jhp/fsd_ws/install/lane_length_pkg/lib/lane_length_pkg/led_behavior
[31.848s] -- Up-to-date: /home/jhp/fsd_ws/install/lane_length_pkg/lib/lane_length_pkg/led_io
[31.848s] -- Up-to-date: /home/jhp/fsd_ws/install/lane_length_pkg/lib/lane_length_pkg/localization_slam
[31.849s] -- Up-to-date: /home/jhp/fsd_ws/install/lane_length_pkg/lib/lane_length_pkg/turtlebot3_ros
[31.849s] -- Up-to-date: /home/jhp/fsd_ws/install/lane_length_pkg/lib/lane_length_pkg/ld08_driver
[31.849s] -- Up-to-date: /home/jhp/fsd_ws/install/lane_length_pkg/lib/lane_length_pkg/single_coin_d4_node
[31.850s] -- Up-to-date: /home/jhp/fsd_ws/install/lane_length_pkg/lib/libturtlebot3_control_lib.a
[31.851s] -- Up-to-date: /home/jhp/fsd_ws/install/lane_length_pkg/lib/libcoin_d4_driver_lib.so
[31.851s] -- Up-to-date: /home/jhp/fsd_ws/install/lane_length_pkg/share/lane_length_pkg/config
[31.852s] -- Up-to-date: /home/jhp/fsd_ws/install/lane_length_pkg/share/lane_length_pkg/config/Screenshot from 2026-06-06 15-13-43.png
[31.853s] -- Up-to-date: /home/jhp/fsd_ws/install/lane_length_pkg/share/lane_length_pkg/config/default_cam.yaml
[31.853s] -- Up-to-date: /home/jhp/fsd_ws/install/lane_length_pkg/share/lane_length_pkg/config/Screenshot from 2026-06-06 15-24-55.png
[31.853s] -- Up-to-date: /home/jhp/fsd_ws/install/lane_length_pkg/share/lane_length_pkg/config/Screenshot from 2026-06-07 01-25-02.png
[31.853s] -- Up-to-date: /home/jhp/fsd_ws/install/lane_length_pkg/share/lane_length_pkg/config/Hinv.npy
[31.853s] -- Up-to-date: /home/jhp/fsd_ws/install/lane_length_pkg/share/lane_length_pkg/config/H.npy
[31.854s] -- Up-to-date: /home/jhp/fsd_ws/install/lane_length_pkg/share/lane_length_pkg/config/fisheye.yaml
[31.854s] -- Up-to-date: /home/jhp/fsd_ws/install/lane_length_pkg/share/lane_length_pkg/launch
[31.854s] -- Up-to-date: /home/jhp/fsd_ws/install/lane_length_pkg/share/lane_length_pkg/launch/lane_pipeline.launch.py
[31.854s] -- Up-to-date: /home/jhp/fsd_ws/install/lane_length_pkg/share/lane_length_pkg/launch/__pycache__
[31.854s] -- Installing: /home/jhp/fsd_ws/install/lane_length_pkg/share/lane_length_pkg/launch/__pycache__/lane_pipeline.launch.cpython-310.pyc
[31.855s] -- Up-to-date: /home/jhp/fsd_ws/install/lane_length_pkg/share/lane_length_pkg/description
[31.855s] -- Up-to-date: /home/jhp/fsd_ws/install/lane_length_pkg/share/lane_length_pkg/description/urdf
[31.855s] -- Up-to-date: /home/jhp/fsd_ws/install/lane_length_pkg/share/lane_length_pkg/description/urdf/turtlebot3_burger.urdf
[31.855s] -- Up-to-date: /home/jhp/fsd_ws/install/lane_length_pkg/share/lane_length_pkg/description/urdf/turtlebot3_waffle_pi.urdf
[31.855s] -- Up-to-date: /home/jhp/fsd_ws/install/lane_length_pkg/share/lane_length_pkg/description/urdf/common_properties.urdf
[31.855s] -- Up-to-date: /home/jhp/fsd_ws/install/lane_length_pkg/share/lane_length_pkg/description/urdf/turtlebot3_waffle.urdf
[31.855s] -- Up-to-date: /home/jhp/fsd_ws/install/lane_length_pkg/share/lane_length_pkg/description/meshes
[31.856s] -- Up-to-date: /home/jhp/fsd_ws/install/lane_length_pkg/share/lane_length_pkg/description/meshes/sensors
[31.856s] -- Up-to-date: /home/jhp/fsd_ws/install/lane_length_pkg/share/lane_length_pkg/description/meshes/sensors/r200.dae
[31.856s] -- Up-to-date: /home/jhp/fsd_ws/install/lane_length_pkg/share/lane_length_pkg/description/meshes/sensors/astra.dae
[31.856s] -- Up-to-date: /home/jhp/fsd_ws/install/lane_length_pkg/share/lane_length_pkg/description/meshes/sensors/r200.jpg
[31.856s] -- Up-to-date: /home/jhp/fsd_ws/install/lane_length_pkg/share/lane_length_pkg/description/meshes/sensors/astra.jpg
[31.857s] -- Up-to-date: /home/jhp/fsd_ws/install/lane_length_pkg/share/lane_length_pkg/description/meshes/sensors/lds.stl
[31.860s] -- Up-to-date: /home/jhp/fsd_ws/install/lane_length_pkg/share/lane_length_pkg/description/meshes/bases
[31.861s] -- Up-to-date: /home/jhp/fsd_ws/install/lane_length_pkg/share/lane_length_pkg/description/meshes/bases/waffle_base.stl
[31.861s] -- Up-to-date: /home/jhp/fsd_ws/install/lane_length_pkg/share/lane_length_pkg/description/meshes/bases/burger_base.stl
[31.861s] -- Up-to-date: /home/jhp/fsd_ws/install/lane_length_pkg/share/lane_length_pkg/description/meshes/bases/waffle_pi_base.stl
[31.861s] -- Up-to-date: /home/jhp/fsd_ws/install/lane_length_pkg/share/lane_length_pkg/description/meshes/wheels
[31.861s] -- Up-to-date: /home/jhp/fsd_ws/install/lane_length_pkg/share/lane_length_pkg/description/meshes/wheels/right_tire.stl
[31.861s] -- Up-to-date: /home/jhp/fsd_ws/install/lane_length_pkg/share/lane_length_pkg/description/meshes/wheels/left_tire.stl
[31.861s] -- Up-to-date: /home/jhp/fsd_ws/install/lane_length_pkg/share/lane_length_pkg/description/rviz
[31.862s] -- Up-to-date: /home/jhp/fsd_ws/install/lane_length_pkg/share/lane_length_pkg/description/rviz/model.rviz
[31.862s] -- Up-to-date: /home/jhp/fsd_ws/install/lane_length_pkg/share/lane_length_pkg/param
[31.862s] -- Up-to-date: /home/jhp/fsd_ws/install/lane_length_pkg/share/lane_length_pkg/param/waffle.yaml
[31.862s] -- Up-to-date: /home/jhp/fsd_ws/install/lane_length_pkg/share/lane_length_pkg/param/burger.yaml
[31.862s] -- Up-to-date: /home/jhp/fsd_ws/install/lane_length_pkg/share/lane_length_pkg/param/waffle_pi.yaml
[31.862s] -- Up-to-date: /home/jhp/fsd_ws/install/lane_length_pkg/share/lane_length_pkg/rviz
[31.862s] -- Up-to-date: /home/jhp/fsd_ws/install/lane_length_pkg/share/lane_length_pkg/rviz/lane_pipeline.rviz
[31.862s] -- Up-to-date: /home/jhp/fsd_ws/install/lane_length_pkg/share/lane_length_pkg/drivers/ld08_driver/launch
[31.863s] -- Up-to-date: /home/jhp/fsd_ws/install/lane_length_pkg/share/lane_length_pkg/drivers/ld08_driver/launch/ld08.launch.py
[31.863s] -- Up-to-date: /home/jhp/fsd_ws/install/lane_length_pkg/share/lane_length_pkg/drivers/coin_d4_driver/launch
[31.863s] -- Up-to-date: /home/jhp/fsd_ws/install/lane_length_pkg/share/lane_length_pkg/drivers/coin_d4_driver/launch/single_lidar_node.launch.py
[31.863s] -- Up-to-date: /home/jhp/fsd_ws/install/lane_length_pkg/share/lane_length_pkg/drivers/coin_d4_driver/params
[31.863s] -- Up-to-date: /home/jhp/fsd_ws/install/lane_length_pkg/share/lane_length_pkg/drivers/coin_d4_driver/params/single_lidar_node.yaml
[31.863s] -- Up-to-date: /home/jhp/fsd_ws/install/lane_length_pkg/include
[31.863s] -- Up-to-date: /home/jhp/fsd_ws/install/lane_length_pkg/include/turtlebot3_node
[31.863s] -- Up-to-date: /home/jhp/fsd_ws/install/lane_length_pkg/include/turtlebot3_node/sensors
[31.863s] -- Up-to-date: /home/jhp/fsd_ws/install/lane_length_pkg/include/turtlebot3_node/sensors/sensor_state.hpp
[31.864s] -- Up-to-date: /home/jhp/fsd_ws/install/lane_length_pkg/include/turtlebot3_node/sensors/battery_state.hpp
[31.865s] -- Up-to-date: /home/jhp/fsd_ws/install/lane_length_pkg/include/turtlebot3_node/sensors/imu.hpp
[31.866s] -- Up-to-date: /home/jhp/fsd_ws/install/lane_length_pkg/include/turtlebot3_node/sensors/sensors.hpp
[31.866s] -- Up-to-date: /home/jhp/fsd_ws/install/lane_length_pkg/include/turtlebot3_node/sensors/joint_state.hpp
[31.866s] -- Up-to-date: /home/jhp/fsd_ws/install/lane_length_pkg/include/turtlebot3_node/control_table.hpp
[31.867s] -- Up-to-date: /home/jhp/fsd_ws/install/lane_length_pkg/include/turtlebot3_node/devices
[31.867s] -- Up-to-date: /home/jhp/fsd_ws/install/lane_length_pkg/include/turtlebot3_node/devices/reset.hpp
[31.867s] -- Up-to-date: /home/jhp/fsd_ws/install/lane_length_pkg/include/turtlebot3_node/devices/motor_power.hpp
[31.867s] -- Up-to-date: /home/jhp/fsd_ws/install/lane_length_pkg/include/turtlebot3_node/devices/devices.hpp
[31.867s] -- Up-to-date: /home/jhp/fsd_ws/install/lane_length_pkg/include/turtlebot3_node/devices/sound.hpp
[31.867s] -- Up-to-date: /home/jhp/fsd_ws/install/lane_length_pkg/include/turtlebot3_node/odometry.hpp
[31.867s] -- Up-to-date: /home/jhp/fsd_ws/install/lane_length_pkg/include/turtlebot3_node/dynamixel_sdk_wrapper.hpp
[31.868s] -- Up-to-date: /home/jhp/fsd_ws/install/lane_length_pkg/include/turtlebot3_node/diff_drive_controller.hpp
[31.868s] -- Up-to-date: /home/jhp/fsd_ws/install/lane_length_pkg/include/turtlebot3_node/twist_publisher.hpp
[31.868s] -- Up-to-date: /home/jhp/fsd_ws/install/lane_length_pkg/include/turtlebot3_node/turtlebot3.hpp
[31.868s] -- Up-to-date: /home/jhp/fsd_ws/install/lane_length_pkg/include/turtlebot3_node/twist_subscriber.hpp
[31.868s] -- Up-to-date: /home/jhp/fsd_ws/install/lane_length_pkg/include
[31.868s] -- Up-to-date: /home/jhp/fsd_ws/install/lane_length_pkg/include/coin_d4_driver
[31.869s] -- Up-to-date: /home/jhp/fsd_ws/install/lane_length_pkg/include/coin_d4_driver/coin_d4_node_handler.hpp
[31.869s] -- Up-to-date: /home/jhp/fsd_ws/install/lane_length_pkg/include/coin_d4_driver/single_coin_d4_node.hpp
[31.869s] -- Up-to-date: /home/jhp/fsd_ws/install/lane_length_pkg/include/coin_d4_driver/coin_d4_base_handler.hpp
[31.869s] -- Up-to-date: /home/jhp/fsd_ws/install/lane_length_pkg/include/coin_d4_driver/lidar_sdk
[31.869s] -- Up-to-date: /home/jhp/fsd_ws/install/lane_length_pkg/include/coin_d4_driver/lidar_sdk/mtime.hpp
[31.869s] -- Up-to-date: /home/jhp/fsd_ws/install/lane_length_pkg/include/coin_d4_driver/lidar_sdk/handling_info.hpp
[31.870s] -- Up-to-date: /home/jhp/fsd_ws/install/lane_length_pkg/include/coin_d4_driver/lidar_sdk/lidar_data_processor.hpp
[31.870s] -- Up-to-date: /home/jhp/fsd_ws/install/lane_length_pkg/include/coin_d4_driver/lidar_sdk/timer.hpp
[31.870s] -- Up-to-date: /home/jhp/fsd_ws/install/lane_length_pkg/include/coin_d4_driver/lidar_sdk/lidar_information.hpp
[31.870s] -- Up-to-date: /home/jhp/fsd_ws/install/lane_length_pkg/include/coin_d4_driver/lidar_sdk/serial_port.hpp
[31.870s] -- Up-to-date: /home/jhp/fsd_ws/install/lane_length_pkg/include/coin_d4_driver/lidar_sdk/locker.hpp
[31.870s] -- Up-to-date: /home/jhp/fsd_ws/install/lane_length_pkg/include/coin_d4_driver/coin_d4_lifecycle_handler.hpp
[31.870s] -- Up-to-date: /home/jhp/fsd_ws/install/lane_length_pkg/include
[31.870s] -- Up-to-date: /home/jhp/fsd_ws/install/lane_length_pkg/include/cmd_interface_linux.hpp
[31.871s] -- Up-to-date: /home/jhp/fsd_ws/install/lane_length_pkg/include/transform.hpp
[31.871s] -- Up-to-date: /home/jhp/fsd_ws/install/lane_length_pkg/include/slbf.hpp
[31.871s] -- Up-to-date: /home/jhp/fsd_ws/install/lane_length_pkg/include/lipkg.hpp
[31.872s] -- Up-to-date: /home/jhp/fsd_ws/install/lane_length_pkg/include/pointdata.hpp
[31.872s] -- Up-to-date: /home/jhp/fsd_ws/install/lane_length_pkg/share/lane_length_pkg/environment/library_path.sh
[31.872s] -- Up-to-date: /home/jhp/fsd_ws/install/lane_length_pkg/share/lane_length_pkg/environment/library_path.dsv
[31.872s] -- Up-to-date: /home/jhp/fsd_ws/install/lane_length_pkg/share/ament_index/resource_index/package_run_dependencies/lane_length_pkg
[31.872s] -- Up-to-date: /home/jhp/fsd_ws/install/lane_length_pkg/share/ament_index/resource_index/parent_prefix_path/lane_length_pkg
[31.872s] -- Up-to-date: /home/jhp/fsd_ws/install/lane_length_pkg/share/lane_length_pkg/environment/ament_prefix_path.sh
[31.872s] -- Up-to-date: /home/jhp/fsd_ws/install/lane_length_pkg/share/lane_length_pkg/environment/ament_prefix_path.dsv
[31.872s] -- Up-to-date: /home/jhp/fsd_ws/install/lane_length_pkg/share/lane_length_pkg/environment/path.sh
[31.872s] -- Up-to-date: /home/jhp/fsd_ws/install/lane_length_pkg/share/lane_length_pkg/environment/path.dsv
[31.873s] -- Up-to-date: /home/jhp/fsd_ws/install/lane_length_pkg/share/lane_length_pkg/local_setup.bash
[31.873s] -- Up-to-date: /home/jhp/fsd_ws/install/lane_length_pkg/share/lane_length_pkg/local_setup.sh
[31.874s] -- Up-to-date: /home/jhp/fsd_ws/install/lane_length_pkg/share/lane_length_pkg/local_setup.zsh
[31.874s] -- Up-to-date: /home/jhp/fsd_ws/install/lane_length_pkg/share/lane_length_pkg/local_setup.dsv
[31.874s] -- Installing: /home/jhp/fsd_ws/install/lane_length_pkg/share/lane_length_pkg/package.dsv
[31.874s] -- Up-to-date: /home/jhp/fsd_ws/install/lane_length_pkg/share/ament_index/resource_index/packages/lane_length_pkg
[31.875s] -- Up-to-date: /home/jhp/fsd_ws/install/lane_length_pkg/share/lane_length_pkg/cmake/ament_cmake_export_include_directories-extras.cmake
[31.875s] -- Up-to-date: /home/jhp/fsd_ws/install/lane_length_pkg/share/lane_length_pkg/cmake/ament_cmake_export_libraries-extras.cmake
[31.875s] -- Up-to-date: /home/jhp/fsd_ws/install/lane_length_pkg/share/lane_length_pkg/cmake/ament_cmake_export_dependencies-extras.cmake
[31.875s] -- Up-to-date: /home/jhp/fsd_ws/install/lane_length_pkg/share/lane_length_pkg/cmake/lane_length_pkgConfig.cmake
[31.876s] -- Up-to-date: /home/jhp/fsd_ws/install/lane_length_pkg/share/lane_length_pkg/cmake/lane_length_pkgConfig-version.cmake
[31.876s] -- Up-to-date: /home/jhp/fsd_ws/install/lane_length_pkg/share/lane_length_pkg/package.xml
[31.877s] Invoked command in '/home/jhp/fsd_ws/build/lane_length_pkg' returned '0': CMAKE_PREFIX_PATH=${CMAKE_PREFIX_PATH}:/home/jhp/fsd2_ws/install/perception_py:/home/jhp/fsd2_ws/install/decision_py:/home/jhp/fsd2_ws/install/control_py:/home/jhp/camera_calib_ws/install/camera_calibration:/home/jhp/turtlebot3_ws/install/turtlebot3_teleop:/home/jhp/turtlebot3_ws/install/turtlebot3_example:/opt/ros/humble /usr/bin/cmake --install /home/jhp/fsd_ws/build/lane_length_pkg
