[0.522s] DEBUG:colcon:Command line arguments: ['/usr/bin/colcon', 'build', '--packages-select', 'lane_length_pkg']
[0.522s] DEBUG:colcon:Parsed command line arguments: Namespace(log_base=None, log_level=None, verb_name='build', build_base='build', install_base='install', merge_install=False, symlink_install=False, test_result_base=None, continue_on_error=False, executor='parallel', parallel_workers=6, event_handlers=None, ignore_user_meta=False, metas=['./colcon.meta'], base_paths=['.'], packages_ignore=None, packages_ignore_regex=None, paths=None, packages_up_to=None, packages_up_to_regex=None, packages_above=None, packages_above_and_dependencies=None, packages_above_depth=None, packages_select_by_dep=None, packages_skip_by_dep=None, packages_skip_up_to=None, packages_select_build_failed=False, packages_skip_build_finished=False, packages_select_test_failures=False, packages_skip_test_passed=False, packages_select=['lane_length_pkg'], packages_skip=None, packages_select_regex=None, packages_skip_regex=None, packages_start=None, packages_end=None, allow_overriding=[], cmake_args=None, cmake_target=None, cmake_target_skip_unavailable=False, cmake_clean_cache=False, cmake_clean_first=False, cmake_force_configure=False, ament_cmake_args=None, catkin_cmake_args=None, catkin_skip_building_tests=False, mixin_files=None, mixin=None, verb_parser=<colcon_mixin.mixin.mixin_argument.MixinArgumentDecorator object at 0xffffa9d5c250>, verb_extension=<colcon_core.verb.build.BuildVerb object at 0xffffa9d2b850>, main=<bound method BuildVerb.main of <colcon_core.verb.build.BuildVerb object at 0xffffa9d2b850>>, mixin_verb=('build',))
[1.319s] Level 1:colcon.colcon_core.package_discovery:discover_packages(colcon_meta) check parameters
[1.320s] Level 1:colcon.colcon_core.package_discovery:discover_packages(recursive) check parameters
[1.320s] Level 1:colcon.colcon_core.package_discovery:discover_packages(ignore) check parameters
[1.320s] Level 1:colcon.colcon_core.package_discovery:discover_packages(path) check parameters
[1.320s] Level 1:colcon.colcon_core.package_discovery:discover_packages(colcon_meta) discover
[1.320s] Level 1:colcon.colcon_core.package_discovery:discover_packages(recursive) discover
[1.321s] INFO:colcon.colcon_core.package_discovery:Crawling recursively for packages in '/home/jhp/fsd_ws'
[1.321s] Level 1:colcon.colcon_core.package_identification:_identify(.) by extensions ['ignore', 'ignore_ament_install']
[1.322s] Level 1:colcon.colcon_core.package_identification:_identify(.) by extension 'ignore'
[1.322s] Level 1:colcon.colcon_core.package_identification:_identify(.) by extension 'ignore_ament_install'
[1.322s] Level 1:colcon.colcon_core.package_identification:_identify(.) by extensions ['colcon_pkg']
[1.322s] Level 1:colcon.colcon_core.package_identification:_identify(.) by extension 'colcon_pkg'
[1.322s] Level 1:colcon.colcon_core.package_identification:_identify(.) by extensions ['colcon_meta']
[1.323s] Level 1:colcon.colcon_core.package_identification:_identify(.) by extension 'colcon_meta'
[1.323s] Level 1:colcon.colcon_core.package_identification:_identify(.) by extensions ['ros']
[1.323s] Level 1:colcon.colcon_core.package_identification:_identify(.) by extension 'ros'
[1.368s] Level 1:colcon.colcon_core.package_identification:_identify(.) by extensions ['cmake', 'python']
[1.368s] Level 1:colcon.colcon_core.package_identification:_identify(.) by extension 'cmake'
[1.368s] Level 1:colcon.colcon_core.package_identification:_identify(.) by extension 'python'
[1.369s] Level 1:colcon.colcon_core.package_identification:_identify(.) by extensions ['python_setup_py']
[1.369s] Level 1:colcon.colcon_core.package_identification:_identify(.) by extension 'python_setup_py'
[1.369s] Level 1:colcon.colcon_core.package_identification:_identify(build) by extensions ['ignore', 'ignore_ament_install']
[1.370s] Level 1:colcon.colcon_core.package_identification:_identify(build) by extension 'ignore'
[1.370s] Level 1:colcon.colcon_core.package_identification:_identify(build) ignored
[1.370s] Level 1:colcon.colcon_core.package_identification:_identify(install) by extensions ['ignore', 'ignore_ament_install']
[1.371s] Level 1:colcon.colcon_core.package_identification:_identify(install) by extension 'ignore'
[1.371s] Level 1:colcon.colcon_core.package_identification:_identify(install) ignored
[1.371s] Level 1:colcon.colcon_core.package_identification:_identify(log) by extensions ['ignore', 'ignore_ament_install']
[1.371s] Level 1:colcon.colcon_core.package_identification:_identify(log) by extension 'ignore'
[1.371s] Level 1:colcon.colcon_core.package_identification:_identify(log) ignored
[1.371s] Level 1:colcon.colcon_core.package_identification:_identify(src) by extensions ['ignore', 'ignore_ament_install']
[1.372s] Level 1:colcon.colcon_core.package_identification:_identify(src) by extension 'ignore'
[1.372s] Level 1:colcon.colcon_core.package_identification:_identify(src) by extension 'ignore_ament_install'
[1.372s] Level 1:colcon.colcon_core.package_identification:_identify(src) by extensions ['colcon_pkg']
[1.372s] Level 1:colcon.colcon_core.package_identification:_identify(src) by extension 'colcon_pkg'
[1.372s] Level 1:colcon.colcon_core.package_identification:_identify(src) by extensions ['colcon_meta']
[1.372s] Level 1:colcon.colcon_core.package_identification:_identify(src) by extension 'colcon_meta'
[1.372s] Level 1:colcon.colcon_core.package_identification:_identify(src) by extensions ['ros']
[1.372s] Level 1:colcon.colcon_core.package_identification:_identify(src) by extension 'ros'
[1.372s] Level 1:colcon.colcon_core.package_identification:_identify(src) by extensions ['cmake', 'python']
[1.373s] Level 1:colcon.colcon_core.package_identification:_identify(src) by extension 'cmake'
[1.373s] Level 1:colcon.colcon_core.package_identification:_identify(src) by extension 'python'
[1.373s] Level 1:colcon.colcon_core.package_identification:_identify(src) by extensions ['python_setup_py']
[1.373s] Level 1:colcon.colcon_core.package_identification:_identify(src) by extension 'python_setup_py'
[1.373s] Level 1:colcon.colcon_core.package_identification:_identify(src/lane_length_pkg) by extensions ['ignore', 'ignore_ament_install']
[1.373s] Level 1:colcon.colcon_core.package_identification:_identify(src/lane_length_pkg) by extension 'ignore'
[1.373s] Level 1:colcon.colcon_core.package_identification:_identify(src/lane_length_pkg) by extension 'ignore_ament_install'
[1.374s] Level 1:colcon.colcon_core.package_identification:_identify(src/lane_length_pkg) by extensions ['colcon_pkg']
[1.374s] Level 1:colcon.colcon_core.package_identification:_identify(src/lane_length_pkg) by extension 'colcon_pkg'
[1.374s] Level 1:colcon.colcon_core.package_identification:_identify(src/lane_length_pkg) by extensions ['colcon_meta']
[1.374s] Level 1:colcon.colcon_core.package_identification:_identify(src/lane_length_pkg) by extension 'colcon_meta'
[1.374s] Level 1:colcon.colcon_core.package_identification:_identify(src/lane_length_pkg) by extensions ['ros']
[1.374s] Level 1:colcon.colcon_core.package_identification:_identify(src/lane_length_pkg) by extension 'ros'
[1.387s] DEBUG:colcon.colcon_core.package_identification:Package 'src/lane_length_pkg' with type 'ros.ament_cmake' and name 'lane_length_pkg'
[1.387s] Level 1:colcon.colcon_core.package_discovery:discover_packages(recursive) using defaults
[1.387s] Level 1:colcon.colcon_core.package_discovery:discover_packages(ignore) discover
[1.387s] Level 1:colcon.colcon_core.package_discovery:discover_packages(ignore) using defaults
[1.388s] Level 1:colcon.colcon_core.package_discovery:discover_packages(path) discover
[1.388s] Level 1:colcon.colcon_core.package_discovery:discover_packages(path) using defaults
[1.512s] Level 1:colcon.colcon_core.package_discovery:discover_packages(prefix_path) check parameters
[1.512s] Level 1:colcon.colcon_core.package_discovery:discover_packages(prefix_path) discover
[1.532s] DEBUG:colcon.colcon_installed_package_information.package_discovery:Found 7 installed packages in /home/jhp/fsd2_ws/install
[1.533s] DEBUG:colcon.colcon_installed_package_information.package_discovery:Found 9 installed packages in /home/jhp/camera_calib_ws/install
[1.538s] DEBUG:colcon.colcon_installed_package_information.package_discovery:Found 1 installed packages in /home/jhp/fsd_ws/install
[1.539s] DEBUG:colcon.colcon_installed_package_information.package_discovery:Found 10 installed packages in /home/jhp/turtlebot3_ws/install
[1.543s] DEBUG:colcon.colcon_installed_package_information.package_discovery:Found 336 installed packages in /opt/ros/humble
[1.546s] Level 1:colcon.colcon_core.package_discovery:discover_packages(prefix_path) using defaults
[1.706s] Level 5:colcon.colcon_core.verb:set package 'lane_length_pkg' build argument 'cmake_args' from command line to 'None'
[1.707s] Level 5:colcon.colcon_core.verb:set package 'lane_length_pkg' build argument 'cmake_target' from command line to 'None'
[1.707s] Level 5:colcon.colcon_core.verb:set package 'lane_length_pkg' build argument 'cmake_target_skip_unavailable' from command line to 'False'
[1.708s] Level 5:colcon.colcon_core.verb:set package 'lane_length_pkg' build argument 'cmake_clean_cache' from command line to 'False'
[1.708s] Level 5:colcon.colcon_core.verb:set package 'lane_length_pkg' build argument 'cmake_clean_first' from command line to 'False'
[1.708s] Level 5:colcon.colcon_core.verb:set package 'lane_length_pkg' build argument 'cmake_force_configure' from command line to 'False'
[1.708s] Level 5:colcon.colcon_core.verb:set package 'lane_length_pkg' build argument 'ament_cmake_args' from command line to 'None'
[1.708s] Level 5:colcon.colcon_core.verb:set package 'lane_length_pkg' build argument 'catkin_cmake_args' from command line to 'None'
[1.708s] Level 5:colcon.colcon_core.verb:set package 'lane_length_pkg' build argument 'catkin_skip_building_tests' from command line to 'False'
[1.708s] DEBUG:colcon.colcon_core.verb:Building package 'lane_length_pkg' with the following arguments: {'ament_cmake_args': None, 'build_base': '/home/jhp/fsd_ws/build/lane_length_pkg', 'catkin_cmake_args': None, 'catkin_skip_building_tests': False, 'cmake_args': None, 'cmake_clean_cache': False, 'cmake_clean_first': False, 'cmake_force_configure': False, 'cmake_target': None, 'cmake_target_skip_unavailable': False, 'install_base': '/home/jhp/fsd_ws/install/lane_length_pkg', 'merge_install': False, 'path': '/home/jhp/fsd_ws/src/lane_length_pkg', 'symlink_install': False, 'test_result_base': None}
[1.708s] INFO:colcon.colcon_core.executor:Executing jobs using 'parallel' executor
[1.711s] DEBUG:colcon.colcon_parallel_executor.executor.parallel:run_until_complete
[1.711s] INFO:colcon.colcon_ros.task.ament_cmake.build:Building ROS package in '/home/jhp/fsd_ws/src/lane_length_pkg' with build type 'ament_cmake'
[1.711s] INFO:colcon.colcon_cmake.task.cmake.build:Building CMake package in '/home/jhp/fsd_ws/src/lane_length_pkg'
[1.719s] INFO:colcon.colcon_core.plugin_system:Skipping extension 'colcon_core.shell.bat': Not used on non-Windows systems
[1.719s] INFO:colcon.colcon_core.shell:Skip shell extension 'powershell' for command environment: Not usable outside of PowerShell
[1.720s] DEBUG:colcon.colcon_core.shell:Skip shell extension 'dsv' for command environment
[31.752s] DEBUG:colcon.colcon_core.event_handler.log_command:Invoking command in '/home/jhp/fsd_ws/build/lane_length_pkg': CMAKE_PREFIX_PATH=${CMAKE_PREFIX_PATH}:/home/jhp/fsd2_ws/install/perception_py:/home/jhp/fsd2_ws/install/decision_py:/home/jhp/fsd2_ws/install/control_py:/home/jhp/camera_calib_ws/install/camera_calibration:/home/jhp/turtlebot3_ws/install/turtlebot3_teleop:/home/jhp/turtlebot3_ws/install/turtlebot3_example:/opt/ros/humble /usr/bin/cmake --build /home/jhp/fsd_ws/build/lane_length_pkg -- -j6 -l6
[61.769s] DEBUG:colcon.colcon_core.event_handler.log_command:Invoked command in '/home/jhp/fsd_ws/build/lane_length_pkg' returned '0': CMAKE_PREFIX_PATH=${CMAKE_PREFIX_PATH}:/home/jhp/fsd2_ws/install/perception_py:/home/jhp/fsd2_ws/install/decision_py:/home/jhp/fsd2_ws/install/control_py:/home/jhp/camera_calib_ws/install/camera_calibration:/home/jhp/turtlebot3_ws/install/turtlebot3_teleop:/home/jhp/turtlebot3_ws/install/turtlebot3_example:/opt/ros/humble /usr/bin/cmake --build /home/jhp/fsd_ws/build/lane_length_pkg -- -j6 -l6
[61.793s] DEBUG:colcon.colcon_core.event_handler.log_command:Invoking command in '/home/jhp/fsd_ws/build/lane_length_pkg': CMAKE_PREFIX_PATH=${CMAKE_PREFIX_PATH}:/home/jhp/fsd2_ws/install/perception_py:/home/jhp/fsd2_ws/install/decision_py:/home/jhp/fsd2_ws/install/control_py:/home/jhp/camera_calib_ws/install/camera_calibration:/home/jhp/turtlebot3_ws/install/turtlebot3_teleop:/home/jhp/turtlebot3_ws/install/turtlebot3_example:/opt/ros/humble /usr/bin/cmake --install /home/jhp/fsd_ws/build/lane_length_pkg
[61.978s] Level 1:colcon.colcon_core.environment:create_environment_scripts_only(lane_length_pkg)
[61.984s] DEBUG:colcon.colcon_core.event_handler.log_command:Invoked command in '/home/jhp/fsd_ws/build/lane_length_pkg' returned '0': CMAKE_PREFIX_PATH=${CMAKE_PREFIX_PATH}:/home/jhp/fsd2_ws/install/perception_py:/home/jhp/fsd2_ws/install/decision_py:/home/jhp/fsd2_ws/install/control_py:/home/jhp/camera_calib_ws/install/camera_calibration:/home/jhp/turtlebot3_ws/install/turtlebot3_teleop:/home/jhp/turtlebot3_ws/install/turtlebot3_example:/opt/ros/humble /usr/bin/cmake --install /home/jhp/fsd_ws/build/lane_length_pkg
[61.993s] Level 1:colcon.colcon_core.environment:checking '/home/jhp/fsd_ws/install/lane_length_pkg' for CMake module files
[61.997s] Level 1:colcon.colcon_core.environment:checking '/home/jhp/fsd_ws/install/lane_length_pkg' for CMake config files
[62.001s] Level 1:colcon.colcon_core.shell:create_environment_hook('lane_length_pkg', 'cmake_prefix_path')
[62.002s] INFO:colcon.colcon_core.shell:Creating environment hook '/home/jhp/fsd_ws/install/lane_length_pkg/share/lane_length_pkg/hook/cmake_prefix_path.ps1'
[62.004s] INFO:colcon.colcon_core.shell:Creating environment descriptor '/home/jhp/fsd_ws/install/lane_length_pkg/share/lane_length_pkg/hook/cmake_prefix_path.dsv'
[62.005s] INFO:colcon.colcon_core.shell:Creating environment hook '/home/jhp/fsd_ws/install/lane_length_pkg/share/lane_length_pkg/hook/cmake_prefix_path.sh'
[62.008s] Level 1:colcon.colcon_core.environment:checking '/home/jhp/fsd_ws/install/lane_length_pkg/lib'
[62.009s] Level 1:colcon.colcon_core.shell:create_environment_hook('lane_length_pkg', 'ld_library_path_lib')
[62.009s] INFO:colcon.colcon_core.shell:Creating environment hook '/home/jhp/fsd_ws/install/lane_length_pkg/share/lane_length_pkg/hook/ld_library_path_lib.ps1'
[62.010s] INFO:colcon.colcon_core.shell:Creating environment descriptor '/home/jhp/fsd_ws/install/lane_length_pkg/share/lane_length_pkg/hook/ld_library_path_lib.dsv'
[62.011s] INFO:colcon.colcon_core.shell:Creating environment hook '/home/jhp/fsd_ws/install/lane_length_pkg/share/lane_length_pkg/hook/ld_library_path_lib.sh'
[62.012s] Level 1:colcon.colcon_core.environment:checking '/home/jhp/fsd_ws/install/lane_length_pkg/bin'
[62.012s] Level 1:colcon.colcon_core.environment:checking '/home/jhp/fsd_ws/install/lane_length_pkg/lib/pkgconfig/lane_length_pkg.pc'
[62.013s] Level 1:colcon.colcon_core.environment:checking '/home/jhp/fsd_ws/install/lane_length_pkg/lib/python3.10/site-packages'
[62.013s] Level 1:colcon.colcon_core.environment:checking '/home/jhp/fsd_ws/install/lane_length_pkg/bin'
[62.014s] INFO:colcon.colcon_core.shell:Creating package script '/home/jhp/fsd_ws/install/lane_length_pkg/share/lane_length_pkg/package.ps1'
[62.023s] INFO:colcon.colcon_core.shell:Creating package descriptor '/home/jhp/fsd_ws/install/lane_length_pkg/share/lane_length_pkg/package.dsv'
[62.028s] INFO:colcon.colcon_core.shell:Creating package script '/home/jhp/fsd_ws/install/lane_length_pkg/share/lane_length_pkg/package.sh'
[62.032s] INFO:colcon.colcon_core.shell:Creating package script '/home/jhp/fsd_ws/install/lane_length_pkg/share/lane_length_pkg/package.bash'
[62.035s] INFO:colcon.colcon_core.shell:Creating package script '/home/jhp/fsd_ws/install/lane_length_pkg/share/lane_length_pkg/package.zsh'
[62.037s] Level 1:colcon.colcon_core.environment:create_file_with_runtime_dependencies(/home/jhp/fsd_ws/install/lane_length_pkg/share/colcon-core/packages/lane_length_pkg)
[62.039s] Level 1:colcon.colcon_core.environment:create_environment_scripts_only(lane_length_pkg)
[62.039s] Level 1:colcon.colcon_core.environment:checking '/home/jhp/fsd_ws/install/lane_length_pkg' for CMake module files
[62.041s] Level 1:colcon.colcon_core.environment:checking '/home/jhp/fsd_ws/install/lane_length_pkg' for CMake config files
[62.043s] Level 1:colcon.colcon_core.shell:create_environment_hook('lane_length_pkg', 'cmake_prefix_path')
[62.043s] INFO:colcon.colcon_core.shell:Creating environment hook '/home/jhp/fsd_ws/install/lane_length_pkg/share/lane_length_pkg/hook/cmake_prefix_path.ps1'
[62.046s] INFO:colcon.colcon_core.shell:Creating environment descriptor '/home/jhp/fsd_ws/install/lane_length_pkg/share/lane_length_pkg/hook/cmake_prefix_path.dsv'
[62.047s] INFO:colcon.colcon_core.shell:Creating environment hook '/home/jhp/fsd_ws/install/lane_length_pkg/share/lane_length_pkg/hook/cmake_prefix_path.sh'
[62.048s] Level 1:colcon.colcon_core.environment:checking '/home/jhp/fsd_ws/install/lane_length_pkg/lib'
[62.048s] Level 1:colcon.colcon_core.shell:create_environment_hook('lane_length_pkg', 'ld_library_path_lib')
[62.049s] INFO:colcon.colcon_core.shell:Creating environment hook '/home/jhp/fsd_ws/install/lane_length_pkg/share/lane_length_pkg/hook/ld_library_path_lib.ps1'
[62.050s] INFO:colcon.colcon_core.shell:Creating environment descriptor '/home/jhp/fsd_ws/install/lane_length_pkg/share/lane_length_pkg/hook/ld_library_path_lib.dsv'
[62.052s] INFO:colcon.colcon_core.shell:Creating environment hook '/home/jhp/fsd_ws/install/lane_length_pkg/share/lane_length_pkg/hook/ld_library_path_lib.sh'
[62.053s] Level 1:colcon.colcon_core.environment:checking '/home/jhp/fsd_ws/install/lane_length_pkg/bin'
[62.054s] Level 1:colcon.colcon_core.environment:checking '/home/jhp/fsd_ws/install/lane_length_pkg/lib/pkgconfig/lane_length_pkg.pc'
[62.054s] Level 1:colcon.colcon_core.environment:checking '/home/jhp/fsd_ws/install/lane_length_pkg/lib/python3.10/site-packages'
[62.055s] Level 1:colcon.colcon_core.environment:checking '/home/jhp/fsd_ws/install/lane_length_pkg/bin'
[62.056s] INFO:colcon.colcon_core.shell:Creating package script '/home/jhp/fsd_ws/install/lane_length_pkg/share/lane_length_pkg/package.ps1'
[62.058s] INFO:colcon.colcon_core.shell:Creating package descriptor '/home/jhp/fsd_ws/install/lane_length_pkg/share/lane_length_pkg/package.dsv'
[62.059s] INFO:colcon.colcon_core.shell:Creating package script '/home/jhp/fsd_ws/install/lane_length_pkg/share/lane_length_pkg/package.sh'
[62.060s] INFO:colcon.colcon_core.shell:Creating package script '/home/jhp/fsd_ws/install/lane_length_pkg/share/lane_length_pkg/package.bash'
[62.062s] INFO:colcon.colcon_core.shell:Creating package script '/home/jhp/fsd_ws/install/lane_length_pkg/share/lane_length_pkg/package.zsh'
[62.063s] Level 1:colcon.colcon_core.environment:create_file_with_runtime_dependencies(/home/jhp/fsd_ws/install/lane_length_pkg/share/colcon-core/packages/lane_length_pkg)
[62.065s] DEBUG:colcon.colcon_parallel_executor.executor.parallel:closing loop
[62.065s] DEBUG:colcon.colcon_parallel_executor.executor.parallel:loop closed
[62.065s] DEBUG:colcon.colcon_parallel_executor.executor.parallel:run_until_complete finished with '0'
[62.065s] DEBUG:colcon.colcon_core.event_reactor:joining thread
[62.081s] INFO:colcon.colcon_core.plugin_system:Skipping extension 'colcon_notification.desktop_notification.terminal_notifier': Not used on non-Darwin systems
[62.081s] INFO:colcon.colcon_core.plugin_system:Skipping extension 'colcon_notification.desktop_notification.win32': Not used on non-Windows systems
[62.081s] INFO:colcon.colcon_notification.desktop_notification:Sending desktop notification using 'notify2'
[62.082s] DEBUG:colcon.colcon_notification.desktop_notification.notify2:Failed to initialize notify2: org.freedesktop.DBus.Error.AccessDenied: Failed to connect to socket /run/user/1000/bus: Operation not permitted
[62.082s] DEBUG:colcon.colcon_core.event_reactor:joined thread
[62.083s] INFO:colcon.colcon_core.shell:Creating prefix script '/home/jhp/fsd_ws/install/local_setup.ps1'
[62.092s] INFO:colcon.colcon_core.shell:Creating prefix util module '/home/jhp/fsd_ws/install/_local_setup_util_ps1.py'
[62.098s] INFO:colcon.colcon_core.shell:Creating prefix chain script '/home/jhp/fsd_ws/install/setup.ps1'
[62.111s] INFO:colcon.colcon_core.shell:Creating prefix script '/home/jhp/fsd_ws/install/local_setup.sh'
[62.112s] INFO:colcon.colcon_core.shell:Creating prefix util module '/home/jhp/fsd_ws/install/_local_setup_util_sh.py'
[62.115s] INFO:colcon.colcon_core.shell:Creating prefix chain script '/home/jhp/fsd_ws/install/setup.sh'
[62.120s] INFO:colcon.colcon_core.shell:Creating prefix script '/home/jhp/fsd_ws/install/local_setup.bash'
[62.123s] INFO:colcon.colcon_core.shell:Creating prefix chain script '/home/jhp/fsd_ws/install/setup.bash'
[62.145s] INFO:colcon.colcon_core.shell:Creating prefix script '/home/jhp/fsd_ws/install/local_setup.zsh'
[62.147s] INFO:colcon.colcon_core.shell:Creating prefix chain script '/home/jhp/fsd_ws/install/setup.zsh'
