[0.240s] DEBUG:colcon:Command line arguments: ['/usr/bin/colcon', 'build']
[0.241s] DEBUG:colcon:Parsed command line arguments: Namespace(log_base=None, log_level=None, verb_name='build', build_base='build', install_base='install', merge_install=False, symlink_install=False, test_result_base=None, continue_on_error=False, executor='parallel', parallel_workers=6, event_handlers=None, ignore_user_meta=False, metas=['./colcon.meta'], base_paths=['.'], packages_ignore=None, packages_ignore_regex=None, paths=None, packages_up_to=None, packages_up_to_regex=None, packages_above=None, packages_above_and_dependencies=None, packages_above_depth=None, packages_select_by_dep=None, packages_skip_by_dep=None, packages_skip_up_to=None, packages_select_build_failed=False, packages_skip_build_finished=False, packages_select_test_failures=False, packages_skip_test_passed=False, packages_select=None, packages_skip=None, packages_select_regex=None, packages_skip_regex=None, packages_start=None, packages_end=None, allow_overriding=[], cmake_args=None, cmake_target=None, cmake_target_skip_unavailable=False, cmake_clean_cache=False, cmake_clean_first=False, cmake_force_configure=False, ament_cmake_args=None, catkin_cmake_args=None, catkin_skip_building_tests=False, mixin_files=None, mixin=None, verb_parser=<colcon_mixin.mixin.mixin_argument.MixinArgumentDecorator object at 0xffff9ce175b0>, verb_extension=<colcon_core.verb.build.BuildVerb object at 0xffff9ce16fe0>, main=<bound method BuildVerb.main of <colcon_core.verb.build.BuildVerb object at 0xffff9ce16fe0>>, mixin_verb=('build',))
[0.625s] Level 1:colcon.colcon_core.package_discovery:discover_packages(colcon_meta) check parameters
[0.626s] Level 1:colcon.colcon_core.package_discovery:discover_packages(recursive) check parameters
[0.626s] Level 1:colcon.colcon_core.package_discovery:discover_packages(ignore) check parameters
[0.626s] Level 1:colcon.colcon_core.package_discovery:discover_packages(path) check parameters
[0.626s] Level 1:colcon.colcon_core.package_discovery:discover_packages(colcon_meta) discover
[0.626s] Level 1:colcon.colcon_core.package_discovery:discover_packages(recursive) discover
[0.626s] INFO:colcon.colcon_core.package_discovery:Crawling recursively for packages in '/home/alexlee/fsd_ws/src/lane_length_pkg'
[0.627s] Level 1:colcon.colcon_core.package_identification:_identify(.) by extensions ['ignore', 'ignore_ament_install']
[0.627s] Level 1:colcon.colcon_core.package_identification:_identify(.) by extension 'ignore'
[0.627s] Level 1:colcon.colcon_core.package_identification:_identify(.) by extension 'ignore_ament_install'
[0.627s] Level 1:colcon.colcon_core.package_identification:_identify(.) by extensions ['colcon_pkg']
[0.627s] Level 1:colcon.colcon_core.package_identification:_identify(.) by extension 'colcon_pkg'
[0.627s] Level 1:colcon.colcon_core.package_identification:_identify(.) by extensions ['colcon_meta']
[0.628s] Level 1:colcon.colcon_core.package_identification:_identify(.) by extension 'colcon_meta'
[0.628s] Level 1:colcon.colcon_core.package_identification:_identify(.) by extensions ['ros']
[0.628s] Level 1:colcon.colcon_core.package_identification:_identify(.) by extension 'ros'
[0.658s] DEBUG:colcon.colcon_core.package_identification:Package '.' with type 'ros.ament_cmake' and name 'lane_length_pkg'
[0.658s] Level 1:colcon.colcon_core.package_discovery:discover_packages(recursive) using defaults
[0.658s] Level 1:colcon.colcon_core.package_discovery:discover_packages(ignore) discover
[0.658s] Level 1:colcon.colcon_core.package_discovery:discover_packages(ignore) using defaults
[0.658s] Level 1:colcon.colcon_core.package_discovery:discover_packages(path) discover
[0.658s] Level 1:colcon.colcon_core.package_discovery:discover_packages(path) using defaults
[0.730s] Level 1:colcon.colcon_core.package_discovery:discover_packages(prefix_path) check parameters
[0.730s] Level 1:colcon.colcon_core.package_discovery:discover_packages(prefix_path) discover
[0.735s] DEBUG:colcon.colcon_installed_package_information.package_discovery:Found 1 installed packages in /home/alexlee/fsd_ws/install
[0.736s] DEBUG:colcon.colcon_installed_package_information.package_discovery:Found 14 installed packages in /home/alexlee/turtlebot3_ws/install
[0.739s] DEBUG:colcon.colcon_installed_package_information.package_discovery:Found 292 installed packages in /opt/ros/humble
[0.742s] Level 1:colcon.colcon_core.package_discovery:discover_packages(prefix_path) using defaults
[0.824s] Level 5:colcon.colcon_core.verb:set package 'lane_length_pkg' build argument 'cmake_args' from command line to 'None'
[0.824s] Level 5:colcon.colcon_core.verb:set package 'lane_length_pkg' build argument 'cmake_target' from command line to 'None'
[0.824s] Level 5:colcon.colcon_core.verb:set package 'lane_length_pkg' build argument 'cmake_target_skip_unavailable' from command line to 'False'
[0.825s] Level 5:colcon.colcon_core.verb:set package 'lane_length_pkg' build argument 'cmake_clean_cache' from command line to 'False'
[0.825s] Level 5:colcon.colcon_core.verb:set package 'lane_length_pkg' build argument 'cmake_clean_first' from command line to 'False'
[0.825s] Level 5:colcon.colcon_core.verb:set package 'lane_length_pkg' build argument 'cmake_force_configure' from command line to 'False'
[0.825s] Level 5:colcon.colcon_core.verb:set package 'lane_length_pkg' build argument 'ament_cmake_args' from command line to 'None'
[0.825s] Level 5:colcon.colcon_core.verb:set package 'lane_length_pkg' build argument 'catkin_cmake_args' from command line to 'None'
[0.825s] Level 5:colcon.colcon_core.verb:set package 'lane_length_pkg' build argument 'catkin_skip_building_tests' from command line to 'False'
[0.825s] DEBUG:colcon.colcon_core.verb:Building package 'lane_length_pkg' with the following arguments: {'ament_cmake_args': None, 'build_base': '/home/alexlee/fsd_ws/src/lane_length_pkg/build/lane_length_pkg', 'catkin_cmake_args': None, 'catkin_skip_building_tests': False, 'cmake_args': None, 'cmake_clean_cache': False, 'cmake_clean_first': False, 'cmake_force_configure': False, 'cmake_target': None, 'cmake_target_skip_unavailable': False, 'install_base': '/home/alexlee/fsd_ws/src/lane_length_pkg/install/lane_length_pkg', 'merge_install': False, 'path': '/home/alexlee/fsd_ws/src/lane_length_pkg', 'symlink_install': False, 'test_result_base': None}
[0.825s] INFO:colcon.colcon_core.executor:Executing jobs using 'parallel' executor
[0.828s] DEBUG:colcon.colcon_parallel_executor.executor.parallel:run_until_complete
[0.828s] INFO:colcon.colcon_ros.task.ament_cmake.build:Building ROS package in '/home/alexlee/fsd_ws/src/lane_length_pkg' with build type 'ament_cmake'
[0.828s] INFO:colcon.colcon_cmake.task.cmake.build:Building CMake package in '/home/alexlee/fsd_ws/src/lane_length_pkg'
[0.833s] INFO:colcon.colcon_core.plugin_system:Skipping extension 'colcon_core.shell.bat': Not used on non-Windows systems
[0.833s] INFO:colcon.colcon_core.shell:Skip shell extension 'powershell' for command environment: Not usable outside of PowerShell
[0.833s] DEBUG:colcon.colcon_core.shell:Skip shell extension 'dsv' for command environment
[0.849s] DEBUG:colcon.colcon_core.event_handler.log_command:Invoking command in '/home/alexlee/fsd_ws/src/lane_length_pkg/build/lane_length_pkg': CMAKE_PREFIX_PATH=${CMAKE_PREFIX_PATH}:/home/alexlee/turtlebot3_ws/install/turtlebot3_teleop:/home/alexlee/turtlebot3_ws/install/turtlebot3_example:/opt/ros/humble /usr/bin/cmake /home/alexlee/fsd_ws/src/lane_length_pkg -DCMAKE_INSTALL_PREFIX=/home/alexlee/fsd_ws/src/lane_length_pkg/install/lane_length_pkg
[4.219s] DEBUG:colcon.colcon_core.event_handler.log_command:Invoked command in '/home/alexlee/fsd_ws/src/lane_length_pkg/build/lane_length_pkg' returned '0': CMAKE_PREFIX_PATH=${CMAKE_PREFIX_PATH}:/home/alexlee/turtlebot3_ws/install/turtlebot3_teleop:/home/alexlee/turtlebot3_ws/install/turtlebot3_example:/opt/ros/humble /usr/bin/cmake /home/alexlee/fsd_ws/src/lane_length_pkg -DCMAKE_INSTALL_PREFIX=/home/alexlee/fsd_ws/src/lane_length_pkg/install/lane_length_pkg
[4.225s] DEBUG:colcon.colcon_core.event_handler.log_command:Invoking command in '/home/alexlee/fsd_ws/src/lane_length_pkg/build/lane_length_pkg': CMAKE_PREFIX_PATH=${CMAKE_PREFIX_PATH}:/home/alexlee/turtlebot3_ws/install/turtlebot3_teleop:/home/alexlee/turtlebot3_ws/install/turtlebot3_example:/opt/ros/humble /usr/bin/cmake --build /home/alexlee/fsd_ws/src/lane_length_pkg/build/lane_length_pkg -- -j6 -l6
[88.543s] DEBUG:colcon.colcon_core.event_handler.log_command:Invoked command in '/home/alexlee/fsd_ws/src/lane_length_pkg/build/lane_length_pkg' returned '0': CMAKE_PREFIX_PATH=${CMAKE_PREFIX_PATH}:/home/alexlee/turtlebot3_ws/install/turtlebot3_teleop:/home/alexlee/turtlebot3_ws/install/turtlebot3_example:/opt/ros/humble /usr/bin/cmake --build /home/alexlee/fsd_ws/src/lane_length_pkg/build/lane_length_pkg -- -j6 -l6
[88.576s] DEBUG:colcon.colcon_core.event_handler.log_command:Invoking command in '/home/alexlee/fsd_ws/src/lane_length_pkg/build/lane_length_pkg': CMAKE_PREFIX_PATH=${CMAKE_PREFIX_PATH}:/home/alexlee/turtlebot3_ws/install/turtlebot3_teleop:/home/alexlee/turtlebot3_ws/install/turtlebot3_example:/opt/ros/humble /usr/bin/cmake --install /home/alexlee/fsd_ws/src/lane_length_pkg/build/lane_length_pkg
[89.048s] Level 1:colcon.colcon_core.environment:create_environment_scripts_only(lane_length_pkg)
[89.053s] DEBUG:colcon.colcon_core.event_handler.log_command:Invoked command in '/home/alexlee/fsd_ws/src/lane_length_pkg/build/lane_length_pkg' returned '0': CMAKE_PREFIX_PATH=${CMAKE_PREFIX_PATH}:/home/alexlee/turtlebot3_ws/install/turtlebot3_teleop:/home/alexlee/turtlebot3_ws/install/turtlebot3_example:/opt/ros/humble /usr/bin/cmake --install /home/alexlee/fsd_ws/src/lane_length_pkg/build/lane_length_pkg
[89.067s] Level 1:colcon.colcon_core.environment:checking '/home/alexlee/fsd_ws/src/lane_length_pkg/install/lane_length_pkg' for CMake module files
[89.069s] Level 1:colcon.colcon_core.environment:checking '/home/alexlee/fsd_ws/src/lane_length_pkg/install/lane_length_pkg' for CMake config files
[89.071s] Level 1:colcon.colcon_core.shell:create_environment_hook('lane_length_pkg', 'cmake_prefix_path')
[89.072s] INFO:colcon.colcon_core.shell:Creating environment hook '/home/alexlee/fsd_ws/src/lane_length_pkg/install/lane_length_pkg/share/lane_length_pkg/hook/cmake_prefix_path.ps1'
[89.076s] INFO:colcon.colcon_core.shell:Creating environment descriptor '/home/alexlee/fsd_ws/src/lane_length_pkg/install/lane_length_pkg/share/lane_length_pkg/hook/cmake_prefix_path.dsv'
[89.077s] INFO:colcon.colcon_core.shell:Creating environment hook '/home/alexlee/fsd_ws/src/lane_length_pkg/install/lane_length_pkg/share/lane_length_pkg/hook/cmake_prefix_path.sh'
[89.080s] Level 1:colcon.colcon_core.environment:checking '/home/alexlee/fsd_ws/src/lane_length_pkg/install/lane_length_pkg/lib'
[89.080s] Level 1:colcon.colcon_core.shell:create_environment_hook('lane_length_pkg', 'ld_library_path_lib')
[89.081s] INFO:colcon.colcon_core.shell:Creating environment hook '/home/alexlee/fsd_ws/src/lane_length_pkg/install/lane_length_pkg/share/lane_length_pkg/hook/ld_library_path_lib.ps1'
[89.082s] INFO:colcon.colcon_core.shell:Creating environment descriptor '/home/alexlee/fsd_ws/src/lane_length_pkg/install/lane_length_pkg/share/lane_length_pkg/hook/ld_library_path_lib.dsv'
[89.083s] INFO:colcon.colcon_core.shell:Creating environment hook '/home/alexlee/fsd_ws/src/lane_length_pkg/install/lane_length_pkg/share/lane_length_pkg/hook/ld_library_path_lib.sh'
[89.084s] Level 1:colcon.colcon_core.environment:checking '/home/alexlee/fsd_ws/src/lane_length_pkg/install/lane_length_pkg/bin'
[89.085s] Level 1:colcon.colcon_core.environment:checking '/home/alexlee/fsd_ws/src/lane_length_pkg/install/lane_length_pkg/lib/pkgconfig/lane_length_pkg.pc'
[89.087s] Level 1:colcon.colcon_core.environment:checking '/home/alexlee/fsd_ws/src/lane_length_pkg/install/lane_length_pkg/lib/python3.10/site-packages'
[89.088s] Level 1:colcon.colcon_core.environment:checking '/home/alexlee/fsd_ws/src/lane_length_pkg/install/lane_length_pkg/bin'
[89.089s] INFO:colcon.colcon_core.shell:Creating package script '/home/alexlee/fsd_ws/src/lane_length_pkg/install/lane_length_pkg/share/lane_length_pkg/package.ps1'
[89.091s] INFO:colcon.colcon_core.shell:Creating package descriptor '/home/alexlee/fsd_ws/src/lane_length_pkg/install/lane_length_pkg/share/lane_length_pkg/package.dsv'
[89.092s] INFO:colcon.colcon_core.shell:Creating package script '/home/alexlee/fsd_ws/src/lane_length_pkg/install/lane_length_pkg/share/lane_length_pkg/package.sh'
[89.095s] INFO:colcon.colcon_core.shell:Creating package script '/home/alexlee/fsd_ws/src/lane_length_pkg/install/lane_length_pkg/share/lane_length_pkg/package.bash'
[89.098s] INFO:colcon.colcon_core.shell:Creating package script '/home/alexlee/fsd_ws/src/lane_length_pkg/install/lane_length_pkg/share/lane_length_pkg/package.zsh'
[89.100s] Level 1:colcon.colcon_core.environment:create_file_with_runtime_dependencies(/home/alexlee/fsd_ws/src/lane_length_pkg/install/lane_length_pkg/share/colcon-core/packages/lane_length_pkg)
[89.103s] Level 1:colcon.colcon_core.environment:create_environment_scripts_only(lane_length_pkg)
[89.104s] Level 1:colcon.colcon_core.environment:checking '/home/alexlee/fsd_ws/src/lane_length_pkg/install/lane_length_pkg' for CMake module files
[89.106s] Level 1:colcon.colcon_core.environment:checking '/home/alexlee/fsd_ws/src/lane_length_pkg/install/lane_length_pkg' for CMake config files
[89.107s] Level 1:colcon.colcon_core.shell:create_environment_hook('lane_length_pkg', 'cmake_prefix_path')
[89.108s] INFO:colcon.colcon_core.shell:Creating environment hook '/home/alexlee/fsd_ws/src/lane_length_pkg/install/lane_length_pkg/share/lane_length_pkg/hook/cmake_prefix_path.ps1'
[89.109s] INFO:colcon.colcon_core.shell:Creating environment descriptor '/home/alexlee/fsd_ws/src/lane_length_pkg/install/lane_length_pkg/share/lane_length_pkg/hook/cmake_prefix_path.dsv'
[89.110s] INFO:colcon.colcon_core.shell:Creating environment hook '/home/alexlee/fsd_ws/src/lane_length_pkg/install/lane_length_pkg/share/lane_length_pkg/hook/cmake_prefix_path.sh'
[89.111s] Level 1:colcon.colcon_core.environment:checking '/home/alexlee/fsd_ws/src/lane_length_pkg/install/lane_length_pkg/lib'
[89.111s] Level 1:colcon.colcon_core.shell:create_environment_hook('lane_length_pkg', 'ld_library_path_lib')
[89.112s] INFO:colcon.colcon_core.shell:Creating environment hook '/home/alexlee/fsd_ws/src/lane_length_pkg/install/lane_length_pkg/share/lane_length_pkg/hook/ld_library_path_lib.ps1'
[89.113s] INFO:colcon.colcon_core.shell:Creating environment descriptor '/home/alexlee/fsd_ws/src/lane_length_pkg/install/lane_length_pkg/share/lane_length_pkg/hook/ld_library_path_lib.dsv'
[89.114s] INFO:colcon.colcon_core.shell:Creating environment hook '/home/alexlee/fsd_ws/src/lane_length_pkg/install/lane_length_pkg/share/lane_length_pkg/hook/ld_library_path_lib.sh'
[89.115s] Level 1:colcon.colcon_core.environment:checking '/home/alexlee/fsd_ws/src/lane_length_pkg/install/lane_length_pkg/bin'
[89.115s] Level 1:colcon.colcon_core.environment:checking '/home/alexlee/fsd_ws/src/lane_length_pkg/install/lane_length_pkg/lib/pkgconfig/lane_length_pkg.pc'
[89.115s] Level 1:colcon.colcon_core.environment:checking '/home/alexlee/fsd_ws/src/lane_length_pkg/install/lane_length_pkg/lib/python3.10/site-packages'
[89.116s] Level 1:colcon.colcon_core.environment:checking '/home/alexlee/fsd_ws/src/lane_length_pkg/install/lane_length_pkg/bin'
[89.117s] INFO:colcon.colcon_core.shell:Creating package script '/home/alexlee/fsd_ws/src/lane_length_pkg/install/lane_length_pkg/share/lane_length_pkg/package.ps1'
[89.119s] INFO:colcon.colcon_core.shell:Creating package descriptor '/home/alexlee/fsd_ws/src/lane_length_pkg/install/lane_length_pkg/share/lane_length_pkg/package.dsv'
[89.120s] INFO:colcon.colcon_core.shell:Creating package script '/home/alexlee/fsd_ws/src/lane_length_pkg/install/lane_length_pkg/share/lane_length_pkg/package.sh'
[89.121s] INFO:colcon.colcon_core.shell:Creating package script '/home/alexlee/fsd_ws/src/lane_length_pkg/install/lane_length_pkg/share/lane_length_pkg/package.bash'
[89.122s] INFO:colcon.colcon_core.shell:Creating package script '/home/alexlee/fsd_ws/src/lane_length_pkg/install/lane_length_pkg/share/lane_length_pkg/package.zsh'
[89.123s] Level 1:colcon.colcon_core.environment:create_file_with_runtime_dependencies(/home/alexlee/fsd_ws/src/lane_length_pkg/install/lane_length_pkg/share/colcon-core/packages/lane_length_pkg)
[89.124s] DEBUG:colcon.colcon_parallel_executor.executor.parallel:closing loop
[89.125s] DEBUG:colcon.colcon_parallel_executor.executor.parallel:loop closed
[89.125s] DEBUG:colcon.colcon_parallel_executor.executor.parallel:run_until_complete finished with '0'
[89.125s] DEBUG:colcon.colcon_core.event_reactor:joining thread
[89.152s] INFO:colcon.colcon_core.plugin_system:Skipping extension 'colcon_notification.desktop_notification.terminal_notifier': Not used on non-Darwin systems
[89.153s] INFO:colcon.colcon_core.plugin_system:Skipping extension 'colcon_notification.desktop_notification.win32': Not used on non-Windows systems
[89.153s] INFO:colcon.colcon_notification.desktop_notification:Sending desktop notification using 'notify2'
[89.241s] DEBUG:colcon.colcon_core.event_reactor:joined thread
[89.243s] INFO:colcon.colcon_core.shell:Creating prefix script '/home/alexlee/fsd_ws/src/lane_length_pkg/install/local_setup.ps1'
[89.245s] INFO:colcon.colcon_core.shell:Creating prefix util module '/home/alexlee/fsd_ws/src/lane_length_pkg/install/_local_setup_util_ps1.py'
[89.249s] INFO:colcon.colcon_core.shell:Creating prefix chain script '/home/alexlee/fsd_ws/src/lane_length_pkg/install/setup.ps1'
[89.255s] INFO:colcon.colcon_core.shell:Creating prefix script '/home/alexlee/fsd_ws/src/lane_length_pkg/install/local_setup.sh'
[89.258s] INFO:colcon.colcon_core.shell:Creating prefix util module '/home/alexlee/fsd_ws/src/lane_length_pkg/install/_local_setup_util_sh.py'
[89.259s] INFO:colcon.colcon_core.shell:Creating prefix chain script '/home/alexlee/fsd_ws/src/lane_length_pkg/install/setup.sh'
[89.264s] INFO:colcon.colcon_core.shell:Creating prefix script '/home/alexlee/fsd_ws/src/lane_length_pkg/install/local_setup.bash'
[89.265s] INFO:colcon.colcon_core.shell:Creating prefix chain script '/home/alexlee/fsd_ws/src/lane_length_pkg/install/setup.bash'
[89.269s] INFO:colcon.colcon_core.shell:Creating prefix script '/home/alexlee/fsd_ws/src/lane_length_pkg/install/local_setup.zsh'
[89.271s] INFO:colcon.colcon_core.shell:Creating prefix chain script '/home/alexlee/fsd_ws/src/lane_length_pkg/install/setup.zsh'
