[0.029s] Invoking command in '/home/jhp/fsd_ws/build/lane_length_pkg': CMAKE_PREFIX_PATH=${CMAKE_PREFIX_PATH}:/home/jhp/fsd2_ws/install/perception_py:/home/jhp/fsd2_ws/install/decision_py:/home/jhp/fsd2_ws/install/control_py:/home/jhp/camera_calib_ws/install/camera_calibration:/home/jhp/turtlebot3_ws/install/turtlebot3_teleop:/home/jhp/turtlebot3_ws/install/turtlebot3_example:/opt/ros/humble /usr/bin/cmake /home/jhp/fsd_ws/src/lane_length_pkg -DCMAKE_INSTALL_PREFIX=/home/jhp/fsd_ws/install/lane_length_pkg
[0.056s] -- Found ament_cmake: 1.3.14 (/opt/ros/humble/share/ament_cmake/cmake)
[0.335s] -- Override CMake install command with custom implementation using symlinks instead of copying resources
[0.351s] -- Found rclcpp: 16.0.19 (/opt/ros/humble/share/rclcpp/cmake)
[0.409s] -- Found rosidl_generator_c: 3.1.8 (/opt/ros/humble/share/rosidl_generator_c/cmake)
[0.414s] -- Found rosidl_adapter: 3.1.8 (/opt/ros/humble/share/rosidl_adapter/cmake)
[0.428s] -- Found rosidl_generator_cpp: 3.1.8 (/opt/ros/humble/share/rosidl_generator_cpp/cmake)
[0.450s] -- Using all available rosidl_typesupport_c: rosidl_typesupport_fastrtps_c;rosidl_typesupport_introspection_c
[0.475s] -- Using all available rosidl_typesupport_cpp: rosidl_typesupport_fastrtps_cpp;rosidl_typesupport_introspection_cpp
[0.543s] -- Found rmw_implementation_cmake: 6.1.2 (/opt/ros/humble/share/rmw_implementation_cmake/cmake)
[0.547s] -- Found rmw_fastrtps_cpp: 6.2.10 (/opt/ros/humble/share/rmw_fastrtps_cpp/cmake)
[0.781s] -- Using RMW implementation 'rmw_fastrtps_cpp' as default
[0.873s] -- Found rclcpp_lifecycle: 16.0.19 (/opt/ros/humble/share/rclcpp_lifecycle/cmake)
[0.902s] -- Found geometry_msgs: 4.9.1 (/opt/ros/humble/share/geometry_msgs/cmake)
[0.925s] -- Found nav_msgs: 4.9.1 (/opt/ros/humble/share/nav_msgs/cmake)
[0.956s] -- Found sensor_msgs: 4.9.1 (/opt/ros/humble/share/sensor_msgs/cmake)
[0.986s] -- Found visualization_msgs: 4.9.1 (/opt/ros/humble/share/visualization_msgs/cmake)
[1.021s] -- Found std_srvs: 4.9.1 (/opt/ros/humble/share/std_srvs/cmake)
[1.037s] -- Found tf2: 0.25.20 (/opt/ros/humble/share/tf2/cmake)
[1.044s] -- Found tf2_ros: 0.25.20 (/opt/ros/humble/share/tf2_ros/cmake)
[1.188s] -- Found dynamixel_sdk: 4.0.3 (/opt/ros/humble/share/dynamixel_sdk/cmake)
[1.190s] -- Found turtlebot3_msgs: 2.4.0 (/opt/ros/humble/share/turtlebot3_msgs/cmake)
[1.599s] -- Configuring done
[1.671s] -- Generating done
[1.697s] -- Build files have been written to: /home/jhp/fsd_ws/build/lane_length_pkg
[1.723s] Invoked command in '/home/jhp/fsd_ws/build/lane_length_pkg' returned '0': CMAKE_PREFIX_PATH=${CMAKE_PREFIX_PATH}:/home/jhp/fsd2_ws/install/perception_py:/home/jhp/fsd2_ws/install/decision_py:/home/jhp/fsd2_ws/install/control_py:/home/jhp/camera_calib_ws/install/camera_calibration:/home/jhp/turtlebot3_ws/install/turtlebot3_teleop:/home/jhp/turtlebot3_ws/install/turtlebot3_example:/opt/ros/humble /usr/bin/cmake /home/jhp/fsd_ws/src/lane_length_pkg -DCMAKE_INSTALL_PREFIX=/home/jhp/fsd_ws/install/lane_length_pkg
[1.725s] Invoking command in '/home/jhp/fsd_ws/build/lane_length_pkg': CMAKE_PREFIX_PATH=${CMAKE_PREFIX_PATH}:/home/jhp/fsd2_ws/install/perception_py:/home/jhp/fsd2_ws/install/decision_py:/home/jhp/fsd2_ws/install/control_py:/home/jhp/camera_calib_ws/install/camera_calibration:/home/jhp/turtlebot3_ws/install/turtlebot3_teleop:/home/jhp/turtlebot3_ws/install/turtlebot3_example:/opt/ros/humble /usr/bin/cmake --build /home/jhp/fsd_ws/build/lane_length_pkg -- -j6 -l6
[1.844s] Consolidate compiler generated dependencies of target localization_slam
[1.855s] failed to create symbolic link '/home/jhp/fsd_ws/build/lane_length_pkg/ament_cmake_python/lane_length_pkg/lane_length_pkg' because existing path cannot be removed: Is a directory
[1.857s] gmake[2]: *** [CMakeFiles/ament_cmake_python_symlink_lane_length_pkg.dir/build.make:70: CMakeFiles/ament_cmake_python_symlink_lane_length_pkg] Error 1
[1.858s] gmake[1]: *** [CMakeFiles/Makefile2:150: CMakeFiles/ament_cmake_python_symlink_lane_length_pkg.dir/all] Error 2
[1.858s] gmake[1]: *** Waiting for unfinished jobs....
[1.859s] Consolidate compiler generated dependencies of target coin_d4_driver_lib
[1.864s] Consolidate compiler generated dependencies of target ld08_driver
[1.875s] [  6%] Built target localization_slam
[1.888s] Consolidate compiler generated dependencies of target turtlebot3_control_lib
[1.893s] [ 31%] Built target coin_d4_driver_lib
[1.895s] [ 50%] Built target ld08_driver
[1.930s] [ 87%] Built target turtlebot3_control_lib
[1.931s] gmake: *** [Makefile:146: all] Error 2
[1.936s] Invoked command in '/home/jhp/fsd_ws/build/lane_length_pkg' returned '2': CMAKE_PREFIX_PATH=${CMAKE_PREFIX_PATH}:/home/jhp/fsd2_ws/install/perception_py:/home/jhp/fsd2_ws/install/decision_py:/home/jhp/fsd2_ws/install/control_py:/home/jhp/camera_calib_ws/install/camera_calibration:/home/jhp/turtlebot3_ws/install/turtlebot3_teleop:/home/jhp/turtlebot3_ws/install/turtlebot3_example:/opt/ros/humble /usr/bin/cmake --build /home/jhp/fsd_ws/build/lane_length_pkg -- -j6 -l6
