[0.282s] DEBUG:colcon:Command line arguments: ['/usr/bin/colcon', 'build', '--packages-select', '--symlink-install']
[0.282s] DEBUG:colcon:Parsed command line arguments: Namespace(log_base=None, log_level=None, verb_name='build', build_base='build', install_base='install', merge_install=False, symlink_install=True, test_result_base=None, continue_on_error=False, executor='parallel', parallel_workers=6, event_handlers=None, ignore_user_meta=False, metas=['./colcon.meta'], base_paths=['.'], packages_ignore=None, packages_ignore_regex=None, paths=None, packages_up_to=None, packages_up_to_regex=None, packages_above=None, packages_above_and_dependencies=None, packages_above_depth=None, packages_select_by_dep=None, packages_skip_by_dep=None, packages_skip_up_to=None, packages_select_build_failed=False, packages_skip_build_finished=False, packages_select_test_failures=False, packages_skip_test_passed=False, packages_select=[], packages_skip=None, packages_select_regex=None, packages_skip_regex=None, packages_start=None, packages_end=None, allow_overriding=[], cmake_args=None, cmake_target=None, cmake_target_skip_unavailable=False, cmake_clean_cache=False, cmake_clean_first=False, cmake_force_configure=False, ament_cmake_args=None, catkin_cmake_args=None, catkin_skip_building_tests=False, mixin_files=None, mixin=None, verb_parser=<colcon_mixin.mixin.mixin_argument.MixinArgumentDecorator object at 0xffff96e07550>, verb_extension=<colcon_core.verb.build.BuildVerb object at 0xffff96e06f80>, main=<bound method BuildVerb.main of <colcon_core.verb.build.BuildVerb object at 0xffff96e06f80>>, mixin_verb=('build',))
[0.724s] Level 1:colcon.colcon_core.package_discovery:discover_packages(colcon_meta) check parameters
[0.724s] Level 1:colcon.colcon_core.package_discovery:discover_packages(recursive) check parameters
[0.724s] Level 1:colcon.colcon_core.package_discovery:discover_packages(ignore) check parameters
[0.724s] Level 1:colcon.colcon_core.package_discovery:discover_packages(path) check parameters
[0.724s] Level 1:colcon.colcon_core.package_discovery:discover_packages(colcon_meta) discover
[0.724s] Level 1:colcon.colcon_core.package_discovery:discover_packages(recursive) discover
[0.724s] INFO:colcon.colcon_core.package_discovery:Crawling recursively for packages in '/home/alexlee/fsd_ws'
[0.725s] Level 1:colcon.colcon_core.package_identification:_identify(.) by extensions ['ignore', 'ignore_ament_install']
[0.725s] Level 1:colcon.colcon_core.package_identification:_identify(.) by extension 'ignore'
[0.725s] Level 1:colcon.colcon_core.package_identification:_identify(.) by extension 'ignore_ament_install'
[0.725s] Level 1:colcon.colcon_core.package_identification:_identify(.) by extensions ['colcon_pkg']
[0.725s] Level 1:colcon.colcon_core.package_identification:_identify(.) by extension 'colcon_pkg'
[0.725s] Level 1:colcon.colcon_core.package_identification:_identify(.) by extensions ['colcon_meta']
[0.726s] Level 1:colcon.colcon_core.package_identification:_identify(.) by extension 'colcon_meta'
[0.726s] Level 1:colcon.colcon_core.package_identification:_identify(.) by extensions ['ros']
[0.726s] Level 1:colcon.colcon_core.package_identification:_identify(.) by extension 'ros'
[0.748s] Level 1:colcon.colcon_core.package_identification:_identify(.) by extensions ['cmake', 'python']
[0.749s] Level 1:colcon.colcon_core.package_identification:_identify(.) by extension 'cmake'
[0.749s] Level 1:colcon.colcon_core.package_identification:_identify(.) by extension 'python'
[0.749s] Level 1:colcon.colcon_core.package_identification:_identify(.) by extensions ['python_setup_py']
[0.749s] Level 1:colcon.colcon_core.package_identification:_identify(.) by extension 'python_setup_py'
[0.749s] Level 1:colcon.colcon_core.package_identification:_identify(build) by extensions ['ignore', 'ignore_ament_install']
[0.750s] Level 1:colcon.colcon_core.package_identification:_identify(build) by extension 'ignore'
[0.750s] Level 1:colcon.colcon_core.package_identification:_identify(build) ignored
[0.750s] Level 1:colcon.colcon_core.package_identification:_identify(eval_logs) by extensions ['ignore', 'ignore_ament_install']
[0.750s] Level 1:colcon.colcon_core.package_identification:_identify(eval_logs) by extension 'ignore'
[0.750s] Level 1:colcon.colcon_core.package_identification:_identify(eval_logs) by extension 'ignore_ament_install'
[0.750s] Level 1:colcon.colcon_core.package_identification:_identify(eval_logs) by extensions ['colcon_pkg']
[0.751s] Level 1:colcon.colcon_core.package_identification:_identify(eval_logs) by extension 'colcon_pkg'
[0.751s] Level 1:colcon.colcon_core.package_identification:_identify(eval_logs) by extensions ['colcon_meta']
[0.751s] Level 1:colcon.colcon_core.package_identification:_identify(eval_logs) by extension 'colcon_meta'
[0.751s] Level 1:colcon.colcon_core.package_identification:_identify(eval_logs) by extensions ['ros']
[0.751s] Level 1:colcon.colcon_core.package_identification:_identify(eval_logs) by extension 'ros'
[0.751s] Level 1:colcon.colcon_core.package_identification:_identify(eval_logs) by extensions ['cmake', 'python']
[0.751s] Level 1:colcon.colcon_core.package_identification:_identify(eval_logs) by extension 'cmake'
[0.751s] Level 1:colcon.colcon_core.package_identification:_identify(eval_logs) by extension 'python'
[0.751s] Level 1:colcon.colcon_core.package_identification:_identify(eval_logs) by extensions ['python_setup_py']
[0.751s] Level 1:colcon.colcon_core.package_identification:_identify(eval_logs) by extension 'python_setup_py'
[0.752s] Level 1:colcon.colcon_core.package_identification:_identify(eval_logs/ros_logs) by extensions ['ignore', 'ignore_ament_install']
[0.752s] Level 1:colcon.colcon_core.package_identification:_identify(eval_logs/ros_logs) by extension 'ignore'
[0.752s] Level 1:colcon.colcon_core.package_identification:_identify(eval_logs/ros_logs) by extension 'ignore_ament_install'
[0.752s] Level 1:colcon.colcon_core.package_identification:_identify(eval_logs/ros_logs) by extensions ['colcon_pkg']
[0.752s] Level 1:colcon.colcon_core.package_identification:_identify(eval_logs/ros_logs) by extension 'colcon_pkg'
[0.752s] Level 1:colcon.colcon_core.package_identification:_identify(eval_logs/ros_logs) by extensions ['colcon_meta']
[0.752s] Level 1:colcon.colcon_core.package_identification:_identify(eval_logs/ros_logs) by extension 'colcon_meta'
[0.753s] Level 1:colcon.colcon_core.package_identification:_identify(eval_logs/ros_logs) by extensions ['ros']
[0.753s] Level 1:colcon.colcon_core.package_identification:_identify(eval_logs/ros_logs) by extension 'ros'
[0.753s] Level 1:colcon.colcon_core.package_identification:_identify(eval_logs/ros_logs) by extensions ['cmake', 'python']
[0.753s] Level 1:colcon.colcon_core.package_identification:_identify(eval_logs/ros_logs) by extension 'cmake'
[0.753s] Level 1:colcon.colcon_core.package_identification:_identify(eval_logs/ros_logs) by extension 'python'
[0.753s] Level 1:colcon.colcon_core.package_identification:_identify(eval_logs/ros_logs) by extensions ['python_setup_py']
[0.753s] Level 1:colcon.colcon_core.package_identification:_identify(eval_logs/ros_logs) by extension 'python_setup_py'
[0.754s] Level 1:colcon.colcon_core.package_identification:_identify(eval_logs/test) by extensions ['ignore', 'ignore_ament_install']
[0.754s] Level 1:colcon.colcon_core.package_identification:_identify(eval_logs/test) by extension 'ignore'
[0.754s] Level 1:colcon.colcon_core.package_identification:_identify(eval_logs/test) by extension 'ignore_ament_install'
[0.754s] Level 1:colcon.colcon_core.package_identification:_identify(eval_logs/test) by extensions ['colcon_pkg']
[0.754s] Level 1:colcon.colcon_core.package_identification:_identify(eval_logs/test) by extension 'colcon_pkg'
[0.754s] Level 1:colcon.colcon_core.package_identification:_identify(eval_logs/test) by extensions ['colcon_meta']
[0.754s] Level 1:colcon.colcon_core.package_identification:_identify(eval_logs/test) by extension 'colcon_meta'
[0.754s] Level 1:colcon.colcon_core.package_identification:_identify(eval_logs/test) by extensions ['ros']
[0.754s] Level 1:colcon.colcon_core.package_identification:_identify(eval_logs/test) by extension 'ros'
[0.755s] Level 1:colcon.colcon_core.package_identification:_identify(eval_logs/test) by extensions ['cmake', 'python']
[0.755s] Level 1:colcon.colcon_core.package_identification:_identify(eval_logs/test) by extension 'cmake'
[0.755s] Level 1:colcon.colcon_core.package_identification:_identify(eval_logs/test) by extension 'python'
[0.755s] Level 1:colcon.colcon_core.package_identification:_identify(eval_logs/test) by extensions ['python_setup_py']
[0.755s] Level 1:colcon.colcon_core.package_identification:_identify(eval_logs/test) by extension 'python_setup_py'
[0.755s] Level 1:colcon.colcon_core.package_identification:_identify(install) by extensions ['ignore', 'ignore_ament_install']
[0.755s] Level 1:colcon.colcon_core.package_identification:_identify(install) by extension 'ignore'
[0.755s] Level 1:colcon.colcon_core.package_identification:_identify(install) ignored
[0.756s] Level 1:colcon.colcon_core.package_identification:_identify(log) by extensions ['ignore', 'ignore_ament_install']
[0.756s] Level 1:colcon.colcon_core.package_identification:_identify(log) by extension 'ignore'
[0.756s] Level 1:colcon.colcon_core.package_identification:_identify(log) ignored
[0.756s] Level 1:colcon.colcon_core.package_identification:_identify(src) by extensions ['ignore', 'ignore_ament_install']
[0.756s] Level 1:colcon.colcon_core.package_identification:_identify(src) by extension 'ignore'
[0.756s] Level 1:colcon.colcon_core.package_identification:_identify(src) by extension 'ignore_ament_install'
[0.756s] Level 1:colcon.colcon_core.package_identification:_identify(src) by extensions ['colcon_pkg']
[0.757s] Level 1:colcon.colcon_core.package_identification:_identify(src) by extension 'colcon_pkg'
[0.757s] Level 1:colcon.colcon_core.package_identification:_identify(src) by extensions ['colcon_meta']
[0.757s] Level 1:colcon.colcon_core.package_identification:_identify(src) by extension 'colcon_meta'
[0.757s] Level 1:colcon.colcon_core.package_identification:_identify(src) by extensions ['ros']
[0.757s] Level 1:colcon.colcon_core.package_identification:_identify(src) by extension 'ros'
[0.757s] Level 1:colcon.colcon_core.package_identification:_identify(src) by extensions ['cmake', 'python']
[0.757s] Level 1:colcon.colcon_core.package_identification:_identify(src) by extension 'cmake'
[0.757s] Level 1:colcon.colcon_core.package_identification:_identify(src) by extension 'python'
[0.757s] Level 1:colcon.colcon_core.package_identification:_identify(src) by extensions ['python_setup_py']
[0.757s] Level 1:colcon.colcon_core.package_identification:_identify(src) by extension 'python_setup_py'
[0.758s] Level 1:colcon.colcon_core.package_identification:_identify(src/lane_length_pkg) by extensions ['ignore', 'ignore_ament_install']
[0.758s] Level 1:colcon.colcon_core.package_identification:_identify(src/lane_length_pkg) by extension 'ignore'
[0.758s] Level 1:colcon.colcon_core.package_identification:_identify(src/lane_length_pkg) by extension 'ignore_ament_install'
[0.758s] Level 1:colcon.colcon_core.package_identification:_identify(src/lane_length_pkg) by extensions ['colcon_pkg']
[0.758s] Level 1:colcon.colcon_core.package_identification:_identify(src/lane_length_pkg) by extension 'colcon_pkg'
[0.758s] Level 1:colcon.colcon_core.package_identification:_identify(src/lane_length_pkg) by extensions ['colcon_meta']
[0.758s] Level 1:colcon.colcon_core.package_identification:_identify(src/lane_length_pkg) by extension 'colcon_meta'
[0.758s] Level 1:colcon.colcon_core.package_identification:_identify(src/lane_length_pkg) by extensions ['ros']
[0.758s] Level 1:colcon.colcon_core.package_identification:_identify(src/lane_length_pkg) by extension 'ros'
[0.767s] DEBUG:colcon.colcon_core.package_identification:Package 'src/lane_length_pkg' with type 'ros.ament_cmake' and name 'lane_length_pkg'
[0.767s] Level 1:colcon.colcon_core.package_discovery:discover_packages(recursive) using defaults
[0.768s] Level 1:colcon.colcon_core.package_discovery:discover_packages(ignore) discover
[0.768s] Level 1:colcon.colcon_core.package_discovery:discover_packages(ignore) using defaults
[0.768s] Level 1:colcon.colcon_core.package_discovery:discover_packages(path) discover
[0.768s] Level 1:colcon.colcon_core.package_discovery:discover_packages(path) using defaults
[0.846s] INFO:colcon.colcon_core.package_selection:Skipping not selected package 'lane_length_pkg' in 'src/lane_length_pkg'
[0.847s] Level 1:colcon.colcon_core.package_discovery:discover_packages(prefix_path) check parameters
[0.847s] Level 1:colcon.colcon_core.package_discovery:discover_packages(prefix_path) discover
[0.853s] DEBUG:colcon.colcon_installed_package_information.package_discovery:Found 1 installed packages in /home/alexlee/fsd_ws/install
[0.855s] DEBUG:colcon.colcon_installed_package_information.package_discovery:Found 13 installed packages in /home/alexlee/turtlebot3_ws/install
[0.857s] DEBUG:colcon.colcon_installed_package_information.package_discovery:Found 292 installed packages in /opt/ros/humble
[0.860s] Level 1:colcon.colcon_core.package_discovery:discover_packages(prefix_path) using defaults
[0.949s] INFO:colcon.colcon_core.executor:Executing jobs using 'parallel' executor
[0.951s] DEBUG:colcon.colcon_parallel_executor.executor.parallel:run_until_complete
[0.952s] DEBUG:colcon.colcon_parallel_executor.executor.parallel:closing loop
[0.952s] DEBUG:colcon.colcon_parallel_executor.executor.parallel:loop closed
[0.952s] DEBUG:colcon.colcon_parallel_executor.executor.parallel:run_until_complete finished with '0'
[0.952s] DEBUG:colcon.colcon_core.event_reactor:joining thread
[0.962s] INFO:colcon.colcon_core.plugin_system:Skipping extension 'colcon_notification.desktop_notification.terminal_notifier': Not used on non-Darwin systems
[0.963s] INFO:colcon.colcon_core.plugin_system:Skipping extension 'colcon_notification.desktop_notification.win32': Not used on non-Windows systems
[0.963s] INFO:colcon.colcon_notification.desktop_notification:Sending desktop notification using 'notify2'
[0.990s] DEBUG:colcon.colcon_core.event_reactor:joined thread
[0.999s] INFO:colcon.colcon_core.plugin_system:Skipping extension 'colcon_core.shell.bat': Not used on non-Windows systems
[1.000s] INFO:colcon.colcon_core.shell:Creating prefix script '/home/alexlee/fsd_ws/install/local_setup.ps1'
[1.002s] INFO:colcon.colcon_core.shell:Creating prefix util module '/home/alexlee/fsd_ws/install/_local_setup_util_ps1.py'
[1.006s] INFO:colcon.colcon_core.shell:Creating prefix chain script '/home/alexlee/fsd_ws/install/setup.ps1'
[1.010s] INFO:colcon.colcon_core.shell:Creating prefix script '/home/alexlee/fsd_ws/install/local_setup.sh'
[1.011s] INFO:colcon.colcon_core.shell:Creating prefix util module '/home/alexlee/fsd_ws/install/_local_setup_util_sh.py'
[1.013s] INFO:colcon.colcon_core.shell:Creating prefix chain script '/home/alexlee/fsd_ws/install/setup.sh'
[1.017s] INFO:colcon.colcon_core.shell:Creating prefix script '/home/alexlee/fsd_ws/install/local_setup.bash'
[1.019s] INFO:colcon.colcon_core.shell:Creating prefix chain script '/home/alexlee/fsd_ws/install/setup.bash'
[1.022s] INFO:colcon.colcon_core.shell:Creating prefix script '/home/alexlee/fsd_ws/install/local_setup.zsh'
[1.023s] INFO:colcon.colcon_core.shell:Creating prefix chain script '/home/alexlee/fsd_ws/install/setup.zsh'
