[0.309s] DEBUG:colcon:Command line arguments: ['/usr/bin/colcon', 'build', '--packages-select', 'lane_length_pkg']
[0.310s] DEBUG:colcon:Parsed command line arguments: Namespace(log_base=None, log_level=None, verb_name='build', build_base='build', install_base='install', merge_install=False, symlink_install=False, test_result_base=None, continue_on_error=False, executor='parallel', parallel_workers=6, event_handlers=None, ignore_user_meta=False, metas=['./colcon.meta'], base_paths=['.'], packages_ignore=None, packages_ignore_regex=None, paths=None, packages_up_to=None, packages_up_to_regex=None, packages_above=None, packages_above_and_dependencies=None, packages_above_depth=None, packages_select_by_dep=None, packages_skip_by_dep=None, packages_skip_up_to=None, packages_select_build_failed=False, packages_skip_build_finished=False, packages_select_test_failures=False, packages_skip_test_passed=False, packages_select=['lane_length_pkg'], packages_skip=None, packages_select_regex=None, packages_skip_regex=None, packages_start=None, packages_end=None, allow_overriding=[], cmake_args=None, cmake_target=None, cmake_target_skip_unavailable=False, cmake_clean_cache=False, cmake_clean_first=False, cmake_force_configure=False, ament_cmake_args=None, catkin_cmake_args=None, catkin_skip_building_tests=False, mixin_files=None, mixin=None, verb_parser=<colcon_mixin.mixin.mixin_argument.MixinArgumentDecorator object at 0xffff914ac250>, verb_extension=<colcon_core.verb.build.BuildVerb object at 0xffff9147b850>, main=<bound method BuildVerb.main of <colcon_core.verb.build.BuildVerb object at 0xffff9147b850>>, mixin_verb=('build',))
[0.717s] Level 1:colcon.colcon_core.package_discovery:discover_packages(colcon_meta) check parameters
[0.717s] Level 1:colcon.colcon_core.package_discovery:discover_packages(recursive) check parameters
[0.718s] Level 1:colcon.colcon_core.package_discovery:discover_packages(ignore) check parameters
[0.718s] Level 1:colcon.colcon_core.package_discovery:discover_packages(path) check parameters
[0.718s] Level 1:colcon.colcon_core.package_discovery:discover_packages(colcon_meta) discover
[0.718s] Level 1:colcon.colcon_core.package_discovery:discover_packages(recursive) discover
[0.719s] INFO:colcon.colcon_core.package_discovery:Crawling recursively for packages in '/home/jhp/fsd_ws'
[0.719s] Level 1:colcon.colcon_core.package_identification:_identify(.) by extensions ['ignore', 'ignore_ament_install']
[0.719s] Level 1:colcon.colcon_core.package_identification:_identify(.) by extension 'ignore'
[0.719s] Level 1:colcon.colcon_core.package_identification:_identify(.) by extension 'ignore_ament_install'
[0.719s] Level 1:colcon.colcon_core.package_identification:_identify(.) by extensions ['colcon_pkg']
[0.720s] Level 1:colcon.colcon_core.package_identification:_identify(.) by extension 'colcon_pkg'
[0.720s] Level 1:colcon.colcon_core.package_identification:_identify(.) by extensions ['colcon_meta']
[0.720s] Level 1:colcon.colcon_core.package_identification:_identify(.) by extension 'colcon_meta'
[0.720s] Level 1:colcon.colcon_core.package_identification:_identify(.) by extensions ['ros']
[0.720s] Level 1:colcon.colcon_core.package_identification:_identify(.) by extension 'ros'
[0.749s] Level 1:colcon.colcon_core.package_identification:_identify(.) by extensions ['cmake', 'python']
[0.749s] Level 1:colcon.colcon_core.package_identification:_identify(.) by extension 'cmake'
[0.749s] Level 1:colcon.colcon_core.package_identification:_identify(.) by extension 'python'
[0.749s] Level 1:colcon.colcon_core.package_identification:_identify(.) by extensions ['python_setup_py']
[0.750s] Level 1:colcon.colcon_core.package_identification:_identify(.) by extension 'python_setup_py'
[0.750s] Level 1:colcon.colcon_core.package_identification:_identify(build) by extensions ['ignore', 'ignore_ament_install']
[0.750s] Level 1:colcon.colcon_core.package_identification:_identify(build) by extension 'ignore'
[0.750s] Level 1:colcon.colcon_core.package_identification:_identify(build) ignored
[0.751s] Level 1:colcon.colcon_core.package_identification:_identify(eval_logs) by extensions ['ignore', 'ignore_ament_install']
[0.751s] Level 1:colcon.colcon_core.package_identification:_identify(eval_logs) by extension 'ignore'
[0.751s] Level 1:colcon.colcon_core.package_identification:_identify(eval_logs) by extension 'ignore_ament_install'
[0.751s] Level 1:colcon.colcon_core.package_identification:_identify(eval_logs) by extensions ['colcon_pkg']
[0.751s] Level 1:colcon.colcon_core.package_identification:_identify(eval_logs) by extension 'colcon_pkg'
[0.751s] Level 1:colcon.colcon_core.package_identification:_identify(eval_logs) by extensions ['colcon_meta']
[0.751s] Level 1:colcon.colcon_core.package_identification:_identify(eval_logs) by extension 'colcon_meta'
[0.751s] Level 1:colcon.colcon_core.package_identification:_identify(eval_logs) by extensions ['ros']
[0.751s] Level 1:colcon.colcon_core.package_identification:_identify(eval_logs) by extension 'ros'
[0.752s] Level 1:colcon.colcon_core.package_identification:_identify(eval_logs) by extensions ['cmake', 'python']
[0.752s] Level 1:colcon.colcon_core.package_identification:_identify(eval_logs) by extension 'cmake'
[0.752s] Level 1:colcon.colcon_core.package_identification:_identify(eval_logs) by extension 'python'
[0.752s] Level 1:colcon.colcon_core.package_identification:_identify(eval_logs) by extensions ['python_setup_py']
[0.752s] Level 1:colcon.colcon_core.package_identification:_identify(eval_logs) by extension 'python_setup_py'
[0.752s] Level 1:colcon.colcon_core.package_identification:_identify(eval_logs/ros_logs) by extensions ['ignore', 'ignore_ament_install']
[0.752s] Level 1:colcon.colcon_core.package_identification:_identify(eval_logs/ros_logs) by extension 'ignore'
[0.753s] Level 1:colcon.colcon_core.package_identification:_identify(eval_logs/ros_logs) by extension 'ignore_ament_install'
[0.753s] Level 1:colcon.colcon_core.package_identification:_identify(eval_logs/ros_logs) by extensions ['colcon_pkg']
[0.753s] Level 1:colcon.colcon_core.package_identification:_identify(eval_logs/ros_logs) by extension 'colcon_pkg'
[0.753s] Level 1:colcon.colcon_core.package_identification:_identify(eval_logs/ros_logs) by extensions ['colcon_meta']
[0.753s] Level 1:colcon.colcon_core.package_identification:_identify(eval_logs/ros_logs) by extension 'colcon_meta'
[0.753s] Level 1:colcon.colcon_core.package_identification:_identify(eval_logs/ros_logs) by extensions ['ros']
[0.753s] Level 1:colcon.colcon_core.package_identification:_identify(eval_logs/ros_logs) by extension 'ros'
[0.753s] Level 1:colcon.colcon_core.package_identification:_identify(eval_logs/ros_logs) by extensions ['cmake', 'python']
[0.753s] Level 1:colcon.colcon_core.package_identification:_identify(eval_logs/ros_logs) by extension 'cmake'
[0.753s] Level 1:colcon.colcon_core.package_identification:_identify(eval_logs/ros_logs) by extension 'python'
[0.753s] Level 1:colcon.colcon_core.package_identification:_identify(eval_logs/ros_logs) by extensions ['python_setup_py']
[0.754s] Level 1:colcon.colcon_core.package_identification:_identify(eval_logs/ros_logs) by extension 'python_setup_py'
[0.754s] Level 1:colcon.colcon_core.package_identification:_identify(eval_logs/test) by extensions ['ignore', 'ignore_ament_install']
[0.754s] Level 1:colcon.colcon_core.package_identification:_identify(eval_logs/test) by extension 'ignore'
[0.754s] Level 1:colcon.colcon_core.package_identification:_identify(eval_logs/test) by extension 'ignore_ament_install'
[0.754s] Level 1:colcon.colcon_core.package_identification:_identify(eval_logs/test) by extensions ['colcon_pkg']
[0.754s] Level 1:colcon.colcon_core.package_identification:_identify(eval_logs/test) by extension 'colcon_pkg'
[0.754s] Level 1:colcon.colcon_core.package_identification:_identify(eval_logs/test) by extensions ['colcon_meta']
[0.754s] Level 1:colcon.colcon_core.package_identification:_identify(eval_logs/test) by extension 'colcon_meta'
[0.754s] Level 1:colcon.colcon_core.package_identification:_identify(eval_logs/test) by extensions ['ros']
[0.754s] Level 1:colcon.colcon_core.package_identification:_identify(eval_logs/test) by extension 'ros'
[0.755s] Level 1:colcon.colcon_core.package_identification:_identify(eval_logs/test) by extensions ['cmake', 'python']
[0.755s] Level 1:colcon.colcon_core.package_identification:_identify(eval_logs/test) by extension 'cmake'
[0.755s] Level 1:colcon.colcon_core.package_identification:_identify(eval_logs/test) by extension 'python'
[0.755s] Level 1:colcon.colcon_core.package_identification:_identify(eval_logs/test) by extensions ['python_setup_py']
[0.755s] Level 1:colcon.colcon_core.package_identification:_identify(eval_logs/test) by extension 'python_setup_py'
[0.755s] Level 1:colcon.colcon_core.package_identification:_identify(install) by extensions ['ignore', 'ignore_ament_install']
[0.755s] Level 1:colcon.colcon_core.package_identification:_identify(install) by extension 'ignore'
[0.755s] Level 1:colcon.colcon_core.package_identification:_identify(install) ignored
[0.756s] Level 1:colcon.colcon_core.package_identification:_identify(log) by extensions ['ignore', 'ignore_ament_install']
[0.756s] Level 1:colcon.colcon_core.package_identification:_identify(log) by extension 'ignore'
[0.756s] Level 1:colcon.colcon_core.package_identification:_identify(log) ignored
[0.756s] Level 1:colcon.colcon_core.package_identification:_identify(src) by extensions ['ignore', 'ignore_ament_install']
[0.756s] Level 1:colcon.colcon_core.package_identification:_identify(src) by extension 'ignore'
[0.757s] Level 1:colcon.colcon_core.package_identification:_identify(src) by extension 'ignore_ament_install'
[0.757s] Level 1:colcon.colcon_core.package_identification:_identify(src) by extensions ['colcon_pkg']
[0.757s] Level 1:colcon.colcon_core.package_identification:_identify(src) by extension 'colcon_pkg'
[0.757s] Level 1:colcon.colcon_core.package_identification:_identify(src) by extensions ['colcon_meta']
[0.757s] Level 1:colcon.colcon_core.package_identification:_identify(src) by extension 'colcon_meta'
[0.757s] Level 1:colcon.colcon_core.package_identification:_identify(src) by extensions ['ros']
[0.757s] Level 1:colcon.colcon_core.package_identification:_identify(src) by extension 'ros'
[0.757s] Level 1:colcon.colcon_core.package_identification:_identify(src) by extensions ['cmake', 'python']
[0.757s] Level 1:colcon.colcon_core.package_identification:_identify(src) by extension 'cmake'
[0.757s] Level 1:colcon.colcon_core.package_identification:_identify(src) by extension 'python'
[0.757s] Level 1:colcon.colcon_core.package_identification:_identify(src) by extensions ['python_setup_py']
[0.758s] Level 1:colcon.colcon_core.package_identification:_identify(src) by extension 'python_setup_py'
[0.758s] Level 1:colcon.colcon_core.package_identification:_identify(src/lane_length_pkg) by extensions ['ignore', 'ignore_ament_install']
[0.758s] Level 1:colcon.colcon_core.package_identification:_identify(src/lane_length_pkg) by extension 'ignore'
[0.758s] Level 1:colcon.colcon_core.package_identification:_identify(src/lane_length_pkg) by extension 'ignore_ament_install'
[0.758s] Level 1:colcon.colcon_core.package_identification:_identify(src/lane_length_pkg) by extensions ['colcon_pkg']
[0.758s] Level 1:colcon.colcon_core.package_identification:_identify(src/lane_length_pkg) by extension 'colcon_pkg'
[0.758s] Level 1:colcon.colcon_core.package_identification:_identify(src/lane_length_pkg) by extensions ['colcon_meta']
[0.758s] Level 1:colcon.colcon_core.package_identification:_identify(src/lane_length_pkg) by extension 'colcon_meta'
[0.758s] Level 1:colcon.colcon_core.package_identification:_identify(src/lane_length_pkg) by extensions ['ros']
[0.759s] Level 1:colcon.colcon_core.package_identification:_identify(src/lane_length_pkg) by extension 'ros'
[0.769s] DEBUG:colcon.colcon_core.package_identification:Package 'src/lane_length_pkg' with type 'ros.ament_cmake' and name 'lane_length_pkg'
[0.769s] Level 1:colcon.colcon_core.package_discovery:discover_packages(recursive) using defaults
[0.769s] Level 1:colcon.colcon_core.package_discovery:discover_packages(ignore) discover
[0.769s] Level 1:colcon.colcon_core.package_discovery:discover_packages(ignore) using defaults
[0.769s] Level 1:colcon.colcon_core.package_discovery:discover_packages(path) discover
[0.769s] Level 1:colcon.colcon_core.package_discovery:discover_packages(path) using defaults
[0.871s] Level 1:colcon.colcon_core.package_discovery:discover_packages(prefix_path) check parameters
[0.872s] Level 1:colcon.colcon_core.package_discovery:discover_packages(prefix_path) discover
[0.879s] DEBUG:colcon.colcon_installed_package_information.package_discovery:Found 7 installed packages in /home/jhp/fsd2_ws/install
[0.881s] DEBUG:colcon.colcon_installed_package_information.package_discovery:Found 9 installed packages in /home/jhp/camera_calib_ws/install
[0.883s] DEBUG:colcon.colcon_installed_package_information.package_discovery:Found 1 installed packages in /home/jhp/fsd_ws/install
[0.884s] DEBUG:colcon.colcon_installed_package_information.package_discovery:Found 10 installed packages in /home/jhp/turtlebot3_ws/install
[0.887s] DEBUG:colcon.colcon_installed_package_information.package_discovery:Found 336 installed packages in /opt/ros/humble
[0.891s] Level 1:colcon.colcon_core.package_discovery:discover_packages(prefix_path) using defaults
[0.997s] Level 5:colcon.colcon_core.verb:set package 'lane_length_pkg' build argument 'cmake_args' from command line to 'None'
[0.997s] Level 5:colcon.colcon_core.verb:set package 'lane_length_pkg' build argument 'cmake_target' from command line to 'None'
[0.997s] Level 5:colcon.colcon_core.verb:set package 'lane_length_pkg' build argument 'cmake_target_skip_unavailable' from command line to 'False'
[0.997s] Level 5:colcon.colcon_core.verb:set package 'lane_length_pkg' build argument 'cmake_clean_cache' from command line to 'False'
[0.997s] Level 5:colcon.colcon_core.verb:set package 'lane_length_pkg' build argument 'cmake_clean_first' from command line to 'False'
[0.997s] Level 5:colcon.colcon_core.verb:set package 'lane_length_pkg' build argument 'cmake_force_configure' from command line to 'False'
[0.997s] Level 5:colcon.colcon_core.verb:set package 'lane_length_pkg' build argument 'ament_cmake_args' from command line to 'None'
[0.997s] Level 5:colcon.colcon_core.verb:set package 'lane_length_pkg' build argument 'catkin_cmake_args' from command line to 'None'
[0.997s] Level 5:colcon.colcon_core.verb:set package 'lane_length_pkg' build argument 'catkin_skip_building_tests' from command line to 'False'
[0.998s] DEBUG:colcon.colcon_core.verb:Building package 'lane_length_pkg' with the following arguments: {'ament_cmake_args': None, 'build_base': '/home/jhp/fsd_ws/build/lane_length_pkg', 'catkin_cmake_args': None, 'catkin_skip_building_tests': False, 'cmake_args': None, 'cmake_clean_cache': False, 'cmake_clean_first': False, 'cmake_force_configure': False, 'cmake_target': None, 'cmake_target_skip_unavailable': False, 'install_base': '/home/jhp/fsd_ws/install/lane_length_pkg', 'merge_install': False, 'path': '/home/jhp/fsd_ws/src/lane_length_pkg', 'symlink_install': False, 'test_result_base': None}
[0.998s] INFO:colcon.colcon_core.executor:Executing jobs using 'parallel' executor
[1.004s] DEBUG:colcon.colcon_parallel_executor.executor.parallel:run_until_complete
[1.005s] INFO:colcon.colcon_ros.task.ament_cmake.build:Building ROS package in '/home/jhp/fsd_ws/src/lane_length_pkg' with build type 'ament_cmake'
[1.005s] INFO:colcon.colcon_cmake.task.cmake.build:Building CMake package in '/home/jhp/fsd_ws/src/lane_length_pkg'
[1.015s] INFO:colcon.colcon_core.plugin_system:Skipping extension 'colcon_core.shell.bat': Not used on non-Windows systems
[1.016s] INFO:colcon.colcon_core.shell:Skip shell extension 'powershell' for command environment: Not usable outside of PowerShell
[1.016s] DEBUG:colcon.colcon_core.shell:Skip shell extension 'dsv' for command environment
[1.058s] DEBUG:colcon.colcon_core.event_handler.log_command:Invoking command in '/home/jhp/fsd_ws/build/lane_length_pkg': CMAKE_PREFIX_PATH=${CMAKE_PREFIX_PATH}:/home/jhp/fsd2_ws/install/perception_py:/home/jhp/fsd2_ws/install/decision_py:/home/jhp/fsd2_ws/install/control_py:/home/jhp/camera_calib_ws/install/camera_calibration:/home/jhp/turtlebot3_ws/install/turtlebot3_teleop:/home/jhp/turtlebot3_ws/install/turtlebot3_example:/opt/ros/humble /usr/bin/cmake --build /home/jhp/fsd_ws/build/lane_length_pkg -- -j6 -l6
[31.035s] DEBUG:colcon.colcon_core.event_handler.log_command:Invoked command in '/home/jhp/fsd_ws/build/lane_length_pkg' returned '0': CMAKE_PREFIX_PATH=${CMAKE_PREFIX_PATH}:/home/jhp/fsd2_ws/install/perception_py:/home/jhp/fsd2_ws/install/decision_py:/home/jhp/fsd2_ws/install/control_py:/home/jhp/camera_calib_ws/install/camera_calibration:/home/jhp/turtlebot3_ws/install/turtlebot3_teleop:/home/jhp/turtlebot3_ws/install/turtlebot3_example:/opt/ros/humble /usr/bin/cmake --build /home/jhp/fsd_ws/build/lane_length_pkg -- -j6 -l6
[31.060s] DEBUG:colcon.colcon_core.event_handler.log_command:Invoking command in '/home/jhp/fsd_ws/build/lane_length_pkg': CMAKE_PREFIX_PATH=${CMAKE_PREFIX_PATH}:/home/jhp/fsd2_ws/install/perception_py:/home/jhp/fsd2_ws/install/decision_py:/home/jhp/fsd2_ws/install/control_py:/home/jhp/camera_calib_ws/install/camera_calibration:/home/jhp/turtlebot3_ws/install/turtlebot3_teleop:/home/jhp/turtlebot3_ws/install/turtlebot3_example:/opt/ros/humble /usr/bin/cmake --install /home/jhp/fsd_ws/build/lane_length_pkg
[31.214s] Level 1:colcon.colcon_core.environment:create_environment_scripts_only(lane_length_pkg)
[31.235s] Level 1:colcon.colcon_core.environment:checking '/home/jhp/fsd_ws/install/lane_length_pkg' for CMake module files
[31.244s] Level 1:colcon.colcon_core.environment:checking '/home/jhp/fsd_ws/install/lane_length_pkg' for CMake config files
[31.257s] DEBUG:colcon.colcon_core.event_handler.log_command:Invoked command in '/home/jhp/fsd_ws/build/lane_length_pkg' returned '0': CMAKE_PREFIX_PATH=${CMAKE_PREFIX_PATH}:/home/jhp/fsd2_ws/install/perception_py:/home/jhp/fsd2_ws/install/decision_py:/home/jhp/fsd2_ws/install/control_py:/home/jhp/camera_calib_ws/install/camera_calibration:/home/jhp/turtlebot3_ws/install/turtlebot3_teleop:/home/jhp/turtlebot3_ws/install/turtlebot3_example:/opt/ros/humble /usr/bin/cmake --install /home/jhp/fsd_ws/build/lane_length_pkg
[31.258s] Level 1:colcon.colcon_core.shell:create_environment_hook('lane_length_pkg', 'cmake_prefix_path')
[31.259s] INFO:colcon.colcon_core.shell:Creating environment hook '/home/jhp/fsd_ws/install/lane_length_pkg/share/lane_length_pkg/hook/cmake_prefix_path.ps1'
[31.261s] INFO:colcon.colcon_core.shell:Creating environment descriptor '/home/jhp/fsd_ws/install/lane_length_pkg/share/lane_length_pkg/hook/cmake_prefix_path.dsv'
[31.262s] INFO:colcon.colcon_core.shell:Creating environment hook '/home/jhp/fsd_ws/install/lane_length_pkg/share/lane_length_pkg/hook/cmake_prefix_path.sh'
[31.265s] Level 1:colcon.colcon_core.environment:checking '/home/jhp/fsd_ws/install/lane_length_pkg/lib'
[31.265s] Level 1:colcon.colcon_core.shell:create_environment_hook('lane_length_pkg', 'ld_library_path_lib')
[31.266s] INFO:colcon.colcon_core.shell:Creating environment hook '/home/jhp/fsd_ws/install/lane_length_pkg/share/lane_length_pkg/hook/ld_library_path_lib.ps1'
[31.268s] INFO:colcon.colcon_core.shell:Creating environment descriptor '/home/jhp/fsd_ws/install/lane_length_pkg/share/lane_length_pkg/hook/ld_library_path_lib.dsv'
[31.268s] INFO:colcon.colcon_core.shell:Creating environment hook '/home/jhp/fsd_ws/install/lane_length_pkg/share/lane_length_pkg/hook/ld_library_path_lib.sh'
[31.269s] Level 1:colcon.colcon_core.environment:checking '/home/jhp/fsd_ws/install/lane_length_pkg/bin'
[31.269s] Level 1:colcon.colcon_core.environment:checking '/home/jhp/fsd_ws/install/lane_length_pkg/lib/pkgconfig/lane_length_pkg.pc'
[31.270s] Level 1:colcon.colcon_core.environment:checking '/home/jhp/fsd_ws/install/lane_length_pkg/lib/python3.10/site-packages'
[31.271s] Level 1:colcon.colcon_core.environment:checking '/home/jhp/fsd_ws/install/lane_length_pkg/bin'
[31.271s] INFO:colcon.colcon_core.shell:Creating package script '/home/jhp/fsd_ws/install/lane_length_pkg/share/lane_length_pkg/package.ps1'
[31.275s] INFO:colcon.colcon_core.shell:Creating package descriptor '/home/jhp/fsd_ws/install/lane_length_pkg/share/lane_length_pkg/package.dsv'
[31.276s] INFO:colcon.colcon_core.shell:Creating package script '/home/jhp/fsd_ws/install/lane_length_pkg/share/lane_length_pkg/package.sh'
[31.277s] INFO:colcon.colcon_core.shell:Creating package script '/home/jhp/fsd_ws/install/lane_length_pkg/share/lane_length_pkg/package.bash'
[31.279s] INFO:colcon.colcon_core.shell:Creating package script '/home/jhp/fsd_ws/install/lane_length_pkg/share/lane_length_pkg/package.zsh'
[31.281s] Level 1:colcon.colcon_core.environment:create_file_with_runtime_dependencies(/home/jhp/fsd_ws/install/lane_length_pkg/share/colcon-core/packages/lane_length_pkg)
[31.282s] Level 1:colcon.colcon_core.environment:create_environment_scripts_only(lane_length_pkg)
[31.283s] Level 1:colcon.colcon_core.environment:checking '/home/jhp/fsd_ws/install/lane_length_pkg' for CMake module files
[31.285s] Level 1:colcon.colcon_core.environment:checking '/home/jhp/fsd_ws/install/lane_length_pkg' for CMake config files
[31.287s] Level 1:colcon.colcon_core.shell:create_environment_hook('lane_length_pkg', 'cmake_prefix_path')
[31.287s] INFO:colcon.colcon_core.shell:Creating environment hook '/home/jhp/fsd_ws/install/lane_length_pkg/share/lane_length_pkg/hook/cmake_prefix_path.ps1'
[31.288s] INFO:colcon.colcon_core.shell:Creating environment descriptor '/home/jhp/fsd_ws/install/lane_length_pkg/share/lane_length_pkg/hook/cmake_prefix_path.dsv'
[31.289s] INFO:colcon.colcon_core.shell:Creating environment hook '/home/jhp/fsd_ws/install/lane_length_pkg/share/lane_length_pkg/hook/cmake_prefix_path.sh'
[31.290s] Level 1:colcon.colcon_core.environment:checking '/home/jhp/fsd_ws/install/lane_length_pkg/lib'
[31.290s] Level 1:colcon.colcon_core.shell:create_environment_hook('lane_length_pkg', 'ld_library_path_lib')
[31.291s] INFO:colcon.colcon_core.shell:Creating environment hook '/home/jhp/fsd_ws/install/lane_length_pkg/share/lane_length_pkg/hook/ld_library_path_lib.ps1'
[31.292s] INFO:colcon.colcon_core.shell:Creating environment descriptor '/home/jhp/fsd_ws/install/lane_length_pkg/share/lane_length_pkg/hook/ld_library_path_lib.dsv'
[31.293s] INFO:colcon.colcon_core.shell:Creating environment hook '/home/jhp/fsd_ws/install/lane_length_pkg/share/lane_length_pkg/hook/ld_library_path_lib.sh'
[31.294s] Level 1:colcon.colcon_core.environment:checking '/home/jhp/fsd_ws/install/lane_length_pkg/bin'
[31.294s] Level 1:colcon.colcon_core.environment:checking '/home/jhp/fsd_ws/install/lane_length_pkg/lib/pkgconfig/lane_length_pkg.pc'
[31.294s] Level 1:colcon.colcon_core.environment:checking '/home/jhp/fsd_ws/install/lane_length_pkg/lib/python3.10/site-packages'
[31.295s] Level 1:colcon.colcon_core.environment:checking '/home/jhp/fsd_ws/install/lane_length_pkg/bin'
[31.296s] INFO:colcon.colcon_core.shell:Creating package script '/home/jhp/fsd_ws/install/lane_length_pkg/share/lane_length_pkg/package.ps1'
[31.297s] INFO:colcon.colcon_core.shell:Creating package descriptor '/home/jhp/fsd_ws/install/lane_length_pkg/share/lane_length_pkg/package.dsv'
[31.299s] INFO:colcon.colcon_core.shell:Creating package script '/home/jhp/fsd_ws/install/lane_length_pkg/share/lane_length_pkg/package.sh'
[31.300s] INFO:colcon.colcon_core.shell:Creating package script '/home/jhp/fsd_ws/install/lane_length_pkg/share/lane_length_pkg/package.bash'
[31.300s] INFO:colcon.colcon_core.shell:Creating package script '/home/jhp/fsd_ws/install/lane_length_pkg/share/lane_length_pkg/package.zsh'
[31.302s] Level 1:colcon.colcon_core.environment:create_file_with_runtime_dependencies(/home/jhp/fsd_ws/install/lane_length_pkg/share/colcon-core/packages/lane_length_pkg)
[31.302s] DEBUG:colcon.colcon_parallel_executor.executor.parallel:closing loop
[31.303s] DEBUG:colcon.colcon_parallel_executor.executor.parallel:loop closed
[31.303s] DEBUG:colcon.colcon_parallel_executor.executor.parallel:run_until_complete finished with '0'
[31.303s] DEBUG:colcon.colcon_core.event_reactor:joining thread
[31.322s] INFO:colcon.colcon_core.plugin_system:Skipping extension 'colcon_notification.desktop_notification.terminal_notifier': Not used on non-Darwin systems
[31.323s] INFO:colcon.colcon_core.plugin_system:Skipping extension 'colcon_notification.desktop_notification.win32': Not used on non-Windows systems
[31.323s] INFO:colcon.colcon_notification.desktop_notification:Sending desktop notification using 'notify2'
[31.323s] DEBUG:colcon.colcon_notification.desktop_notification.notify2:Failed to initialize notify2: org.freedesktop.DBus.Error.AccessDenied: Failed to connect to socket /run/user/1000/bus: Operation not permitted
[31.324s] DEBUG:colcon.colcon_core.event_reactor:joined thread
[31.324s] INFO:colcon.colcon_core.shell:Creating prefix script '/home/jhp/fsd_ws/install/local_setup.ps1'
[31.327s] INFO:colcon.colcon_core.shell:Creating prefix util module '/home/jhp/fsd_ws/install/_local_setup_util_ps1.py'
[31.330s] INFO:colcon.colcon_core.shell:Creating prefix chain script '/home/jhp/fsd_ws/install/setup.ps1'
[31.335s] INFO:colcon.colcon_core.shell:Creating prefix script '/home/jhp/fsd_ws/install/local_setup.sh'
[31.337s] INFO:colcon.colcon_core.shell:Creating prefix util module '/home/jhp/fsd_ws/install/_local_setup_util_sh.py'
[31.338s] INFO:colcon.colcon_core.shell:Creating prefix chain script '/home/jhp/fsd_ws/install/setup.sh'
[31.343s] INFO:colcon.colcon_core.shell:Creating prefix script '/home/jhp/fsd_ws/install/local_setup.bash'
[31.344s] INFO:colcon.colcon_core.shell:Creating prefix chain script '/home/jhp/fsd_ws/install/setup.bash'
[31.349s] INFO:colcon.colcon_core.shell:Creating prefix script '/home/jhp/fsd_ws/install/local_setup.zsh'
[31.351s] INFO:colcon.colcon_core.shell:Creating prefix chain script '/home/jhp/fsd_ws/install/setup.zsh'
