[30.040s] Invoking command in '/home/jhp/fsd_ws/build/lane_length_pkg': CMAKE_PREFIX_PATH=${CMAKE_PREFIX_PATH}:/home/jhp/fsd2_ws/install/perception_py:/home/jhp/fsd2_ws/install/decision_py:/home/jhp/fsd2_ws/install/control_py:/home/jhp/camera_calib_ws/install/camera_calibration:/home/jhp/turtlebot3_ws/install/turtlebot3_teleop:/home/jhp/turtlebot3_ws/install/turtlebot3_example:/opt/ros/humble /usr/bin/cmake --build /home/jhp/fsd_ws/build/lane_length_pkg -- -j6 -l6
[30.416s] [  0%] Built target ament_cmake_python_copy_lane_length_pkg
[30.478s] Consolidate compiler generated dependencies of target coin_d4_driver_lib
[30.607s] [ 25%] Built target coin_d4_driver_lib
[31.405s] running egg_info
[31.408s] writing lane_length_pkg.egg-info/PKG-INFO
[31.413s] writing dependency_links to lane_length_pkg.egg-info/dependency_links.txt
[31.413s] writing top-level names to lane_length_pkg.egg-info/top_level.txt
[31.431s] reading manifest file 'lane_length_pkg.egg-info/SOURCES.txt'
[31.432s] writing manifest file 'lane_length_pkg.egg-info/SOURCES.txt'
[31.553s] [ 25%] Built target ament_cmake_python_build_lane_length_pkg_egg
[31.616s] Consolidate compiler generated dependencies of target single_coin_d4_node
[31.671s] [ 31%] Built target single_coin_d4_node
[31.750s] Consolidate compiler generated dependencies of target ld08_driver
[31.808s] [ 50%] Built target ld08_driver
[31.930s] Consolidate compiler generated dependencies of target turtlebot3_control_lib
[32.024s] [ 87%] Built target turtlebot3_control_lib
[32.068s] Consolidate compiler generated dependencies of target localization_slam
[32.106s] [ 93%] Built target localization_slam
[32.155s] Consolidate compiler generated dependencies of target turtlebot3_ros
[32.211s] [100%] Built target turtlebot3_ros
[60.057s] Invoked command in '/home/jhp/fsd_ws/build/lane_length_pkg' returned '0': CMAKE_PREFIX_PATH=${CMAKE_PREFIX_PATH}:/home/jhp/fsd2_ws/install/perception_py:/home/jhp/fsd2_ws/install/decision_py:/home/jhp/fsd2_ws/install/control_py:/home/jhp/camera_calib_ws/install/camera_calibration:/home/jhp/turtlebot3_ws/install/turtlebot3_teleop:/home/jhp/turtlebot3_ws/install/turtlebot3_example:/opt/ros/humble /usr/bin/cmake --build /home/jhp/fsd_ws/build/lane_length_pkg -- -j6 -l6
[60.082s] Invoking command in '/home/jhp/fsd_ws/build/lane_length_pkg': CMAKE_PREFIX_PATH=${CMAKE_PREFIX_PATH}:/home/jhp/fsd2_ws/install/perception_py:/home/jhp/fsd2_ws/install/decision_py:/home/jhp/fsd2_ws/install/control_py:/home/jhp/camera_calib_ws/install/camera_calibration:/home/jhp/turtlebot3_ws/install/turtlebot3_teleop:/home/jhp/turtlebot3_ws/install/turtlebot3_example:/opt/ros/humble /usr/bin/cmake --install /home/jhp/fsd_ws/build/lane_length_pkg
[60.112s] -- Install configuration: ""
[60.113s] -- Up-to-date: /home/jhp/fsd_ws/install/lane_length_pkg/share/lane_length_pkg/environment/pythonpath.sh
[60.114s] -- Up-to-date: /home/jhp/fsd_ws/install/lane_length_pkg/share/lane_length_pkg/environment/pythonpath.dsv
[60.114s] -- Up-to-date: /home/jhp/fsd_ws/install/lane_length_pkg/local/lib/python3.10/dist-packages/lane_length_pkg-0.0.0-py3.10.egg-info
[60.114s] -- Installing: /home/jhp/fsd_ws/install/lane_length_pkg/local/lib/python3.10/dist-packages/lane_length_pkg-0.0.0-py3.10.egg-info/PKG-INFO
[60.115s] -- Installing: /home/jhp/fsd_ws/install/lane_length_pkg/local/lib/python3.10/dist-packages/lane_length_pkg-0.0.0-py3.10.egg-info/top_level.txt
[60.115s] -- Installing: /home/jhp/fsd_ws/install/lane_length_pkg/local/lib/python3.10/dist-packages/lane_length_pkg-0.0.0-py3.10.egg-info/dependency_links.txt
[60.115s] -- Installing: /home/jhp/fsd_ws/install/lane_length_pkg/local/lib/python3.10/dist-packages/lane_length_pkg-0.0.0-py3.10.egg-info/SOURCES.txt
[60.119s] -- Up-to-date: /home/jhp/fsd_ws/install/lane_length_pkg/local/lib/python3.10/dist-packages/lane_length_pkg
[60.120s] -- Up-to-date: /home/jhp/fsd_ws/install/lane_length_pkg/local/lib/python3.10/dist-packages/lane_length_pkg/deadlock.py
[60.120s] -- Up-to-date: /home/jhp/fsd_ws/install/lane_length_pkg/local/lib/python3.10/dist-packages/lane_length_pkg/led_signal.py
[60.120s] -- Up-to-date: /home/jhp/fsd_ws/install/lane_length_pkg/local/lib/python3.10/dist-packages/lane_length_pkg/cooperation.py
[60.120s] -- Up-to-date: /home/jhp/fsd_ws/install/lane_length_pkg/local/lib/python3.10/dist-packages/lane_length_pkg/lane_integration_node.py
[60.121s] -- Up-to-date: /home/jhp/fsd_ws/install/lane_length_pkg/local/lib/python3.10/dist-packages/lane_length_pkg/scene_fusion_node.py
[60.121s] -- Up-to-date: /home/jhp/fsd_ws/install/lane_length_pkg/local/lib/python3.10/dist-packages/lane_length_pkg/led_io.py
[60.121s] -- Up-to-date: /home/jhp/fsd_ws/install/lane_length_pkg/local/lib/python3.10/dist-packages/lane_length_pkg/safety_filter_node.py
[60.121s] -- Up-to-date: /home/jhp/fsd_ws/install/lane_length_pkg/local/lib/python3.10/dist-packages/lane_length_pkg/lane_follow_control_node.py
[60.121s] -- Up-to-date: /home/jhp/fsd_ws/install/lane_length_pkg/local/lib/python3.10/dist-packages/lane_length_pkg/drive_mode_node.py
[60.121s] -- Up-to-date: /home/jhp/fsd_ws/install/lane_length_pkg/local/lib/python3.10/dist-packages/lane_length_pkg/lane_viewer_node.py
[60.121s] -- Up-to-date: /home/jhp/fsd_ws/install/lane_length_pkg/local/lib/python3.10/dist-packages/lane_length_pkg/behavior_plan_node.py
[60.121s] -- Up-to-date: /home/jhp/fsd_ws/install/lane_length_pkg/local/lib/python3.10/dist-packages/lane_length_pkg/object_detect.py
[60.122s] -- Up-to-date: /home/jhp/fsd_ws/install/lane_length_pkg/local/lib/python3.10/dist-packages/lane_length_pkg/__init__.py
[60.122s] -- Up-to-date: /home/jhp/fsd_ws/install/lane_length_pkg/local/lib/python3.10/dist-packages/lane_length_pkg/led_behavior.py
[60.122s] -- Up-to-date: /home/jhp/fsd_ws/install/lane_length_pkg/local/lib/python3.10/dist-packages/lane_length_pkg/path_track_node.py
[60.123s] -- Up-to-date: /home/jhp/fsd_ws/install/lane_length_pkg/local/lib/python3.10/dist-packages/lane_length_pkg/topic_watchdog.py
[60.123s] -- Up-to-date: /home/jhp/fsd_ws/install/lane_length_pkg/local/lib/python3.10/dist-packages/lane_length_pkg/lane_detection_node.py
[60.123s] -- Up-to-date: /home/jhp/fsd_ws/install/lane_length_pkg/local/lib/python3.10/dist-packages/lane_length_pkg/cmd_mux_node.py
[60.123s] -- Up-to-date: /home/jhp/fsd_ws/install/lane_length_pkg/local/lib/python3.10/dist-packages/lane_length_pkg/space_memory.py
[60.123s] -- Up-to-date: /home/jhp/fsd_ws/install/lane_length_pkg/local/lib/python3.10/dist-packages/lane_length_pkg/camera_driver.py
[60.124s] -- Up-to-date: /home/jhp/fsd_ws/install/lane_length_pkg/local/lib/python3.10/dist-packages/lane_length_pkg/reverse_astar_planner_node.py
[60.124s] -- Up-to-date: /home/jhp/fsd_ws/install/lane_length_pkg/local/lib/python3.10/dist-packages/lane_length_pkg/lane_decision_node.py
[60.124s] -- Up-to-date: /home/jhp/fsd_ws/install/lane_length_pkg/local/lib/python3.10/dist-packages/lane_length_pkg/situation_fusion.py
[60.212s] Listing '/home/jhp/fsd_ws/install/lane_length_pkg/local/lib/python3.10/dist-packages/lane_length_pkg'...
[60.228s] -- Up-to-date: /home/jhp/fsd_ws/install/lane_length_pkg/lib/lane_length_pkg/detection_node
[60.228s] -- Up-to-date: /home/jhp/fsd_ws/install/lane_length_pkg/lib/lane_length_pkg/integration_node
[60.229s] -- Up-to-date: /home/jhp/fsd_ws/install/lane_length_pkg/lib/lane_length_pkg/control_node
[60.229s] -- Up-to-date: /home/jhp/fsd_ws/install/lane_length_pkg/lib/lane_length_pkg/decision_node
[60.229s] -- Up-to-date: /home/jhp/fsd_ws/install/lane_length_pkg/lib/lane_length_pkg/viewer_node
[60.229s] -- Up-to-date: /home/jhp/fsd_ws/install/lane_length_pkg/lib/lane_length_pkg/lane_detection_node
[60.229s] -- Up-to-date: /home/jhp/fsd_ws/install/lane_length_pkg/lib/lane_length_pkg/lane_integration_node
[60.229s] -- Up-to-date: /home/jhp/fsd_ws/install/lane_length_pkg/lib/lane_length_pkg/lane_decision_node
[60.230s] -- Up-to-date: /home/jhp/fsd_ws/install/lane_length_pkg/lib/lane_length_pkg/lane_follow_control_node
[60.230s] -- Up-to-date: /home/jhp/fsd_ws/install/lane_length_pkg/lib/lane_length_pkg/lane_viewer_node
[60.230s] -- Up-to-date: /home/jhp/fsd_ws/install/lane_length_pkg/lib/lane_length_pkg/scene_fusion_node
[60.230s] -- Up-to-date: /home/jhp/fsd_ws/install/lane_length_pkg/lib/lane_length_pkg/drive_mode_node
[60.230s] -- Up-to-date: /home/jhp/fsd_ws/install/lane_length_pkg/lib/lane_length_pkg/behavior_plan_node
[60.231s] -- Up-to-date: /home/jhp/fsd_ws/install/lane_length_pkg/lib/lane_length_pkg/reverse_astar_planner_node
[60.231s] -- Up-to-date: /home/jhp/fsd_ws/install/lane_length_pkg/lib/lane_length_pkg/path_track_node
[60.231s] -- Up-to-date: /home/jhp/fsd_ws/install/lane_length_pkg/lib/lane_length_pkg/cmd_mux_node
[60.231s] -- Up-to-date: /home/jhp/fsd_ws/install/lane_length_pkg/lib/lane_length_pkg/safety_filter_node
[60.231s] -- Up-to-date: /home/jhp/fsd_ws/install/lane_length_pkg/lib/lane_length_pkg/camera_driver
[60.231s] -- Up-to-date: /home/jhp/fsd_ws/install/lane_length_pkg/lib/lane_length_pkg/object_detect
[60.232s] -- Up-to-date: /home/jhp/fsd_ws/install/lane_length_pkg/lib/lane_length_pkg/led_signal
[60.232s] -- Up-to-date: /home/jhp/fsd_ws/install/lane_length_pkg/lib/lane_length_pkg/space_memory
[60.232s] -- Up-to-date: /home/jhp/fsd_ws/install/lane_length_pkg/lib/lane_length_pkg/situation_fusion
[60.232s] -- Up-to-date: /home/jhp/fsd_ws/install/lane_length_pkg/lib/lane_length_pkg/deadlock
[60.232s] -- Up-to-date: /home/jhp/fsd_ws/install/lane_length_pkg/lib/lane_length_pkg/cooperation
[60.232s] -- Up-to-date: /home/jhp/fsd_ws/install/lane_length_pkg/lib/lane_length_pkg/topic_watchdog
[60.232s] -- Up-to-date: /home/jhp/fsd_ws/install/lane_length_pkg/lib/lane_length_pkg/led_behavior
[60.233s] -- Up-to-date: /home/jhp/fsd_ws/install/lane_length_pkg/lib/lane_length_pkg/led_io
[60.233s] -- Up-to-date: /home/jhp/fsd_ws/install/lane_length_pkg/lib/lane_length_pkg/localization_slam
[60.233s] -- Up-to-date: /home/jhp/fsd_ws/install/lane_length_pkg/lib/lane_length_pkg/turtlebot3_ros
[60.233s] -- Up-to-date: /home/jhp/fsd_ws/install/lane_length_pkg/lib/lane_length_pkg/ld08_driver
[60.233s] -- Up-to-date: /home/jhp/fsd_ws/install/lane_length_pkg/lib/lane_length_pkg/single_coin_d4_node
[60.234s] -- Up-to-date: /home/jhp/fsd_ws/install/lane_length_pkg/lib/libturtlebot3_control_lib.a
[60.234s] -- Up-to-date: /home/jhp/fsd_ws/install/lane_length_pkg/lib/libcoin_d4_driver_lib.so
[60.234s] -- Up-to-date: /home/jhp/fsd_ws/install/lane_length_pkg/share/lane_length_pkg/config
[60.234s] -- Up-to-date: /home/jhp/fsd_ws/install/lane_length_pkg/share/lane_length_pkg/config/Screenshot from 2026-06-06 15-13-43.png
[60.234s] -- Up-to-date: /home/jhp/fsd_ws/install/lane_length_pkg/share/lane_length_pkg/config/default_cam.yaml
[60.234s] -- Up-to-date: /home/jhp/fsd_ws/install/lane_length_pkg/share/lane_length_pkg/config/Screenshot from 2026-06-06 15-24-55.png
[60.235s] -- Installing: /home/jhp/fsd_ws/install/lane_length_pkg/share/lane_length_pkg/config/Screenshot from 2026-06-07 01-25-02.png
[60.236s] -- Up-to-date: /home/jhp/fsd_ws/install/lane_length_pkg/share/lane_length_pkg/config/Hinv.npy
[60.237s] -- Up-to-date: /home/jhp/fsd_ws/install/lane_length_pkg/share/lane_length_pkg/config/H.npy
[60.237s] -- Up-to-date: /home/jhp/fsd_ws/install/lane_length_pkg/share/lane_length_pkg/config/fisheye.yaml
[60.237s] -- Up-to-date: /home/jhp/fsd_ws/install/lane_length_pkg/share/lane_length_pkg/launch
[60.238s] -- Installing: /home/jhp/fsd_ws/install/lane_length_pkg/share/lane_length_pkg/launch/lane_pipeline.launch.py
[60.238s] -- Up-to-date: /home/jhp/fsd_ws/install/lane_length_pkg/share/lane_length_pkg/launch/__pycache__
[60.238s] -- Installing: /home/jhp/fsd_ws/install/lane_length_pkg/share/lane_length_pkg/launch/__pycache__/lane_pipeline.launch.cpython-310.pyc
[60.238s] -- Up-to-date: /home/jhp/fsd_ws/install/lane_length_pkg/share/lane_length_pkg/description
[60.238s] -- Up-to-date: /home/jhp/fsd_ws/install/lane_length_pkg/share/lane_length_pkg/description/urdf
[60.238s] -- Up-to-date: /home/jhp/fsd_ws/install/lane_length_pkg/share/lane_length_pkg/description/urdf/turtlebot3_burger.urdf
[60.238s] -- Up-to-date: /home/jhp/fsd_ws/install/lane_length_pkg/share/lane_length_pkg/description/urdf/turtlebot3_waffle_pi.urdf
[60.239s] -- Up-to-date: /home/jhp/fsd_ws/install/lane_length_pkg/share/lane_length_pkg/description/urdf/common_properties.urdf
[60.239s] -- Up-to-date: /home/jhp/fsd_ws/install/lane_length_pkg/share/lane_length_pkg/description/urdf/turtlebot3_waffle.urdf
[60.241s] -- Up-to-date: /home/jhp/fsd_ws/install/lane_length_pkg/share/lane_length_pkg/description/meshes
[60.242s] -- Up-to-date: /home/jhp/fsd_ws/install/lane_length_pkg/share/lane_length_pkg/description/meshes/sensors
[60.242s] -- Up-to-date: /home/jhp/fsd_ws/install/lane_length_pkg/share/lane_length_pkg/description/meshes/sensors/r200.dae
[60.242s] -- Up-to-date: /home/jhp/fsd_ws/install/lane_length_pkg/share/lane_length_pkg/description/meshes/sensors/astra.dae
[60.243s] -- Up-to-date: /home/jhp/fsd_ws/install/lane_length_pkg/share/lane_length_pkg/description/meshes/sensors/r200.jpg
[60.243s] -- Up-to-date: /home/jhp/fsd_ws/install/lane_length_pkg/share/lane_length_pkg/description/meshes/sensors/astra.jpg
[60.243s] -- Up-to-date: /home/jhp/fsd_ws/install/lane_length_pkg/share/lane_length_pkg/description/meshes/sensors/lds.stl
[60.250s] -- Up-to-date: /home/jhp/fsd_ws/install/lane_length_pkg/share/lane_length_pkg/description/meshes/bases
[60.250s] -- Up-to-date: /home/jhp/fsd_ws/install/lane_length_pkg/share/lane_length_pkg/description/meshes/bases/waffle_base.stl
[60.251s] -- Up-to-date: /home/jhp/fsd_ws/install/lane_length_pkg/share/lane_length_pkg/description/meshes/bases/burger_base.stl
[60.251s] -- Up-to-date: /home/jhp/fsd_ws/install/lane_length_pkg/share/lane_length_pkg/description/meshes/bases/waffle_pi_base.stl
[60.251s] -- Up-to-date: /home/jhp/fsd_ws/install/lane_length_pkg/share/lane_length_pkg/description/meshes/wheels
[60.251s] -- Up-to-date: /home/jhp/fsd_ws/install/lane_length_pkg/share/lane_length_pkg/description/meshes/wheels/right_tire.stl
[60.251s] -- Up-to-date: /home/jhp/fsd_ws/install/lane_length_pkg/share/lane_length_pkg/description/meshes/wheels/left_tire.stl
[60.251s] -- Up-to-date: /home/jhp/fsd_ws/install/lane_length_pkg/share/lane_length_pkg/description/rviz
[60.251s] -- Up-to-date: /home/jhp/fsd_ws/install/lane_length_pkg/share/lane_length_pkg/description/rviz/model.rviz
[60.251s] -- Up-to-date: /home/jhp/fsd_ws/install/lane_length_pkg/share/lane_length_pkg/param
[60.252s] -- Up-to-date: /home/jhp/fsd_ws/install/lane_length_pkg/share/lane_length_pkg/param/waffle.yaml
[60.252s] -- Up-to-date: /home/jhp/fsd_ws/install/lane_length_pkg/share/lane_length_pkg/param/burger.yaml
[60.252s] -- Up-to-date: /home/jhp/fsd_ws/install/lane_length_pkg/share/lane_length_pkg/param/waffle_pi.yaml
[60.252s] -- Up-to-date: /home/jhp/fsd_ws/install/lane_length_pkg/share/lane_length_pkg/rviz
[60.252s] -- Up-to-date: /home/jhp/fsd_ws/install/lane_length_pkg/share/lane_length_pkg/rviz/lane_pipeline.rviz
[60.252s] -- Up-to-date: /home/jhp/fsd_ws/install/lane_length_pkg/share/lane_length_pkg/drivers/ld08_driver/launch
[60.253s] -- Up-to-date: /home/jhp/fsd_ws/install/lane_length_pkg/share/lane_length_pkg/drivers/ld08_driver/launch/ld08.launch.py
[60.253s] -- Up-to-date: /home/jhp/fsd_ws/install/lane_length_pkg/share/lane_length_pkg/drivers/coin_d4_driver/launch
[60.253s] -- Up-to-date: /home/jhp/fsd_ws/install/lane_length_pkg/share/lane_length_pkg/drivers/coin_d4_driver/launch/single_lidar_node.launch.py
[60.253s] -- Up-to-date: /home/jhp/fsd_ws/install/lane_length_pkg/share/lane_length_pkg/drivers/coin_d4_driver/params
[60.254s] -- Up-to-date: /home/jhp/fsd_ws/install/lane_length_pkg/share/lane_length_pkg/drivers/coin_d4_driver/params/single_lidar_node.yaml
[60.254s] -- Up-to-date: /home/jhp/fsd_ws/install/lane_length_pkg/include
[60.254s] -- Up-to-date: /home/jhp/fsd_ws/install/lane_length_pkg/include/turtlebot3_node
[60.254s] -- Up-to-date: /home/jhp/fsd_ws/install/lane_length_pkg/include/turtlebot3_node/sensors
[60.254s] -- Up-to-date: /home/jhp/fsd_ws/install/lane_length_pkg/include/turtlebot3_node/sensors/sensor_state.hpp
[60.254s] -- Up-to-date: /home/jhp/fsd_ws/install/lane_length_pkg/include/turtlebot3_node/sensors/battery_state.hpp
[60.255s] -- Up-to-date: /home/jhp/fsd_ws/install/lane_length_pkg/include/turtlebot3_node/sensors/imu.hpp
[60.255s] -- Up-to-date: /home/jhp/fsd_ws/install/lane_length_pkg/include/turtlebot3_node/sensors/sensors.hpp
[60.255s] -- Up-to-date: /home/jhp/fsd_ws/install/lane_length_pkg/include/turtlebot3_node/sensors/joint_state.hpp
[60.255s] -- Up-to-date: /home/jhp/fsd_ws/install/lane_length_pkg/include/turtlebot3_node/control_table.hpp
[60.255s] -- Up-to-date: /home/jhp/fsd_ws/install/lane_length_pkg/include/turtlebot3_node/devices
[60.255s] -- Up-to-date: /home/jhp/fsd_ws/install/lane_length_pkg/include/turtlebot3_node/devices/reset.hpp
[60.255s] -- Up-to-date: /home/jhp/fsd_ws/install/lane_length_pkg/include/turtlebot3_node/devices/motor_power.hpp
[60.255s] -- Up-to-date: /home/jhp/fsd_ws/install/lane_length_pkg/include/turtlebot3_node/devices/devices.hpp
[60.255s] -- Up-to-date: /home/jhp/fsd_ws/install/lane_length_pkg/include/turtlebot3_node/devices/sound.hpp
[60.256s] -- Up-to-date: /home/jhp/fsd_ws/install/lane_length_pkg/include/turtlebot3_node/odometry.hpp
[60.256s] -- Up-to-date: /home/jhp/fsd_ws/install/lane_length_pkg/include/turtlebot3_node/dynamixel_sdk_wrapper.hpp
[60.256s] -- Up-to-date: /home/jhp/fsd_ws/install/lane_length_pkg/include/turtlebot3_node/diff_drive_controller.hpp
[60.256s] -- Up-to-date: /home/jhp/fsd_ws/install/lane_length_pkg/include/turtlebot3_node/twist_publisher.hpp
[60.256s] -- Up-to-date: /home/jhp/fsd_ws/install/lane_length_pkg/include/turtlebot3_node/turtlebot3.hpp
[60.256s] -- Up-to-date: /home/jhp/fsd_ws/install/lane_length_pkg/include/turtlebot3_node/twist_subscriber.hpp
[60.256s] -- Up-to-date: /home/jhp/fsd_ws/install/lane_length_pkg/include
[60.256s] -- Up-to-date: /home/jhp/fsd_ws/install/lane_length_pkg/include/coin_d4_driver
[60.256s] -- Up-to-date: /home/jhp/fsd_ws/install/lane_length_pkg/include/coin_d4_driver/coin_d4_node_handler.hpp
[60.257s] -- Up-to-date: /home/jhp/fsd_ws/install/lane_length_pkg/include/coin_d4_driver/single_coin_d4_node.hpp
[60.257s] -- Up-to-date: /home/jhp/fsd_ws/install/lane_length_pkg/include/coin_d4_driver/coin_d4_base_handler.hpp
[60.257s] -- Up-to-date: /home/jhp/fsd_ws/install/lane_length_pkg/include/coin_d4_driver/lidar_sdk
[60.257s] -- Up-to-date: /home/jhp/fsd_ws/install/lane_length_pkg/include/coin_d4_driver/lidar_sdk/mtime.hpp
[60.257s] -- Up-to-date: /home/jhp/fsd_ws/install/lane_length_pkg/include/coin_d4_driver/lidar_sdk/handling_info.hpp
[60.257s] -- Up-to-date: /home/jhp/fsd_ws/install/lane_length_pkg/include/coin_d4_driver/lidar_sdk/lidar_data_processor.hpp
[60.257s] -- Up-to-date: /home/jhp/fsd_ws/install/lane_length_pkg/include/coin_d4_driver/lidar_sdk/timer.hpp
[60.257s] -- Up-to-date: /home/jhp/fsd_ws/install/lane_length_pkg/include/coin_d4_driver/lidar_sdk/lidar_information.hpp
[60.257s] -- Up-to-date: /home/jhp/fsd_ws/install/lane_length_pkg/include/coin_d4_driver/lidar_sdk/serial_port.hpp
[60.258s] -- Up-to-date: /home/jhp/fsd_ws/install/lane_length_pkg/include/coin_d4_driver/lidar_sdk/locker.hpp
[60.258s] -- Up-to-date: /home/jhp/fsd_ws/install/lane_length_pkg/include/coin_d4_driver/coin_d4_lifecycle_handler.hpp
[60.258s] -- Up-to-date: /home/jhp/fsd_ws/install/lane_length_pkg/include
[60.258s] -- Up-to-date: /home/jhp/fsd_ws/install/lane_length_pkg/include/cmd_interface_linux.hpp
[60.260s] -- Up-to-date: /home/jhp/fsd_ws/install/lane_length_pkg/include/transform.hpp
[60.260s] -- Up-to-date: /home/jhp/fsd_ws/install/lane_length_pkg/include/slbf.hpp
[60.260s] -- Up-to-date: /home/jhp/fsd_ws/install/lane_length_pkg/include/lipkg.hpp
[60.261s] -- Up-to-date: /home/jhp/fsd_ws/install/lane_length_pkg/include/pointdata.hpp
[60.261s] -- Up-to-date: /home/jhp/fsd_ws/install/lane_length_pkg/share/lane_length_pkg/environment/library_path.sh
[60.261s] -- Up-to-date: /home/jhp/fsd_ws/install/lane_length_pkg/share/lane_length_pkg/environment/library_path.dsv
[60.261s] -- Up-to-date: /home/jhp/fsd_ws/install/lane_length_pkg/share/ament_index/resource_index/package_run_dependencies/lane_length_pkg
[60.261s] -- Up-to-date: /home/jhp/fsd_ws/install/lane_length_pkg/share/ament_index/resource_index/parent_prefix_path/lane_length_pkg
[60.261s] -- Up-to-date: /home/jhp/fsd_ws/install/lane_length_pkg/share/lane_length_pkg/environment/ament_prefix_path.sh
[60.261s] -- Up-to-date: /home/jhp/fsd_ws/install/lane_length_pkg/share/lane_length_pkg/environment/ament_prefix_path.dsv
[60.262s] -- Up-to-date: /home/jhp/fsd_ws/install/lane_length_pkg/share/lane_length_pkg/environment/path.sh
[60.262s] -- Up-to-date: /home/jhp/fsd_ws/install/lane_length_pkg/share/lane_length_pkg/environment/path.dsv
[60.262s] -- Up-to-date: /home/jhp/fsd_ws/install/lane_length_pkg/share/lane_length_pkg/local_setup.bash
[60.262s] -- Up-to-date: /home/jhp/fsd_ws/install/lane_length_pkg/share/lane_length_pkg/local_setup.sh
[60.263s] -- Up-to-date: /home/jhp/fsd_ws/install/lane_length_pkg/share/lane_length_pkg/local_setup.zsh
[60.263s] -- Up-to-date: /home/jhp/fsd_ws/install/lane_length_pkg/share/lane_length_pkg/local_setup.dsv
[60.263s] -- Installing: /home/jhp/fsd_ws/install/lane_length_pkg/share/lane_length_pkg/package.dsv
[60.263s] -- Up-to-date: /home/jhp/fsd_ws/install/lane_length_pkg/share/ament_index/resource_index/packages/lane_length_pkg
[60.263s] -- Up-to-date: /home/jhp/fsd_ws/install/lane_length_pkg/share/lane_length_pkg/cmake/ament_cmake_export_include_directories-extras.cmake
[60.263s] -- Up-to-date: /home/jhp/fsd_ws/install/lane_length_pkg/share/lane_length_pkg/cmake/ament_cmake_export_libraries-extras.cmake
[60.263s] -- Up-to-date: /home/jhp/fsd_ws/install/lane_length_pkg/share/lane_length_pkg/cmake/ament_cmake_export_dependencies-extras.cmake
[60.263s] -- Up-to-date: /home/jhp/fsd_ws/install/lane_length_pkg/share/lane_length_pkg/cmake/lane_length_pkgConfig.cmake
[60.264s] -- Up-to-date: /home/jhp/fsd_ws/install/lane_length_pkg/share/lane_length_pkg/cmake/lane_length_pkgConfig-version.cmake
[60.264s] -- Up-to-date: /home/jhp/fsd_ws/install/lane_length_pkg/share/lane_length_pkg/package.xml
[60.272s] Invoked command in '/home/jhp/fsd_ws/build/lane_length_pkg' returned '0': CMAKE_PREFIX_PATH=${CMAKE_PREFIX_PATH}:/home/jhp/fsd2_ws/install/perception_py:/home/jhp/fsd2_ws/install/decision_py:/home/jhp/fsd2_ws/install/control_py:/home/jhp/camera_calib_ws/install/camera_calibration:/home/jhp/turtlebot3_ws/install/turtlebot3_teleop:/home/jhp/turtlebot3_ws/install/turtlebot3_example:/opt/ros/humble /usr/bin/cmake --install /home/jhp/fsd_ws/build/lane_length_pkg
