[0.027s] Invoking command in '/home/jhp/fsd_ws/build/lane_length_pkg': CMAKE_PREFIX_PATH=${CMAKE_PREFIX_PATH}:/home/jhp/fsd2_ws/install/perception_py:/home/jhp/fsd2_ws/install/decision_py:/home/jhp/fsd2_ws/install/control_py:/home/jhp/camera_calib_ws/install/camera_calibration:/home/jhp/turtlebot3_ws/install/turtlebot3_teleop:/home/jhp/turtlebot3_ws/install/turtlebot3_example:/home/jhp/fsd_ws/install/motion_node:/opt/ros/humble /usr/bin/cmake /home/jhp/fsd_ws/src/lane_length_pkg -DCMAKE_INSTALL_PREFIX=/home/jhp/fsd_ws/install/lane_length_pkg
[0.218s] -- The C compiler identification is GNU 11.4.0
[0.371s] -- The CXX compiler identification is GNU 11.4.0
[0.393s] -- Detecting C compiler ABI info
[0.542s] -- Detecting C compiler ABI info - done
[0.566s] -- Check for working C compiler: /usr/bin/cc - skipped
[0.567s] -- Detecting C compile features
[0.568s] -- Detecting C compile features - done
[0.576s] -- Detecting CXX compiler ABI info
[0.746s] -- Detecting CXX compiler ABI info - done
[0.770s] -- Check for working CXX compiler: /usr/bin/c++ - skipped
[0.771s] -- Detecting CXX compile features
[0.772s] -- Detecting CXX compile features - done
[0.791s] -- Found ament_cmake: 1.3.14 (/opt/ros/humble/share/ament_cmake/cmake)
[1.159s] -- Found Python3: /usr/bin/python3 (found version "3.10.12") found components: Interpreter 
[1.476s] -- Found rclcpp: 16.0.19 (/opt/ros/humble/share/rclcpp/cmake)
[1.616s] -- Found rosidl_generator_c: 3.1.8 (/opt/ros/humble/share/rosidl_generator_c/cmake)
[1.635s] -- Found rosidl_adapter: 3.1.8 (/opt/ros/humble/share/rosidl_adapter/cmake)
[1.685s] -- Found rosidl_generator_cpp: 3.1.8 (/opt/ros/humble/share/rosidl_generator_cpp/cmake)
[1.722s] -- Using all available rosidl_typesupport_c: rosidl_typesupport_fastrtps_c;rosidl_typesupport_introspection_c
[1.772s] -- Using all available rosidl_typesupport_cpp: rosidl_typesupport_fastrtps_cpp;rosidl_typesupport_introspection_cpp
[1.911s] -- Found rmw_implementation_cmake: 6.1.2 (/opt/ros/humble/share/rmw_implementation_cmake/cmake)
[1.923s] -- Found rmw_fastrtps_cpp: 6.2.10 (/opt/ros/humble/share/rmw_fastrtps_cpp/cmake)
[2.141s] -- Found OpenSSL: /usr/lib/aarch64-linux-gnu/libcrypto.so (found version "3.0.2")  
[2.210s] -- Found FastRTPS: /opt/ros/humble/include  
[2.301s] -- Using RMW implementation 'rmw_fastrtps_cpp' as default
[2.335s] -- Looking for pthread.h
[2.488s] -- Looking for pthread.h - found
[2.488s] -- Performing Test CMAKE_HAVE_LIBC_PTHREAD
[2.645s] -- Performing Test CMAKE_HAVE_LIBC_PTHREAD - Success
[2.648s] -- Found Threads: TRUE  
[2.810s] -- Found rclcpp_lifecycle: 16.0.19 (/opt/ros/humble/share/rclcpp_lifecycle/cmake)
[2.868s] -- Found geometry_msgs: 4.9.1 (/opt/ros/humble/share/geometry_msgs/cmake)
[2.901s] -- Found nav_msgs: 4.9.1 (/opt/ros/humble/share/nav_msgs/cmake)
[2.941s] -- Found sensor_msgs: 4.9.1 (/opt/ros/humble/share/sensor_msgs/cmake)
[2.982s] -- Found visualization_msgs: 4.9.1 (/opt/ros/humble/share/visualization_msgs/cmake)
[3.028s] -- Found std_srvs: 4.9.1 (/opt/ros/humble/share/std_srvs/cmake)
[3.055s] -- Found tf2: 0.25.20 (/opt/ros/humble/share/tf2/cmake)
[3.086s] -- Found tf2_ros: 0.25.20 (/opt/ros/humble/share/tf2_ros/cmake)
[3.318s] -- Found dynamixel_sdk: 4.0.3 (/opt/ros/humble/share/dynamixel_sdk/cmake)
[3.329s] -- Found turtlebot3_msgs: 2.4.0 (/opt/ros/humble/share/turtlebot3_msgs/cmake)
[3.402s] -- Found Boost: /usr/lib/aarch64-linux-gnu/cmake/Boost-1.74.0/BoostConfig.cmake (found version "1.74.0") found components: system 
[3.795s] -- Configuring done
[3.885s] -- Generating done
[3.911s] -- Build files have been written to: /home/jhp/fsd_ws/build/lane_length_pkg
[3.942s] Invoked command in '/home/jhp/fsd_ws/build/lane_length_pkg' returned '0': CMAKE_PREFIX_PATH=${CMAKE_PREFIX_PATH}:/home/jhp/fsd2_ws/install/perception_py:/home/jhp/fsd2_ws/install/decision_py:/home/jhp/fsd2_ws/install/control_py:/home/jhp/camera_calib_ws/install/camera_calibration:/home/jhp/turtlebot3_ws/install/turtlebot3_teleop:/home/jhp/turtlebot3_ws/install/turtlebot3_example:/home/jhp/fsd_ws/install/motion_node:/opt/ros/humble /usr/bin/cmake /home/jhp/fsd_ws/src/lane_length_pkg -DCMAKE_INSTALL_PREFIX=/home/jhp/fsd_ws/install/lane_length_pkg
[3.947s] Invoking command in '/home/jhp/fsd_ws/build/lane_length_pkg': CMAKE_PREFIX_PATH=${CMAKE_PREFIX_PATH}:/home/jhp/fsd2_ws/install/perception_py:/home/jhp/fsd2_ws/install/decision_py:/home/jhp/fsd2_ws/install/control_py:/home/jhp/camera_calib_ws/install/camera_calibration:/home/jhp/turtlebot3_ws/install/turtlebot3_teleop:/home/jhp/turtlebot3_ws/install/turtlebot3_example:/home/jhp/fsd_ws/install/motion_node:/opt/ros/humble /usr/bin/cmake --build /home/jhp/fsd_ws/build/lane_length_pkg -- -j6 -l6
[4.076s] [  6%] [32mBuilding CXX object CMakeFiles/localization_slam.dir/src/perception_cpp/localization_slam.cpp.o[0m
[4.076s] [  6%] [32mBuilding CXX object CMakeFiles/turtlebot3_control_lib.dir/src/control_cpp/devices/motor_power.cpp.o[0m
[4.076s] [ 12%] [32mBuilding CXX object CMakeFiles/coin_d4_driver_lib.dir/drivers/coin_d4_driver/src/lidar_sdk/lidar_data_processor.cpp.o[0m
[4.077s] [ 12%] [32mBuilding CXX object CMakeFiles/ld08_driver.dir/drivers/ld08_driver/src/lipkg.cpp.o[0m
[4.079s] [ 15%] [32mBuilding CXX object CMakeFiles/ld08_driver.dir/drivers/ld08_driver/src/cmd_interface_linux.cpp.o[0m
[4.109s] [ 15%] Built target ament_cmake_python_copy_lane_length_pkg
[4.128s] [ 18%] [32mBuilding CXX object CMakeFiles/ld08_driver.dir/drivers/ld08_driver/src/main.cpp.o[0m
[6.173s] [ 21%] [32mBuilding CXX object CMakeFiles/ld08_driver.dir/drivers/ld08_driver/src/slbf.cpp.o[0m
[11.877s] [01m[K/home/jhp/fsd_ws/src/lane_length_pkg/drivers/coin_d4_driver/src/lidar_sdk/lidar_data_processor.cpp:[m[K In member function ‘[01m[Kresult_t LidarDataProcessor::wait_package(node_info*, uint32_t)[m[K’:
[11.877s] [01m[K/home/jhp/fsd_ws/src/lane_length_pkg/drivers/coin_d4_driver/src/lidar_sdk/lidar_data_processor.cpp:371:36:[m[K [01;35m[Kwarning: [m[Kwriting 1 byte into a region of size 0 [[01;35m[K]8;;https://gcc.gnu.org/onlinedocs/gcc/Warning-Options.html#index-Wstringop-overflow=-Wstringop-overflow=]8;;[m[K]
[11.878s]   371 |         [01;35m[Kpackage_buffer[recv_pos++] = current_byte[m[K;
[11.878s]       |         [01;35m[K~~~~~~~~~~~~~~~~~~~~~~~~~~~^~~~~~~~~~~~~~[m[K
[11.878s] In file included from [01m[K/home/jhp/fsd_ws/src/lane_length_pkg/drivers/coin_d4_driver/include/coin_d4_driver/lidar_sdk/lidar_data_processor.hpp:22[m[K,
[11.879s]                  from [01m[K/home/jhp/fsd_ws/src/lane_length_pkg/drivers/coin_d4_driver/src/lidar_sdk/lidar_data_processor.cpp:23[m[K:
[11.879s] [01m[K/home/jhp/fsd_ws/src/lane_length_pkg/drivers/coin_d4_driver/include/coin_d4_driver/lidar_sdk/lidar_information.hpp:154:12:[m[K [01;36m[Knote: [m[Kat offset 9 into destination object ‘[01m[Knode_packages::package_Head[m[K’ of size 2
[11.879s]   154 |   uint16_t [01;36m[Kpackage_Head[m[K;
[11.879s]       |            [01;36m[K^~~~~~~~~~~~[m[K
[11.879s] [01m[K/home/jhp/fsd_ws/src/lane_length_pkg/drivers/coin_d4_driver/include/coin_d4_driver/lidar_sdk/lidar_information.hpp:142:12:[m[K [01;36m[Knote: [m[Kat offset 9 into destination object ‘[01m[Knode_package::package_Head[m[K’ of size 2
[11.879s]   142 |   uint16_t [01;36m[Kpackage_Head[m[K;
[11.879s]       |            [01;36m[K^~~~~~~~~~~~[m[K
[11.993s] [ 25%] [32mBuilding CXX object CMakeFiles/coin_d4_driver_lib.dir/drivers/coin_d4_driver/src/lidar_sdk/mtime.cpp.o[0m
[12.138s] [ 28%] [32mBuilding CXX object CMakeFiles/coin_d4_driver_lib.dir/drivers/coin_d4_driver/src/lidar_sdk/serial_port.cpp.o[0m
[12.246s] [ 31%] [32mBuilding CXX object CMakeFiles/coin_d4_driver_lib.dir/drivers/coin_d4_driver/src/lidar_sdk/timer.cpp.o[0m
[12.501s] [ 34%] [32mBuilding CXX object CMakeFiles/coin_d4_driver_lib.dir/drivers/coin_d4_driver/src/coin_d4_base_handler.cpp.o[0m
[13.288s] [ 37%] [32mBuilding CXX object CMakeFiles/coin_d4_driver_lib.dir/drivers/coin_d4_driver/src/coin_d4_lifecycle_handler.cpp.o[0m
[14.697s] [ 40%] [32mBuilding CXX object CMakeFiles/ld08_driver.dir/drivers/ld08_driver/src/transform.cpp.o[0m
[15.898s] [ 43%] [32mBuilding CXX object CMakeFiles/turtlebot3_control_lib.dir/src/control_cpp/devices/sound.cpp.o[0m
[18.983s] [ 46%] [32mBuilding CXX object CMakeFiles/coin_d4_driver_lib.dir/drivers/coin_d4_driver/src/coin_d4_node_handler.cpp.o[0m
[21.902s] [ 50%] [32m[1mLinking CXX executable ld08_driver[0m
[22.366s] [ 50%] Built target ld08_driver
[23.070s] running egg_info
[23.071s] creating lane_length_pkg.egg-info
[23.072s] writing lane_length_pkg.egg-info/PKG-INFO
[23.072s] writing dependency_links to lane_length_pkg.egg-info/dependency_links.txt
[23.073s] writing top-level names to lane_length_pkg.egg-info/top_level.txt
[23.074s] writing manifest file 'lane_length_pkg.egg-info/SOURCES.txt'
[23.083s] reading manifest file 'lane_length_pkg.egg-info/SOURCES.txt'
[23.084s] writing manifest file 'lane_length_pkg.egg-info/SOURCES.txt'
[23.188s] [ 50%] Built target ament_cmake_python_build_lane_length_pkg_egg
[23.212s] [ 53%] [32mBuilding CXX object CMakeFiles/turtlebot3_control_lib.dir/src/control_cpp/devices/reset.cpp.o[0m
[24.301s] [ 56%] [32mBuilding CXX object CMakeFiles/turtlebot3_control_lib.dir/src/control_cpp/diff_drive_controller.cpp.o[0m
[26.051s] [ 59%] [32mBuilding CXX object CMakeFiles/turtlebot3_control_lib.dir/src/control_cpp/dynamixel_sdk_wrapper.cpp.o[0m
[27.177s] [ 62%] [32mBuilding CXX object CMakeFiles/turtlebot3_control_lib.dir/src/control_cpp/odometry.cpp.o[0m
[27.520s] [ 65%] [32mBuilding CXX object CMakeFiles/turtlebot3_control_lib.dir/src/control_cpp/turtlebot3.cpp.o[0m
[31.981s] [ 68%] [32m[1mLinking CXX shared library libcoin_d4_driver_lib.so[0m
[32.290s] [ 68%] Built target coin_d4_driver_lib
[32.311s] [ 71%] [32mBuilding CXX object CMakeFiles/turtlebot3_control_lib.dir/src/control_cpp/sensors/battery_state.cpp.o[0m
[34.103s] [ 75%] [32mBuilding CXX object CMakeFiles/turtlebot3_control_lib.dir/src/control_cpp/sensors/imu.cpp.o[0m
[37.182s] [ 78%] [32mBuilding CXX object CMakeFiles/turtlebot3_control_lib.dir/src/control_cpp/sensors/joint_state.cpp.o[0m
[45.603s] [ 81%] [32mBuilding CXX object CMakeFiles/turtlebot3_control_lib.dir/src/control_cpp/sensors/sensor_state.cpp.o[0m
[50.033s] [ 84%] [32mBuilding CXX object CMakeFiles/single_coin_d4_node.dir/drivers/coin_d4_driver/src/single_coin_d4_node.cpp.o[0m
[57.557s] [ 87%] [32m[1mLinking CXX executable single_coin_d4_node[0m
[57.902s] [ 87%] Built target single_coin_d4_node
[59.645s] [ 90%] [32m[1mLinking CXX executable localization_slam[0m
[60.181s] [ 90%] Built target localization_slam
[80.404s] [ 93%] [32m[1mLinking CXX static library libturtlebot3_control_lib.a[0m
[80.670s] [ 93%] Built target turtlebot3_control_lib
[80.721s] [ 96%] [32mBuilding CXX object CMakeFiles/turtlebot3_ros.dir/src/control_cpp/node_main.cpp.o[0m
[89.419s] [100%] [32m[1mLinking CXX executable turtlebot3_ros[0m
[90.193s] [100%] Built target turtlebot3_ros
[90.237s] Invoked command in '/home/jhp/fsd_ws/build/lane_length_pkg' returned '0': CMAKE_PREFIX_PATH=${CMAKE_PREFIX_PATH}:/home/jhp/fsd2_ws/install/perception_py:/home/jhp/fsd2_ws/install/decision_py:/home/jhp/fsd2_ws/install/control_py:/home/jhp/camera_calib_ws/install/camera_calibration:/home/jhp/turtlebot3_ws/install/turtlebot3_teleop:/home/jhp/turtlebot3_ws/install/turtlebot3_example:/home/jhp/fsd_ws/install/motion_node:/opt/ros/humble /usr/bin/cmake --build /home/jhp/fsd_ws/build/lane_length_pkg -- -j6 -l6
[90.272s] Invoking command in '/home/jhp/fsd_ws/build/lane_length_pkg': CMAKE_PREFIX_PATH=${CMAKE_PREFIX_PATH}:/home/jhp/fsd2_ws/install/perception_py:/home/jhp/fsd2_ws/install/decision_py:/home/jhp/fsd2_ws/install/control_py:/home/jhp/camera_calib_ws/install/camera_calibration:/home/jhp/turtlebot3_ws/install/turtlebot3_teleop:/home/jhp/turtlebot3_ws/install/turtlebot3_example:/home/jhp/fsd_ws/install/motion_node:/opt/ros/humble /usr/bin/cmake --install /home/jhp/fsd_ws/build/lane_length_pkg
[90.290s] -- Install configuration: ""
[90.291s] -- Installing: /home/jhp/fsd_ws/install/lane_length_pkg/share/lane_length_pkg/environment/pythonpath.sh
[90.291s] -- Installing: /home/jhp/fsd_ws/install/lane_length_pkg/share/lane_length_pkg/environment/pythonpath.dsv
[90.292s] -- Installing: /home/jhp/fsd_ws/install/lane_length_pkg/local/lib/python3.10/dist-packages/lane_length_pkg-0.0.0-py3.10.egg-info
[90.292s] -- Installing: /home/jhp/fsd_ws/install/lane_length_pkg/local/lib/python3.10/dist-packages/lane_length_pkg-0.0.0-py3.10.egg-info/PKG-INFO
[90.292s] -- Installing: /home/jhp/fsd_ws/install/lane_length_pkg/local/lib/python3.10/dist-packages/lane_length_pkg-0.0.0-py3.10.egg-info/top_level.txt
[90.293s] -- Installing: /home/jhp/fsd_ws/install/lane_length_pkg/local/lib/python3.10/dist-packages/lane_length_pkg-0.0.0-py3.10.egg-info/dependency_links.txt
[90.293s] -- Installing: /home/jhp/fsd_ws/install/lane_length_pkg/local/lib/python3.10/dist-packages/lane_length_pkg-0.0.0-py3.10.egg-info/SOURCES.txt
[90.293s] -- Installing: /home/jhp/fsd_ws/install/lane_length_pkg/local/lib/python3.10/dist-packages/lane_length_pkg
[90.293s] -- Installing: /home/jhp/fsd_ws/install/lane_length_pkg/local/lib/python3.10/dist-packages/lane_length_pkg/deadlock.py
[90.294s] -- Installing: /home/jhp/fsd_ws/install/lane_length_pkg/local/lib/python3.10/dist-packages/lane_length_pkg/led_signal.py
[90.294s] -- Installing: /home/jhp/fsd_ws/install/lane_length_pkg/local/lib/python3.10/dist-packages/lane_length_pkg/cooperation.py
[90.295s] -- Installing: /home/jhp/fsd_ws/install/lane_length_pkg/local/lib/python3.10/dist-packages/lane_length_pkg/lane_integration_node.py
[90.295s] -- Installing: /home/jhp/fsd_ws/install/lane_length_pkg/local/lib/python3.10/dist-packages/lane_length_pkg/scene_fusion_node.py
[90.296s] -- Installing: /home/jhp/fsd_ws/install/lane_length_pkg/local/lib/python3.10/dist-packages/lane_length_pkg/led_io.py
[90.297s] -- Installing: /home/jhp/fsd_ws/install/lane_length_pkg/local/lib/python3.10/dist-packages/lane_length_pkg/safety_filter_node.py
[90.297s] -- Installing: /home/jhp/fsd_ws/install/lane_length_pkg/local/lib/python3.10/dist-packages/lane_length_pkg/lane_follow_control_node.py
[90.298s] -- Installing: /home/jhp/fsd_ws/install/lane_length_pkg/local/lib/python3.10/dist-packages/lane_length_pkg/drive_mode_node.py
[90.298s] -- Installing: /home/jhp/fsd_ws/install/lane_length_pkg/local/lib/python3.10/dist-packages/lane_length_pkg/lane_viewer_node.py
[90.299s] -- Installing: /home/jhp/fsd_ws/install/lane_length_pkg/local/lib/python3.10/dist-packages/lane_length_pkg/behavior_plan_node.py
[90.299s] -- Installing: /home/jhp/fsd_ws/install/lane_length_pkg/local/lib/python3.10/dist-packages/lane_length_pkg/object_detect.py
[90.299s] -- Installing: /home/jhp/fsd_ws/install/lane_length_pkg/local/lib/python3.10/dist-packages/lane_length_pkg/__init__.py
[90.300s] -- Installing: /home/jhp/fsd_ws/install/lane_length_pkg/local/lib/python3.10/dist-packages/lane_length_pkg/led_behavior.py
[90.300s] -- Installing: /home/jhp/fsd_ws/install/lane_length_pkg/local/lib/python3.10/dist-packages/lane_length_pkg/path_track_node.py
[90.300s] -- Installing: /home/jhp/fsd_ws/install/lane_length_pkg/local/lib/python3.10/dist-packages/lane_length_pkg/topic_watchdog.py
[90.300s] -- Installing: /home/jhp/fsd_ws/install/lane_length_pkg/local/lib/python3.10/dist-packages/lane_length_pkg/lane_detection_node.py
[90.301s] -- Installing: /home/jhp/fsd_ws/install/lane_length_pkg/local/lib/python3.10/dist-packages/lane_length_pkg/cmd_mux_node.py
[90.301s] -- Installing: /home/jhp/fsd_ws/install/lane_length_pkg/local/lib/python3.10/dist-packages/lane_length_pkg/space_memory.py
[90.302s] -- Installing: /home/jhp/fsd_ws/install/lane_length_pkg/local/lib/python3.10/dist-packages/lane_length_pkg/camera_driver.py
[90.302s] -- Installing: /home/jhp/fsd_ws/install/lane_length_pkg/local/lib/python3.10/dist-packages/lane_length_pkg/reverse_astar_planner_node.py
[90.303s] -- Installing: /home/jhp/fsd_ws/install/lane_length_pkg/local/lib/python3.10/dist-packages/lane_length_pkg/lane_decision_node.py
[90.303s] -- Installing: /home/jhp/fsd_ws/install/lane_length_pkg/local/lib/python3.10/dist-packages/lane_length_pkg/situation_fusion.py
[90.492s] Listing '/home/jhp/fsd_ws/install/lane_length_pkg/local/lib/python3.10/dist-packages/lane_length_pkg'...
[90.492s] Compiling '/home/jhp/fsd_ws/install/lane_length_pkg/local/lib/python3.10/dist-packages/lane_length_pkg/__init__.py'...
[90.492s] Compiling '/home/jhp/fsd_ws/install/lane_length_pkg/local/lib/python3.10/dist-packages/lane_length_pkg/behavior_plan_node.py'...
[90.493s] Compiling '/home/jhp/fsd_ws/install/lane_length_pkg/local/lib/python3.10/dist-packages/lane_length_pkg/camera_driver.py'...
[90.493s] Compiling '/home/jhp/fsd_ws/install/lane_length_pkg/local/lib/python3.10/dist-packages/lane_length_pkg/cmd_mux_node.py'...
[90.493s] Compiling '/home/jhp/fsd_ws/install/lane_length_pkg/local/lib/python3.10/dist-packages/lane_length_pkg/cooperation.py'...
[90.493s] Compiling '/home/jhp/fsd_ws/install/lane_length_pkg/local/lib/python3.10/dist-packages/lane_length_pkg/deadlock.py'...
[90.494s] Compiling '/home/jhp/fsd_ws/install/lane_length_pkg/local/lib/python3.10/dist-packages/lane_length_pkg/drive_mode_node.py'...
[90.494s] Compiling '/home/jhp/fsd_ws/install/lane_length_pkg/local/lib/python3.10/dist-packages/lane_length_pkg/lane_decision_node.py'...
[90.494s] Compiling '/home/jhp/fsd_ws/install/lane_length_pkg/local/lib/python3.10/dist-packages/lane_length_pkg/lane_detection_node.py'...
[90.494s] Compiling '/home/jhp/fsd_ws/install/lane_length_pkg/local/lib/python3.10/dist-packages/lane_length_pkg/lane_follow_control_node.py'...
[90.494s] Compiling '/home/jhp/fsd_ws/install/lane_length_pkg/local/lib/python3.10/dist-packages/lane_length_pkg/lane_integration_node.py'...
[90.495s] Compiling '/home/jhp/fsd_ws/install/lane_length_pkg/local/lib/python3.10/dist-packages/lane_length_pkg/lane_viewer_node.py'...
[90.495s] Compiling '/home/jhp/fsd_ws/install/lane_length_pkg/local/lib/python3.10/dist-packages/lane_length_pkg/led_behavior.py'...
[90.495s] Compiling '/home/jhp/fsd_ws/install/lane_length_pkg/local/lib/python3.10/dist-packages/lane_length_pkg/led_io.py'...
[90.495s] Compiling '/home/jhp/fsd_ws/install/lane_length_pkg/local/lib/python3.10/dist-packages/lane_length_pkg/led_signal.py'...
[90.495s] Compiling '/home/jhp/fsd_ws/install/lane_length_pkg/local/lib/python3.10/dist-packages/lane_length_pkg/object_detect.py'...
[90.496s] Compiling '/home/jhp/fsd_ws/install/lane_length_pkg/local/lib/python3.10/dist-packages/lane_length_pkg/path_track_node.py'...
[90.496s] Compiling '/home/jhp/fsd_ws/install/lane_length_pkg/local/lib/python3.10/dist-packages/lane_length_pkg/reverse_astar_planner_node.py'...
[90.496s] Compiling '/home/jhp/fsd_ws/install/lane_length_pkg/local/lib/python3.10/dist-packages/lane_length_pkg/safety_filter_node.py'...
[90.496s] Compiling '/home/jhp/fsd_ws/install/lane_length_pkg/local/lib/python3.10/dist-packages/lane_length_pkg/scene_fusion_node.py'...
[90.497s] Compiling '/home/jhp/fsd_ws/install/lane_length_pkg/local/lib/python3.10/dist-packages/lane_length_pkg/situation_fusion.py'...
[90.497s] Compiling '/home/jhp/fsd_ws/install/lane_length_pkg/local/lib/python3.10/dist-packages/lane_length_pkg/space_memory.py'...
[90.497s] Compiling '/home/jhp/fsd_ws/install/lane_length_pkg/local/lib/python3.10/dist-packages/lane_length_pkg/topic_watchdog.py'...
[90.506s] -- Installing: /home/jhp/fsd_ws/install/lane_length_pkg/lib/lane_length_pkg/detection_node
[90.507s] -- Installing: /home/jhp/fsd_ws/install/lane_length_pkg/lib/lane_length_pkg/integration_node
[90.507s] -- Installing: /home/jhp/fsd_ws/install/lane_length_pkg/lib/lane_length_pkg/control_node
[90.508s] -- Installing: /home/jhp/fsd_ws/install/lane_length_pkg/lib/lane_length_pkg/decision_node
[90.508s] -- Installing: /home/jhp/fsd_ws/install/lane_length_pkg/lib/lane_length_pkg/viewer_node
[90.509s] -- Installing: /home/jhp/fsd_ws/install/lane_length_pkg/lib/lane_length_pkg/lane_detection_node
[90.510s] -- Installing: /home/jhp/fsd_ws/install/lane_length_pkg/lib/lane_length_pkg/lane_integration_node
[90.510s] -- Installing: /home/jhp/fsd_ws/install/lane_length_pkg/lib/lane_length_pkg/lane_decision_node
[90.510s] -- Installing: /home/jhp/fsd_ws/install/lane_length_pkg/lib/lane_length_pkg/lane_follow_control_node
[90.511s] -- Installing: /home/jhp/fsd_ws/install/lane_length_pkg/lib/lane_length_pkg/lane_viewer_node
[90.511s] -- Installing: /home/jhp/fsd_ws/install/lane_length_pkg/lib/lane_length_pkg/scene_fusion_node
[90.511s] -- Installing: /home/jhp/fsd_ws/install/lane_length_pkg/lib/lane_length_pkg/drive_mode_node
[90.512s] -- Installing: /home/jhp/fsd_ws/install/lane_length_pkg/lib/lane_length_pkg/behavior_plan_node
[90.512s] -- Installing: /home/jhp/fsd_ws/install/lane_length_pkg/lib/lane_length_pkg/reverse_astar_planner_node
[90.512s] -- Installing: /home/jhp/fsd_ws/install/lane_length_pkg/lib/lane_length_pkg/path_track_node
[90.513s] -- Installing: /home/jhp/fsd_ws/install/lane_length_pkg/lib/lane_length_pkg/cmd_mux_node
[90.514s] -- Installing: /home/jhp/fsd_ws/install/lane_length_pkg/lib/lane_length_pkg/safety_filter_node
[90.514s] -- Installing: /home/jhp/fsd_ws/install/lane_length_pkg/lib/lane_length_pkg/camera_driver
[90.514s] -- Installing: /home/jhp/fsd_ws/install/lane_length_pkg/lib/lane_length_pkg/object_detect
[90.515s] -- Installing: /home/jhp/fsd_ws/install/lane_length_pkg/lib/lane_length_pkg/led_signal
[90.515s] -- Installing: /home/jhp/fsd_ws/install/lane_length_pkg/lib/lane_length_pkg/space_memory
[90.516s] -- Installing: /home/jhp/fsd_ws/install/lane_length_pkg/lib/lane_length_pkg/situation_fusion
[90.516s] -- Installing: /home/jhp/fsd_ws/install/lane_length_pkg/lib/lane_length_pkg/deadlock
[90.516s] -- Installing: /home/jhp/fsd_ws/install/lane_length_pkg/lib/lane_length_pkg/cooperation
[90.517s] -- Installing: /home/jhp/fsd_ws/install/lane_length_pkg/lib/lane_length_pkg/topic_watchdog
[90.517s] -- Installing: /home/jhp/fsd_ws/install/lane_length_pkg/lib/lane_length_pkg/led_behavior
[90.517s] -- Installing: /home/jhp/fsd_ws/install/lane_length_pkg/lib/lane_length_pkg/led_io
[90.518s] -- Installing: /home/jhp/fsd_ws/install/lane_length_pkg/lib/lane_length_pkg/localization_slam
[90.523s] -- Set runtime path of "/home/jhp/fsd_ws/install/lane_length_pkg/lib/lane_length_pkg/localization_slam" to ""
[90.523s] -- Installing: /home/jhp/fsd_ws/install/lane_length_pkg/lib/lane_length_pkg/turtlebot3_ros
[90.535s] -- Set runtime path of "/home/jhp/fsd_ws/install/lane_length_pkg/lib/lane_length_pkg/turtlebot3_ros" to ""
[90.535s] -- Installing: /home/jhp/fsd_ws/install/lane_length_pkg/lib/lane_length_pkg/ld08_driver
[90.537s] -- Set runtime path of "/home/jhp/fsd_ws/install/lane_length_pkg/lib/lane_length_pkg/ld08_driver" to ""
[90.537s] -- Installing: /home/jhp/fsd_ws/install/lane_length_pkg/lib/lane_length_pkg/single_coin_d4_node
[90.538s] -- Set runtime path of "/home/jhp/fsd_ws/install/lane_length_pkg/lib/lane_length_pkg/single_coin_d4_node" to ""
[90.538s] -- Installing: /home/jhp/fsd_ws/install/lane_length_pkg/lib/libturtlebot3_control_lib.a
[90.567s] -- Installing: /home/jhp/fsd_ws/install/lane_length_pkg/lib/libcoin_d4_driver_lib.so
[90.570s] -- Set runtime path of "/home/jhp/fsd_ws/install/lane_length_pkg/lib/libcoin_d4_driver_lib.so" to ""
[90.570s] -- Installing: /home/jhp/fsd_ws/install/lane_length_pkg/share/lane_length_pkg/config
[90.570s] -- Installing: /home/jhp/fsd_ws/install/lane_length_pkg/share/lane_length_pkg/config/Screenshot from 2026-06-06 15-13-43.png
[90.572s] -- Installing: /home/jhp/fsd_ws/install/lane_length_pkg/share/lane_length_pkg/config/default_cam.yaml
[90.572s] -- Installing: /home/jhp/fsd_ws/install/lane_length_pkg/share/lane_length_pkg/config/Screenshot from 2026-06-06 15-24-55.png
[90.573s] -- Installing: /home/jhp/fsd_ws/install/lane_length_pkg/share/lane_length_pkg/config/Hinv.npy
[90.573s] -- Installing: /home/jhp/fsd_ws/install/lane_length_pkg/share/lane_length_pkg/config/H.npy
[90.574s] -- Installing: /home/jhp/fsd_ws/install/lane_length_pkg/share/lane_length_pkg/config/fisheye.yaml
[90.574s] -- Installing: /home/jhp/fsd_ws/install/lane_length_pkg/share/lane_length_pkg/launch
[90.574s] -- Installing: /home/jhp/fsd_ws/install/lane_length_pkg/share/lane_length_pkg/launch/lane_pipeline.launch.py
[90.575s] -- Installing: /home/jhp/fsd_ws/install/lane_length_pkg/share/lane_length_pkg/launch/__pycache__
[90.575s] -- Installing: /home/jhp/fsd_ws/install/lane_length_pkg/share/lane_length_pkg/launch/__pycache__/lane_pipeline.launch.cpython-310.pyc
[90.576s] -- Installing: /home/jhp/fsd_ws/install/lane_length_pkg/share/lane_length_pkg/description
[90.576s] -- Installing: /home/jhp/fsd_ws/install/lane_length_pkg/share/lane_length_pkg/description/urdf
[90.576s] -- Installing: /home/jhp/fsd_ws/install/lane_length_pkg/share/lane_length_pkg/description/urdf/turtlebot3_burger.urdf
[90.577s] -- Installing: /home/jhp/fsd_ws/install/lane_length_pkg/share/lane_length_pkg/description/urdf/turtlebot3_waffle_pi.urdf
[90.577s] -- Installing: /home/jhp/fsd_ws/install/lane_length_pkg/share/lane_length_pkg/description/urdf/common_properties.urdf
[90.577s] -- Installing: /home/jhp/fsd_ws/install/lane_length_pkg/share/lane_length_pkg/description/urdf/turtlebot3_waffle.urdf
[90.578s] -- Installing: /home/jhp/fsd_ws/install/lane_length_pkg/share/lane_length_pkg/description/meshes
[90.578s] -- Installing: /home/jhp/fsd_ws/install/lane_length_pkg/share/lane_length_pkg/description/meshes/sensors
[90.578s] -- Installing: /home/jhp/fsd_ws/install/lane_length_pkg/share/lane_length_pkg/description/meshes/sensors/r200.dae
[90.580s] -- Installing: /home/jhp/fsd_ws/install/lane_length_pkg/share/lane_length_pkg/description/meshes/sensors/astra.dae
[90.606s] -- Installing: /home/jhp/fsd_ws/install/lane_length_pkg/share/lane_length_pkg/description/meshes/sensors/r200.jpg
[90.606s] -- Installing: /home/jhp/fsd_ws/install/lane_length_pkg/share/lane_length_pkg/description/meshes/sensors/astra.jpg
[90.607s] -- Installing: /home/jhp/fsd_ws/install/lane_length_pkg/share/lane_length_pkg/description/meshes/sensors/lds.stl
[90.609s] -- Installing: /home/jhp/fsd_ws/install/lane_length_pkg/share/lane_length_pkg/description/meshes/bases
[90.609s] -- Installing: /home/jhp/fsd_ws/install/lane_length_pkg/share/lane_length_pkg/description/meshes/bases/waffle_base.stl
[90.653s] -- Installing: /home/jhp/fsd_ws/install/lane_length_pkg/share/lane_length_pkg/description/meshes/bases/burger_base.stl
[90.667s] -- Installing: /home/jhp/fsd_ws/install/lane_length_pkg/share/lane_length_pkg/description/meshes/bases/waffle_pi_base.stl
[90.689s] -- Installing: /home/jhp/fsd_ws/install/lane_length_pkg/share/lane_length_pkg/description/meshes/wheels
[90.689s] -- Installing: /home/jhp/fsd_ws/install/lane_length_pkg/share/lane_length_pkg/description/meshes/wheels/right_tire.stl
[90.692s] -- Installing: /home/jhp/fsd_ws/install/lane_length_pkg/share/lane_length_pkg/description/meshes/wheels/left_tire.stl
[90.696s] -- Installing: /home/jhp/fsd_ws/install/lane_length_pkg/share/lane_length_pkg/description/rviz
[90.696s] -- Installing: /home/jhp/fsd_ws/install/lane_length_pkg/share/lane_length_pkg/description/rviz/model.rviz
[90.697s] -- Installing: /home/jhp/fsd_ws/install/lane_length_pkg/share/lane_length_pkg/param
[90.697s] -- Installing: /home/jhp/fsd_ws/install/lane_length_pkg/share/lane_length_pkg/param/waffle.yaml
[90.697s] -- Installing: /home/jhp/fsd_ws/install/lane_length_pkg/share/lane_length_pkg/param/burger.yaml
[90.698s] -- Installing: /home/jhp/fsd_ws/install/lane_length_pkg/share/lane_length_pkg/param/waffle_pi.yaml
[90.698s] -- Installing: /home/jhp/fsd_ws/install/lane_length_pkg/share/lane_length_pkg/rviz
[90.698s] -- Installing: /home/jhp/fsd_ws/install/lane_length_pkg/share/lane_length_pkg/rviz/lane_pipeline.rviz
[90.699s] -- Installing: /home/jhp/fsd_ws/install/lane_length_pkg/share/lane_length_pkg/drivers/ld08_driver/launch
[90.699s] -- Installing: /home/jhp/fsd_ws/install/lane_length_pkg/share/lane_length_pkg/drivers/ld08_driver/launch/ld08.launch.py
[90.699s] -- Installing: /home/jhp/fsd_ws/install/lane_length_pkg/share/lane_length_pkg/drivers/coin_d4_driver/launch
[90.700s] -- Installing: /home/jhp/fsd_ws/install/lane_length_pkg/share/lane_length_pkg/drivers/coin_d4_driver/launch/single_lidar_node.launch.py
[90.700s] -- Installing: /home/jhp/fsd_ws/install/lane_length_pkg/share/lane_length_pkg/drivers/coin_d4_driver/params
[90.700s] -- Installing: /home/jhp/fsd_ws/install/lane_length_pkg/share/lane_length_pkg/drivers/coin_d4_driver/params/single_lidar_node.yaml
[90.701s] -- Installing: /home/jhp/fsd_ws/install/lane_length_pkg/include
[90.701s] -- Installing: /home/jhp/fsd_ws/install/lane_length_pkg/include/turtlebot3_node
[90.701s] -- Installing: /home/jhp/fsd_ws/install/lane_length_pkg/include/turtlebot3_node/sensors
[90.702s] -- Installing: /home/jhp/fsd_ws/install/lane_length_pkg/include/turtlebot3_node/sensors/sensor_state.hpp
[90.702s] -- Installing: /home/jhp/fsd_ws/install/lane_length_pkg/include/turtlebot3_node/sensors/battery_state.hpp
[90.702s] -- Installing: /home/jhp/fsd_ws/install/lane_length_pkg/include/turtlebot3_node/sensors/imu.hpp
[90.702s] -- Installing: /home/jhp/fsd_ws/install/lane_length_pkg/include/turtlebot3_node/sensors/sensors.hpp
[90.703s] -- Installing: /home/jhp/fsd_ws/install/lane_length_pkg/include/turtlebot3_node/sensors/joint_state.hpp
[90.703s] -- Installing: /home/jhp/fsd_ws/install/lane_length_pkg/include/turtlebot3_node/control_table.hpp
[90.703s] -- Installing: /home/jhp/fsd_ws/install/lane_length_pkg/include/turtlebot3_node/devices
[90.704s] -- Installing: /home/jhp/fsd_ws/install/lane_length_pkg/include/turtlebot3_node/devices/reset.hpp
[90.704s] -- Installing: /home/jhp/fsd_ws/install/lane_length_pkg/include/turtlebot3_node/devices/motor_power.hpp
[90.704s] -- Installing: /home/jhp/fsd_ws/install/lane_length_pkg/include/turtlebot3_node/devices/devices.hpp
[90.705s] -- Installing: /home/jhp/fsd_ws/install/lane_length_pkg/include/turtlebot3_node/devices/sound.hpp
[90.705s] -- Installing: /home/jhp/fsd_ws/install/lane_length_pkg/include/turtlebot3_node/odometry.hpp
[90.705s] -- Installing: /home/jhp/fsd_ws/install/lane_length_pkg/include/turtlebot3_node/dynamixel_sdk_wrapper.hpp
[90.705s] -- Installing: /home/jhp/fsd_ws/install/lane_length_pkg/include/turtlebot3_node/diff_drive_controller.hpp
[90.706s] -- Installing: /home/jhp/fsd_ws/install/lane_length_pkg/include/turtlebot3_node/twist_publisher.hpp
[90.706s] -- Installing: /home/jhp/fsd_ws/install/lane_length_pkg/include/turtlebot3_node/turtlebot3.hpp
[90.706s] -- Installing: /home/jhp/fsd_ws/install/lane_length_pkg/include/turtlebot3_node/twist_subscriber.hpp
[90.707s] -- Up-to-date: /home/jhp/fsd_ws/install/lane_length_pkg/include
[90.707s] -- Installing: /home/jhp/fsd_ws/install/lane_length_pkg/include/coin_d4_driver
[90.707s] -- Installing: /home/jhp/fsd_ws/install/lane_length_pkg/include/coin_d4_driver/coin_d4_node_handler.hpp
[90.707s] -- Installing: /home/jhp/fsd_ws/install/lane_length_pkg/include/coin_d4_driver/single_coin_d4_node.hpp
[90.708s] -- Installing: /home/jhp/fsd_ws/install/lane_length_pkg/include/coin_d4_driver/coin_d4_base_handler.hpp
[90.708s] -- Installing: /home/jhp/fsd_ws/install/lane_length_pkg/include/coin_d4_driver/lidar_sdk
[90.708s] -- Installing: /home/jhp/fsd_ws/install/lane_length_pkg/include/coin_d4_driver/lidar_sdk/mtime.hpp
[90.708s] -- Installing: /home/jhp/fsd_ws/install/lane_length_pkg/include/coin_d4_driver/lidar_sdk/handling_info.hpp
[90.709s] -- Installing: /home/jhp/fsd_ws/install/lane_length_pkg/include/coin_d4_driver/lidar_sdk/lidar_data_processor.hpp
[90.709s] -- Installing: /home/jhp/fsd_ws/install/lane_length_pkg/include/coin_d4_driver/lidar_sdk/timer.hpp
[90.709s] -- Installing: /home/jhp/fsd_ws/install/lane_length_pkg/include/coin_d4_driver/lidar_sdk/lidar_information.hpp
[90.709s] -- Installing: /home/jhp/fsd_ws/install/lane_length_pkg/include/coin_d4_driver/lidar_sdk/serial_port.hpp
[90.710s] -- Installing: /home/jhp/fsd_ws/install/lane_length_pkg/include/coin_d4_driver/lidar_sdk/locker.hpp
[90.710s] -- Installing: /home/jhp/fsd_ws/install/lane_length_pkg/include/coin_d4_driver/coin_d4_lifecycle_handler.hpp
[90.710s] -- Up-to-date: /home/jhp/fsd_ws/install/lane_length_pkg/include
[90.710s] -- Installing: /home/jhp/fsd_ws/install/lane_length_pkg/include/cmd_interface_linux.hpp
[90.710s] -- Installing: /home/jhp/fsd_ws/install/lane_length_pkg/include/transform.hpp
[90.711s] -- Installing: /home/jhp/fsd_ws/install/lane_length_pkg/include/slbf.hpp
[90.711s] -- Installing: /home/jhp/fsd_ws/install/lane_length_pkg/include/lipkg.hpp
[90.711s] -- Installing: /home/jhp/fsd_ws/install/lane_length_pkg/include/pointdata.hpp
[90.711s] -- Installing: /home/jhp/fsd_ws/install/lane_length_pkg/share/lane_length_pkg/environment/library_path.sh
[90.712s] -- Installing: /home/jhp/fsd_ws/install/lane_length_pkg/share/lane_length_pkg/environment/library_path.dsv
[90.712s] -- Installing: /home/jhp/fsd_ws/install/lane_length_pkg/share/ament_index/resource_index/package_run_dependencies/lane_length_pkg
[90.712s] -- Installing: /home/jhp/fsd_ws/install/lane_length_pkg/share/ament_index/resource_index/parent_prefix_path/lane_length_pkg
[90.712s] -- Installing: /home/jhp/fsd_ws/install/lane_length_pkg/share/lane_length_pkg/environment/ament_prefix_path.sh
[90.713s] -- Installing: /home/jhp/fsd_ws/install/lane_length_pkg/share/lane_length_pkg/environment/ament_prefix_path.dsv
[90.713s] -- Installing: /home/jhp/fsd_ws/install/lane_length_pkg/share/lane_length_pkg/environment/path.sh
[90.713s] -- Installing: /home/jhp/fsd_ws/install/lane_length_pkg/share/lane_length_pkg/environment/path.dsv
[90.713s] -- Installing: /home/jhp/fsd_ws/install/lane_length_pkg/share/lane_length_pkg/local_setup.bash
[90.714s] -- Installing: /home/jhp/fsd_ws/install/lane_length_pkg/share/lane_length_pkg/local_setup.sh
[90.714s] -- Installing: /home/jhp/fsd_ws/install/lane_length_pkg/share/lane_length_pkg/local_setup.zsh
[90.715s] -- Installing: /home/jhp/fsd_ws/install/lane_length_pkg/share/lane_length_pkg/local_setup.dsv
[90.715s] -- Installing: /home/jhp/fsd_ws/install/lane_length_pkg/share/lane_length_pkg/package.dsv
[90.715s] -- Installing: /home/jhp/fsd_ws/install/lane_length_pkg/share/ament_index/resource_index/packages/lane_length_pkg
[90.716s] -- Installing: /home/jhp/fsd_ws/install/lane_length_pkg/share/lane_length_pkg/cmake/ament_cmake_export_include_directories-extras.cmake
[90.716s] -- Installing: /home/jhp/fsd_ws/install/lane_length_pkg/share/lane_length_pkg/cmake/ament_cmake_export_libraries-extras.cmake
[90.717s] -- Installing: /home/jhp/fsd_ws/install/lane_length_pkg/share/lane_length_pkg/cmake/ament_cmake_export_dependencies-extras.cmake
[90.717s] -- Installing: /home/jhp/fsd_ws/install/lane_length_pkg/share/lane_length_pkg/cmake/lane_length_pkgConfig.cmake
[90.717s] -- Installing: /home/jhp/fsd_ws/install/lane_length_pkg/share/lane_length_pkg/cmake/lane_length_pkgConfig-version.cmake
[90.718s] -- Installing: /home/jhp/fsd_ws/install/lane_length_pkg/share/lane_length_pkg/package.xml
[90.726s] Invoked command in '/home/jhp/fsd_ws/build/lane_length_pkg' returned '0': CMAKE_PREFIX_PATH=${CMAKE_PREFIX_PATH}:/home/jhp/fsd2_ws/install/perception_py:/home/jhp/fsd2_ws/install/decision_py:/home/jhp/fsd2_ws/install/control_py:/home/jhp/camera_calib_ws/install/camera_calibration:/home/jhp/turtlebot3_ws/install/turtlebot3_teleop:/home/jhp/turtlebot3_ws/install/turtlebot3_example:/home/jhp/fsd_ws/install/motion_node:/opt/ros/humble /usr/bin/cmake --install /home/jhp/fsd_ws/build/lane_length_pkg
